#
# A fatal error has been detected by the Java Runtime Environment:
#
#  SIGSEGV (0xb) at pc=0x00007fcefd0243f5, pid=21834, tid=21851
#
# JRE version: OpenJDK Runtime Environment (11.0.9.1+1) (build 11.0.9.1+1-Ubuntu-0ubuntu1.20.04)
# Java VM: OpenJDK 64-Bit Server VM (11.0.9.1+1-Ubuntu-0ubuntu1.20.04, mixed mode, sharing, tiered, compressed oops, g1 gc, linux-amd64)
# Problematic frame:
# J 1059 c1 sun.nio.cs.UTF_8$Encoder.encodeArrayLoop(Ljava/nio/CharBuffer;Ljava/nio/ByteBuffer;)Ljava/nio/charset/CoderResult; java.base@11.0.9.1 (489 bytes) @ 0x00007fcefd0243f5 [0x00007fcefd022200+0x00000000000021f5]
#
# Core dump will be written. Default location: Core dumps may be processed with "/usr/share/apport/apport %p %s %c %d %P %E" (or dumping to /home/james/Videos/aaa/BANCO-master/core.21834)
#
# If you would like to submit a bug report, please visit:
#   https://bugs.launchpad.net/ubuntu/+source/openjdk-lts
#

---------------  S U M M A R Y ------------

Command Line: -Dclassworlds.conf=/snap/netbeans/41/netbeans/java/maven/bin/m2.conf -Dmaven.home=/snap/netbeans/41/netbeans/java/maven -Dlibrary.jansi.path=/snap/netbeans/41/netbeans/java/maven/lib/jansi-native -Dmaven.multiModuleProjectDirectory=/home/james/Videos/aaa/BANCO-master org.codehaus.plexus.classworlds.launcher.Launcher -Dmaven.ext.class.path=/snap/netbeans/41/netbeans/java/maven-nblib/netbeans-eventspy.jar clean

Host: Intel(R) Core(TM) i5-7200U CPU @ 2.50GHz, 4 cores, 11G, Ubuntu 20.04.1 LTS
Time: Mon Jan 11 18:11:18 2021 EST elapsed time: 1.657705 seconds (0d 0h 0m 1s)

---------------  T H R E A D  ---------------

Current thread (0x00007fcf14016800):  JavaThread "main" [_thread_in_Java, id=21851, stack(0x00007fcf183ce000,0x00007fcf184cf000)]

Stack: [0x00007fcf183ce000,0x00007fcf184cf000],  sp=0x00007fcf184cc320,  free space=1016k
Native frames: (J=compiled Java code, A=aot compiled Java code, j=interpreted, Vv=VM code, C=native code)
J 1059 c1 sun.nio.cs.UTF_8$Encoder.encodeArrayLoop(Ljava/nio/CharBuffer;Ljava/nio/ByteBuffer;)Ljava/nio/charset/CoderResult; java.base@11.0.9.1 (489 bytes) @ 0x00007fcefd0243f5 [0x00007fcefd022200+0x00000000000021f5]
j  sun.nio.cs.UTF_8$Encoder.encodeLoop(Ljava/nio/CharBuffer;Ljava/nio/ByteBuffer;)Ljava/nio/charset/CoderResult;+17 java.base@11.0.9.1
j  java.nio.charset.CharsetEncoder.encode(Ljava/nio/CharBuffer;Ljava/nio/ByteBuffer;Z)Ljava/nio/charset/CoderResult;+57 java.base@11.0.9.1
j  sun.nio.fs.UnixPath.encode(Lsun/nio/fs/UnixFileSystem;Ljava/lang/String;)[B+113 java.base@11.0.9.1
j  sun.nio.fs.UnixPath.<init>(Lsun/nio/fs/UnixFileSystem;Ljava/lang/String;)V+7 java.base@11.0.9.1
j  sun.nio.fs.UnixFileSystem.getPath(Ljava/lang/String;[Ljava/lang/String;)Ljava/nio/file/Path;+101 java.base@11.0.9.1
j  java.io.FilePermission.init(I)V+151 java.base@11.0.9.1
j  java.io.FilePermission.<init>(Ljava/lang/String;Ljava/lang/String;)V+10 java.base@11.0.9.1
j  sun.net.www.protocol.file.FileURLConnection.getPermission()Ljava/security/Permission;+34 java.base@11.0.9.1
j  sun.net.www.protocol.jar.JarFileFactory.getPermission(Ljava/util/jar/JarFile;)Ljava/security/Permission;+11 java.base@11.0.9.1
j  sun.net.www.protocol.jar.JarFileFactory.getCachedJarFile(Ljava/net/URL;)Ljava/util/jar/JarFile;+44 java.base@11.0.9.1
j  sun.net.www.protocol.jar.JarFileFactory.get(Ljava/net/URL;Z)Ljava/util/jar/JarFile;+13 java.base@11.0.9.1
j  sun.net.www.protocol.jar.JarURLConnection.connect()V+19 java.base@11.0.9.1
j  sun.net.www.protocol.jar.JarURLConnection.getInputStream()Ljava/io/InputStream;+1 java.base@11.0.9.1
j  java.net.URLClassLoader.getResourceAsStream(Ljava/lang/String;)Ljava/io/InputStream;+23 java.base@11.0.9.1
j  java.lang.Class.getResourceAsStream(Ljava/lang/String;)Ljava/io/InputStream;+123 java.base@11.0.9.1
j  org.apache.maven.internal.aether.DefaultRepositorySystemSessionFactory.getMavenVersion()Ljava/lang/String;+14
j  org.apache.maven.internal.aether.DefaultRepositorySystemSessionFactory.getUserAgent()Ljava/lang/String;+13
j  org.apache.maven.internal.aether.DefaultRepositorySystemSessionFactory.newRepositorySession(Lorg/apache/maven/execution/MavenExecutionRequest;)Lorg/eclipse/aether/DefaultRepositorySystemSession;+27
j  org.apache.maven.DefaultMaven.newRepositorySession(Lorg/apache/maven/execution/MavenExecutionRequest;)Lorg/eclipse/aether/RepositorySystemSession;+5
j  org.apache.maven.DefaultMaven.doExecute(Lorg/apache/maven/execution/MavenExecutionRequest;)Lorg/apache/maven/execution/MavenExecutionResult;+47
j  org.apache.maven.DefaultMaven.execute(Lorg/apache/maven/execution/MavenExecutionRequest;)Lorg/apache/maven/execution/MavenExecutionResult;+2
j  org.apache.maven.cli.MavenCli.execute(Lorg/apache/maven/cli/CliRequest;)I+27
j  org.apache.maven.cli.MavenCli.doMain(Lorg/apache/maven/cli/CliRequest;)I+66
j  org.apache.maven.cli.MavenCli.main([Ljava/lang/String;Lorg/codehaus/plexus/classworlds/ClassWorld;)I+24
v  ~StubRoutines::call_stub
V  [libjvm.so+0x8575d9]
V  [libjvm.so+0xc6b541]
V  [libjvm.so+0xc6be54]
V  [libjvm.so+0x9098b0]  JVM_InvokeMethod+0x140
j  jdk.internal.reflect.NativeMethodAccessorImpl.invoke0(Ljava/lang/reflect/Method;Ljava/lang/Object;[Ljava/lang/Object;)Ljava/lang/Object;+0 java.base@11.0.9.1
j  jdk.internal.reflect.NativeMethodAccessorImpl.invoke(Ljava/lang/Object;[Ljava/lang/Object;)Ljava/lang/Object;+100 java.base@11.0.9.1
j  jdk.internal.reflect.DelegatingMethodAccessorImpl.invoke(Ljava/lang/Object;[Ljava/lang/Object;)Ljava/lang/Object;+6 java.base@11.0.9.1
j  java.lang.reflect.Method.invoke(Ljava/lang/Object;[Ljava/lang/Object;)Ljava/lang/Object;+59 java.base@11.0.9.1
j  org.codehaus.plexus.classworlds.launcher.Launcher.launchEnhanced([Ljava/lang/String;)V+45
j  org.codehaus.plexus.classworlds.launcher.Launcher.launch([Ljava/lang/String;)V+2
j  org.codehaus.plexus.classworlds.launcher.Launcher.mainWithExitCode([Ljava/lang/String;)I+101
j  org.codehaus.plexus.classworlds.launcher.Launcher.main([Ljava/lang/String;)V+1
v  ~StubRoutines::call_stub
V  [libjvm.so+0x8575d9]
V  [libjvm.so+0x8cfd66]
V  [libjvm.so+0x8d2720]
C  [libjli.so+0x5a6a]
C  [libjli.so+0x9ce1]


siginfo: si_signo: 11 (SIGSEGV), si_code: 1 (SEGV_MAPERR), si_addr: 0x000000000000010c

Register to memory mapping:

RAX=0x000000000000004f is an unknown value
RBX=0x0000000000000008 is an unknown value
RCX=0x0000000746979e30 points into unknown readable memory: 0d 00 00 00 00 00 00 00
RDX=0x00000000000000ba is an unknown value
RSP=0x00007fcf184cc320 is pointing into the stack for thread: 0x00007fcf14016800
RBP=0x00007fcf184cc500 is pointing into the stack for thread: 0x00007fcf14016800
RSI=0x000000000000003e is an unknown value
RDI=0x00007fcef0798120 is pointing into metadata
R8 =0x000000000000003e is an unknown value
R9 =0x000000000000003e is an unknown value
R10=0x00007fcf1838b000 points into unknown readable memory: 00 00 00 00 00 00 00 00
R11=0x0000000000000380 is an unknown value
R12=0x0 is NULL
R13=0x00007fcef07b6e00 is pointing into metadata
R14=0x00000000000003d8 is an unknown value
R15=0x00007fcf14016800 is a thread


Registers:
RAX=0x000000000000004f, RBX=0x0000000000000008, RCX=0x0000000746979e30, RDX=0x00000000000000ba
RSP=0x00007fcf184cc320, RBP=0x00007fcf184cc500, RSI=0x000000000000003e, RDI=0x00007fcef0798120
R8 =0x000000000000003e, R9 =0x000000000000003e, R10=0x00007fcf1838b000, R11=0x0000000000000380
R12=0x0000000000000000, R13=0x00007fcef07b6e00, R14=0x00000000000003d8, R15=0x00007fcf14016800
RIP=0x00007fcefd0243f5, EFLAGS=0x0000000000010202, CSGSFS=0x002b000000000033, ERR=0x0000000000000006
  TRAPNO=0x000000000000000e

Top of Stack: (sp=0x00007fcf184cc320)
0x00007fcf184cc320:   00000008003bec20 0000000000000001
0x00007fcf184cc330:   00007fcf184cc350 00007fcf190446c0
0x00007fcf184cc340:   000000080031d4b0 00007fcf184cc3f0
0x00007fcf184cc350:   00007fcf184cc3a0 00007fcf1933db95 

Instructions: (pc=0x00007fcefd0243f5)
0x00007fcefd0242f5:   49 bc 00 00 00 00 08 00 00 00 49 03 cc 4d 33 e4
0x00007fcefd024305:   48 3b 8a f8 01 00 00 75 0d 48 83 82 00 02 00 00
0x00007fcefd024315:   01 e9 66 00 00 00 48 3b 8a 08 02 00 00 75 0d 48
0x00007fcefd024325:   83 82 10 02 00 00 01 e9 50 00 00 00 48 81 ba f8
0x00007fcefd024335:   01 00 00 00 00 00 00 75 17 48 89 8a f8 01 00 00
0x00007fcefd024345:   48 c7 82 00 02 00 00 01 00 00 00 e9 2c 00 00 00
0x00007fcefd024355:   48 81 ba 08 02 00 00 00 00 00 00 75 17 48 89 8a
0x00007fcefd024365:   08 02 00 00 48 c7 82 10 02 00 00 01 00 00 00 e9
0x00007fcefd024375:   08 00 00 00 48 83 82 e8 01 00 00 01 8b b4 24 c8
0x00007fcefd024385:   00 00 00 2b f0 48 8b d6 48 8b b4 24 e8 00 00 00
0x00007fcefd024395:   48 b8 ff ff ff ff ff ff ff ff e8 dc 9c 89 ff 48
0x00007fcefd0243a5:   b8 b8 cd a3 46 07 00 00 00 18 81 c4 60 01 00 00
0x00007fcefd0243b5:   5d 0d 8b 97 08 01 00 00 41 85 02 c3 89 b4 24 c8
0x00007fcefd0243c5:   00 00 00 44 89 84 24 d8 00 00 00 48 bf 00 6e 7b
0x00007fcefd0243d5:   f0 ce 7f 00 00 48 83 87 58 06 00 00 01 48 bf 20
0x00007fcefd0243e5:   81 79 f0 ce 7f 00 00 8b 9f 84 01 00 00 83 c3 08
0x00007fcefd0243f5:   89 9b 04 01 00 00 81 e3 f8 ff 7f 00 83 fb 00 0f
0x00007fcefd024405:   84 78 0e 00 00 48 8b 94 24 b0 00 00 00 48 bf 20
0x00007fcefd024415:   81 79 f0 ce 7f 00 00 8b 52 08 48 c1 e2 03 49 bc
0x00007fcefd024425:   00 00 00 00 08 00 00 00 49 03 d4 4d 33 e4 48 3b
0x00007fcefd024435:   97 50 01 00 00 75 0d 48 83 87 58 01 00 00 01 e9
0x00007fcefd024445:   66 00 00 00 48 3b 97 60 01 00 00 75 0d 48 83 87
0x00007fcefd024455:   68 01 00 00 01 e9 50 00 00 00 48 81 bf 50 01 00
0x00007fcefd024465:   00 00 00 00 00 75 17 48 89 97 50 01 00 00 48 c7
0x00007fcefd024475:   87 58 01 00 00 01 00 00 00 e9 2c 00 00 00 48 81
0x00007fcefd024485:   bf 60 01 00 00 00 00 00 00 75 17 48 89 97 60 01
0x00007fcefd024495:   00 00 48 c7 87 68 01 00 00 01 00 00 00 e9 08 00
0x00007fcefd0244a5:   00 00 48 83 87 40 01 00 00 00 48 8b b4 24 b0 00
0x00007fcefd0244b5:   00 00 e8 94 75 38 07 48 8b 94 24 b0 00 00 00 48
0x00007fcefd0244c5:   be 20 81 79 f0 ce 7f 00 00 8b 52 08 48 c1 e2 03
0x00007fcefd0244d5:   49 bc 00 00 00 00 08 00 00 00 49 03 d4 4d 33 e4
0x00007fcefd0244e5:   48 3b 96 88 01 00 00 75 0d c8 83 86 90 01 00 00 


Stack slot to memory mapping:
stack at sp + 0 slots: 0x00000008003bec20 is pointing into metadata
stack at sp + 1 slots: 0x0000000000000001 is an unknown value
stack at sp + 2 slots: 0x00007fcf184cc350 is pointing into the stack for thread: 0x00007fcf14016800
stack at sp + 3 slots: 0x00007fcf190446c0: <offset 0x000000000082a6c0> in /usr/lib/jvm/java-11-openjdk-amd64/lib/server/libjvm.so at 0x00007fcf1881a000
stack at sp + 4 slots: 0x000000080031d4b0 is pointing into metadata
stack at sp + 5 slots: 0x00007fcf184cc3f0 is pointing into the stack for thread: 0x00007fcf14016800
stack at sp + 6 slots: 0x00007fcf184cc3a0 is pointing into the stack for thread: 0x00007fcf14016800
stack at sp + 7 slots: 0x00007fcf1933db95: <offset 0x0000000000b23b95> in /usr/lib/jvm/java-11-openjdk-amd64/lib/server/libjvm.so at 0x00007fcf1881a000



---------------  P R O C E S S  ---------------

Threads class SMR info:
_java_thread_list=0x00007fcf141a6f90, length=9, elements={
0x00007fcf14016800, 0x00007fcf14163000, 0x00007fcf14165000, 0x00007fcf1416a800,
0x00007fcf1416d000, 0x00007fcf1416f000, 0x00007fcf14171000, 0x00007fcf141a0800,
0x00007fcf141a5800
}

Java Threads: ( => current thread )
=>0x00007fcf14016800 JavaThread "main" [_thread_in_Java, id=21851, stack(0x00007fcf183ce000,0x00007fcf184cf000)]
  0x00007fcf14163000 JavaThread "Reference Handler" daemon [_thread_blocked, id=21858, stack(0x00007fcef02f7000,0x00007fcef03f8000)]
  0x00007fcf14165000 JavaThread "Finalizer" daemon [_thread_blocked, id=21859, stack(0x00007fcef01f6000,0x00007fcef02f7000)]
  0x00007fcf1416a800 JavaThread "Signal Dispatcher" daemon [_thread_blocked, id=21860, stack(0x00007fcef00f5000,0x00007fcef01f6000)]
  0x00007fcf1416d000 JavaThread "C2 CompilerThread0" daemon [_thread_in_native, id=21861, stack(0x00007fcee9701000,0x00007fcee9802000)]
  0x00007fcf1416f000 JavaThread "C1 CompilerThread0" daemon [_thread_blocked, id=21862, stack(0x00007fcee9600000,0x00007fcee9701000)]
  0x00007fcf14171000 JavaThread "Sweeper thread" daemon [_thread_blocked, id=21863, stack(0x00007fcee94ff000,0x00007fcee9600000)]
  0x00007fcf141a0800 JavaThread "Service Thread" daemon [_thread_blocked, id=21864, stack(0x00007fcee93fe000,0x00007fcee94ff000)]
  0x00007fcf141a5800 JavaThread "Common-Cleaner" daemon [_thread_blocked, id=21866, stack(0x00007fcee91fb000,0x00007fcee92fc000)]

Other Threads:
  0x00007fcf14160800 VMThread "VM Thread" [stack: 0x00007fcef03fa000,0x00007fcef04fa000] [id=21857]
  0x00007fcf141a3000 WatcherThread [stack: 0x00007fcee92fe000,0x00007fcee93fe000] [id=21865]
  0x00007fcf1402e000 GCTaskThread "GC Thread#0" [stack: 0x00007fcf18082000,0x00007fcf18182000] [id=21852]
  0x00007fcedc001000 GCTaskThread "GC Thread#1" [stack: 0x00007fcee8ef8000,0x00007fcee8ff8000] [id=21867]
  0x00007fcedc002800 GCTaskThread "GC Thread#2" [stack: 0x00007fcee8df6000,0x00007fcee8ef6000] [id=21868]
  0x00007fcedc004000 GCTaskThread "GC Thread#3" [stack: 0x00007fcee8cf4000,0x00007fcee8df4000] [id=21869]
  0x00007fcf14075800 ConcurrentGCThread "G1 Main Marker" [stack: 0x00007fcefc395000,0x00007fcefc495000] [id=21853]
  0x00007fcf14077800 ConcurrentGCThread "G1 Conc#0" [stack: 0x00007fcefc293000,0x00007fcefc393000] [id=21854]
  0x00007fcf14128000 ConcurrentGCThread "G1 Refine#0" [stack: 0x00007fcef0eda000,0x00007fcef0fda000] [id=21855]
  0x00007fcf1412a000 ConcurrentGCThread "G1 Young RemSet Sampling" [stack: 0x00007fcef0dd8000,0x00007fcef0ed8000] [id=21856]

Threads with active compile tasks:
C2 CompilerThread0   1665 1845   !   4       java.net.URL::<init> (543 bytes)

VM state:not at safepoint (normal execution)

VM Mutex/Monitor currently owned by a thread: None

Heap address: 0x0000000746800000, size: 2968 MB, Compressed Oops mode: Zero based, Oop shift amount: 3
Narrow klass base: 0x0000000800000000, Narrow klass shift: 3
Compressed class space size: 1073741824 Address: 0x0000000840000000

Heap:
 garbage-first heap   total 192512K, used 8703K [0x0000000746800000, 0x0000000800000000)
  region size 1024K, 7 young (7168K), 3 survivors (3072K)
 Metaspace       used 11268K, capacity 13223K, committed 13440K, reserved 1060864K
  class space    used 1380K, capacity 1624K, committed 1664K, reserved 1048576K
Heap Regions: E=young(eden), S=young(survivor), O=old, HS=humongous(starts), HC=humongous(continues), CS=collection set, F=free, A=archive, TAMS=top-at-mark-start (previous, next)
|   0|0x0000000746800000, 0x0000000746900000, 0x0000000746900000|100%| O|  |TAMS 0x0000000746800000, 0x0000000746800000| Untracked 
|   1|0x0000000746900000, 0x0000000746a00000, 0x0000000746a00000|100%| O|  |TAMS 0x0000000746900000, 0x0000000746900000| Untracked 
|   2|0x0000000746a00000, 0x0000000746a7ec00, 0x0000000746b00000| 49%| O|  |TAMS 0x0000000746a00000, 0x0000000746a00000| Untracked 
|   3|0x0000000746b00000, 0x0000000746b00000, 0x0000000746c00000|  0%| F|  |TAMS 0x0000000746b00000, 0x0000000746b00000| Untracked 
|   4|0x0000000746c00000, 0x0000000746c00000, 0x0000000746d00000|  0%| F|  |TAMS 0x0000000746c00000, 0x0000000746c00000| Untracked 
|   5|0x0000000746d00000, 0x0000000746d00000, 0x0000000746e00000|  0%| F|  |TAMS 0x0000000746d00000, 0x0000000746d00000| Untracked 
|   6|0x0000000746e00000, 0x0000000746e00000, 0x0000000746f00000|  0%| F|  |TAMS 0x0000000746e00000, 0x0000000746e00000| Untracked 
|   7|0x0000000746f00000, 0x0000000746f00000, 0x0000000747000000|  0%| F|  |TAMS 0x0000000746f00000, 0x0000000746f00000| Untracked 
|   8|0x0000000747000000, 0x0000000747000000, 0x0000000747100000|  0%| F|  |TAMS 0x0000000747000000, 0x0000000747000000| Untracked 
|   9|0x0000000747100000, 0x0000000747100000, 0x0000000747200000|  0%| F|  |TAMS 0x0000000747100000, 0x0000000747100000| Untracked 
|  10|0x0000000747200000, 0x0000000747200000, 0x0000000747300000|  0%| F|  |TAMS 0x0000000747200000, 0x0000000747200000| Untracked 
|  11|0x0000000747300000, 0x0000000747300000, 0x0000000747400000|  0%| F|  |TAMS 0x0000000747300000, 0x0000000747300000| Untracked 
|  12|0x0000000747400000, 0x0000000747400000, 0x0000000747500000|  0%| F|  |TAMS 0x0000000747400000, 0x0000000747400000| Untracked 
|  13|0x0000000747500000, 0x0000000747500000, 0x0000000747600000|  0%| F|  |TAMS 0x0000000747500000, 0x0000000747500000| Untracked 
|  14|0x0000000747600000, 0x0000000747600000, 0x0000000747700000|  0%| F|  |TAMS 0x0000000747600000, 0x0000000747600000| Untracked 
|  15|0x0000000747700000, 0x0000000747700000, 0x0000000747800000|  0%| F|  |TAMS 0x0000000747700000, 0x0000000747700000| Untracked 
|  16|0x0000000747800000, 0x0000000747800000, 0x0000000747900000|  0%| F|  |TAMS 0x0000000747800000, 0x0000000747800000| Untracked 
|  17|0x0000000747900000, 0x0000000747900000, 0x0000000747a00000|  0%| F|  |TAMS 0x0000000747900000, 0x0000000747900000| Untracked 
|  18|0x0000000747a00000, 0x0000000747a00000, 0x0000000747b00000|  0%| F|  |TAMS 0x0000000747a00000, 0x0000000747a00000| Untracked 
|  19|0x0000000747b00000, 0x0000000747b00000, 0x0000000747c00000|  0%| F|  |TAMS 0x0000000747b00000, 0x0000000747b00000| Untracked 
|  20|0x0000000747c00000, 0x0000000747c00000, 0x0000000747d00000|  0%| F|  |TAMS 0x0000000747c00000, 0x0000000747c00000| Untracked 
|  21|0x0000000747d00000, 0x0000000747d00000, 0x0000000747e00000|  0%| F|  |TAMS 0x0000000747d00000, 0x0000000747d00000| Untracked 
|  22|0x0000000747e00000, 0x0000000747e00000, 0x0000000747f00000|  0%| F|  |TAMS 0x0000000747e00000, 0x0000000747e00000| Untracked 
|  23|0x0000000747f00000, 0x0000000747f00000, 0x0000000748000000|  0%| F|  |TAMS 0x0000000747f00000, 0x0000000747f00000| Untracked 
|  24|0x0000000748000000, 0x0000000748000000, 0x0000000748100000|  0%| F|  |TAMS 0x0000000748000000, 0x0000000748000000| Untracked 
|  25|0x0000000748100000, 0x0000000748100000, 0x0000000748200000|  0%| F|  |TAMS 0x0000000748100000, 0x0000000748100000| Untracked 
|  26|0x0000000748200000, 0x0000000748200000, 0x0000000748300000|  0%| F|  |TAMS 0x0000000748200000, 0x0000000748200000| Untracked 
|  27|0x0000000748300000, 0x0000000748300000, 0x0000000748400000|  0%| F|  |TAMS 0x0000000748300000, 0x0000000748300000| Untracked 
|  28|0x0000000748400000, 0x0000000748400000, 0x0000000748500000|  0%| F|  |TAMS 0x0000000748400000, 0x0000000748400000| Untracked 
|  29|0x0000000748500000, 0x0000000748500000, 0x0000000748600000|  0%| F|  |TAMS 0x0000000748500000, 0x0000000748500000| Untracked 
|  30|0x0000000748600000, 0x0000000748600000, 0x0000000748700000|  0%| F|  |TAMS 0x0000000748600000, 0x0000000748600000| Untracked 
|  31|0x0000000748700000, 0x0000000748700000, 0x0000000748800000|  0%| F|  |TAMS 0x0000000748700000, 0x0000000748700000| Untracked 
|  32|0x0000000748800000, 0x0000000748800000, 0x0000000748900000|  0%| F|  |TAMS 0x0000000748800000, 0x0000000748800000| Untracked 
|  33|0x0000000748900000, 0x0000000748900000, 0x0000000748a00000|  0%| F|  |TAMS 0x0000000748900000, 0x0000000748900000| Untracked 
|  34|0x0000000748a00000, 0x0000000748a00000, 0x0000000748b00000|  0%| F|  |TAMS 0x0000000748a00000, 0x0000000748a00000| Untracked 
|  35|0x0000000748b00000, 0x0000000748b00000, 0x0000000748c00000|  0%| F|  |TAMS 0x0000000748b00000, 0x0000000748b00000| Untracked 
|  36|0x0000000748c00000, 0x0000000748c00000, 0x0000000748d00000|  0%| F|  |TAMS 0x0000000748c00000, 0x0000000748c00000| Untracked 
|  37|0x0000000748d00000, 0x0000000748d00000, 0x0000000748e00000|  0%| F|  |TAMS 0x0000000748d00000, 0x0000000748d00000| Untracked 
|  38|0x0000000748e00000, 0x0000000748e00000, 0x0000000748f00000|  0%| F|  |TAMS 0x0000000748e00000, 0x0000000748e00000| Untracked 
|  39|0x0000000748f00000, 0x0000000748f00000, 0x0000000749000000|  0%| F|  |TAMS 0x0000000748f00000, 0x0000000748f00000| Untracked 
|  40|0x0000000749000000, 0x0000000749000000, 0x0000000749100000|  0%| F|  |TAMS 0x0000000749000000, 0x0000000749000000| Untracked 
|  41|0x0000000749100000, 0x0000000749100000, 0x0000000749200000|  0%| F|  |TAMS 0x0000000749100000, 0x0000000749100000| Untracked 
|  42|0x0000000749200000, 0x0000000749200000, 0x0000000749300000|  0%| F|  |TAMS 0x0000000749200000, 0x0000000749200000| Untracked 
|  43|0x0000000749300000, 0x0000000749300000, 0x0000000749400000|  0%| F|  |TAMS 0x0000000749300000, 0x0000000749300000| Untracked 
|  44|0x0000000749400000, 0x0000000749400000, 0x0000000749500000|  0%| F|  |TAMS 0x0000000749400000, 0x0000000749400000| Untracked 
|  45|0x0000000749500000, 0x0000000749500000, 0x0000000749600000|  0%| F|  |TAMS 0x0000000749500000, 0x0000000749500000| Untracked 
|  46|0x0000000749600000, 0x0000000749600000, 0x0000000749700000|  0%| F|  |TAMS 0x0000000749600000, 0x0000000749600000| Untracked 
|  47|0x0000000749700000, 0x0000000749700000, 0x0000000749800000|  0%| F|  |TAMS 0x0000000749700000, 0x0000000749700000| Untracked 
|  48|0x0000000749800000, 0x0000000749800000, 0x0000000749900000|  0%| F|  |TAMS 0x0000000749800000, 0x0000000749800000| Untracked 
|  49|0x0000000749900000, 0x0000000749900000, 0x0000000749a00000|  0%| F|  |TAMS 0x0000000749900000, 0x0000000749900000| Untracked 
|  50|0x0000000749a00000, 0x0000000749a00000, 0x0000000749b00000|  0%| F|  |TAMS 0x0000000749a00000, 0x0000000749a00000| Untracked 
|  51|0x0000000749b00000, 0x0000000749b00000, 0x0000000749c00000|  0%| F|  |TAMS 0x0000000749b00000, 0x0000000749b00000| Untracked 
|  52|0x0000000749c00000, 0x0000000749c00000, 0x0000000749d00000|  0%| F|  |TAMS 0x0000000749c00000, 0x0000000749c00000| Untracked 
|  53|0x0000000749d00000, 0x0000000749d00000, 0x0000000749e00000|  0%| F|  |TAMS 0x0000000749d00000, 0x0000000749d00000| Untracked 
|  54|0x0000000749e00000, 0x0000000749e00000, 0x0000000749f00000|  0%| F|  |TAMS 0x0000000749e00000, 0x0000000749e00000| Untracked 
|  55|0x0000000749f00000, 0x0000000749f00000, 0x000000074a000000|  0%| F|  |TAMS 0x0000000749f00000, 0x0000000749f00000| Untracked 
|  56|0x000000074a000000, 0x000000074a000000, 0x000000074a100000|  0%| F|  |TAMS 0x000000074a000000, 0x000000074a000000| Untracked 
|  57|0x000000074a100000, 0x000000074a100000, 0x000000074a200000|  0%| F|  |TAMS 0x000000074a100000, 0x000000074a100000| Untracked 
|  58|0x000000074a200000, 0x000000074a200000, 0x000000074a300000|  0%| F|  |TAMS 0x000000074a200000, 0x000000074a200000| Untracked 
|  59|0x000000074a300000, 0x000000074a300000, 0x000000074a400000|  0%| F|  |TAMS 0x000000074a300000, 0x000000074a300000| Untracked 
|  60|0x000000074a400000, 0x000000074a400000, 0x000000074a500000|  0%| F|  |TAMS 0x000000074a400000, 0x000000074a400000| Untracked 
|  61|0x000000074a500000, 0x000000074a500000, 0x000000074a600000|  0%| F|  |TAMS 0x000000074a500000, 0x000000074a500000| Untracked 
|  62|0x000000074a600000, 0x000000074a600000, 0x000000074a700000|  0%| F|  |TAMS 0x000000074a600000, 0x000000074a600000| Untracked 
|  63|0x000000074a700000, 0x000000074a700000, 0x000000074a800000|  0%| F|  |TAMS 0x000000074a700000, 0x000000074a700000| Untracked 
|  64|0x000000074a800000, 0x000000074a800000, 0x000000074a900000|  0%| F|  |TAMS 0x000000074a800000, 0x000000074a800000| Untracked 
|  65|0x000000074a900000, 0x000000074a900000, 0x000000074aa00000|  0%| F|  |TAMS 0x000000074a900000, 0x000000074a900000| Untracked 
|  66|0x000000074aa00000, 0x000000074aa00000, 0x000000074ab00000|  0%| F|  |TAMS 0x000000074aa00000, 0x000000074aa00000| Untracked 
|  67|0x000000074ab00000, 0x000000074ab00000, 0x000000074ac00000|  0%| F|  |TAMS 0x000000074ab00000, 0x000000074ab00000| Untracked 
|  68|0x000000074ac00000, 0x000000074ac00000, 0x000000074ad00000|  0%| F|  |TAMS 0x000000074ac00000, 0x000000074ac00000| Untracked 
|  69|0x000000074ad00000, 0x000000074ad00000, 0x000000074ae00000|  0%| F|  |TAMS 0x000000074ad00000, 0x000000074ad00000| Untracked 
|  70|0x000000074ae00000, 0x000000074ae00000, 0x000000074af00000|  0%| F|  |TAMS 0x000000074ae00000, 0x000000074ae00000| Untracked 
|  71|0x000000074af00000, 0x000000074af00000, 0x000000074b000000|  0%| F|  |TAMS 0x000000074af00000, 0x000000074af00000| Untracked 
|  72|0x000000074b000000, 0x000000074b000000, 0x000000074b100000|  0%| F|  |TAMS 0x000000074b000000, 0x000000074b000000| Untracked 
|  73|0x000000074b100000, 0x000000074b100000, 0x000000074b200000|  0%| F|  |TAMS 0x000000074b100000, 0x000000074b100000| Untracked 
|  74|0x000000074b200000, 0x000000074b200000, 0x000000074b300000|  0%| F|  |TAMS 0x000000074b200000, 0x000000074b200000| Untracked 
|  75|0x000000074b300000, 0x000000074b300000, 0x000000074b400000|  0%| F|  |TAMS 0x000000074b300000, 0x000000074b300000| Untracked 
|  76|0x000000074b400000, 0x000000074b400000, 0x000000074b500000|  0%| F|  |TAMS 0x000000074b400000, 0x000000074b400000| Untracked 
|  77|0x000000074b500000, 0x000000074b500000, 0x000000074b600000|  0%| F|  |TAMS 0x000000074b500000, 0x000000074b500000| Untracked 
|  78|0x000000074b600000, 0x000000074b600000, 0x000000074b700000|  0%| F|  |TAMS 0x000000074b600000, 0x000000074b600000| Untracked 
|  79|0x000000074b700000, 0x000000074b700000, 0x000000074b800000|  0%| F|  |TAMS 0x000000074b700000, 0x000000074b700000| Untracked 
|  80|0x000000074b800000, 0x000000074b800000, 0x000000074b900000|  0%| F|  |TAMS 0x000000074b800000, 0x000000074b800000| Untracked 
|  81|0x000000074b900000, 0x000000074b900000, 0x000000074ba00000|  0%| F|  |TAMS 0x000000074b900000, 0x000000074b900000| Untracked 
|  82|0x000000074ba00000, 0x000000074ba00000, 0x000000074bb00000|  0%| F|  |TAMS 0x000000074ba00000, 0x000000074ba00000| Untracked 
|  83|0x000000074bb00000, 0x000000074bb00000, 0x000000074bc00000|  0%| F|  |TAMS 0x000000074bb00000, 0x000000074bb00000| Untracked 
|  84|0x000000074bc00000, 0x000000074bc00000, 0x000000074bd00000|  0%| F|  |TAMS 0x000000074bc00000, 0x000000074bc00000| Untracked 
|  85|0x000000074bd00000, 0x000000074bd00000, 0x000000074be00000|  0%| F|  |TAMS 0x000000074bd00000, 0x000000074bd00000| Untracked 
|  86|0x000000074be00000, 0x000000074be00000, 0x000000074bf00000|  0%| F|  |TAMS 0x000000074be00000, 0x000000074be00000| Untracked 
|  87|0x000000074bf00000, 0x000000074bf00000, 0x000000074c000000|  0%| F|  |TAMS 0x000000074bf00000, 0x000000074bf00000| Untracked 
|  88|0x000000074c000000, 0x000000074c000000, 0x000000074c100000|  0%| F|  |TAMS 0x000000074c000000, 0x000000074c000000| Untracked 
|  89|0x000000074c100000, 0x000000074c100000, 0x000000074c200000|  0%| F|  |TAMS 0x000000074c100000, 0x000000074c100000| Untracked 
|  90|0x000000074c200000, 0x000000074c200000, 0x000000074c300000|  0%| F|  |TAMS 0x000000074c200000, 0x000000074c200000| Untracked 
|  91|0x000000074c300000, 0x000000074c300000, 0x000000074c400000|  0%| F|  |TAMS 0x000000074c300000, 0x000000074c300000| Untracked 
|  92|0x000000074c400000, 0x000000074c400000, 0x000000074c500000|  0%| F|  |TAMS 0x000000074c400000, 0x000000074c400000| Untracked 
|  93|0x000000074c500000, 0x000000074c500000, 0x000000074c600000|  0%| F|  |TAMS 0x000000074c500000, 0x000000074c500000| Untracked 
|  94|0x000000074c600000, 0x000000074c600000, 0x000000074c700000|  0%| F|  |TAMS 0x000000074c600000, 0x000000074c600000| Untracked 
|  95|0x000000074c700000, 0x000000074c700000, 0x000000074c800000|  0%| F|  |TAMS 0x000000074c700000, 0x000000074c700000| Untracked 
|  96|0x000000074c800000, 0x000000074c800000, 0x000000074c900000|  0%| F|  |TAMS 0x000000074c800000, 0x000000074c800000| Untracked 
|  97|0x000000074c900000, 0x000000074c900000, 0x000000074ca00000|  0%| F|  |TAMS 0x000000074c900000, 0x000000074c900000| Untracked 
|  98|0x000000074ca00000, 0x000000074ca00000, 0x000000074cb00000|  0%| F|  |TAMS 0x000000074ca00000, 0x000000074ca00000| Untracked 
|  99|0x000000074cb00000, 0x000000074cb00000, 0x000000074cc00000|  0%| F|  |TAMS 0x000000074cb00000, 0x000000074cb00000| Untracked 
| 100|0x000000074cc00000, 0x000000074cc00000, 0x000000074cd00000|  0%| F|  |TAMS 0x000000074cc00000, 0x000000074cc00000| Untracked 
| 101|0x000000074cd00000, 0x000000074cd00000, 0x000000074ce00000|  0%| F|  |TAMS 0x000000074cd00000, 0x000000074cd00000| Untracked 
| 102|0x000000074ce00000, 0x000000074ce00000, 0x000000074cf00000|  0%| F|  |TAMS 0x000000074ce00000, 0x000000074ce00000| Untracked 
| 103|0x000000074cf00000, 0x000000074cf00000, 0x000000074d000000|  0%| F|  |TAMS 0x000000074cf00000, 0x000000074cf00000| Untracked 
| 104|0x000000074d000000, 0x000000074d000000, 0x000000074d100000|  0%| F|  |TAMS 0x000000074d000000, 0x000000074d000000| Untracked 
| 105|0x000000074d100000, 0x000000074d100000, 0x000000074d200000|  0%| F|  |TAMS 0x000000074d100000, 0x000000074d100000| Untracked 
| 106|0x000000074d200000, 0x000000074d200000, 0x000000074d300000|  0%| F|  |TAMS 0x000000074d200000, 0x000000074d200000| Untracked 
| 107|0x000000074d300000, 0x000000074d300000, 0x000000074d400000|  0%| F|  |TAMS 0x000000074d300000, 0x000000074d300000| Untracked 
| 108|0x000000074d400000, 0x000000074d400000, 0x000000074d500000|  0%| F|  |TAMS 0x000000074d400000, 0x000000074d400000| Untracked 
| 109|0x000000074d500000, 0x000000074d500000, 0x000000074d600000|  0%| F|  |TAMS 0x000000074d500000, 0x000000074d500000| Untracked 
| 110|0x000000074d600000, 0x000000074d600000, 0x000000074d700000|  0%| F|  |TAMS 0x000000074d600000, 0x000000074d600000| Untracked 
| 111|0x000000074d700000, 0x000000074d700000, 0x000000074d800000|  0%| F|  |TAMS 0x000000074d700000, 0x000000074d700000| Untracked 
| 112|0x000000074d800000, 0x000000074d800000, 0x000000074d900000|  0%| F|  |TAMS 0x000000074d800000, 0x000000074d800000| Untracked 
| 113|0x000000074d900000, 0x000000074d900000, 0x000000074da00000|  0%| F|  |TAMS 0x000000074d900000, 0x000000074d900000| Untracked 
| 114|0x000000074da00000, 0x000000074da00000, 0x000000074db00000|  0%| F|  |TAMS 0x000000074da00000, 0x000000074da00000| Untracked 
| 115|0x000000074db00000, 0x000000074db00000, 0x000000074dc00000|  0%| F|  |TAMS 0x000000074db00000, 0x000000074db00000| Untracked 
| 116|0x000000074dc00000, 0x000000074dc00000, 0x000000074dd00000|  0%| F|  |TAMS 0x000000074dc00000, 0x000000074dc00000| Untracked 
| 117|0x000000074dd00000, 0x000000074dd00000, 0x000000074de00000|  0%| F|  |TAMS 0x000000074dd00000, 0x000000074dd00000| Untracked 
| 118|0x000000074de00000, 0x000000074de00000, 0x000000074df00000|  0%| F|  |TAMS 0x000000074de00000, 0x000000074de00000| Untracked 
| 119|0x000000074df00000, 0x000000074df00000, 0x000000074e000000|  0%| F|  |TAMS 0x000000074df00000, 0x000000074df00000| Untracked 
| 120|0x000000074e000000, 0x000000074e000000, 0x000000074e100000|  0%| F|  |TAMS 0x000000074e000000, 0x000000074e000000| Untracked 
| 121|0x000000074e100000, 0x000000074e100000, 0x000000074e200000|  0%| F|  |TAMS 0x000000074e100000, 0x000000074e100000| Untracked 
| 122|0x000000074e200000, 0x000000074e200000, 0x000000074e300000|  0%| F|  |TAMS 0x000000074e200000, 0x000000074e200000| Untracked 
| 123|0x000000074e300000, 0x000000074e300000, 0x000000074e400000|  0%| F|  |TAMS 0x000000074e300000, 0x000000074e300000| Untracked 
| 124|0x000000074e400000, 0x000000074e400000, 0x000000074e500000|  0%| F|  |TAMS 0x000000074e400000, 0x000000074e400000| Untracked 
| 125|0x000000074e500000, 0x000000074e500000, 0x000000074e600000|  0%| F|  |TAMS 0x000000074e500000, 0x000000074e500000| Untracked 
| 126|0x000000074e600000, 0x000000074e600000, 0x000000074e700000|  0%| F|  |TAMS 0x000000074e600000, 0x000000074e600000| Untracked 
| 127|0x000000074e700000, 0x000000074e700000, 0x000000074e800000|  0%| F|  |TAMS 0x000000074e700000, 0x000000074e700000| Untracked 
| 128|0x000000074e800000, 0x000000074e800000, 0x000000074e900000|  0%| F|  |TAMS 0x000000074e800000, 0x000000074e800000| Untracked 
| 129|0x000000074e900000, 0x000000074e900000, 0x000000074ea00000|  0%| F|  |TAMS 0x000000074e900000, 0x000000074e900000| Untracked 
| 130|0x000000074ea00000, 0x000000074ea00000, 0x000000074eb00000|  0%| F|  |TAMS 0x000000074ea00000, 0x000000074ea00000| Untracked 
| 131|0x000000074eb00000, 0x000000074eb00000, 0x000000074ec00000|  0%| F|  |TAMS 0x000000074eb00000, 0x000000074eb00000| Untracked 
| 132|0x000000074ec00000, 0x000000074ec00000, 0x000000074ed00000|  0%| F|  |TAMS 0x000000074ec00000, 0x000000074ec00000| Untracked 
| 133|0x000000074ed00000, 0x000000074ed00000, 0x000000074ee00000|  0%| F|  |TAMS 0x000000074ed00000, 0x000000074ed00000| Untracked 
| 134|0x000000074ee00000, 0x000000074ee00000, 0x000000074ef00000|  0%| F|  |TAMS 0x000000074ee00000, 0x000000074ee00000| Untracked 
| 135|0x000000074ef00000, 0x000000074ef00000, 0x000000074f000000|  0%| F|  |TAMS 0x000000074ef00000, 0x000000074ef00000| Untracked 
| 136|0x000000074f000000, 0x000000074f000000, 0x000000074f100000|  0%| F|  |TAMS 0x000000074f000000, 0x000000074f000000| Untracked 
| 137|0x000000074f100000, 0x000000074f100000, 0x000000074f200000|  0%| F|  |TAMS 0x000000074f100000, 0x000000074f100000| Untracked 
| 138|0x000000074f200000, 0x000000074f200000, 0x000000074f300000|  0%| F|  |TAMS 0x000000074f200000, 0x000000074f200000| Untracked 
| 139|0x000000074f300000, 0x000000074f300000, 0x000000074f400000|  0%| F|  |TAMS 0x000000074f300000, 0x000000074f300000| Untracked 
| 140|0x000000074f400000, 0x000000074f400000, 0x000000074f500000|  0%| F|  |TAMS 0x000000074f400000, 0x000000074f400000| Untracked 
| 141|0x000000074f500000, 0x000000074f500000, 0x000000074f600000|  0%| F|  |TAMS 0x000000074f500000, 0x000000074f500000| Untracked 
| 142|0x000000074f600000, 0x000000074f600000, 0x000000074f700000|  0%| F|  |TAMS 0x000000074f600000, 0x000000074f600000| Untracked 
| 143|0x000000074f700000, 0x000000074f700000, 0x000000074f800000|  0%| F|  |TAMS 0x000000074f700000, 0x000000074f700000| Untracked 
| 144|0x000000074f800000, 0x000000074f800000, 0x000000074f900000|  0%| F|  |TAMS 0x000000074f800000, 0x000000074f800000| Untracked 
| 145|0x000000074f900000, 0x000000074f900000, 0x000000074fa00000|  0%| F|  |TAMS 0x000000074f900000, 0x000000074f900000| Untracked 
| 146|0x000000074fa00000, 0x000000074fa00000, 0x000000074fb00000|  0%| F|  |TAMS 0x000000074fa00000, 0x000000074fa00000| Untracked 
| 147|0x000000074fb00000, 0x000000074fb00000, 0x000000074fc00000|  0%| F|  |TAMS 0x000000074fb00000, 0x000000074fb00000| Untracked 
| 148|0x000000074fc00000, 0x000000074fc00000, 0x000000074fd00000|  0%| F|  |TAMS 0x000000074fc00000, 0x000000074fc00000| Untracked 
| 149|0x000000074fd00000, 0x000000074fd00000, 0x000000074fe00000|  0%| F|  |TAMS 0x000000074fd00000, 0x000000074fd00000| Untracked 
| 150|0x000000074fe00000, 0x000000074fe00000, 0x000000074ff00000|  0%| F|  |TAMS 0x000000074fe00000, 0x000000074fe00000| Untracked 
| 151|0x000000074ff00000, 0x000000074ff00000, 0x0000000750000000|  0%| F|  |TAMS 0x000000074ff00000, 0x000000074ff00000| Untracked 
| 152|0x0000000750000000, 0x0000000750000000, 0x0000000750100000|  0%| F|  |TAMS 0x0000000750000000, 0x0000000750000000| Untracked 
| 153|0x0000000750100000, 0x0000000750100000, 0x0000000750200000|  0%| F|  |TAMS 0x0000000750100000, 0x0000000750100000| Untracked 
| 154|0x0000000750200000, 0x0000000750200000, 0x0000000750300000|  0%| F|  |TAMS 0x0000000750200000, 0x0000000750200000| Untracked 
| 155|0x0000000750300000, 0x000000075034f280, 0x0000000750400000| 30%| S|CS|TAMS 0x0000000750300000, 0x0000000750300000| Complete 
| 156|0x0000000750400000, 0x0000000750500000, 0x0000000750500000|100%| S|CS|TAMS 0x0000000750400000, 0x0000000750400000| Complete 
| 157|0x0000000750500000, 0x0000000750600000, 0x0000000750600000|100%| S|CS|TAMS 0x0000000750500000, 0x0000000750500000| Complete 
| 158|0x0000000750600000, 0x0000000750600000, 0x0000000750700000|  0%| F|  |TAMS 0x0000000750600000, 0x0000000750600000| Untracked 
| 159|0x0000000750700000, 0x0000000750700000, 0x0000000750800000|  0%| F|  |TAMS 0x0000000750700000, 0x0000000750700000| Untracked 
| 160|0x0000000750800000, 0x0000000750800000, 0x0000000750900000|  0%| F|  |TAMS 0x0000000750800000, 0x0000000750800000| Untracked 
| 161|0x0000000750900000, 0x0000000750900000, 0x0000000750a00000|  0%| F|  |TAMS 0x0000000750900000, 0x0000000750900000| Untracked 
| 162|0x0000000750a00000, 0x0000000750a00000, 0x0000000750b00000|  0%| F|  |TAMS 0x0000000750a00000, 0x0000000750a00000| Untracked 
| 163|0x0000000750b00000, 0x0000000750b00000, 0x0000000750c00000|  0%| F|  |TAMS 0x0000000750b00000, 0x0000000750b00000| Untracked 
| 164|0x0000000750c00000, 0x0000000750c00000, 0x0000000750d00000|  0%| F|  |TAMS 0x0000000750c00000, 0x0000000750c00000| Untracked 
| 165|0x0000000750d00000, 0x0000000750d00000, 0x0000000750e00000|  0%| F|  |TAMS 0x0000000750d00000, 0x0000000750d00000| Untracked 
| 166|0x0000000750e00000, 0x0000000750e00000, 0x0000000750f00000|  0%| F|  |TAMS 0x0000000750e00000, 0x0000000750e00000| Untracked 
| 167|0x0000000750f00000, 0x0000000750f00000, 0x0000000751000000|  0%| F|  |TAMS 0x0000000750f00000, 0x0000000750f00000| Untracked 
| 168|0x0000000751000000, 0x0000000751000000, 0x0000000751100000|  0%| F|  |TAMS 0x0000000751000000, 0x0000000751000000| Untracked 
| 169|0x0000000751100000, 0x0000000751100000, 0x0000000751200000|  0%| F|  |TAMS 0x0000000751100000, 0x0000000751100000| Untracked 
| 170|0x0000000751200000, 0x0000000751200000, 0x0000000751300000|  0%| F|  |TAMS 0x0000000751200000, 0x0000000751200000| Untracked 
| 171|0x0000000751300000, 0x0000000751300000, 0x0000000751400000|  0%| F|  |TAMS 0x0000000751300000, 0x0000000751300000| Untracked 
| 172|0x0000000751400000, 0x0000000751400000, 0x0000000751500000|  0%| F|  |TAMS 0x0000000751400000, 0x0000000751400000| Untracked 
| 173|0x0000000751500000, 0x0000000751500000, 0x0000000751600000|  0%| F|  |TAMS 0x0000000751500000, 0x0000000751500000| Untracked 
| 174|0x0000000751600000, 0x0000000751600000, 0x0000000751700000|  0%| F|  |TAMS 0x0000000751600000, 0x0000000751600000| Untracked 
| 175|0x0000000751700000, 0x0000000751700000, 0x0000000751800000|  0%| F|  |TAMS 0x0000000751700000, 0x0000000751700000| Untracked 
| 176|0x0000000751800000, 0x0000000751800000, 0x0000000751900000|  0%| F|  |TAMS 0x0000000751800000, 0x0000000751800000| Untracked 
| 177|0x0000000751900000, 0x0000000751900000, 0x0000000751a00000|  0%| F|  |TAMS 0x0000000751900000, 0x0000000751900000| Untracked 
| 178|0x0000000751a00000, 0x0000000751a00000, 0x0000000751b00000|  0%| F|  |TAMS 0x0000000751a00000, 0x0000000751a00000| Untracked 
| 179|0x0000000751b00000, 0x0000000751b00000, 0x0000000751c00000|  0%| F|  |TAMS 0x0000000751b00000, 0x0000000751b00000| Untracked 
| 180|0x0000000751c00000, 0x0000000751c00000, 0x0000000751d00000|  0%| F|  |TAMS 0x0000000751c00000, 0x0000000751c00000| Untracked 
| 181|0x0000000751d00000, 0x0000000751d00000, 0x0000000751e00000|  0%| F|  |TAMS 0x0000000751d00000, 0x0000000751d00000| Untracked 
| 182|0x0000000751e00000, 0x0000000751e80800, 0x0000000751f00000| 50%| E|  |TAMS 0x0000000751e00000, 0x0000000751e00000| Complete 
| 183|0x0000000751f00000, 0x0000000752000000, 0x0000000752000000|100%| E|CS|TAMS 0x0000000751f00000, 0x0000000751f00000| Complete 
| 184|0x0000000752000000, 0x0000000752100000, 0x0000000752100000|100%| E|CS|TAMS 0x0000000752000000, 0x0000000752000000| Complete 
| 185|0x0000000752100000, 0x0000000752200000, 0x0000000752200000|100%| E|CS|TAMS 0x0000000752100000, 0x0000000752100000| Complete 
|1942|0x00000007bfe00000, 0x00000007bfe47000, 0x00000007bff00000| 27%|OA|  |TAMS 0x00000007bfe00000, 0x00000007bfe00000| Untracked 
|1943|0x00000007bff00000, 0x00000007bff6b000, 0x00000007c0000000| 41%|CA|  |TAMS 0x00000007bff00000, 0x00000007bff00000| Untracked 

Card table byte_map: [0x00007fcef7468000,0x00007fcef7a34000] _byte_map_base: 0x00007fcef3a34000

Marking Bits (Prev, Next): (CMBitMap*) 0x00007fcf14068ec8, (CMBitMap*) 0x00007fcf14068f00
 Prev Bits: [0x00007fcef403c000, 0x00007fcef6e9c000)
 Next Bits: [0x00007fcef11dc000, 0x00007fcef403c000)

Polling page: 0x00007fcf1838a000

Metaspace:

Usage:
  Non-class:     11.33 MB capacity,     9.66 MB ( 85%) used,     1.66 MB ( 15%) free+waste,    14.88 KB ( <1%) overhead. 
      Class:      1.59 MB capacity,     1.35 MB ( 85%) used,   237.02 KB ( 15%) free+waste,     6.94 KB ( <1%) overhead. 
       Both:     12.91 MB capacity,    11.00 MB ( 85%) used,     1.89 MB ( 15%) free+waste,    21.81 KB ( <1%) overhead. 

Virtual space:
  Non-class space:       12.00 MB reserved,      11.50 MB ( 96%) committed 
      Class space:        1.00 GB reserved,       1.62 MB ( <1%) committed 
             Both:        1.01 GB reserved,      13.12 MB (  1%) committed 

Chunk freelists:
   Non-Class:  105.00 KB
       Class:  8.00 KB
        Both:  113.00 KB

MaxMetaspaceSize: unlimited
CompressedClassSpaceSize: 1.00 GB

CodeHeap 'non-profiled nmethods': size=120032Kb used=619Kb max_used=619Kb free=119412Kb
 bounds [0x00007fcf04361000, 0x00007fcf045d1000, 0x00007fcf0b899000]
CodeHeap 'profiled nmethods': size=120032Kb used=3624Kb max_used=3624Kb free=116407Kb
 bounds [0x00007fcefce29000, 0x00007fcefd1b9000, 0x00007fcf04361000]
CodeHeap 'non-nmethods': size=5696Kb used=1086Kb max_used=1100Kb free=4609Kb
 bounds [0x00007fcefc899000, 0x00007fcefcb09000, 0x00007fcefce29000]
 total_blobs=2247 nmethods=1851 adapters=308
 compilation: enabled
              stopped_count=0, restarted_count=0
 full_count=0

Compilation events (20 events):
Event: 1.617 Thread 0x00007fcf1416f000 1848       3       java.util.regex.Pattern$Slice::match (79 bytes)
Event: 1.618 Thread 0x00007fcf1416f000 nmethod 1848 0x00007fcefd1adf10 code [0x00007fcefd1ae100, 0x00007fcefd1ae590]
Event: 1.621 Thread 0x00007fcf1416f000 1851       3       java.util.regex.Pattern::peek (26 bytes)
Event: 1.621 Thread 0x00007fcf1416f000 nmethod 1851 0x00007fcefd1ae710 code [0x00007fcefd1ae8e0, 0x00007fcefd1aeb60]
Event: 1.623 Thread 0x00007fcf1416f000 1852       3       java.util.concurrent.ConcurrentHashMap$EntryIterator::next (5 bytes)
Event: 1.624 Thread 0x00007fcf1416f000 nmethod 1852 0x00007fcefd1aec90 code [0x00007fcefd1aee40, 0x00007fcefd1aef80]
Event: 1.624 Thread 0x00007fcf1416f000 1853       3       java.util.concurrent.ConcurrentHashMap$EntryIterator::next (51 bytes)
Event: 1.624 Thread 0x00007fcf1416f000 nmethod 1853 0x00007fcefd1af010 code [0x00007fcefd1af200, 0x00007fcefd1af750]
Event: 1.624 Thread 0x00007fcf1416f000 1854       3       java.util.concurrent.ConcurrentHashMap$MapEntry::<init> (20 bytes)
Event: 1.624 Thread 0x00007fcf1416f000 nmethod 1854 0x00007fcefd1af910 code [0x00007fcefd1afac0, 0x00007fcefd1afd70]
Event: 1.624 Thread 0x00007fcf1416f000 1855       3       com.google.common.cache.LocalCache$LoadingValueReference::get (10 bytes)
Event: 1.625 Thread 0x00007fcf1416f000 nmethod 1855 0x00007fcefd1afe10 code [0x00007fcefd1affc0, 0x00007fcefd1b01a0]
Event: 1.625 Thread 0x00007fcf1416f000 1856       3       com.google.common.cache.LocalCache$LoadingValueReference::isActive (10 bytes)
Event: 1.625 Thread 0x00007fcf1416f000 nmethod 1856 0x00007fcefd1b0290 code [0x00007fcefd1b0440, 0x00007fcefd1b0640]
Event: 1.626 Thread 0x00007fcf1416f000 1857 %     3       java.io.UnixFileSystem::normalize @ 10 (75 bytes)
Event: 1.627 Thread 0x00007fcf1416f000 nmethod 1857% 0x00007fcefd1b0710 code [0x00007fcefd1b0980, 0x00007fcefd1b13f0]
Event: 1.627 Thread 0x00007fcf1416f000 1858       3       java.lang.ref.ReferenceQueue::reallyPoll (65 bytes)
Event: 1.627 Thread 0x00007fcf1416f000 nmethod 1858 0x00007fcefd1b1810 code [0x00007fcefd1b1a00, 0x00007fcefd1b1f50]
Event: 1.629 Thread 0x00007fcf1416f000 1859       3       java.io.UnixFileSystem::normalize (75 bytes)
Event: 1.630 Thread 0x00007fcf1416f000 nmethod 1859 0x00007fcefd1b2090 code [0x00007fcefd1b22e0, 0x00007fcefd1b2c90]

GC Heap History (6 events):
Event: 0.604 GC heap before
{Heap before GC invocations=0 (full 0):
 garbage-first heap   total 192512K, used 14024K [0x0000000746800000, 0x0000000800000000)
  region size 1024K, 14 young (14336K), 0 survivors (0K)
 Metaspace       used 4013K, capacity 7089K, committed 7296K, reserved 1056768K
  class space    used 451K, capacity 792K, committed 896K, reserved 1048576K
}
Event: 0.616 GC heap after
{Heap after GC invocations=1 (full 0):
 garbage-first heap   total 192512K, used 3288K [0x0000000746800000, 0x0000000800000000)
  region size 1024K, 2 young (2048K), 2 survivors (2048K)
 Metaspace       used 4013K, capacity 7089K, committed 7296K, reserved 1056768K
  class space    used 451K, capacity 792K, committed 896K, reserved 1048576K
}
Event: 0.955 GC heap before
{Heap before GC invocations=1 (full 0):
 garbage-first heap   total 192512K, used 21720K [0x0000000746800000, 0x0000000800000000)
  region size 1024K, 20 young (20480K), 2 survivors (2048K)
 Metaspace       used 6152K, capacity 8525K, committed 8704K, reserved 1056768K
  class space    used 728K, capacity 991K, committed 1024K, reserved 1048576K
}
Event: 0.964 GC heap after
{Heap after GC invocations=2 (full 0):
 garbage-first heap   total 192512K, used 4101K [0x0000000746800000, 0x0000000800000000)
  region size 1024K, 1 young (1024K), 1 survivors (1024K)
 Metaspace       used 6152K, capacity 8525K, committed 8704K, reserved 1056768K
  class space    used 728K, capacity 991K, committed 1024K, reserved 1048576K
}
Event: 1.547 GC heap before
{Heap before GC invocations=2 (full 0):
 garbage-first heap   total 192512K, used 31749K [0x0000000746800000, 0x0000000800000000)
  region size 1024K, 28 young (28672K), 1 survivors (1024K)
 Metaspace       used 10718K, capacity 12686K, committed 12928K, reserved 1060864K
  class space    used 1321K, capacity 1582K, committed 1664K, reserved 1048576K
}
Event: 1.552 GC heap after
{Heap after GC invocations=3 (full 0):
 garbage-first heap   total 192512K, used 5631K [0x0000000746800000, 0x0000000800000000)
  region size 1024K, 3 young (3072K), 3 survivors (3072K)
 Metaspace       used 10718K, capacity 12686K, committed 12928K, reserved 1060864K
  class space    used 1321K, capacity 1582K, committed 1664K, reserved 1048576K
}

Deoptimization events (20 events):
Event: 1.538 Thread 0x00007fcf14016800 Uncommon trap: trap_request=0xffffff4d fr.pc=0x00007fcf04382a70 relative=0x00000000000001d0
Event: 1.538 Thread 0x00007fcf14016800 Uncommon trap: reason=unstable_if action=reinterpret pc=0x00007fcf04382a70 method=java.lang.String.startsWith(Ljava/lang/String;I)Z @ 1 c2
Event: 1.538 Thread 0x00007fcf14016800 DEOPT PACKING pc=0x00007fcf04382a70 sp=0x00007fcf184c4ae0
Event: 1.538 Thread 0x00007fcf14016800 DEOPT UNPACKING pc=0x00007fcefc8bf8a5 sp=0x00007fcf184c4a70 mode 2
Event: 1.539 Thread 0x00007fcf14016800 Uncommon trap: trap_request=0xffffffc6 fr.pc=0x00007fcf043c20fc relative=0x00000000000011dc
Event: 1.539 Thread 0x00007fcf14016800 Uncommon trap: reason=bimorphic_or_optimized_type_check action=maybe_recompile pc=0x00007fcf043c20fc method=java.util.HashMap.putVal(ILjava/lang/Object;Ljava/lang/Object;ZZ)Ljava/lang/Object; @ 152 c2
Event: 1.539 Thread 0x00007fcf14016800 DEOPT PACKING pc=0x00007fcf043c20fc sp=0x00007fcf184c4310
Event: 1.539 Thread 0x00007fcf14016800 DEOPT UNPACKING pc=0x00007fcefc8bf8a5 sp=0x00007fcf184c4238 mode 2
Event: 1.539 Thread 0x00007fcf14016800 Uncommon trap: trap_request=0xffffffc6 fr.pc=0x00007fcf043c20fc relative=0x00000000000011dc
Event: 1.539 Thread 0x00007fcf14016800 Uncommon trap: reason=bimorphic_or_optimized_type_check action=maybe_recompile pc=0x00007fcf043c20fc method=java.util.HashMap.putVal(ILjava/lang/Object;Ljava/lang/Object;ZZ)Ljava/lang/Object; @ 152 c2
Event: 1.539 Thread 0x00007fcf14016800 DEOPT PACKING pc=0x00007fcf043c20fc sp=0x00007fcf184c4310
Event: 1.539 Thread 0x00007fcf14016800 DEOPT UNPACKING pc=0x00007fcefc8bf8a5 sp=0x00007fcf184c4238 mode 2
Event: 1.610 Thread 0x00007fcf14016800 Uncommon trap: trap_request=0xffffff4d fr.pc=0x00007fcf04366c08 relative=0x0000000000000068
Event: 1.610 Thread 0x00007fcf14016800 Uncommon trap: reason=unstable_if action=reinterpret pc=0x00007fcf04366c08 method=java.lang.String.isLatin1()Z @ 10 c2
Event: 1.610 Thread 0x00007fcf14016800 DEOPT PACKING pc=0x00007fcf04366c08 sp=0x00007fcf184cc340
Event: 1.610 Thread 0x00007fcf14016800 DEOPT UNPACKING pc=0x00007fcefc8bf8a5 sp=0x00007fcf184cc2f0 mode 2
Event: 1.625 Thread 0x00007fcf14016800 Uncommon trap: trap_request=0xffffff4d fr.pc=0x00007fcf043b3f0c relative=0x000000000000014c
Event: 1.625 Thread 0x00007fcf14016800 Uncommon trap: reason=unstable_if action=reinterpret pc=0x00007fcf043b3f0c method=java.io.UnixFileSystem.normalize(Ljava/lang/String;)Ljava/lang/String; @ 60 c2
Event: 1.625 Thread 0x00007fcf14016800 DEOPT PACKING pc=0x00007fcf043b3f0c sp=0x00007fcf184cca30
Event: 1.625 Thread 0x00007fcf14016800 DEOPT UNPACKING pc=0x00007fcefc8bf8a5 sp=0x00007fcf184cc9d8 mode 2

Classes redefined (0 events):
No events

Internal exceptions (7 events):
Event: 0.251 Thread 0x00007fcf14016800 Exception <a 'java/lang/NoSuchMethodError'{0x0000000751fd6d18}: 'int java.lang.invoke.DirectMethodHandle$Holder.invokeSpecialIFC(java.lang.Object, java.lang.Object, int)'> (0x0000000751fd6d18) thrown at [src/hotspot/share/interpreter/linkResolver.cpp, line 772]
Event: 0.294 Thread 0x00007fcf14016800 Exception <a 'java/security/PrivilegedActionException'{0x0000000751d03e20}> (0x0000000751d03e20) thrown at [src/hotspot/share/prims/jvm.cpp, line 1303]
Event: 0.294 Thread 0x00007fcf14016800 Exception <a 'java/security/PrivilegedActionException'{0x0000000751d040f0}> (0x0000000751d040f0) thrown at [src/hotspot/share/prims/jvm.cpp, line 1303]
Event: 1.475 Thread 0x00007fcf14016800 Exception <a 'java/lang/NoClassDefFoundError'{0x0000000750876ec8}: com/google/inject/servlet/ServletModuleTargetVisitor> (0x0000000750876ec8) thrown at [src/hotspot/share/classfile/systemDictionary.cpp, line 220]
Event: 1.475 Thread 0x00007fcf14016800 Exception <a 'java/lang/NoClassDefFoundError'{0x0000000750876ec8}> (0x0000000750876ec8) thrown at [src/hotspot/share/prims/jvm.cpp, line 1309]
Event: 1.475 Thread 0x00007fcf14016800 Exception <a 'java/lang/NoClassDefFoundError'{0x0000000750879c30}: javax/annotation/Priority> (0x0000000750879c30) thrown at [src/hotspot/share/classfile/systemDictionary.cpp, line 220]
Event: 1.639 Thread 0x00007fcf14016800 Implicit null exception at 0x00007fcefd0243f5 to 0x0000000000000000

Events (20 events):
Event: 1.633 loading class org/eclipse/aether/util/graph/selector/ExclusionDependencySelector
Event: 1.633 loading class org/eclipse/aether/util/graph/selector/ExclusionDependencySelector done
Event: 1.633 loading class org/eclipse/aether/graph/Exclusion
Event: 1.633 loading class org/eclipse/aether/graph/Exclusion done
Event: 1.634 loading class org/eclipse/aether/util/graph/transformer/ConflictResolver
Event: 1.634 loading class org/eclipse/aether/util/graph/transformer/ConflictResolver done
Event: 1.634 loading class org/eclipse/aether/collection/UnsolvableVersionConflictException
Event: 1.634 loading class org/eclipse/aether/collection/UnsolvableVersionConflictException done
Event: 1.635 loading class org/eclipse/aether/util/graph/transformer/ChainedDependencyGraphTransformer
Event: 1.635 loading class org/eclipse/aether/util/graph/transformer/ChainedDependencyGraphTransformer done
Event: 1.636 loading class org/eclipse/aether/util/graph/transformer/JavaDependencyContextRefiner
Event: 1.636 loading class org/eclipse/aether/util/graph/transformer/JavaDependencyContextRefiner done
Event: 1.636 loading class org/eclipse/aether/util/artifact/DefaultArtifactTypeRegistry
Event: 1.636 loading class org/eclipse/aether/util/artifact/DefaultArtifactTypeRegistry done
Event: 1.636 loading class org/eclipse/aether/util/artifact/SimpleArtifactTypeRegistry
Event: 1.636 loading class org/eclipse/aether/util/artifact/SimpleArtifactTypeRegistry done
Event: 1.637 loading class org/eclipse/aether/artifact/DefaultArtifactType
Event: 1.637 loading class org/eclipse/aether/artifact/DefaultArtifactType done
Event: 1.637 loading class org/eclipse/aether/util/repository/SimpleArtifactDescriptorPolicy
Event: 1.637 loading class org/eclipse/aether/util/repository/SimpleArtifactDescriptorPolicy done


Dynamic libraries:
746800000-752200000 rw-p 00000000 00:00 0 
752200000-7bfe00000 ---p 00000000 00:00 0 
7bfe00000-7bfe47000 rw-p 01111000 08:05 1181877                          /usr/lib/jvm/java-11-openjdk-amd64/lib/server/classes.jsa
7bfe47000-7bff00000 rw-p 00000000 00:00 0 
7bff00000-7bff6b000 rw-p 010a6000 08:05 1181877                          /usr/lib/jvm/java-11-openjdk-amd64/lib/server/classes.jsa
7bff6b000-7c0000000 rw-p 00000000 00:00 0 
7c0000000-800000000 ---p 00000000 00:00 0 
800000000-800002000 rwxp 00001000 08:05 1181877                          /usr/lib/jvm/java-11-openjdk-amd64/lib/server/classes.jsa
800002000-8003b9000 rw-p 00003000 08:05 1181877                          /usr/lib/jvm/java-11-openjdk-amd64/lib/server/classes.jsa
8003b9000-800a96000 r--p 003ba000 08:05 1181877                          /usr/lib/jvm/java-11-openjdk-amd64/lib/server/classes.jsa
800a96000-800a97000 rw-p 00a97000 08:05 1181877                          /usr/lib/jvm/java-11-openjdk-amd64/lib/server/classes.jsa
800a97000-8010a5000 r--p 00a98000 08:05 1181877                          /usr/lib/jvm/java-11-openjdk-amd64/lib/server/classes.jsa
840000000-8401a0000 rw-p 00000000 00:00 0 
8401a0000-880000000 ---p 00000000 00:00 0 
55a251e47000-55a251e48000 r--p 00000000 08:05 1184016                    /usr/lib/jvm/java-11-openjdk-amd64/bin/java
55a251e48000-55a251e49000 r-xp 00001000 08:05 1184016                    /usr/lib/jvm/java-11-openjdk-amd64/bin/java
55a251e49000-55a251e4a000 r--p 00002000 08:05 1184016                    /usr/lib/jvm/java-11-openjdk-amd64/bin/java
55a251e4a000-55a251e4b000 r--p 00002000 08:05 1184016                    /usr/lib/jvm/java-11-openjdk-amd64/bin/java
55a251e4b000-55a251e4c000 rw-p 00003000 08:05 1184016                    /usr/lib/jvm/java-11-openjdk-amd64/bin/java
55a252d82000-55a252da3000 rw-p 00000000 00:00 0                          [heap]
7fcea8000000-7fcea8021000 rw-p 00000000 00:00 0 
7fcea8021000-7fceac000000 ---p 00000000 00:00 0 
7fceac000000-7fceac021000 rw-p 00000000 00:00 0 
7fceac021000-7fceb0000000 ---p 00000000 00:00 0 
7fceb0000000-7fceb0021000 rw-p 00000000 00:00 0 
7fceb0021000-7fceb4000000 ---p 00000000 00:00 0 
7fceb4000000-7fceb4021000 rw-p 00000000 00:00 0 
7fceb4021000-7fceb8000000 ---p 00000000 00:00 0 
7fceb8000000-7fceb8021000 rw-p 00000000 00:00 0 
7fceb8021000-7fcebc000000 ---p 00000000 00:00 0 
7fcebc000000-7fcebc021000 rw-p 00000000 00:00 0 
7fcebc021000-7fcec0000000 ---p 00000000 00:00 0 
7fcec0000000-7fcec0384000 rw-p 00000000 00:00 0 
7fcec0384000-7fcec4000000 ---p 00000000 00:00 0 
7fcec4000000-7fcec4021000 rw-p 00000000 00:00 0 
7fcec4021000-7fcec8000000 ---p 00000000 00:00 0 
7fcec8000000-7fcec8021000 rw-p 00000000 00:00 0 
7fcec8021000-7fcecc000000 ---p 00000000 00:00 0 
7fcecc000000-7fcecc48b000 rw-p 00000000 00:00 0 
7fcecc48b000-7fced0000000 ---p 00000000 00:00 0 
7fced0000000-7fced0021000 rw-p 00000000 00:00 0 
7fced0021000-7fced4000000 ---p 00000000 00:00 0 
7fced4000000-7fced4021000 rw-p 00000000 00:00 0 
7fced4021000-7fced8000000 ---p 00000000 00:00 0 
7fced8000000-7fced8021000 rw-p 00000000 00:00 0 
7fced8021000-7fcedc000000 ---p 00000000 00:00 0 
7fcedc000000-7fcedc021000 rw-p 00000000 00:00 0 
7fcedc021000-7fcee0000000 ---p 00000000 00:00 0 
7fcee0000000-7fcee0021000 rw-p 00000000 00:00 0 
7fcee0021000-7fcee4000000 ---p 00000000 00:00 0 
7fcee4000000-7fcee4021000 rw-p 00000000 00:00 0 
7fcee4021000-7fcee8000000 ---p 00000000 00:00 0 
7fcee88f2000-7fcee8a72000 rw-p 00000000 00:00 0 
7fcee8a72000-7fcee8af2000 ---p 00000000 00:00 0 
7fcee8af2000-7fcee8cf2000 rw-p 00000000 00:00 0 
7fcee8cf2000-7fcee8cf3000 ---p 00000000 00:00 0 
7fcee8cf3000-7fcee8df4000 rw-p 00000000 00:00 0 
7fcee8df4000-7fcee8df5000 ---p 00000000 00:00 0 
7fcee8df5000-7fcee8ef6000 rw-p 00000000 00:00 0 
7fcee8ef6000-7fcee8ef7000 ---p 00000000 00:00 0 
7fcee8ef7000-7fcee8ff8000 rw-p 00000000 00:00 0 
7fcee8ff8000-7fcee8ffb000 r-xp 00000000 07:0c 2319                       /snap/netbeans/41/netbeans/java/maven/lib/jansi-native/linux64/libjansi.so
7fcee8ffb000-7fcee91fa000 ---p 00003000 07:0c 2319                       /snap/netbeans/41/netbeans/java/maven/lib/jansi-native/linux64/libjansi.so
7fcee91fa000-7fcee91fb000 rw-p 00002000 07:0c 2319                       /snap/netbeans/41/netbeans/java/maven/lib/jansi-native/linux64/libjansi.so
7fcee91fb000-7fcee91ff000 ---p 00000000 00:00 0 
7fcee91ff000-7fcee92fc000 rw-p 00000000 00:00 0 
7fcee92fc000-7fcee92fd000 ---p 00000000 00:00 0 
7fcee92fd000-7fcee93fe000 rw-p 00000000 00:00 0 
7fcee93fe000-7fcee9402000 ---p 00000000 00:00 0 
7fcee9402000-7fcee94ff000 rw-p 00000000 00:00 0 
7fcee94ff000-7fcee9503000 ---p 00000000 00:00 0 
7fcee9503000-7fcee9600000 rw-p 00000000 00:00 0 
7fcee9600000-7fcee9604000 ---p 00000000 00:00 0 
7fcee9604000-7fcee9701000 rw-p 00000000 00:00 0 
7fcee9701000-7fcee9705000 ---p 00000000 00:00 0 
7fcee9705000-7fcee9802000 rw-p 00000000 00:00 0 
7fcee9802000-7fceea000000 r--p 00000000 08:05 2621460                    /usr/lib/locale/locale-archive
7fceea000000-7fceec000000 rw-p 00000000 00:00 0 
7fceec000000-7fceec021000 rw-p 00000000 00:00 0 
7fceec021000-7fcef0000000 ---p 00000000 00:00 0 
7fcef00c4000-7fcef00f5000 rw-p 00000000 00:00 0 
7fcef00f5000-7fcef00f9000 ---p 00000000 00:00 0 
7fcef00f9000-7fcef01f6000 rw-p 00000000 00:00 0 
7fcef01f6000-7fcef01fa000 ---p 00000000 00:00 0 
7fcef01fa000-7fcef02f7000 rw-p 00000000 00:00 0 
7fcef02f7000-7fcef02fb000 ---p 00000000 00:00 0 
7fcef02fb000-7fcef03f8000 rw-p 00000000 00:00 0 
7fcef03f8000-7fcef03f9000 ---p 00000000 00:00 0 
7fcef03f9000-7fcef0dd6000 rw-p 00000000 00:00 0 
7fcef0dd6000-7fcef0dd7000 ---p 00000000 00:00 0 
7fcef0dd7000-7fcef0ed8000 rw-p 00000000 00:00 0 
7fcef0ed8000-7fcef0ed9000 ---p 00000000 00:00 0 
7fcef0ed9000-7fcef14c4000 rw-p 00000000 00:00 0 
7fcef14c4000-7fcef3034000 ---p 00000000 00:00 0 
7fcef3034000-7fcef303c000 rw-p 00000000 00:00 0 
7fcef303c000-7fcef403c000 ---p 00000000 00:00 0 
7fcef403c000-7fcef4324000 rw-p 00000000 00:00 0 
7fcef4324000-7fcef5e94000 ---p 00000000 00:00 0 
7fcef5e94000-7fcef5e9c000 rw-p 00000000 00:00 0 
7fcef5e9c000-7fcef6e9c000 ---p 00000000 00:00 0 
7fcef6e9c000-7fcef6ef9000 rw-p 00000000 00:00 0 
7fcef6ef9000-7fcef7267000 ---p 00000000 00:00 0 
7fcef7267000-7fcef7268000 rw-p 00000000 00:00 0 
7fcef7268000-7fcef7468000 ---p 00000000 00:00 0 
7fcef7468000-7fcef74c5000 rw-p 00000000 00:00 0 
7fcef74c5000-7fcef7833000 ---p 00000000 00:00 0 
7fcef7833000-7fcef7834000 rw-p 00000000 00:00 0 
7fcef7834000-7fcef7a34000 ---p 00000000 00:00 0 
7fcef7a34000-7fcef7a91000 rw-p 00000000 00:00 0 
7fcef7a91000-7fcef7dff000 ---p 00000000 00:00 0 
7fcef7dff000-7fcef7e00000 rw-p 00000000 00:00 0 
7fcef7e00000-7fcef8000000 ---p 00000000 00:00 0 
7fcef8000000-7fcef8021000 rw-p 00000000 00:00 0 
7fcef8021000-7fcefc000000 ---p 00000000 00:00 0 
7fcefc00c000-7fcefc010000 r--p 00000000 08:05 1189336                    /usr/lib/jvm/java-11-openjdk-amd64/lib/libnet.so
7fcefc010000-7fcefc01f000 r-xp 00004000 08:05 1189336                    /usr/lib/jvm/java-11-openjdk-amd64/lib/libnet.so
7fcefc01f000-7fcefc023000 r--p 00013000 08:05 1189336                    /usr/lib/jvm/java-11-openjdk-amd64/lib/libnet.so
7fcefc023000-7fcefc024000 r--p 00016000 08:05 1189336                    /usr/lib/jvm/java-11-openjdk-amd64/lib/libnet.so
7fcefc024000-7fcefc025000 rw-p 00017000 08:05 1189336                    /usr/lib/jvm/java-11-openjdk-amd64/lib/libnet.so
7fcefc025000-7fcefc291000 rw-p 00000000 00:00 0 
7fcefc291000-7fcefc292000 ---p 00000000 00:00 0 
7fcefc292000-7fcefc393000 rw-p 00000000 00:00 0 
7fcefc393000-7fcefc394000 ---p 00000000 00:00 0 
7fcefc394000-7fcefc899000 rw-p 00000000 00:00 0 
7fcefc899000-7fcefcb09000 rwxp 00000000 00:00 0 
7fcefcb09000-7fcefce29000 ---p 00000000 00:00 0 
7fcefce29000-7fcefd1b9000 rwxp 00000000 00:00 0 
7fcefd1b9000-7fcf04361000 ---p 00000000 00:00 0 
7fcf04361000-7fcf045d1000 rwxp 00000000 00:00 0 
7fcf045d1000-7fcf0b899000 ---p 00000000 00:00 0 
7fcf0b899000-7fcf14000000 r--s 00000000 08:05 1189356                    /usr/lib/jvm/java-11-openjdk-amd64/lib/modules
7fcf14000000-7fcf148fc000 rw-p 00000000 00:00 0 
7fcf148fc000-7fcf18000000 ---p 00000000 00:00 0 
7fcf18004000-7fcf18005000 r--p 00000000 08:05 2623646                    /usr/lib/x86_64-linux-gnu/libutil-2.31.so
7fcf18005000-7fcf18006000 r-xp 00001000 08:05 2623646                    /usr/lib/x86_64-linux-gnu/libutil-2.31.so
7fcf18006000-7fcf18007000 r--p 00002000 08:05 2623646                    /usr/lib/x86_64-linux-gnu/libutil-2.31.so
7fcf18007000-7fcf18008000 r--p 00002000 08:05 2623646                    /usr/lib/x86_64-linux-gnu/libutil-2.31.so
7fcf18008000-7fcf18009000 rw-p 00003000 08:05 2623646                    /usr/lib/x86_64-linux-gnu/libutil-2.31.so
7fcf18009000-7fcf18010000 r--p 00000000 08:05 1189338                    /usr/lib/jvm/java-11-openjdk-amd64/lib/libnio.so
7fcf18010000-7fcf18018000 r-xp 00007000 08:05 1189338                    /usr/lib/jvm/java-11-openjdk-amd64/lib/libnio.so
7fcf18018000-7fcf1801b000 r--p 0000f000 08:05 1189338                    /usr/lib/jvm/java-11-openjdk-amd64/lib/libnio.so
7fcf1801b000-7fcf1801c000 r--p 00011000 08:05 1189338                    /usr/lib/jvm/java-11-openjdk-amd64/lib/libnio.so
7fcf1801c000-7fcf1801d000 rw-p 00012000 08:05 1189338                    /usr/lib/jvm/java-11-openjdk-amd64/lib/libnio.so
7fcf1801d000-7fcf18080000 rw-p 00000000 00:00 0 
7fcf18080000-7fcf18081000 ---p 00000000 00:00 0 
7fcf18081000-7fcf18187000 rw-p 00000000 00:00 0 
7fcf18187000-7fcf1826d000 ---p 00000000 00:00 0 
7fcf1826d000-7fcf18275000 rw-p 00000000 00:00 0 
7fcf18275000-7fcf18358000 ---p 00000000 00:00 0 
7fcf18358000-7fcf1835d000 rw-p 00000000 00:00 0 
7fcf1835d000-7fcf18364000 ---p 00000000 00:00 0 
7fcf18364000-7fcf18367000 r--p 00000000 08:05 2623633                    /usr/lib/x86_64-linux-gnu/libnss_files-2.31.so
7fcf18367000-7fcf1836e000 r-xp 00003000 08:05 2623633                    /usr/lib/x86_64-linux-gnu/libnss_files-2.31.so
7fcf1836e000-7fcf18370000 r--p 0000a000 08:05 2623633                    /usr/lib/x86_64-linux-gnu/libnss_files-2.31.so
7fcf18370000-7fcf18371000 r--p 0000b000 08:05 2623633                    /usr/lib/x86_64-linux-gnu/libnss_files-2.31.so
7fcf18371000-7fcf18372000 rw-p 0000c000 08:05 2623633                    /usr/lib/x86_64-linux-gnu/libnss_files-2.31.so
7fcf18372000-7fcf18378000 rw-p 00000000 00:00 0 
7fcf18378000-7fcf1837a000 r--p 00000000 08:05 1189354                    /usr/lib/jvm/java-11-openjdk-amd64/lib/libzip.so
7fcf1837a000-7fcf1837e000 r-xp 00002000 08:05 1189354                    /usr/lib/jvm/java-11-openjdk-amd64/lib/libzip.so
7fcf1837e000-7fcf18380000 r--p 00006000 08:05 1189354                    /usr/lib/jvm/java-11-openjdk-amd64/lib/libzip.so
7fcf18380000-7fcf18381000 r--p 00007000 08:05 1189354                    /usr/lib/jvm/java-11-openjdk-amd64/lib/libzip.so
7fcf18381000-7fcf18382000 rw-p 00008000 08:05 1189354                    /usr/lib/jvm/java-11-openjdk-amd64/lib/libzip.so
7fcf18382000-7fcf1838a000 rw-s 00000000 08:05 1708001                    /tmp/hsperfdata_james/21834
7fcf1838a000-7fcf1838b000 ---p 00000000 00:00 0 
7fcf1838b000-7fcf1838c000 r--p 00000000 00:00 0 
7fcf1838c000-7fcf1838e000 r--p 00000000 08:05 1189320                    /usr/lib/jvm/java-11-openjdk-amd64/lib/libjimage.so
7fcf1838e000-7fcf18391000 r-xp 00002000 08:05 1189320                    /usr/lib/jvm/java-11-openjdk-amd64/lib/libjimage.so
7fcf18391000-7fcf18392000 r--p 00005000 08:05 1189320                    /usr/lib/jvm/java-11-openjdk-amd64/lib/libjimage.so
7fcf18392000-7fcf18393000 ---p 00006000 08:05 1189320                    /usr/lib/jvm/java-11-openjdk-amd64/lib/libjimage.so
7fcf18393000-7fcf18394000 r--p 00006000 08:05 1189320                    /usr/lib/jvm/java-11-openjdk-amd64/lib/libjimage.so
7fcf18394000-7fcf18395000 rw-p 00007000 08:05 1189320                    /usr/lib/jvm/java-11-openjdk-amd64/lib/libjimage.so
7fcf18395000-7fcf183a3000 r--p 00000000 08:05 1189312                    /usr/lib/jvm/java-11-openjdk-amd64/lib/libjava.so
7fcf183a3000-7fcf183b9000 r-xp 0000e000 08:05 1189312                    /usr/lib/jvm/java-11-openjdk-amd64/lib/libjava.so
7fcf183b9000-7fcf183c0000 r--p 00024000 08:05 1189312                    /usr/lib/jvm/java-11-openjdk-amd64/lib/libjava.so
7fcf183c0000-7fcf183c1000 r--p 0002a000 08:05 1189312                    /usr/lib/jvm/java-11-openjdk-amd64/lib/libjava.so
7fcf183c1000-7fcf183c2000 rw-p 0002b000 08:05 1189312                    /usr/lib/jvm/java-11-openjdk-amd64/lib/libjava.so
7fcf183c2000-7fcf183c3000 rw-p 00000000 00:00 0 
7fcf183c3000-7fcf183c6000 r--p 00000000 08:05 2623644                    /usr/lib/x86_64-linux-gnu/librt-2.31.so
7fcf183c6000-7fcf183ca000 r-xp 00003000 08:05 2623644                    /usr/lib/x86_64-linux-gnu/librt-2.31.so
7fcf183ca000-7fcf183cb000 r--p 00007000 08:05 2623644                    /usr/lib/x86_64-linux-gnu/librt-2.31.so
7fcf183cb000-7fcf183cc000 ---p 00008000 08:05 2623644                    /usr/lib/x86_64-linux-gnu/librt-2.31.so
7fcf183cc000-7fcf183cd000 r--p 00008000 08:05 2623644                    /usr/lib/x86_64-linux-gnu/librt-2.31.so
7fcf183cd000-7fcf183ce000 rw-p 00009000 08:05 2623644                    /usr/lib/x86_64-linux-gnu/librt-2.31.so
7fcf183ce000-7fcf183d2000 ---p 00000000 00:00 0 
7fcf183d2000-7fcf184cf000 rw-p 00000000 00:00 0 
7fcf184cf000-7fcf184d2000 r--p 00000000 08:05 2623616                    /usr/lib/x86_64-linux-gnu/libgcc_s.so.1
7fcf184d2000-7fcf184e4000 r-xp 00003000 08:05 2623616                    /usr/lib/x86_64-linux-gnu/libgcc_s.so.1
7fcf184e4000-7fcf184e8000 r--p 00015000 08:05 2623616                    /usr/lib/x86_64-linux-gnu/libgcc_s.so.1
7fcf184e8000-7fcf184e9000 r--p 00018000 08:05 2623616                    /usr/lib/x86_64-linux-gnu/libgcc_s.so.1
7fcf184e9000-7fcf184ea000 rw-p 00019000 08:05 2623616                    /usr/lib/x86_64-linux-gnu/libgcc_s.so.1
7fcf184ea000-7fcf184f9000 r--p 00000000 08:05 2623627                    /usr/lib/x86_64-linux-gnu/libm-2.31.so
7fcf184f9000-7fcf185a0000 r-xp 0000f000 08:05 2623627                    /usr/lib/x86_64-linux-gnu/libm-2.31.so
7fcf185a0000-7fcf18637000 r--p 000b6000 08:05 2623627                    /usr/lib/x86_64-linux-gnu/libm-2.31.so
7fcf18637000-7fcf18638000 r--p 0014c000 08:05 2623627                    /usr/lib/x86_64-linux-gnu/libm-2.31.so
7fcf18638000-7fcf18639000 rw-p 0014d000 08:05 2623627                    /usr/lib/x86_64-linux-gnu/libm-2.31.so
7fcf18639000-7fcf186cf000 r--p 00000000 08:05 2623619                    /usr/lib/x86_64-linux-gnu/libstdc++.so.6.0.28
7fcf186cf000-7fcf187bf000 r-xp 00096000 08:05 2623619                    /usr/lib/x86_64-linux-gnu/libstdc++.so.6.0.28
7fcf187bf000-7fcf18808000 r--p 00186000 08:05 2623619                    /usr/lib/x86_64-linux-gnu/libstdc++.so.6.0.28
7fcf18808000-7fcf18809000 ---p 001cf000 08:05 2623619                    /usr/lib/x86_64-linux-gnu/libstdc++.so.6.0.28
7fcf18809000-7fcf18814000 r--p 001cf000 08:05 2623619                    /usr/lib/x86_64-linux-gnu/libstdc++.so.6.0.28
7fcf18814000-7fcf18817000 rw-p 001da000 08:05 2623619                    /usr/lib/x86_64-linux-gnu/libstdc++.so.6.0.28
7fcf18817000-7fcf1881a000 rw-p 00000000 00:00 0 
7fcf1881a000-7fcf18a93000 r--p 00000000 08:05 1189362                    /usr/lib/jvm/java-11-openjdk-amd64/lib/server/libjvm.so
7fcf18a93000-7fcf19710000 r-xp 00279000 08:05 1189362                    /usr/lib/jvm/java-11-openjdk-amd64/lib/server/libjvm.so
7fcf19710000-7fcf19966000 r--p 00ef6000 08:05 1189362                    /usr/lib/jvm/java-11-openjdk-amd64/lib/server/libjvm.so
7fcf19966000-7fcf19a27000 r--p 0114b000 08:05 1189362                    /usr/lib/jvm/java-11-openjdk-amd64/lib/server/libjvm.so
7fcf19a27000-7fcf19a62000 rw-p 0120c000 08:05 1189362                    /usr/lib/jvm/java-11-openjdk-amd64/lib/server/libjvm.so
7fcf19a62000-7fcf19abb000 rw-p 00000000 00:00 0 
7fcf19abb000-7fcf19ac2000 r--p 00000000 08:05 2623642                    /usr/lib/x86_64-linux-gnu/libpthread-2.31.so
7fcf19ac2000-7fcf19ad3000 r-xp 00007000 08:05 2623642                    /usr/lib/x86_64-linux-gnu/libpthread-2.31.so
7fcf19ad3000-7fcf19ad8000 r--p 00018000 08:05 2623642                    /usr/lib/x86_64-linux-gnu/libpthread-2.31.so
7fcf19ad8000-7fcf19ad9000 r--p 0001c000 08:05 2623642                    /usr/lib/x86_64-linux-gnu/libpthread-2.31.so
7fcf19ad9000-7fcf19ada000 rw-p 0001d000 08:05 2623642                    /usr/lib/x86_64-linux-gnu/libpthread-2.31.so
7fcf19ada000-7fcf19ade000 rw-p 00000000 00:00 0 
7fcf19ade000-7fcf19adf000 r--p 00000000 08:05 2623626                    /usr/lib/x86_64-linux-gnu/libdl-2.31.so
7fcf19adf000-7fcf19ae1000 r-xp 00001000 08:05 2623626                    /usr/lib/x86_64-linux-gnu/libdl-2.31.so
7fcf19ae1000-7fcf19ae2000 r--p 00003000 08:05 2623626                    /usr/lib/x86_64-linux-gnu/libdl-2.31.so
7fcf19ae2000-7fcf19ae3000 r--p 00003000 08:05 2623626                    /usr/lib/x86_64-linux-gnu/libdl-2.31.so
7fcf19ae3000-7fcf19ae4000 rw-p 00004000 08:05 2623626                    /usr/lib/x86_64-linux-gnu/libdl-2.31.so
7fcf19ae4000-7fcf19ae6000 r--p 00000000 08:05 2621981                    /usr/lib/x86_64-linux-gnu/libz.so.1.2.11
7fcf19ae6000-7fcf19af7000 r-xp 00002000 08:05 2621981                    /usr/lib/x86_64-linux-gnu/libz.so.1.2.11
7fcf19af7000-7fcf19afd000 r--p 00013000 08:05 2621981                    /usr/lib/x86_64-linux-gnu/libz.so.1.2.11
7fcf19afd000-7fcf19afe000 ---p 00019000 08:05 2621981                    /usr/lib/x86_64-linux-gnu/libz.so.1.2.11
7fcf19afe000-7fcf19aff000 r--p 00019000 08:05 2621981                    /usr/lib/x86_64-linux-gnu/libz.so.1.2.11
7fcf19aff000-7fcf19b00000 rw-p 0001a000 08:05 2621981                    /usr/lib/x86_64-linux-gnu/libz.so.1.2.11
7fcf19b00000-7fcf19b25000 r--p 00000000 08:05 2623625                    /usr/lib/x86_64-linux-gnu/libc-2.31.so
7fcf19b25000-7fcf19c9d000 r-xp 00025000 08:05 2623625                    /usr/lib/x86_64-linux-gnu/libc-2.31.so
7fcf19c9d000-7fcf19ce7000 r--p 0019d000 08:05 2623625                    /usr/lib/x86_64-linux-gnu/libc-2.31.so
7fcf19ce7000-7fcf19ce8000 ---p 001e7000 08:05 2623625                    /usr/lib/x86_64-linux-gnu/libc-2.31.so
7fcf19ce8000-7fcf19ceb000 r--p 001e7000 08:05 2623625                    /usr/lib/x86_64-linux-gnu/libc-2.31.so
7fcf19ceb000-7fcf19cee000 rw-p 001ea000 08:05 2623625                    /usr/lib/x86_64-linux-gnu/libc-2.31.so
7fcf19cee000-7fcf19cf2000 rw-p 00000000 00:00 0 
7fcf19cf2000-7fcf19cf7000 r--p 00000000 08:05 1189352                    /usr/lib/jvm/java-11-openjdk-amd64/lib/libverify.so
7fcf19cf7000-7fcf19cfe000 r-xp 00005000 08:05 1189352                    /usr/lib/jvm/java-11-openjdk-amd64/lib/libverify.so
7fcf19cfe000-7fcf19d00000 r--p 0000c000 08:05 1189352                    /usr/lib/jvm/java-11-openjdk-amd64/lib/libverify.so
7fcf19d00000-7fcf19d01000 ---p 0000e000 08:05 1189352                    /usr/lib/jvm/java-11-openjdk-amd64/lib/libverify.so
7fcf19d01000-7fcf19d03000 r--p 0000e000 08:05 1189352                    /usr/lib/jvm/java-11-openjdk-amd64/lib/libverify.so
7fcf19d03000-7fcf19d04000 rw-p 00010000 08:05 1189352                    /usr/lib/jvm/java-11-openjdk-amd64/lib/libverify.so
7fcf19d04000-7fcf19d07000 r--p 00000000 08:05 1189280                    /usr/lib/jvm/java-11-openjdk-amd64/lib/jli/libjli.so
7fcf19d07000-7fcf19d11000 r-xp 00003000 08:05 1189280                    /usr/lib/jvm/java-11-openjdk-amd64/lib/jli/libjli.so
7fcf19d11000-7fcf19d14000 r--p 0000d000 08:05 1189280                    /usr/lib/jvm/java-11-openjdk-amd64/lib/jli/libjli.so
7fcf19d14000-7fcf19d15000 ---p 00010000 08:05 1189280                    /usr/lib/jvm/java-11-openjdk-amd64/lib/jli/libjli.so
7fcf19d15000-7fcf19d16000 r--p 00010000 08:05 1189280                    /usr/lib/jvm/java-11-openjdk-amd64/lib/jli/libjli.so
7fcf19d16000-7fcf19d17000 rw-p 00011000 08:05 1189280                    /usr/lib/jvm/java-11-openjdk-amd64/lib/jli/libjli.so
7fcf19d17000-7fcf19d19000 rw-p 00000000 00:00 0 
7fcf19d19000-7fcf19d1a000 r--p 00000000 08:05 2623621                    /usr/lib/x86_64-linux-gnu/ld-2.31.so
7fcf19d1a000-7fcf19d3d000 r-xp 00001000 08:05 2623621                    /usr/lib/x86_64-linux-gnu/ld-2.31.so
7fcf19d3d000-7fcf19d45000 r--p 00024000 08:05 2623621                    /usr/lib/x86_64-linux-gnu/ld-2.31.so
7fcf19d46000-7fcf19d47000 r--p 0002c000 08:05 2623621                    /usr/lib/x86_64-linux-gnu/ld-2.31.so
7fcf19d47000-7fcf19d48000 rw-p 0002d000 08:05 2623621                    /usr/lib/x86_64-linux-gnu/ld-2.31.so
7fcf19d48000-7fcf19d49000 rw-p 00000000 00:00 0 
7ffe6d5af000-7ffe6d5d0000 rw-p 00000000 00:00 0                          [stack]
7ffe6d5e9000-7ffe6d5ec000 r--p 00000000 00:00 0                          [vvar]
7ffe6d5ec000-7ffe6d5ed000 r-xp 00000000 00:00 0                          [vdso]
ffffffffff600000-ffffffffff601000 --xp 00000000 00:00 0                  [vsyscall]


VM Arguments:
jvm_args: -Dclassworlds.conf=/snap/netbeans/41/netbeans/java/maven/bin/m2.conf -Dmaven.home=/snap/netbeans/41/netbeans/java/maven -Dlibrary.jansi.path=/snap/netbeans/41/netbeans/java/maven/lib/jansi-native -Dmaven.multiModuleProjectDirectory=/home/james/Videos/aaa/BANCO-master 
java_command: org.codehaus.plexus.classworlds.launcher.Launcher -Dmaven.ext.class.path=/snap/netbeans/41/netbeans/java/maven-nblib/netbeans-eventspy.jar clean
java_class_path (initial): /snap/netbeans/41/netbeans/java/maven/boot/plexus-classworlds-2.6.0.jar
Launcher Type: SUN_STANDARD

[Global flags]
     intx CICompilerCount                          = 3                                         {product} {ergonomic}
     uint ConcGCThreads                            = 1                                         {product} {ergonomic}
     uint G1ConcRefinementThreads                  = 4                                         {product} {ergonomic}
   size_t G1HeapRegionSize                         = 1048576                                   {product} {ergonomic}
    uintx GCDrainStackTargetSize                   = 64                                        {product} {ergonomic}
   size_t InitialHeapSize                          = 195035136                                 {product} {ergonomic}
   size_t MarkStackSize                            = 4194304                                   {product} {ergonomic}
   size_t MaxHeapSize                              = 3112173568                                {product} {ergonomic}
   size_t MaxNewSize                               = 1866465280                                {product} {ergonomic}
   size_t MinHeapDeltaBytes                        = 1048576                                   {product} {ergonomic}
    uintx NonNMethodCodeHeapSize                   = 5830732                                {pd product} {ergonomic}
    uintx NonProfiledCodeHeapSize                  = 122913754                              {pd product} {ergonomic}
    uintx ProfiledCodeHeapSize                     = 122913754                              {pd product} {ergonomic}
    uintx ReservedCodeCacheSize                    = 251658240                              {pd product} {ergonomic}
     bool SegmentedCodeCache                       = true                                      {product} {ergonomic}
     bool UseCompressedClassPointers               = true                                 {lp64_product} {ergonomic}
     bool UseCompressedOops                        = true                                 {lp64_product} {ergonomic}
     bool UseG1GC                                  = true                                      {product} {ergonomic}

Logging:
Log output configuration:
 #0: stdout all=warning uptime,level,tags
 #1: stderr all=off uptime,level,tags

Environment Variables:
JAVA_HOME=/usr/lib/jvm/java-11-openjdk-amd64
PATH=/usr/local/sbin:/usr/local/bin:/usr/sbin:/usr/bin:/sbin:/bin:/usr/games:/usr/local/games:/snap/bin
USERNAME=james
SHELL=/bin/bash
DISPLAY=:0
LANG=en_US.UTF-8

Signal Handlers:
SIGSEGV: [libjvm.so+0xe824c0], sa_mask[0]=11111111011111111101111111111110, sa_flags=SA_RESTART|SA_SIGINFO
SIGBUS: [libjvm.so+0xe824c0], sa_mask[0]=11111111011111111101111111111110, sa_flags=SA_RESTART|SA_SIGINFO
SIGFPE: [libjvm.so+0xe824c0], sa_mask[0]=11111111011111111101111111111110, sa_flags=SA_RESTART|SA_SIGINFO
SIGPIPE: [libjvm.so+0xbc8ee0], sa_mask[0]=11111111011111111101111111111110, sa_flags=SA_RESTART|SA_SIGINFO
SIGXFSZ: [libjvm.so+0xbc8ee0], sa_mask[0]=11111111011111111101111111111110, sa_flags=SA_RESTART|SA_SIGINFO
SIGILL: [libjvm.so+0xe824c0], sa_mask[0]=11111111011111111101111111111110, sa_flags=SA_RESTART|SA_SIGINFO
SIGUSR2: [libjvm.so+0xbc8d80], sa_mask[0]=00100000000000000000000000000000, sa_flags=SA_RESTART|SA_SIGINFO
SIGHUP: [libjvm.so+0xbc9220], sa_mask[0]=11111111011111111101111111111110, sa_flags=SA_RESTART|SA_SIGINFO
SIGINT: SIG_IGN, sa_mask[0]=00000000000000000000000000000000, sa_flags=none
SIGTERM: [libjvm.so+0xbc9220], sa_mask[0]=11111111011111111101111111111110, sa_flags=SA_RESTART|SA_SIGINFO
SIGQUIT: [libjvm.so+0xbc9220], sa_mask[0]=11111111011111111101111111111110, sa_flags=SA_RESTART|SA_SIGINFO


---------------  S Y S T E M  ---------------

OS:DISTRIB_ID=Ubuntu
DISTRIB_RELEASE=20.04
DISTRIB_CODENAME=focal
DISTRIB_DESCRIPTION="Ubuntu 20.04.1 LTS"
uname:Linux 5.4.0-58-generic #64-Ubuntu SMP Wed Dec 9 08:16:25 UTC 2020 x86_64
OS uptime: 0 days 3:52 hours
libc:glibc 2.31 NPTL 2.31 
rlimit (soft/hard): STACK 8192k/infinity , CORE 0k/infinity , NPROC 47247/47247 , NOFILE 1048576/1048576 , AS infinity/infinity , CPU infinity/infinity , DATA infinity/infinity , FSIZE infinity/infinity , MEMLOCK 65536k/65536k
load average:4.60 4.42 3.65

/proc/meminfo:
MemTotal:       12152148 kB
MemFree:          249084 kB
MemAvailable:    4158996 kB
Buffers:          470868 kB
Cached:          4857756 kB
SwapCached:           64 kB
Active:          8054552 kB
Inactive:        3074580 kB
Active(anon):    5953508 kB
Inactive(anon):  1184532 kB
Active(file):    2101044 kB
Inactive(file):  1890048 kB
Unevictable:      257688 kB
Mlocked:              72 kB
SwapTotal:      12581884 kB
SwapFree:       12580592 kB
Dirty:             16384 kB
Writeback:             0 kB
AnonPages:       6057996 kB
Mapped:          1337484 kB
Shmem:           1337528 kB
KReclaimable:     243772 kB
Slab:             387372 kB
SReclaimable:     243772 kB
SUnreclaim:       143600 kB
KernelStack:       19632 kB
PageTables:        45028 kB
NFS_Unstable:          0 kB
Bounce:                0 kB
WritebackTmp:          0 kB
CommitLimit:    18657956 kB
Committed_AS:   13479096 kB
VmallocTotal:   34359738367 kB
VmallocUsed:       39528 kB
VmallocChunk:          0 kB
Percpu:             3520 kB
HardwareCorrupted:     0 kB
AnonHugePages:         0 kB
ShmemHugePages:        0 kB
ShmemPmdMapped:        0 kB
FileHugePages:         0 kB
FilePmdMapped:         0 kB
CmaTotal:              0 kB
CmaFree:               0 kB
HugePages_Total:       0
HugePages_Free:        0
HugePages_Rsvd:        0
HugePages_Surp:        0
Hugepagesize:       2048 kB
Hugetlb:               0 kB
DirectMap4k:      339572 kB
DirectMap2M:    10029056 kB
DirectMap1G:     2097152 kB

/sys/kernel/mm/transparent_hugepage/enabled:
always [madvise] never
/sys/kernel/mm/transparent_hugepage/defrag (defrag/compaction efforts parameter):
always defer defer+madvise [madvise] never

/proc/sys/kernel/threads-max (system-wide limit on the number of threads):
94494
/proc/sys/vm/max_map_count (maximum number of memory map areas a process may have):
65530
/proc/sys/kernel/pid_max (system-wide limit on number of process identifiers):
4194304

container (cgroup) information:
container_type: cgroupv1
cpu_cpuset_cpus: 0-3
cpu_memory_nodes: 0
active_processor_count: 4
cpu_quota: -1
cpu_period: 100000
cpu_shares: -1
memory_limit_in_bytes: -1
memory_and_swap_limit_in_bytes: -2
memory_soft_limit_in_bytes: -1
memory_usage_in_bytes: 9615642624
memory_max_usage_in_bytes: 9889091584

Steal ticks since vm start: 0
Steal ticks percentage since vm start:  0.000

CPU:total 4 (initial active 4) (2 cores per cpu, 2 threads per core) family 6 model 142 stepping 9, cmov, cx8, fxsr, mmx, sse, sse2, sse3, ssse3, sse4.1, sse4.2, popcnt, avx, avx2, aes, clmul, erms, 3dnowpref, lzcnt, ht, tsc, tscinvbit, bmi1, bmi2, adx, fma
CPU Model and flags from /proc/cpuinfo:
model name	: Intel(R) Core(TM) i5-7200U CPU @ 2.50GHz
flags		: fpu vme de pse tsc msr pae mce cx8 apic sep mtrr pge mca cmov pat pse36 clflush dts acpi mmx fxsr sse sse2 ss ht tm pbe syscall nx pdpe1gb rdtscp lm constant_tsc art arch_perfmon pebs bts rep_good nopl xtopology nonstop_tsc cpuid aperfmperf pni pclmulqdq dtes64 monitor ds_cpl vmx est tm2 ssse3 sdbg fma cx16 xtpr pdcm pcid sse4_1 sse4_2 x2apic movbe popcnt tsc_deadline_timer aes xsave avx f16c rdrand lahf_lm abm 3dnowprefetch cpuid_fault epb invpcid_single pti ssbd ibrs ibpb stibp tpr_shadow vnmi flexpriority ept vpid ept_ad fsgsbase tsc_adjust bmi1 avx2 smep bmi2 erms invpcid mpx rdseed adx smap clflushopt intel_pt xsaveopt xsavec xgetbv1 xsaves dtherm ida arat pln pts hwp hwp_notify hwp_act_window hwp_epp md_clear flush_l1d
Online cpus:
0-3
Offline cpus:

BIOS frequency limitation:
<Not Available>
Frequency switch latency (ns):
0
Available cpu frequencies:
<Not Available>
Current governor:
powersave
Core performance/turbo boost:
<Not Available>

Memory: 4k page, physical 12152148k(249084k free), swap 12581884k(12580592k free)

vm_info: OpenJDK 64-Bit Server VM (11.0.9.1+1-Ubuntu-0ubuntu1.20.04) for linux-amd64 JRE (11.0.9.1+1-Ubuntu-0ubuntu1.20.04), built on Nov 10 2020 04:18:42 by "unknown" with gcc 9.3.0

END.
