#
# A fatal error has been detected by the Java Runtime Environment:
#
#  SIGSEGV (0xb) at pc=0x00007f09baf77d4d, pid=26590, tid=26626
#
# JRE version: OpenJDK Runtime Environment (11.0.9.1+1) (build 11.0.9.1+1-Ubuntu-0ubuntu1.20.04)
# Java VM: OpenJDK 64-Bit Server VM (11.0.9.1+1-Ubuntu-0ubuntu1.20.04, mixed mode, sharing, tiered, compressed oops, g1 gc, linux-amd64)
# Problematic frame:
# V  [libjvm.so+0x780d4d]
#
# Core dump will be written. Default location: Core dumps may be processed with "/usr/share/apport/apport %p %s %c %d %P %E" (or dumping to /home/james/Pictures/ZI/BANCO3.0-master/core.26590)
#
# If you would like to submit a bug report, please visit:
#   https://bugs.launchpad.net/ubuntu/+source/openjdk-lts
#

---------------  S U M M A R Y ------------

Command Line: -Dclassworlds.conf=/snap/netbeans/41/netbeans/java/maven/bin/m2.conf -Dmaven.home=/snap/netbeans/41/netbeans/java/maven -Dlibrary.jansi.path=/snap/netbeans/41/netbeans/java/maven/lib/jansi-native -Dmaven.multiModuleProjectDirectory=/home/james/Pictures/ZI/BANCO3.0-master org.codehaus.plexus.classworlds.launcher.Launcher -Dmaven.ext.class.path=/snap/netbeans/41/netbeans/java/maven-nblib/netbeans-eventspy.jar clean install

Host: Intel(R) Core(TM) i5-7200U CPU @ 2.50GHz, 4 cores, 11G, Ubuntu 20.04.1 LTS
Time: Tue Dec 29 11:58:10 2020 EST elapsed time: 3.571923 seconds (0d 0h 0m 3s)

---------------  T H R E A D  ---------------

Current thread (0x00007f0980004800):  GCTaskThread "GC Thread#3" [stack: 0x00007f0972cf4000,0x00007f0972df4000] [id=26626]

Stack: [0x00007f0972cf4000,0x00007f0972df4000],  sp=0x00007f0972df2980,  free space=1018k
Native frames: (J=compiled Java code, A=aot compiled Java code, j=interpreted, Vv=VM code, C=native code)
V  [libjvm.so+0x780d4d]
V  [libjvm.so+0x77e71b]
V  [libjvm.so+0x791acd]
V  [libjvm.so+0x6f179f]
V  [libjvm.so+0x735722]
V  [libjvm.so+0x78cbef]
V  [libjvm.so+0x78cd60]
V  [libjvm.so+0x745b12]
V  [libjvm.so+0xeaee7d]
V  [libjvm.so+0xe14330]
V  [libjvm.so+0xbd26e6]


siginfo: si_signo: 11 (SIGSEGV), si_code: 1 (SEGV_MAPERR), si_addr: 0x000000010802918c

Register to memory mapping:

RAX=0x000000010802918c is an unknown value
RBX=0x0000000000000009 is an unknown value
RCX=0x0000000000000014 is an unknown value
RDX=0x00000000000074ac is an unknown value
RSP=0x00007f0972df2980 points into unknown readable memory: a0 29 df 72 09 7f 00 00
RBP=0x00007f0972df2a00 points into unknown readable memory: 90 2a df 72 09 7f 00 00
RSI=0x0000000000000007 is an unknown value
RDI=0x0000000800000000 is pointing into metadata
R8 =0x0000000800000000 is pointing into metadata
R9 =0x0000000000000001 is an unknown value
R10=0x000000010802918e is an unknown value
R11=0x0000000000000002 is an unknown value
R12=0x000000074ac75190 is pointing into object: org.apache.maven.model.PluginExecution 
{0x000000074ac75188} - klass: 'org/apache/maven/model/PluginExecution'
R13=0x00007f0944001310 points into unknown readable memory: f0 00 95 bb 09 7f 00 00
R14=0x0000000000000009 is an unknown value
R15=0x0000000000000001 is an unknown value


Registers:
RAX=0x000000010802918c, RBX=0x0000000000000009, RCX=0x0000000000000014, RDX=0x00000000000074ac
RSP=0x00007f0972df2980, RBP=0x00007f0972df2a00, RSI=0x0000000000000007, RDI=0x0000000800000000
R8 =0x0000000800000000, R9 =0x0000000000000001, R10=0x000000010802918e, R11=0x0000000000000002
R12=0x000000074ac75190, R13=0x00007f0944001310, R14=0x0000000000000009, R15=0x0000000000000001
RIP=0x00007f09baf77d4d, EFLAGS=0x0000000000010202, CSGSFS=0x002b000000000033, ERR=0x0000000000000004
  TRAPNO=0x000000000000000e

Top of Stack: (sp=0x00007f0972df2980)
0x00007f0972df2980:   00007f0972df29a0 00007fffdb9bc918
0x00007f0972df2990:   00007f0972df29d0 00007f09bba50780
0x00007f0972df29a0:   0000000000000001 00007f09bbbbd235
0x00007f0972df29b0:   0000000000000006 0000000700000000 

Instructions: (pc=0x00007f09baf77d4d)
0x00007f09baf77c4d:   b6 30 40 84 f6 0f 84 98 03 00 00 48 8d 05 f1 d8
0x00007f09baf77c5d:   aa 00 8b 78 08 4c 8b 00 41 8b 41 08 89 f9 48 d3
0x00007f09baf77c6d:   e0 41 81 7c 00 08 00 00 00 c0 0f 8c 03 04 00 00
0x00007f09baf77c7d:   49 8b 45 08 4c 89 ca 8b 88 c0 02 00 00 48 8b 80
0x00007f09baf77c8d:   b0 02 00 00 48 d3 ea 48 8b 04 d0 49 89 85 90 01
0x00007f09baf77c9d:   00 00 41 8b 51 08 89 f9 48 d3 e2 4c 01 c2 48 63
0x00007f09baf77cad:   4a 0c 4c 89 4d b8 4c 89 ce 4c 89 f7 48 8d 05 c0
0x00007f09baf77cbd:   96 ad 00 ff 14 c8 4c 8b 4d b8 48 83 c4 58 5b 41
0x00007f09baf77ccd:   5c 4c 89 c8 41 5d 41 5e 41 5f 5d c3 0f 1f 80 00
0x00007f09baf77cdd:   00 00 00 0f 84 9a 00 00 00 3c 01 48 8d 05 dd 16
0x00007f09baf77ced:   a9 00 48 19 c9 8b 10 83 e1 04 89 d8 4d 63 74 0c
0x00007f09baf77cfd:   0c c1 f8 10 89 d9 8d 72 ff 0f b6 c0 f7 da 48 63
0x00007f09baf77d0d:   f6 49 d3 e6 48 01 f0 49 01 c6 48 63 c2 49 21 c6
0x00007f09baf77d1d:   49 c1 ee 03 44 89 f3 4d 63 f6 e9 24 fd ff ff 0f
0x00007f09baf77d2d:   1f 40 00 48 8b 7a 08 e9 fd fc ff ff 0f 1f 80 00
0x00007f09baf77d3d:   00 00 00 41 f6 c2 01 75 62 4c 89 d0 48 83 e0 fd
0x00007f09baf77d4d:   4c 8b 00 49 c1 e8 03 44 89 c0 83 e0 0f 89 45 b8
0x00007f09baf77d5d:   41 3b 85 6c 01 00 00 0f 83 1b fd ff ff 41 bb 01
0x00007f09baf77d6d:   00 00 00 31 c9 b8 01 00 00 00 e9 35 fd ff ff 0f
0x00007f09baf77d7d:   1f 40 00 48 8b 07 48 8d 15 16 3c dc ff 45 31 f6
0x00007f09baf77d8d:   48 8b 80 10 01 00 00 48 39 d0 0f 84 b3 fc ff ff
0x00007f09baf77d9d:   e9 08 fe ff ff 66 0f 1f 44 00 00 4d 89 d0 49 c1
0x00007f09baf77dad:   e8 03 44 89 c0 83 e0 0f 89 45 b8 eb a3 44 0f b6
0x00007f09baf77dbd:   45 ce 41 80 fb 01 0f 84 23 03 00 00 45 88 85 c8
0x00007f09baf77dcd:   01 00 00 4c 89 e6 4c 89 ef 4c 89 d2 e8 92 fa ff
0x00007f09baf77ddd:   ff 48 83 c4 58 5b 41 5c 41 5d 41 5e 41 5f 5d c3
0x00007f09baf77ded:   0f 1f 00 48 8d 35 01 23 a9 00 41 0f b7 c8 48 3b
0x00007f09baf77dfd:   0e 0f 8e 8c 00 00 00 45 0f b7 c0 41 8d 48 ff 44
0x00007f09baf77e0d:   89 c6 f7 de 48 63 c9 4c 01 c9 48 63 f6 48 21 f1
0x00007f09baf77e1d:   48 89 ce 48 89 4d a0 4c 29 ce 48 c1 ee 03 48 89
0x00007f09baf77e2d:   75 a8 74 5f 48 8d 0d 98 15 a9 00 8b 31 8d 4e 01
0x00007f09baf77e3d:   f7 de 21 ce 48 63 ce 48 39 4d a8 0f 82 ce 03 00 


Stack slot to memory mapping:
stack at sp + 0 slots: 0x00007f0972df29a0 points into unknown readable memory: 01 00 00 00 00 00 00 00
stack at sp + 1 slots: 0x00007fffdb9bc918: clock_gettime+0x0000000000000038 in linux-vdso.so.1 at 0x00007fffdb9bc000
stack at sp + 2 slots: 0x00007f0972df29d0 points into unknown readable memory: 8f 41 00 00 00 00 00 00
stack at sp + 3 slots: 0x00007f09bba50780: <offset 0x0000000001259780> in /usr/lib/jvm/java-11-openjdk-amd64/lib/server/libjvm.so at 0x00007f09ba7f7000
stack at sp + 4 slots: 0x0000000000000001 is an unknown value
stack at sp + 5 slots: 0x00007f09bbbbd235: __clock_gettime+0x0000000000000025 in /lib/x86_64-linux-gnu/libc.so.6 at 0x00007f09bbadd000
stack at sp + 6 slots: 0x0000000000000006 is an unknown value
stack at sp + 7 slots: 0x0000000700000000 is an unknown value


---------------  P R O C E S S  ---------------

Threads class SMR info:
_java_thread_list=0x00007f09682282f0, length=10, elements={
0x00007f09b4016800, 0x00007f09b4163000, 0x00007f09b4165000, 0x00007f09b416a800,
0x00007f09b416d000, 0x00007f09b416f000, 0x00007f09b4171000, 0x00007f09b41b1800,
0x00007f09b41b6800, 0x00007f0968227000
}

Java Threads: ( => current thread )
  0x00007f09b4016800 JavaThread "main" [_thread_blocked, id=26608, stack(0x00007f09ba3ab000,0x00007f09ba4ac000)]
  0x00007f09b4163000 JavaThread "Reference Handler" daemon [_thread_blocked, id=26615, stack(0x00007f099023f000,0x00007f0990340000)]
  0x00007f09b4165000 JavaThread "Finalizer" daemon [_thread_blocked, id=26616, stack(0x00007f099013e000,0x00007f099023f000)]
  0x00007f09b416a800 JavaThread "Signal Dispatcher" daemon [_thread_blocked, id=26617, stack(0x00007f099003d000,0x00007f099013e000)]
  0x00007f09b416d000 JavaThread "C2 CompilerThread0" daemon [_thread_blocked, id=26618, stack(0x00007f0973701000,0x00007f0973802000)]
  0x00007f09b416f000 JavaThread "C1 CompilerThread0" daemon [_thread_blocked, id=26619, stack(0x00007f0973600000,0x00007f0973701000)]
  0x00007f09b4171000 JavaThread "Sweeper thread" daemon [_thread_blocked, id=26620, stack(0x00007f09734ff000,0x00007f0973600000)]
  0x00007f09b41b1800 JavaThread "Service Thread" daemon [_thread_blocked, id=26621, stack(0x00007f09733fe000,0x00007f09734ff000)]
  0x00007f09b41b6800 JavaThread "Common-Cleaner" daemon [_thread_blocked, id=26623, stack(0x00007f09731fb000,0x00007f09732fc000)]
  0x00007f0968227000 JavaThread "C2 CompilerThread1" daemon [_thread_blocked, id=26627, stack(0x00007f0972bf1000,0x00007f0972cf2000)]

Other Threads:
  0x00007f09b4160800 VMThread "VM Thread" [stack: 0x00007f09b8040000,0x00007f09b8140000] [id=26614]
  0x00007f09b41b3800 WatcherThread [stack: 0x00007f09732fe000,0x00007f09733fe000] [id=26622]
  0x00007f09b402e000 GCTaskThread "GC Thread#0" [stack: 0x00007f09ba05f000,0x00007f09ba15f000] [id=26609]
  0x00007f0980001000 GCTaskThread "GC Thread#1" [stack: 0x00007f0972ef8000,0x00007f0972ff8000] [id=26624]
  0x00007f0980002800 GCTaskThread "GC Thread#2" [stack: 0x00007f0972df6000,0x00007f0972ef6000] [id=26625]
=>0x00007f0980004800 GCTaskThread "GC Thread#3" [stack: 0x00007f0972cf4000,0x00007f0972df4000] [id=26626]
  0x00007f09b4075800 ConcurrentGCThread "G1 Main Marker" [stack: 0x00007f09b8992000,0x00007f09b8a92000] [id=26610]
  0x00007f09b4077800 ConcurrentGCThread "G1 Conc#0" [stack: 0x00007f09b8890000,0x00007f09b8990000] [id=26611]
  0x00007f09b4128000 ConcurrentGCThread "G1 Refine#0" [stack: 0x00007f09b838a000,0x00007f09b848a000] [id=26612]
  0x00007f09b412a000 ConcurrentGCThread "G1 Young RemSet Sampling" [stack: 0x00007f09b8288000,0x00007f09b8388000] [id=26613]

Threads with active compile tasks:
C2 CompilerThread0   3580 3637       4       java.util.concurrent.ConcurrentHashMap::putAll (63 bytes)
C1 CompilerThread0   3580 3642       3       org.apache.maven.model.validation.DefaultModelValidator::validateId (119 bytes)
C2 CompilerThread1   3580 3621   !   4       com.google.inject.internal.FactoryProxy::get (56 bytes)

VM state:at safepoint (normal execution)

VM Mutex/Monitor currently owned by a thread:  ([mutex/lock_event])
[0x00007f09b40137c0] Threads_lock - owner thread: 0x00007f09b4160800
[0x00007f09b4013fa0] Heap_lock - owner thread: 0x00007f09b4016800

Heap address: 0x0000000746800000, size: 2968 MB, Compressed Oops mode: Zero based, Oop shift amount: 3
Narrow klass base: 0x0000000800000000, Narrow klass shift: 3
Compressed class space size: 1073741824 Address: 0x0000000840000000

Heap:
 garbage-first heap   total 192512K, used 68099K [0x0000000746800000, 0x0000000800000000)
  region size 1024K, 60 young (61440K), 3 survivors (3072K)
 Metaspace       used 16115K, capacity 17604K, committed 17792K, reserved 1064960K
  class space    used 1867K, capacity 2146K, committed 2176K, reserved 1048576K
Heap Regions: E=young(eden), S=young(survivor), O=old, HS=humongous(starts), HC=humongous(continues), CS=collection set, F=free, A=archive, TAMS=top-at-mark-start (previous, next)
|   0|0x0000000746800000, 0x0000000746900000, 0x0000000746900000|100%| O|  |TAMS 0x0000000746800000, 0x0000000746800000| Untracked 
|   1|0x0000000746900000, 0x0000000746a00000, 0x0000000746a00000|100%| O|  |TAMS 0x0000000746900000, 0x0000000746900000| Untracked 
|   2|0x0000000746a00000, 0x0000000746b00000, 0x0000000746b00000|100%| O|  |TAMS 0x0000000746a00000, 0x0000000746a00000| Untracked 
|   3|0x0000000746b00000, 0x0000000746c00000, 0x0000000746c00000|100%| O|  |TAMS 0x0000000746b00000, 0x0000000746b00000| Untracked 
|   4|0x0000000746c00000, 0x0000000746d00000, 0x0000000746d00000|100%| O|  |TAMS 0x0000000746c00000, 0x0000000746c00000| Untracked 
|   5|0x0000000746d00000, 0x0000000746e00000, 0x0000000746e00000|100%| O|  |TAMS 0x0000000746d00000, 0x0000000746d00000| Untracked 
|   6|0x0000000746e00000, 0x0000000746ed9c10, 0x0000000746f00000| 85%| O|  |TAMS 0x0000000746e00000, 0x0000000746e00000| Untracked 
|   7|0x0000000746f00000, 0x0000000746f00000, 0x0000000747000000|  0%| F|  |TAMS 0x0000000746f00000, 0x0000000746f00000| Untracked 
|   8|0x0000000747000000, 0x0000000747000000, 0x0000000747100000|  0%| F|  |TAMS 0x0000000747000000, 0x0000000747000000| Untracked 
|   9|0x0000000747100000, 0x0000000747100000, 0x0000000747200000|  0%| F|  |TAMS 0x0000000747100000, 0x0000000747100000| Untracked 
|  10|0x0000000747200000, 0x0000000747200000, 0x0000000747300000|  0%| F|  |TAMS 0x0000000747200000, 0x0000000747200000| Untracked 
|  11|0x0000000747300000, 0x0000000747300000, 0x0000000747400000|  0%| F|  |TAMS 0x0000000747300000, 0x0000000747300000| Untracked 
|  12|0x0000000747400000, 0x0000000747400000, 0x0000000747500000|  0%| F|  |TAMS 0x0000000747400000, 0x0000000747400000| Untracked 
|  13|0x0000000747500000, 0x0000000747500000, 0x0000000747600000|  0%| F|  |TAMS 0x0000000747500000, 0x0000000747500000| Untracked 
|  14|0x0000000747600000, 0x0000000747600000, 0x0000000747700000|  0%| F|  |TAMS 0x0000000747600000, 0x0000000747600000| Untracked 
|  15|0x0000000747700000, 0x0000000747700000, 0x0000000747800000|  0%| F|  |TAMS 0x0000000747700000, 0x0000000747700000| Untracked 
|  16|0x0000000747800000, 0x0000000747800000, 0x0000000747900000|  0%| F|  |TAMS 0x0000000747800000, 0x0000000747800000| Untracked 
|  17|0x0000000747900000, 0x0000000747900000, 0x0000000747a00000|  0%| F|  |TAMS 0x0000000747900000, 0x0000000747900000| Untracked 
|  18|0x0000000747a00000, 0x0000000747a00000, 0x0000000747b00000|  0%| F|  |TAMS 0x0000000747a00000, 0x0000000747a00000| Untracked 
|  19|0x0000000747b00000, 0x0000000747b00000, 0x0000000747c00000|  0%| F|  |TAMS 0x0000000747b00000, 0x0000000747b00000| Untracked 
|  20|0x0000000747c00000, 0x0000000747c00000, 0x0000000747d00000|  0%| F|  |TAMS 0x0000000747c00000, 0x0000000747c00000| Untracked 
|  21|0x0000000747d00000, 0x0000000747d00000, 0x0000000747e00000|  0%| F|  |TAMS 0x0000000747d00000, 0x0000000747d00000| Untracked 
|  22|0x0000000747e00000, 0x0000000747e00000, 0x0000000747f00000|  0%| F|  |TAMS 0x0000000747e00000, 0x0000000747e00000| Untracked 
|  23|0x0000000747f00000, 0x0000000747f00000, 0x0000000748000000|  0%| F|  |TAMS 0x0000000747f00000, 0x0000000747f00000| Untracked 
|  24|0x0000000748000000, 0x0000000748000000, 0x0000000748100000|  0%| F|  |TAMS 0x0000000748000000, 0x0000000748000000| Untracked 
|  25|0x0000000748100000, 0x0000000748100000, 0x0000000748200000|  0%| F|  |TAMS 0x0000000748100000, 0x0000000748100000| Untracked 
|  26|0x0000000748200000, 0x0000000748200000, 0x0000000748300000|  0%| F|  |TAMS 0x0000000748200000, 0x0000000748200000| Untracked 
|  27|0x0000000748300000, 0x0000000748300000, 0x0000000748400000|  0%| F|  |TAMS 0x0000000748300000, 0x0000000748300000| Untracked 
|  28|0x0000000748400000, 0x0000000748400000, 0x0000000748500000|  0%| F|  |TAMS 0x0000000748400000, 0x0000000748400000| Untracked 
|  29|0x0000000748500000, 0x0000000748500000, 0x0000000748600000|  0%| F|  |TAMS 0x0000000748500000, 0x0000000748500000| Untracked 
|  30|0x0000000748600000, 0x0000000748600000, 0x0000000748700000|  0%| F|  |TAMS 0x0000000748600000, 0x0000000748600000| Untracked 
|  31|0x0000000748700000, 0x0000000748700000, 0x0000000748800000|  0%| F|  |TAMS 0x0000000748700000, 0x0000000748700000| Untracked 
|  32|0x0000000748800000, 0x0000000748800000, 0x0000000748900000|  0%| F|  |TAMS 0x0000000748800000, 0x0000000748800000| Untracked 
|  33|0x0000000748900000, 0x0000000748900000, 0x0000000748a00000|  0%| F|  |TAMS 0x0000000748900000, 0x0000000748900000| Untracked 
|  34|0x0000000748a00000, 0x0000000748a00000, 0x0000000748b00000|  0%| F|  |TAMS 0x0000000748a00000, 0x0000000748a00000| Untracked 
|  35|0x0000000748b00000, 0x0000000748b00000, 0x0000000748c00000|  0%| F|  |TAMS 0x0000000748b00000, 0x0000000748b00000| Untracked 
|  36|0x0000000748c00000, 0x0000000748c00000, 0x0000000748d00000|  0%| F|  |TAMS 0x0000000748c00000, 0x0000000748c00000| Untracked 
|  37|0x0000000748d00000, 0x0000000748d00000, 0x0000000748e00000|  0%| F|  |TAMS 0x0000000748d00000, 0x0000000748d00000| Untracked 
|  38|0x0000000748e00000, 0x0000000748e00000, 0x0000000748f00000|  0%| F|  |TAMS 0x0000000748e00000, 0x0000000748e00000| Untracked 
|  39|0x0000000748f00000, 0x0000000748f00000, 0x0000000749000000|  0%| F|  |TAMS 0x0000000748f00000, 0x0000000748f00000| Untracked 
|  40|0x0000000749000000, 0x0000000749000000, 0x0000000749100000|  0%| F|  |TAMS 0x0000000749000000, 0x0000000749000000| Untracked 
|  41|0x0000000749100000, 0x0000000749100000, 0x0000000749200000|  0%| F|  |TAMS 0x0000000749100000, 0x0000000749100000| Untracked 
|  42|0x0000000749200000, 0x0000000749200000, 0x0000000749300000|  0%| F|  |TAMS 0x0000000749200000, 0x0000000749200000| Untracked 
|  43|0x0000000749300000, 0x0000000749300000, 0x0000000749400000|  0%| F|  |TAMS 0x0000000749300000, 0x0000000749300000| Untracked 
|  44|0x0000000749400000, 0x0000000749400000, 0x0000000749500000|  0%| F|  |TAMS 0x0000000749400000, 0x0000000749400000| Untracked 
|  45|0x0000000749500000, 0x0000000749500000, 0x0000000749600000|  0%| F|  |TAMS 0x0000000749500000, 0x0000000749500000| Untracked 
|  46|0x0000000749600000, 0x0000000749600000, 0x0000000749700000|  0%| F|  |TAMS 0x0000000749600000, 0x0000000749600000| Untracked 
|  47|0x0000000749700000, 0x0000000749700000, 0x0000000749800000|  0%| F|  |TAMS 0x0000000749700000, 0x0000000749700000| Untracked 
|  48|0x0000000749800000, 0x0000000749800000, 0x0000000749900000|  0%| F|  |TAMS 0x0000000749800000, 0x0000000749800000| Untracked 
|  49|0x0000000749900000, 0x0000000749900000, 0x0000000749a00000|  0%| F|  |TAMS 0x0000000749900000, 0x0000000749900000| Untracked 
|  50|0x0000000749a00000, 0x0000000749a00000, 0x0000000749b00000|  0%| F|  |TAMS 0x0000000749a00000, 0x0000000749a00000| Untracked 
|  51|0x0000000749b00000, 0x0000000749b00000, 0x0000000749c00000|  0%| F|  |TAMS 0x0000000749b00000, 0x0000000749b00000| Untracked 
|  52|0x0000000749c00000, 0x0000000749c00000, 0x0000000749d00000|  0%| F|  |TAMS 0x0000000749c00000, 0x0000000749c00000| Untracked 
|  53|0x0000000749d00000, 0x0000000749d00000, 0x0000000749e00000|  0%| F|  |TAMS 0x0000000749d00000, 0x0000000749d00000| Untracked 
|  54|0x0000000749e00000, 0x0000000749e00000, 0x0000000749f00000|  0%| F|  |TAMS 0x0000000749e00000, 0x0000000749e00000| Untracked 
|  55|0x0000000749f00000, 0x0000000749f00000, 0x000000074a000000|  0%| F|  |TAMS 0x0000000749f00000, 0x0000000749f00000| Untracked 
|  56|0x000000074a000000, 0x000000074a000000, 0x000000074a100000|  0%| F|  |TAMS 0x000000074a000000, 0x000000074a000000| Untracked 
|  57|0x000000074a100000, 0x000000074a100000, 0x000000074a200000|  0%| F|  |TAMS 0x000000074a100000, 0x000000074a100000| Untracked 
|  58|0x000000074a200000, 0x000000074a200000, 0x000000074a300000|  0%| F|  |TAMS 0x000000074a200000, 0x000000074a200000| Untracked 
|  59|0x000000074a300000, 0x000000074a300000, 0x000000074a400000|  0%| F|  |TAMS 0x000000074a300000, 0x000000074a300000| Untracked 
|  60|0x000000074a400000, 0x000000074a400000, 0x000000074a500000|  0%| F|  |TAMS 0x000000074a400000, 0x000000074a400000| Untracked 
|  61|0x000000074a500000, 0x000000074a500000, 0x000000074a600000|  0%| F|  |TAMS 0x000000074a500000, 0x000000074a500000| Untracked 
|  62|0x000000074a600000, 0x000000074a600000, 0x000000074a700000|  0%| F|  |TAMS 0x000000074a600000, 0x000000074a600000| Untracked 
|  63|0x000000074a700000, 0x000000074a700000, 0x000000074a800000|  0%| F|  |TAMS 0x000000074a700000, 0x000000074a700000| Untracked 
|  64|0x000000074a800000, 0x000000074a800000, 0x000000074a900000|  0%| F|  |TAMS 0x000000074a800000, 0x000000074a800000| Untracked 
|  65|0x000000074a900000, 0x000000074a900000, 0x000000074aa00000|  0%| F|  |TAMS 0x000000074a900000, 0x000000074a900000| Untracked 
|  66|0x000000074aa00000, 0x000000074aa49cc8, 0x000000074ab00000| 28%| E|CS|TAMS 0x000000074aa00000, 0x000000074aa00000| Complete 
|  67|0x000000074ab00000, 0x000000074ac00000, 0x000000074ac00000|100%| E|CS|TAMS 0x000000074ab00000, 0x000000074ab00000| Complete 
|  68|0x000000074ac00000, 0x000000074ad00000, 0x000000074ad00000|100%| E|CS|TAMS 0x000000074ac00000, 0x000000074ac00000| Complete 
|  69|0x000000074ad00000, 0x000000074ae00000, 0x000000074ae00000|100%| E|CS|TAMS 0x000000074ad00000, 0x000000074ad00000| Complete 
|  70|0x000000074ae00000, 0x000000074af00000, 0x000000074af00000|100%| E|CS|TAMS 0x000000074ae00000, 0x000000074ae00000| Complete 
|  71|0x000000074af00000, 0x000000074b000000, 0x000000074b000000|100%| E|CS|TAMS 0x000000074af00000, 0x000000074af00000| Complete 
|  72|0x000000074b000000, 0x000000074b100000, 0x000000074b100000|100%| E|CS|TAMS 0x000000074b000000, 0x000000074b000000| Complete 
|  73|0x000000074b100000, 0x000000074b200000, 0x000000074b200000|100%| E|CS|TAMS 0x000000074b100000, 0x000000074b100000| Complete 
|  74|0x000000074b200000, 0x000000074b300000, 0x000000074b300000|100%| E|CS|TAMS 0x000000074b200000, 0x000000074b200000| Complete 
|  75|0x000000074b300000, 0x000000074b300000, 0x000000074b400000|  0%| F|  |TAMS 0x000000074b300000, 0x000000074b300000| Untracked 
|  76|0x000000074b400000, 0x000000074b400000, 0x000000074b500000|  0%| F|  |TAMS 0x000000074b400000, 0x000000074b400000| Untracked 
|  77|0x000000074b500000, 0x000000074b500000, 0x000000074b600000|  0%| F|  |TAMS 0x000000074b500000, 0x000000074b500000| Untracked 
|  78|0x000000074b600000, 0x000000074b600000, 0x000000074b700000|  0%| F|  |TAMS 0x000000074b600000, 0x000000074b600000| Untracked 
|  79|0x000000074b700000, 0x000000074b700000, 0x000000074b800000|  0%| F|  |TAMS 0x000000074b700000, 0x000000074b700000| Untracked 
|  80|0x000000074b800000, 0x000000074b800000, 0x000000074b900000|  0%| F|  |TAMS 0x000000074b800000, 0x000000074b800000| Untracked 
|  81|0x000000074b900000, 0x000000074b900000, 0x000000074ba00000|  0%| F|  |TAMS 0x000000074b900000, 0x000000074b900000| Untracked 
|  82|0x000000074ba00000, 0x000000074ba00000, 0x000000074bb00000|  0%| F|  |TAMS 0x000000074ba00000, 0x000000074ba00000| Untracked 
|  83|0x000000074bb00000, 0x000000074bb00000, 0x000000074bc00000|  0%| F|  |TAMS 0x000000074bb00000, 0x000000074bb00000| Untracked 
|  84|0x000000074bc00000, 0x000000074bc00000, 0x000000074bd00000|  0%| F|  |TAMS 0x000000074bc00000, 0x000000074bc00000| Untracked 
|  85|0x000000074bd00000, 0x000000074bd00000, 0x000000074be00000|  0%| F|  |TAMS 0x000000074bd00000, 0x000000074bd00000| Untracked 
|  86|0x000000074be00000, 0x000000074be00000, 0x000000074bf00000|  0%| F|  |TAMS 0x000000074be00000, 0x000000074be00000| Untracked 
|  87|0x000000074bf00000, 0x000000074bf00000, 0x000000074c000000|  0%| F|  |TAMS 0x000000074bf00000, 0x000000074bf00000| Untracked 
|  88|0x000000074c000000, 0x000000074c000000, 0x000000074c100000|  0%| F|  |TAMS 0x000000074c000000, 0x000000074c000000| Untracked 
|  89|0x000000074c100000, 0x000000074c100000, 0x000000074c200000|  0%| F|  |TAMS 0x000000074c100000, 0x000000074c100000| Untracked 
|  90|0x000000074c200000, 0x000000074c200000, 0x000000074c300000|  0%| F|  |TAMS 0x000000074c200000, 0x000000074c200000| Untracked 
|  91|0x000000074c300000, 0x000000074c300000, 0x000000074c400000|  0%| F|  |TAMS 0x000000074c300000, 0x000000074c300000| Untracked 
|  92|0x000000074c400000, 0x000000074c400000, 0x000000074c500000|  0%| F|  |TAMS 0x000000074c400000, 0x000000074c400000| Untracked 
|  93|0x000000074c500000, 0x000000074c500000, 0x000000074c600000|  0%| F|  |TAMS 0x000000074c500000, 0x000000074c500000| Untracked 
|  94|0x000000074c600000, 0x000000074c600000, 0x000000074c700000|  0%| F|  |TAMS 0x000000074c600000, 0x000000074c600000| Untracked 
|  95|0x000000074c700000, 0x000000074c700000, 0x000000074c800000|  0%| F|  |TAMS 0x000000074c700000, 0x000000074c700000| Untracked 
|  96|0x000000074c800000, 0x000000074c800000, 0x000000074c900000|  0%| F|  |TAMS 0x000000074c800000, 0x000000074c800000| Untracked 
|  97|0x000000074c900000, 0x000000074c900000, 0x000000074ca00000|  0%| F|  |TAMS 0x000000074c900000, 0x000000074c900000| Untracked 
|  98|0x000000074ca00000, 0x000000074ca00000, 0x000000074cb00000|  0%| F|  |TAMS 0x000000074ca00000, 0x000000074ca00000| Untracked 
|  99|0x000000074cb00000, 0x000000074cb00000, 0x000000074cc00000|  0%| F|  |TAMS 0x000000074cb00000, 0x000000074cb00000| Untracked 
| 100|0x000000074cc00000, 0x000000074cc00000, 0x000000074cd00000|  0%| F|  |TAMS 0x000000074cc00000, 0x000000074cc00000| Untracked 
| 101|0x000000074cd00000, 0x000000074cd00000, 0x000000074ce00000|  0%| F|  |TAMS 0x000000074cd00000, 0x000000074cd00000| Untracked 
| 102|0x000000074ce00000, 0x000000074ce00000, 0x000000074cf00000|  0%| F|  |TAMS 0x000000074ce00000, 0x000000074ce00000| Untracked 
| 103|0x000000074cf00000, 0x000000074cf00000, 0x000000074d000000|  0%| F|  |TAMS 0x000000074cf00000, 0x000000074cf00000| Untracked 
| 104|0x000000074d000000, 0x000000074d000000, 0x000000074d100000|  0%| F|  |TAMS 0x000000074d000000, 0x000000074d000000| Untracked 
| 105|0x000000074d100000, 0x000000074d100000, 0x000000074d200000|  0%| F|  |TAMS 0x000000074d100000, 0x000000074d100000| Untracked 
| 106|0x000000074d200000, 0x000000074d200000, 0x000000074d300000|  0%| F|  |TAMS 0x000000074d200000, 0x000000074d200000| Untracked 
| 107|0x000000074d300000, 0x000000074d300000, 0x000000074d400000|  0%| F|  |TAMS 0x000000074d300000, 0x000000074d300000| Untracked 
| 108|0x000000074d400000, 0x000000074d400000, 0x000000074d500000|  0%| F|  |TAMS 0x000000074d400000, 0x000000074d400000| Untracked 
| 109|0x000000074d500000, 0x000000074d500000, 0x000000074d600000|  0%| F|  |TAMS 0x000000074d500000, 0x000000074d500000| Untracked 
| 110|0x000000074d600000, 0x000000074d600000, 0x000000074d700000|  0%| F|  |TAMS 0x000000074d600000, 0x000000074d600000| Untracked 
| 111|0x000000074d700000, 0x000000074d700000, 0x000000074d800000|  0%| F|  |TAMS 0x000000074d700000, 0x000000074d700000| Untracked 
| 112|0x000000074d800000, 0x000000074d800000, 0x000000074d900000|  0%| F|  |TAMS 0x000000074d800000, 0x000000074d800000| Untracked 
| 113|0x000000074d900000, 0x000000074d900000, 0x000000074da00000|  0%| F|  |TAMS 0x000000074d900000, 0x000000074d900000| Untracked 
| 114|0x000000074da00000, 0x000000074da00000, 0x000000074db00000|  0%| F|  |TAMS 0x000000074da00000, 0x000000074da00000| Untracked 
| 115|0x000000074db00000, 0x000000074db00000, 0x000000074dc00000|  0%| F|  |TAMS 0x000000074db00000, 0x000000074db00000| Untracked 
| 116|0x000000074dc00000, 0x000000074dc00000, 0x000000074dd00000|  0%| F|  |TAMS 0x000000074dc00000, 0x000000074dc00000| Untracked 
| 117|0x000000074dd00000, 0x000000074dd00000, 0x000000074de00000|  0%| F|  |TAMS 0x000000074dd00000, 0x000000074dd00000| Untracked 
| 118|0x000000074de00000, 0x000000074de00000, 0x000000074df00000|  0%| F|  |TAMS 0x000000074de00000, 0x000000074de00000| Untracked 
| 119|0x000000074df00000, 0x000000074df00000, 0x000000074e000000|  0%| F|  |TAMS 0x000000074df00000, 0x000000074df00000| Untracked 
| 120|0x000000074e000000, 0x000000074e000000, 0x000000074e100000|  0%| F|  |TAMS 0x000000074e000000, 0x000000074e000000| Untracked 
| 121|0x000000074e100000, 0x000000074e100000, 0x000000074e200000|  0%| F|  |TAMS 0x000000074e100000, 0x000000074e100000| Untracked 
| 122|0x000000074e200000, 0x000000074e200000, 0x000000074e300000|  0%| F|  |TAMS 0x000000074e200000, 0x000000074e200000| Untracked 
| 123|0x000000074e300000, 0x000000074e300000, 0x000000074e400000|  0%| F|  |TAMS 0x000000074e300000, 0x000000074e300000| Untracked 
| 124|0x000000074e400000, 0x000000074e400000, 0x000000074e500000|  0%| F|  |TAMS 0x000000074e400000, 0x000000074e400000| Untracked 
| 125|0x000000074e500000, 0x000000074e500000, 0x000000074e600000|  0%| F|  |TAMS 0x000000074e500000, 0x000000074e500000| Untracked 
| 126|0x000000074e600000, 0x000000074e700000, 0x000000074e700000|100%| S|  |TAMS 0x000000074e600000, 0x000000074e600000| Complete 
| 127|0x000000074e700000, 0x000000074e800000, 0x000000074e800000|100%| S|  |TAMS 0x000000074e700000, 0x000000074e700000| Complete 
| 128|0x000000074e800000, 0x000000074e900000, 0x000000074e900000|100%| S|  |TAMS 0x000000074e800000, 0x000000074e800000| Complete 
| 129|0x000000074e900000, 0x000000074ea00000, 0x000000074ea00000|100%| E|CS|TAMS 0x000000074e900000, 0x000000074e900000| Complete 
| 130|0x000000074ea00000, 0x000000074eb00000, 0x000000074eb00000|100%| E|CS|TAMS 0x000000074ea00000, 0x000000074ea00000| Complete 
| 131|0x000000074eb00000, 0x000000074ec00000, 0x000000074ec00000|100%| E|CS|TAMS 0x000000074eb00000, 0x000000074eb00000| Complete 
| 132|0x000000074ec00000, 0x000000074ed00000, 0x000000074ed00000|100%| E|CS|TAMS 0x000000074ec00000, 0x000000074ec00000| Complete 
| 133|0x000000074ed00000, 0x000000074ee00000, 0x000000074ee00000|100%| E|CS|TAMS 0x000000074ed00000, 0x000000074ed00000| Complete 
| 134|0x000000074ee00000, 0x000000074ef00000, 0x000000074ef00000|100%| E|CS|TAMS 0x000000074ee00000, 0x000000074ee00000| Complete 
| 135|0x000000074ef00000, 0x000000074f000000, 0x000000074f000000|100%| E|CS|TAMS 0x000000074ef00000, 0x000000074ef00000| Complete 
| 136|0x000000074f000000, 0x000000074f100000, 0x000000074f100000|100%| E|CS|TAMS 0x000000074f000000, 0x000000074f000000| Complete 
| 137|0x000000074f100000, 0x000000074f200000, 0x000000074f200000|100%| E|CS|TAMS 0x000000074f100000, 0x000000074f100000| Complete 
| 138|0x000000074f200000, 0x000000074f300000, 0x000000074f300000|100%| E|CS|TAMS 0x000000074f200000, 0x000000074f200000| Complete 
| 139|0x000000074f300000, 0x000000074f400000, 0x000000074f400000|100%| E|CS|TAMS 0x000000074f300000, 0x000000074f300000| Complete 
| 140|0x000000074f400000, 0x000000074f500000, 0x000000074f500000|100%| E|CS|TAMS 0x000000074f400000, 0x000000074f400000| Complete 
| 141|0x000000074f500000, 0x000000074f600000, 0x000000074f600000|100%| E|CS|TAMS 0x000000074f500000, 0x000000074f500000| Complete 
| 142|0x000000074f600000, 0x000000074f700000, 0x000000074f700000|100%| E|CS|TAMS 0x000000074f600000, 0x000000074f600000| Complete 
| 143|0x000000074f700000, 0x000000074f800000, 0x000000074f800000|100%| E|CS|TAMS 0x000000074f700000, 0x000000074f700000| Complete 
| 144|0x000000074f800000, 0x000000074f900000, 0x000000074f900000|100%| E|CS|TAMS 0x000000074f800000, 0x000000074f800000| Complete 
| 145|0x000000074f900000, 0x000000074fa00000, 0x000000074fa00000|100%| E|CS|TAMS 0x000000074f900000, 0x000000074f900000| Complete 
| 146|0x000000074fa00000, 0x000000074fb00000, 0x000000074fb00000|100%| E|CS|TAMS 0x000000074fa00000, 0x000000074fa00000| Complete 
| 147|0x000000074fb00000, 0x000000074fc00000, 0x000000074fc00000|100%| E|CS|TAMS 0x000000074fb00000, 0x000000074fb00000| Complete 
| 148|0x000000074fc00000, 0x000000074fd00000, 0x000000074fd00000|100%| E|CS|TAMS 0x000000074fc00000, 0x000000074fc00000| Complete 
| 149|0x000000074fd00000, 0x000000074fe00000, 0x000000074fe00000|100%| E|CS|TAMS 0x000000074fd00000, 0x000000074fd00000| Complete 
| 150|0x000000074fe00000, 0x000000074ff00000, 0x000000074ff00000|100%| E|CS|TAMS 0x000000074fe00000, 0x000000074fe00000| Complete 
| 151|0x000000074ff00000, 0x0000000750000000, 0x0000000750000000|100%| E|CS|TAMS 0x000000074ff00000, 0x000000074ff00000| Complete 
| 152|0x0000000750000000, 0x0000000750100000, 0x0000000750100000|100%| E|CS|TAMS 0x0000000750000000, 0x0000000750000000| Complete 
| 153|0x0000000750100000, 0x0000000750200000, 0x0000000750200000|100%| E|CS|TAMS 0x0000000750100000, 0x0000000750100000| Complete 
| 154|0x0000000750200000, 0x0000000750300000, 0x0000000750300000|100%| E|CS|TAMS 0x0000000750200000, 0x0000000750200000| Complete 
| 155|0x0000000750300000, 0x0000000750400000, 0x0000000750400000|100%| E|CS|TAMS 0x0000000750300000, 0x0000000750300000| Complete 
| 156|0x0000000750400000, 0x0000000750500000, 0x0000000750500000|100%| E|CS|TAMS 0x0000000750400000, 0x0000000750400000| Complete 
| 157|0x0000000750500000, 0x0000000750600000, 0x0000000750600000|100%| E|CS|TAMS 0x0000000750500000, 0x0000000750500000| Complete 
| 158|0x0000000750600000, 0x0000000750700000, 0x0000000750700000|100%| E|CS|TAMS 0x0000000750600000, 0x0000000750600000| Complete 
| 159|0x0000000750700000, 0x0000000750800000, 0x0000000750800000|100%| E|CS|TAMS 0x0000000750700000, 0x0000000750700000| Complete 
| 160|0x0000000750800000, 0x0000000750900000, 0x0000000750900000|100%| E|CS|TAMS 0x0000000750800000, 0x0000000750800000| Complete 
| 161|0x0000000750900000, 0x0000000750a00000, 0x0000000750a00000|100%| E|CS|TAMS 0x0000000750900000, 0x0000000750900000| Complete 
| 162|0x0000000750a00000, 0x0000000750b00000, 0x0000000750b00000|100%| E|CS|TAMS 0x0000000750a00000, 0x0000000750a00000| Complete 
| 163|0x0000000750b00000, 0x0000000750c00000, 0x0000000750c00000|100%| E|CS|TAMS 0x0000000750b00000, 0x0000000750b00000| Complete 
| 164|0x0000000750c00000, 0x0000000750d00000, 0x0000000750d00000|100%| E|CS|TAMS 0x0000000750c00000, 0x0000000750c00000| Complete 
| 165|0x0000000750d00000, 0x0000000750e00000, 0x0000000750e00000|100%| E|CS|TAMS 0x0000000750d00000, 0x0000000750d00000| Complete 
| 166|0x0000000750e00000, 0x0000000750f00000, 0x0000000750f00000|100%| E|CS|TAMS 0x0000000750e00000, 0x0000000750e00000| Complete 
| 167|0x0000000750f00000, 0x0000000751000000, 0x0000000751000000|100%| E|CS|TAMS 0x0000000750f00000, 0x0000000750f00000| Complete 
| 168|0x0000000751000000, 0x0000000751100000, 0x0000000751100000|100%| E|CS|TAMS 0x0000000751000000, 0x0000000751000000| Complete 
| 169|0x0000000751100000, 0x0000000751200000, 0x0000000751200000|100%| E|CS|TAMS 0x0000000751100000, 0x0000000751100000| Complete 
| 170|0x0000000751200000, 0x0000000751300000, 0x0000000751300000|100%| E|CS|TAMS 0x0000000751200000, 0x0000000751200000| Complete 
| 171|0x0000000751300000, 0x0000000751400000, 0x0000000751400000|100%| E|CS|TAMS 0x0000000751300000, 0x0000000751300000| Complete 
| 172|0x0000000751400000, 0x0000000751500000, 0x0000000751500000|100%| E|CS|TAMS 0x0000000751400000, 0x0000000751400000| Complete 
| 173|0x0000000751500000, 0x0000000751600000, 0x0000000751600000|100%| E|CS|TAMS 0x0000000751500000, 0x0000000751500000| Complete 
| 174|0x0000000751600000, 0x0000000751700000, 0x0000000751700000|100%| E|CS|TAMS 0x0000000751600000, 0x0000000751600000| Complete 
| 175|0x0000000751700000, 0x0000000751800000, 0x0000000751800000|100%| E|CS|TAMS 0x0000000751700000, 0x0000000751700000| Complete 
| 176|0x0000000751800000, 0x0000000751900000, 0x0000000751900000|100%| E|CS|TAMS 0x0000000751800000, 0x0000000751800000| Complete 
| 177|0x0000000751900000, 0x0000000751a00000, 0x0000000751a00000|100%| E|CS|TAMS 0x0000000751900000, 0x0000000751900000| Complete 
| 178|0x0000000751a00000, 0x0000000751b00000, 0x0000000751b00000|100%| E|CS|TAMS 0x0000000751a00000, 0x0000000751a00000| Complete 
| 179|0x0000000751b00000, 0x0000000751c00000, 0x0000000751c00000|100%| E|CS|TAMS 0x0000000751b00000, 0x0000000751b00000| Complete 
| 180|0x0000000751c00000, 0x0000000751d00000, 0x0000000751d00000|100%| E|CS|TAMS 0x0000000751c00000, 0x0000000751c00000| Complete 
| 181|0x0000000751d00000, 0x0000000751e00000, 0x0000000751e00000|100%| E|CS|TAMS 0x0000000751d00000, 0x0000000751d00000| Complete 
| 182|0x0000000751e00000, 0x0000000751f00000, 0x0000000751f00000|100%| E|CS|TAMS 0x0000000751e00000, 0x0000000751e00000| Complete 
| 183|0x0000000751f00000, 0x0000000752000000, 0x0000000752000000|100%| E|CS|TAMS 0x0000000751f00000, 0x0000000751f00000| Complete 
| 184|0x0000000752000000, 0x0000000752100000, 0x0000000752100000|100%| E|CS|TAMS 0x0000000752000000, 0x0000000752000000| Complete 
| 185|0x0000000752100000, 0x0000000752200000, 0x0000000752200000|100%| E|CS|TAMS 0x0000000752100000, 0x0000000752100000| Complete 
|1942|0x00000007bfe00000, 0x00000007bfe47000, 0x00000007bff00000| 27%|OA|  |TAMS 0x00000007bfe00000, 0x00000007bfe00000| Untracked 
|1943|0x00000007bff00000, 0x00000007bff6b000, 0x00000007c0000000| 41%|CA|  |TAMS 0x00000007bff00000, 0x00000007bff00000| Untracked 

Card table byte_map: [0x00007f09b90c1000,0x00007f09b968d000] _byte_map_base: 0x00007f09b568d000

Marking Bits (Prev, Next): (CMBitMap*) 0x00007f09b4068ef8, (CMBitMap*) 0x00007f09b4068f30
 Prev Bits: [0x00007f09951a0000, 0x00007f0998000000)
 Next Bits: [0x00007f0992340000, 0x00007f09951a0000)

Polling page: 0x00007f09ba367000

Metaspace:

Usage:
  Non-class:     15.10 MB capacity,    13.91 MB ( 92%) used,     1.16 MB (  8%) free+waste,    20.56 KB ( <1%) overhead. 
      Class:      2.10 MB capacity,     1.82 MB ( 87%) used,   268.84 KB ( 13%) free+waste,     9.38 KB ( <1%) overhead. 
       Both:     17.19 MB capacity,    15.74 MB ( 92%) used,     1.42 MB (  8%) free+waste,    29.94 KB ( <1%) overhead. 

Virtual space:
  Non-class space:       16.00 MB reserved,      15.25 MB ( 95%) committed 
      Class space:        1.00 GB reserved,       2.12 MB ( <1%) committed 
             Both:        1.02 GB reserved,      17.38 MB (  2%) committed 

Chunk freelists:
   Non-Class:  154.00 KB
       Class:  30.00 KB
        Both:  184.00 KB

MaxMetaspaceSize: unlimited
CompressedClassSpaceSize: 1.00 GB

CodeHeap 'non-profiled nmethods': size=120032Kb used=1628Kb max_used=1628Kb free=118403Kb
 bounds [0x00007f09a4361000, 0x00007f09a45d1000, 0x00007f09ab899000]
CodeHeap 'profiled nmethods': size=120032Kb used=7415Kb max_used=7415Kb free=112617Kb
 bounds [0x00007f099ce29000, 0x00007f099d569000, 0x00007f09a4361000]
CodeHeap 'non-nmethods': size=5696Kb used=1118Kb max_used=1161Kb free=4577Kb
 bounds [0x00007f099c899000, 0x00007f099cb09000, 0x00007f099ce29000]
 total_blobs=4064 nmethods=3617 adapters=358
 compilation: enabled
              stopped_count=0, restarted_count=0
 full_count=0

Compilation events (20 events):
Event: 3.526 Thread 0x00007f0968227000 nmethod 3612 0x00007f09a44f6590 code [0x00007f09a44f6760, 0x00007f09a44f6dc8]
Event: 3.526 Thread 0x00007f0968227000 3622       4       com.google.inject.internal.InternalContext::close (38 bytes)
Event: 3.527 Thread 0x00007f0968227000 nmethod 3622 0x00007f09a44f7110 code [0x00007f09a44f72a0, 0x00007f09a44f73b8]
Event: 3.527 Thread 0x00007f0968227000 3636       4       java.lang.String::indexOf (113 bytes)
Event: 3.530 Thread 0x00007f09b416f000 nmethod 3625 0x00007f099d559c90 code [0x00007f099d55a1a0, 0x00007f099d55d010]
Event: 3.530 Thread 0x00007f09b416f000 3635       3       java.util.AbstractCollection::toArray (70 bytes)
Event: 3.530 Thread 0x00007f09b416f000 nmethod 3635 0x00007f099d55de10 code [0x00007f099d55e060, 0x00007f099d55ea40]
Event: 3.530 Thread 0x00007f0968227000 nmethod 3636 0x00007f09a44f7490 code [0x00007f09a44f7640, 0x00007f09a44f7978]
Event: 3.532 Thread 0x00007f09b416f000 3639       3       org.apache.maven.model.merge.MavenModelMerger::mergePlugin_Executions (235 bytes)
Event: 3.533 Thread 0x00007f09b416d000 nmethod 3624 0x00007f09a44f7b90 code [0x00007f09a44f7d60, 0x00007f09a44f8018]
Event: 3.533 Thread 0x00007f09b416d000 3637       4       java.util.concurrent.ConcurrentHashMap::putAll (63 bytes)
Event: 3.533 Thread 0x00007f0968227000 3621   !   4       com.google.inject.internal.FactoryProxy::get (56 bytes)
Event: 3.541 Thread 0x00007f09b416f000 nmethod 3639 0x00007f099d55ec90 code [0x00007f099d55f140, 0x00007f099d561ce0]
Event: 3.542 Thread 0x00007f09b416f000 3643   !   3       org.apache.maven.model.ConfigurationContainer::clone (98 bytes)
Event: 3.543 Thread 0x00007f09b416f000 nmethod 3643 0x00007f099d562a10 code [0x00007f099d562d20, 0x00007f099d563ea0]
Event: 3.543 Thread 0x00007f09b416f000 3638       3       org.apache.maven.model.inheritance.DefaultInheritanceAssembler$InheritanceModelMerger::mergePlugin (71 bytes)
Event: 3.545 Thread 0x00007f09b416f000 nmethod 3638 0x00007f099d564590 code [0x00007f099d5648a0, 0x00007f099d565f40]
Event: 3.545 Thread 0x00007f09b416f000 3644       3       org.eclipse.sisu.wire.EntryListAdapter$ValueIterator::next (18 bytes)
Event: 3.545 Thread 0x00007f09b416f000 nmethod 3644 0x00007f099d566590 code [0x00007f099d566760, 0x00007f099d566b30]
Event: 3.545 Thread 0x00007f09b416f000 3642       3       org.apache.maven.model.validation.DefaultModelValidator::validateId (119 bytes)

GC Heap History (5 events):
Event: 0.434 GC heap before
{Heap before GC invocations=0 (full 0):
 garbage-first heap   total 192512K, used 14024K [0x0000000746800000, 0x0000000800000000)
  region size 1024K, 14 young (14336K), 0 survivors (0K)
 Metaspace       used 3984K, capacity 7089K, committed 7296K, reserved 1056768K
  class space    used 451K, capacity 792K, committed 896K, reserved 1048576K
}
Event: 0.445 GC heap after
{Heap after GC invocations=1 (full 0):
 garbage-first heap   total 192512K, used 3292K [0x0000000746800000, 0x0000000800000000)
  region size 1024K, 2 young (2048K), 2 survivors (2048K)
 Metaspace       used 3984K, capacity 7089K, committed 7296K, reserved 1056768K
  class space    used 451K, capacity 792K, committed 896K, reserved 1048576K
}
Event: 2.484 GC heap before
{Heap before GC invocations=1 (full 0):
 garbage-first heap   total 192512K, used 114908K [0x0000000746800000, 0x0000000800000000)
  region size 1024K, 111 young (113664K), 2 survivors (2048K)
 Metaspace       used 13884K, capacity 15419K, committed 15744K, reserved 1062912K
  class space    used 1590K, capacity 1802K, committed 1920K, reserved 1048576K
}
Event: 2.520 GC heap after
{Heap after GC invocations=2 (full 0):
 garbage-first heap   total 192512K, used 9731K [0x0000000746800000, 0x0000000800000000)
  region size 1024K, 9 young (9216K), 9 survivors (9216K)
 Metaspace       used 13884K, capacity 15419K, committed 15744K, reserved 1062912K
  class space    used 1590K, capacity 1802K, committed 1920K, reserved 1048576K
}
Event: 3.550 GC heap before
{Heap before GC invocations=2 (full 0):
 garbage-first heap   total 192512K, used 68099K [0x0000000746800000, 0x0000000800000000)
  region size 1024K, 66 young (67584K), 9 survivors (9216K)
 Metaspace       used 16115K, capacity 17604K, committed 17792K, reserved 1064960K
  class space    used 1867K, capacity 2146K, committed 2176K, reserved 1048576K
}

Deoptimization events (20 events):
Event: 3.066 Thread 0x00007f09b4016800 Uncommon trap: trap_request=0xffffffd6 fr.pc=0x00007f09a44cbc14 relative=0x00000000000008d4
Event: 3.066 Thread 0x00007f09b4016800 Uncommon trap: reason=array_check action=maybe_recompile pc=0x00007f09a44cbc14 method=java.util.TimSort.binarySort([Ljava/lang/Object;IIILjava/util/Comparator;)V @ 183 c2
Event: 3.066 Thread 0x00007f09b4016800 DEOPT PACKING pc=0x00007f09a44cbc14 sp=0x00007f09ba4a8a10
Event: 3.066 Thread 0x00007f09b4016800 DEOPT UNPACKING pc=0x00007f099c8bf8a5 sp=0x00007f09ba4a89b8 mode 2
Event: 3.131 Thread 0x00007f09b4016800 Uncommon trap: trap_request=0xffffffd6 fr.pc=0x00007f09a44ce2d0 relative=0x0000000000000710
Event: 3.131 Thread 0x00007f09b4016800 Uncommon trap: reason=array_check action=maybe_recompile pc=0x00007f09a44ce2d0 method=java.util.TimSort.binarySort([Ljava/lang/Object;IIILjava/util/Comparator;)V @ 215 c2
Event: 3.131 Thread 0x00007f09b4016800 DEOPT PACKING pc=0x00007f09a44ce2d0 sp=0x00007f09ba4a8a10
Event: 3.131 Thread 0x00007f09b4016800 DEOPT UNPACKING pc=0x00007f099c8bf8a5 sp=0x00007f09ba4a89b8 mode 2
Event: 3.133 Thread 0x00007f09b4016800 Uncommon trap: trap_request=0xffffffd6 fr.pc=0x00007f09a44ce2d0 relative=0x0000000000000710
Event: 3.133 Thread 0x00007f09b4016800 Uncommon trap: reason=array_check action=maybe_recompile pc=0x00007f09a44ce2d0 method=java.util.TimSort.binarySort([Ljava/lang/Object;IIILjava/util/Comparator;)V @ 215 c2
Event: 3.133 Thread 0x00007f09b4016800 DEOPT PACKING pc=0x00007f09a44ce2d0 sp=0x00007f09ba4a8a10
Event: 3.133 Thread 0x00007f09b4016800 DEOPT UNPACKING pc=0x00007f099c8bf8a5 sp=0x00007f09ba4a89b8 mode 2
Event: 3.178 Thread 0x00007f09b4016800 Uncommon trap: trap_request=0xffffff4d fr.pc=0x00007f09a44cd18c relative=0x0000000000000c0c
Event: 3.178 Thread 0x00007f09b4016800 Uncommon trap: reason=unstable_if action=reinterpret pc=0x00007f09a44cd18c method=org.codehaus.plexus.classworlds.realm.Entry.matches(Ljava/lang/String;)Z @ 150 c2
Event: 3.178 Thread 0x00007f09b4016800 DEOPT PACKING pc=0x00007f09a44cd18c sp=0x00007f09ba4a6fa0
Event: 3.178 Thread 0x00007f09b4016800 DEOPT UNPACKING pc=0x00007f099c8bf8a5 sp=0x00007f09ba4a6f70 mode 2
Event: 3.365 Thread 0x00007f09b4016800 Uncommon trap: trap_request=0xffffff4d fr.pc=0x00007f09a4467930 relative=0x0000000000000090
Event: 3.365 Thread 0x00007f09b4016800 Uncommon trap: reason=unstable_if action=reinterpret pc=0x00007f09a4467930 method=java.util.LinkedHashMap.afterNodeInsertion(Z)V @ 18 c2
Event: 3.365 Thread 0x00007f09b4016800 DEOPT PACKING pc=0x00007f09a4467930 sp=0x00007f09ba4a8220
Event: 3.365 Thread 0x00007f09b4016800 DEOPT UNPACKING pc=0x00007f099c8bf8a5 sp=0x00007f09ba4a81c0 mode 2

Classes redefined (0 events):
No events

Internal exceptions (9 events):
Event: 0.123 Thread 0x00007f09b4016800 Exception <a 'java/lang/NoSuchMethodError'{0x0000000751fd6d18}: 'int java.lang.invoke.DirectMethodHandle$Holder.invokeSpecialIFC(java.lang.Object, java.lang.Object, int)'> (0x0000000751fd6d18) thrown at [src/hotspot/share/interpreter/linkResolver.cpp, line 772]
Event: 0.171 Thread 0x00007f09b4016800 Exception <a 'java/security/PrivilegedActionException'{0x0000000751d03e58}> (0x0000000751d03e58) thrown at [src/hotspot/share/prims/jvm.cpp, line 1303]
Event: 0.171 Thread 0x00007f09b4016800 Exception <a 'java/security/PrivilegedActionException'{0x0000000751d04128}> (0x0000000751d04128) thrown at [src/hotspot/share/prims/jvm.cpp, line 1303]
Event: 1.297 Thread 0x00007f09b4016800 Exception <a 'java/lang/NoClassDefFoundError'{0x000000074f56d760}: com/google/inject/servlet/ServletModuleTargetVisitor> (0x000000074f56d760) thrown at [src/hotspot/share/classfile/systemDictionary.cpp, line 220]
Event: 1.297 Thread 0x00007f09b4016800 Exception <a 'java/lang/NoClassDefFoundError'{0x000000074f56d760}> (0x000000074f56d760) thrown at [src/hotspot/share/prims/jvm.cpp, line 1309]
Event: 1.297 Thread 0x00007f09b4016800 Exception <a 'java/lang/NoClassDefFoundError'{0x000000074f570218}: javax/annotation/Priority> (0x000000074f570218) thrown at [src/hotspot/share/classfile/systemDictionary.cpp, line 220]
Event: 2.045 Thread 0x00007f09b4016800 Implicit null exception at 0x00007f09a43cc985 to 0x00007f09a43ccb70
Event: 3.174 Thread 0x00007f09b4016800 Exception <a 'java/lang/NoClassDefFoundError'{0x000000074fdc3a60}: org/sonatype/aether/graph/Dependency> (0x000000074fdc3a60) thrown at [src/hotspot/share/classfile/systemDictionary.cpp, line 220]
Event: 3.246 Thread 0x00007f09b4016800 Exception <a 'java/lang/NoClassDefFoundError'{0x000000074facd9f8}: org/codehaus/plexus/util/interpolation/ValueSource> (0x000000074facd9f8) thrown at [src/hotspot/share/classfile/systemDictionary.cpp, line 220]

Events (20 events):
Event: 3.477 loading class org/codehaus/plexus/interpolation/InterpolationPostProcessor done
Event: 3.477 loading class org/codehaus/plexus/interpolation/Interpolator
Event: 3.477 loading class org/codehaus/plexus/interpolation/Interpolator done
Event: 3.477 loading class org/codehaus/plexus/interpolation/Interpolator
Event: 3.477 loading class org/codehaus/plexus/interpolation/Interpolator done
Event: 3.478 loading class org/apache/maven/shared/filtering/MultiDelimiterInterpolatorFilterReaderLineEnding
Event: 3.478 loading class org/apache/maven/shared/filtering/MultiDelimiterInterpolatorFilterReaderLineEnding done
Event: 3.478 loading class org/apache/maven/shared/filtering/MultiDelimiterInterpolatorFilterReaderLineEnding
Event: 3.478 loading class org/apache/maven/shared/filtering/MultiDelimiterInterpolatorFilterReaderLineEnding done
Event: 3.479 loading class org/apache/maven/plugin/logging/Log
Event: 3.479 loading class org/apache/maven/plugin/logging/Log done
Event: 3.479 loading class org/apache/maven/plugin/logging/Log
Event: 3.479 loading class org/apache/maven/plugin/logging/Log done
Event: 3.479 loading class org/apache/maven/plugin/logging/Log
Event: 3.479 loading class org/apache/maven/plugin/logging/Log done
Event: 3.482 loading class org/apache/maven/artifact/resolver/filter/CumulativeScopeArtifactFilter
Event: 3.482 loading class org/apache/maven/artifact/resolver/filter/CumulativeScopeArtifactFilter done
Event: 3.483 loading class org/apache/maven/artifact/resolver/filter/AbstractScopeArtifactFilter
Event: 3.483 loading class org/apache/maven/artifact/resolver/filter/AbstractScopeArtifactFilter done
Event: 3.550 Executing VM operation: G1CollectForAllocation


Dynamic libraries:
746800000-752200000 rw-p 00000000 00:00 0 
752200000-7bfe00000 ---p 00000000 00:00 0 
7bfe00000-7bfe47000 rw-p 01111000 08:05 1181877                          /usr/lib/jvm/java-11-openjdk-amd64/lib/server/classes.jsa
7bfe47000-7bff00000 rw-p 00000000 00:00 0 
7bff00000-7bff6b000 rw-p 010a6000 08:05 1181877                          /usr/lib/jvm/java-11-openjdk-amd64/lib/server/classes.jsa
7bff6b000-7c0000000 rw-p 00000000 00:00 0 
7c0000000-800000000 ---p 00000000 00:00 0 
800000000-800002000 rwxp 00001000 08:05 1181877                          /usr/lib/jvm/java-11-openjdk-amd64/lib/server/classes.jsa
800002000-8003b9000 rw-p 00003000 08:05 1181877                          /usr/lib/jvm/java-11-openjdk-amd64/lib/server/classes.jsa
8003b9000-800a96000 r--p 003ba000 08:05 1181877                          /usr/lib/jvm/java-11-openjdk-amd64/lib/server/classes.jsa
800a96000-800a97000 rw-p 00a97000 08:05 1181877                          /usr/lib/jvm/java-11-openjdk-amd64/lib/server/classes.jsa
800a97000-8010a5000 r--p 00a98000 08:05 1181877                          /usr/lib/jvm/java-11-openjdk-amd64/lib/server/classes.jsa
840000000-840220000 rw-p 00000000 00:00 0 
840220000-880000000 ---p 00000000 00:00 0 
5586d32d3000-5586d32d4000 r--p 00000000 08:05 1184016                    /usr/lib/jvm/java-11-openjdk-amd64/bin/java
5586d32d4000-5586d32d5000 r-xp 00001000 08:05 1184016                    /usr/lib/jvm/java-11-openjdk-amd64/bin/java
5586d32d5000-5586d32d6000 r--p 00002000 08:05 1184016                    /usr/lib/jvm/java-11-openjdk-amd64/bin/java
5586d32d6000-5586d32d7000 r--p 00002000 08:05 1184016                    /usr/lib/jvm/java-11-openjdk-amd64/bin/java
5586d32d7000-5586d32d8000 rw-p 00003000 08:05 1184016                    /usr/lib/jvm/java-11-openjdk-amd64/bin/java
5586d3abf000-5586d3ae0000 rw-p 00000000 00:00 0                          [heap]
7f0944000000-7f0944021000 rw-p 00000000 00:00 0 
7f0944021000-7f0948000000 ---p 00000000 00:00 0 
7f0948000000-7f09487d4000 rw-p 00000000 00:00 0 
7f09487d4000-7f094c000000 ---p 00000000 00:00 0 
7f094c000000-7f094c021000 rw-p 00000000 00:00 0 
7f094c021000-7f0950000000 ---p 00000000 00:00 0 
7f0950000000-7f0950021000 rw-p 00000000 00:00 0 
7f0950021000-7f0954000000 ---p 00000000 00:00 0 
7f0954000000-7f0954021000 rw-p 00000000 00:00 0 
7f0954021000-7f0958000000 ---p 00000000 00:00 0 
7f0958000000-7f0958021000 rw-p 00000000 00:00 0 
7f0958021000-7f095c000000 ---p 00000000 00:00 0 
7f095c000000-7f095c021000 rw-p 00000000 00:00 0 
7f095c021000-7f0960000000 ---p 00000000 00:00 0 
7f0960000000-7f0960021000 rw-p 00000000 00:00 0 
7f0960021000-7f0964000000 ---p 00000000 00:00 0 
7f0964000000-7f0964e2e000 rw-p 00000000 00:00 0 
7f0964e2e000-7f0968000000 ---p 00000000 00:00 0 
7f0968000000-7f09686da000 rw-p 00000000 00:00 0 
7f09686da000-7f096c000000 ---p 00000000 00:00 0 
7f096c000000-7f096c021000 rw-p 00000000 00:00 0 
7f096c021000-7f0970000000 ---p 00000000 00:00 0 
7f09723f1000-7f0972531000 rw-p 00000000 00:00 0 
7f0972531000-7f09725f1000 ---p 00000000 00:00 0 
7f09725f1000-7f09727f1000 rw-p 00000000 00:00 0 
7f09727f1000-7f09729f1000 rw-p 00000000 00:00 0 
7f09729f1000-7f0972bf1000 rw-p 00000000 00:00 0 
7f0972bf1000-7f0972bf5000 ---p 00000000 00:00 0 
7f0972bf5000-7f0972cf2000 rw-p 00000000 00:00 0 
7f0972cf2000-7f0972cf3000 ---p 00000000 00:00 0 
7f0972cf3000-7f0972df4000 rw-p 00000000 00:00 0 
7f0972df4000-7f0972df5000 ---p 00000000 00:00 0 
7f0972df5000-7f0972ef6000 rw-p 00000000 00:00 0 
7f0972ef6000-7f0972ef7000 ---p 00000000 00:00 0 
7f0972ef7000-7f0972ff8000 rw-p 00000000 00:00 0 
7f0972ff8000-7f0972ffb000 r-xp 00000000 07:0c 2319                       /snap/netbeans/41/netbeans/java/maven/lib/jansi-native/linux64/libjansi.so
7f0972ffb000-7f09731fa000 ---p 00003000 07:0c 2319                       /snap/netbeans/41/netbeans/java/maven/lib/jansi-native/linux64/libjansi.so
7f09731fa000-7f09731fb000 rw-p 00002000 07:0c 2319                       /snap/netbeans/41/netbeans/java/maven/lib/jansi-native/linux64/libjansi.so
7f09731fb000-7f09731ff000 ---p 00000000 00:00 0 
7f09731ff000-7f09732fc000 rw-p 00000000 00:00 0 
7f09732fc000-7f09732fd000 ---p 00000000 00:00 0 
7f09732fd000-7f09733fe000 rw-p 00000000 00:00 0 
7f09733fe000-7f0973402000 ---p 00000000 00:00 0 
7f0973402000-7f09734ff000 rw-p 00000000 00:00 0 
7f09734ff000-7f0973503000 ---p 00000000 00:00 0 
7f0973503000-7f0973600000 rw-p 00000000 00:00 0 
7f0973600000-7f0973604000 ---p 00000000 00:00 0 
7f0973604000-7f0973701000 rw-p 00000000 00:00 0 
7f0973701000-7f0973705000 ---p 00000000 00:00 0 
7f0973705000-7f0973802000 rw-p 00000000 00:00 0 
7f0973802000-7f0974000000 r--p 00000000 08:05 2621460                    /usr/lib/locale/locale-archive
7f0974000000-7f0974021000 rw-p 00000000 00:00 0 
7f0974021000-7f0978000000 ---p 00000000 00:00 0 
7f0978000000-7f0978021000 rw-p 00000000 00:00 0 
7f0978021000-7f097c000000 ---p 00000000 00:00 0 
7f097c000000-7f097c021000 rw-p 00000000 00:00 0 
7f097c021000-7f0980000000 ---p 00000000 00:00 0 
7f0980000000-7f0980021000 rw-p 00000000 00:00 0 
7f0980021000-7f0984000000 ---p 00000000 00:00 0 
7f0984000000-7f0984021000 rw-p 00000000 00:00 0 
7f0984021000-7f0988000000 ---p 00000000 00:00 0 
7f0988000000-7f0988021000 rw-p 00000000 00:00 0 
7f0988021000-7f098c000000 ---p 00000000 00:00 0 
7f098c000000-7f098c021000 rw-p 00000000 00:00 0 
7f098c021000-7f0990000000 ---p 00000000 00:00 0 
7f099003d000-7f0990041000 ---p 00000000 00:00 0 
7f0990041000-7f099013e000 rw-p 00000000 00:00 0 
7f099013e000-7f0990142000 ---p 00000000 00:00 0 
7f0990142000-7f099023f000 rw-p 00000000 00:00 0 
7f099023f000-7f0990243000 ---p 00000000 00:00 0 
7f0990243000-7f0992628000 rw-p 00000000 00:00 0 
7f0992628000-7f0994198000 ---p 00000000 00:00 0 
7f0994198000-7f09941a0000 rw-p 00000000 00:00 0 
7f09941a0000-7f09951a0000 ---p 00000000 00:00 0 
7f09951a0000-7f0995488000 rw-p 00000000 00:00 0 
7f0995488000-7f0996ff8000 ---p 00000000 00:00 0 
7f0996ff8000-7f0997000000 rw-p 00000000 00:00 0 
7f0997000000-7f0998000000 ---p 00000000 00:00 0 
7f0998000000-7f0998021000 rw-p 00000000 00:00 0 
7f0998021000-7f099c000000 ---p 00000000 00:00 0 
7f099c068000-7f099c899000 rw-p 00000000 00:00 0 
7f099c899000-7f099cb09000 rwxp 00000000 00:00 0 
7f099cb09000-7f099ce29000 ---p 00000000 00:00 0 
7f099ce29000-7f099d569000 rwxp 00000000 00:00 0 
7f099d569000-7f09a4361000 ---p 00000000 00:00 0 
7f09a4361000-7f09a45d1000 rwxp 00000000 00:00 0 
7f09a45d1000-7f09ab899000 ---p 00000000 00:00 0 
7f09ab899000-7f09b4000000 r--s 00000000 08:05 1189356                    /usr/lib/jvm/java-11-openjdk-amd64/lib/modules
7f09b4000000-7f09b500b000 rw-p 00000000 00:00 0 
7f09b500b000-7f09b8000000 ---p 00000000 00:00 0 
7f09b800c000-7f09b800d000 r--p 00000000 08:05 2623646                    /usr/lib/x86_64-linux-gnu/libutil-2.31.so
7f09b800d000-7f09b800e000 r-xp 00001000 08:05 2623646                    /usr/lib/x86_64-linux-gnu/libutil-2.31.so
7f09b800e000-7f09b800f000 r--p 00002000 08:05 2623646                    /usr/lib/x86_64-linux-gnu/libutil-2.31.so
7f09b800f000-7f09b8010000 r--p 00002000 08:05 2623646                    /usr/lib/x86_64-linux-gnu/libutil-2.31.so
7f09b8010000-7f09b8011000 rw-p 00003000 08:05 2623646                    /usr/lib/x86_64-linux-gnu/libutil-2.31.so
7f09b8011000-7f09b8015000 r--p 00000000 08:05 1189336                    /usr/lib/jvm/java-11-openjdk-amd64/lib/libnet.so
7f09b8015000-7f09b8024000 r-xp 00004000 08:05 1189336                    /usr/lib/jvm/java-11-openjdk-amd64/lib/libnet.so
7f09b8024000-7f09b8028000 r--p 00013000 08:05 1189336                    /usr/lib/jvm/java-11-openjdk-amd64/lib/libnet.so
7f09b8028000-7f09b8029000 r--p 00016000 08:05 1189336                    /usr/lib/jvm/java-11-openjdk-amd64/lib/libnet.so
7f09b8029000-7f09b802a000 rw-p 00017000 08:05 1189336                    /usr/lib/jvm/java-11-openjdk-amd64/lib/libnet.so
7f09b802a000-7f09b8031000 r--p 00000000 08:05 1189338                    /usr/lib/jvm/java-11-openjdk-amd64/lib/libnio.so
7f09b8031000-7f09b8039000 r-xp 00007000 08:05 1189338                    /usr/lib/jvm/java-11-openjdk-amd64/lib/libnio.so
7f09b8039000-7f09b803c000 r--p 0000f000 08:05 1189338                    /usr/lib/jvm/java-11-openjdk-amd64/lib/libnio.so
7f09b803c000-7f09b803d000 r--p 00011000 08:05 1189338                    /usr/lib/jvm/java-11-openjdk-amd64/lib/libnio.so
7f09b803d000-7f09b803e000 rw-p 00012000 08:05 1189338                    /usr/lib/jvm/java-11-openjdk-amd64/lib/libnio.so
7f09b803e000-7f09b803f000 ---p 00000000 00:00 0 
7f09b803f000-7f09b8286000 rw-p 00000000 00:00 0 
7f09b8286000-7f09b8287000 ---p 00000000 00:00 0 
7f09b8287000-7f09b8388000 rw-p 00000000 00:00 0 
7f09b8388000-7f09b8389000 ---p 00000000 00:00 0 
7f09b8389000-7f09b888e000 rw-p 00000000 00:00 0 
7f09b888e000-7f09b888f000 ---p 00000000 00:00 0 
7f09b888f000-7f09b8990000 rw-p 00000000 00:00 0 
7f09b8990000-7f09b8991000 ---p 00000000 00:00 0 
7f09b8991000-7f09b8b52000 rw-p 00000000 00:00 0 
7f09b8b52000-7f09b8ec0000 ---p 00000000 00:00 0 
7f09b8ec0000-7f09b8ec1000 rw-p 00000000 00:00 0 
7f09b8ec1000-7f09b90c1000 ---p 00000000 00:00 0 
7f09b90c1000-7f09b911e000 rw-p 00000000 00:00 0 
7f09b911e000-7f09b948c000 ---p 00000000 00:00 0 
7f09b948c000-7f09b948d000 rw-p 00000000 00:00 0 
7f09b948d000-7f09b968d000 ---p 00000000 00:00 0 
7f09b968d000-7f09b96ea000 rw-p 00000000 00:00 0 
7f09b96ea000-7f09b9a58000 ---p 00000000 00:00 0 
7f09b9a58000-7f09b9a59000 rw-p 00000000 00:00 0 
7f09b9a59000-7f09b9c59000 ---p 00000000 00:00 0 
7f09b9c59000-7f09ba05d000 rw-p 00000000 00:00 0 
7f09ba05d000-7f09ba05e000 ---p 00000000 00:00 0 
7f09ba05e000-7f09ba164000 rw-p 00000000 00:00 0 
7f09ba164000-7f09ba24a000 ---p 00000000 00:00 0 
7f09ba24a000-7f09ba259000 rw-p 00000000 00:00 0 
7f09ba259000-7f09ba335000 ---p 00000000 00:00 0 
7f09ba335000-7f09ba33a000 rw-p 00000000 00:00 0 
7f09ba33a000-7f09ba341000 ---p 00000000 00:00 0 
7f09ba341000-7f09ba344000 r--p 00000000 08:05 2623633                    /usr/lib/x86_64-linux-gnu/libnss_files-2.31.so
7f09ba344000-7f09ba34b000 r-xp 00003000 08:05 2623633                    /usr/lib/x86_64-linux-gnu/libnss_files-2.31.so
7f09ba34b000-7f09ba34d000 r--p 0000a000 08:05 2623633                    /usr/lib/x86_64-linux-gnu/libnss_files-2.31.so
7f09ba34d000-7f09ba34e000 r--p 0000b000 08:05 2623633                    /usr/lib/x86_64-linux-gnu/libnss_files-2.31.so
7f09ba34e000-7f09ba34f000 rw-p 0000c000 08:05 2623633                    /usr/lib/x86_64-linux-gnu/libnss_files-2.31.so
7f09ba34f000-7f09ba355000 rw-p 00000000 00:00 0 
7f09ba355000-7f09ba357000 r--p 00000000 08:05 1189354                    /usr/lib/jvm/java-11-openjdk-amd64/lib/libzip.so
7f09ba357000-7f09ba35b000 r-xp 00002000 08:05 1189354                    /usr/lib/jvm/java-11-openjdk-amd64/lib/libzip.so
7f09ba35b000-7f09ba35d000 r--p 00006000 08:05 1189354                    /usr/lib/jvm/java-11-openjdk-amd64/lib/libzip.so
7f09ba35d000-7f09ba35e000 r--p 00007000 08:05 1189354                    /usr/lib/jvm/java-11-openjdk-amd64/lib/libzip.so
7f09ba35e000-7f09ba35f000 rw-p 00008000 08:05 1189354                    /usr/lib/jvm/java-11-openjdk-amd64/lib/libzip.so
7f09ba35f000-7f09ba367000 rw-s 00000000 08:05 1708204                    /tmp/hsperfdata_james/26590
7f09ba367000-7f09ba368000 ---p 00000000 00:00 0 
7f09ba368000-7f09ba369000 r--p 00000000 00:00 0 
7f09ba369000-7f09ba36b000 r--p 00000000 08:05 1189320                    /usr/lib/jvm/java-11-openjdk-amd64/lib/libjimage.so
7f09ba36b000-7f09ba36e000 r-xp 00002000 08:05 1189320                    /usr/lib/jvm/java-11-openjdk-amd64/lib/libjimage.so
7f09ba36e000-7f09ba36f000 r--p 00005000 08:05 1189320                    /usr/lib/jvm/java-11-openjdk-amd64/lib/libjimage.so
7f09ba36f000-7f09ba370000 ---p 00006000 08:05 1189320                    /usr/lib/jvm/java-11-openjdk-amd64/lib/libjimage.so
7f09ba370000-7f09ba371000 r--p 00006000 08:05 1189320                    /usr/lib/jvm/java-11-openjdk-amd64/lib/libjimage.so
7f09ba371000-7f09ba372000 rw-p 00007000 08:05 1189320                    /usr/lib/jvm/java-11-openjdk-amd64/lib/libjimage.so
7f09ba372000-7f09ba380000 r--p 00000000 08:05 1189312                    /usr/lib/jvm/java-11-openjdk-amd64/lib/libjava.so
7f09ba380000-7f09ba396000 r-xp 0000e000 08:05 1189312                    /usr/lib/jvm/java-11-openjdk-amd64/lib/libjava.so
7f09ba396000-7f09ba39d000 r--p 00024000 08:05 1189312                    /usr/lib/jvm/java-11-openjdk-amd64/lib/libjava.so
7f09ba39d000-7f09ba39e000 r--p 0002a000 08:05 1189312                    /usr/lib/jvm/java-11-openjdk-amd64/lib/libjava.so
7f09ba39e000-7f09ba39f000 rw-p 0002b000 08:05 1189312                    /usr/lib/jvm/java-11-openjdk-amd64/lib/libjava.so
7f09ba39f000-7f09ba3a0000 rw-p 00000000 00:00 0 
7f09ba3a0000-7f09ba3a3000 r--p 00000000 08:05 2623644                    /usr/lib/x86_64-linux-gnu/librt-2.31.so
7f09ba3a3000-7f09ba3a7000 r-xp 00003000 08:05 2623644                    /usr/lib/x86_64-linux-gnu/librt-2.31.so
7f09ba3a7000-7f09ba3a8000 r--p 00007000 08:05 2623644                    /usr/lib/x86_64-linux-gnu/librt-2.31.so
7f09ba3a8000-7f09ba3a9000 ---p 00008000 08:05 2623644                    /usr/lib/x86_64-linux-gnu/librt-2.31.so
7f09ba3a9000-7f09ba3aa000 r--p 00008000 08:05 2623644                    /usr/lib/x86_64-linux-gnu/librt-2.31.so
7f09ba3aa000-7f09ba3ab000 rw-p 00009000 08:05 2623644                    /usr/lib/x86_64-linux-gnu/librt-2.31.so
7f09ba3ab000-7f09ba3af000 ---p 00000000 00:00 0 
7f09ba3af000-7f09ba4ac000 rw-p 00000000 00:00 0 
7f09ba4ac000-7f09ba4af000 r--p 00000000 08:05 2623616                    /usr/lib/x86_64-linux-gnu/libgcc_s.so.1
7f09ba4af000-7f09ba4c1000 r-xp 00003000 08:05 2623616                    /usr/lib/x86_64-linux-gnu/libgcc_s.so.1
7f09ba4c1000-7f09ba4c5000 r--p 00015000 08:05 2623616                    /usr/lib/x86_64-linux-gnu/libgcc_s.so.1
7f09ba4c5000-7f09ba4c6000 r--p 00018000 08:05 2623616                    /usr/lib/x86_64-linux-gnu/libgcc_s.so.1
7f09ba4c6000-7f09ba4c7000 rw-p 00019000 08:05 2623616                    /usr/lib/x86_64-linux-gnu/libgcc_s.so.1
7f09ba4c7000-7f09ba4d6000 r--p 00000000 08:05 2623627                    /usr/lib/x86_64-linux-gnu/libm-2.31.so
7f09ba4d6000-7f09ba57d000 r-xp 0000f000 08:05 2623627                    /usr/lib/x86_64-linux-gnu/libm-2.31.so
7f09ba57d000-7f09ba614000 r--p 000b6000 08:05 2623627                    /usr/lib/x86_64-linux-gnu/libm-2.31.so
7f09ba614000-7f09ba615000 r--p 0014c000 08:05 2623627                    /usr/lib/x86_64-linux-gnu/libm-2.31.so
7f09ba615000-7f09ba616000 rw-p 0014d000 08:05 2623627                    /usr/lib/x86_64-linux-gnu/libm-2.31.so
7f09ba616000-7f09ba6ac000 r--p 00000000 08:05 2623619                    /usr/lib/x86_64-linux-gnu/libstdc++.so.6.0.28
7f09ba6ac000-7f09ba79c000 r-xp 00096000 08:05 2623619                    /usr/lib/x86_64-linux-gnu/libstdc++.so.6.0.28
7f09ba79c000-7f09ba7e5000 r--p 00186000 08:05 2623619                    /usr/lib/x86_64-linux-gnu/libstdc++.so.6.0.28
7f09ba7e5000-7f09ba7e6000 ---p 001cf000 08:05 2623619                    /usr/lib/x86_64-linux-gnu/libstdc++.so.6.0.28
7f09ba7e6000-7f09ba7f1000 r--p 001cf000 08:05 2623619                    /usr/lib/x86_64-linux-gnu/libstdc++.so.6.0.28
7f09ba7f1000-7f09ba7f4000 rw-p 001da000 08:05 2623619                    /usr/lib/x86_64-linux-gnu/libstdc++.so.6.0.28
7f09ba7f4000-7f09ba7f7000 rw-p 00000000 00:00 0 
7f09ba7f7000-7f09baa70000 r--p 00000000 08:05 1189362                    /usr/lib/jvm/java-11-openjdk-amd64/lib/server/libjvm.so
7f09baa70000-7f09bb6ed000 r-xp 00279000 08:05 1189362                    /usr/lib/jvm/java-11-openjdk-amd64/lib/server/libjvm.so
7f09bb6ed000-7f09bb943000 r--p 00ef6000 08:05 1189362                    /usr/lib/jvm/java-11-openjdk-amd64/lib/server/libjvm.so
7f09bb943000-7f09bba04000 r--p 0114b000 08:05 1189362                    /usr/lib/jvm/java-11-openjdk-amd64/lib/server/libjvm.so
7f09bba04000-7f09bba3f000 rw-p 0120c000 08:05 1189362                    /usr/lib/jvm/java-11-openjdk-amd64/lib/server/libjvm.so
7f09bba3f000-7f09bba98000 rw-p 00000000 00:00 0 
7f09bba98000-7f09bba9f000 r--p 00000000 08:05 2623642                    /usr/lib/x86_64-linux-gnu/libpthread-2.31.so
7f09bba9f000-7f09bbab0000 r-xp 00007000 08:05 2623642                    /usr/lib/x86_64-linux-gnu/libpthread-2.31.so
7f09bbab0000-7f09bbab5000 r--p 00018000 08:05 2623642                    /usr/lib/x86_64-linux-gnu/libpthread-2.31.so
7f09bbab5000-7f09bbab6000 r--p 0001c000 08:05 2623642                    /usr/lib/x86_64-linux-gnu/libpthread-2.31.so
7f09bbab6000-7f09bbab7000 rw-p 0001d000 08:05 2623642                    /usr/lib/x86_64-linux-gnu/libpthread-2.31.so
7f09bbab7000-7f09bbabb000 rw-p 00000000 00:00 0 
7f09bbabb000-7f09bbabc000 r--p 00000000 08:05 2623626                    /usr/lib/x86_64-linux-gnu/libdl-2.31.so
7f09bbabc000-7f09bbabe000 r-xp 00001000 08:05 2623626                    /usr/lib/x86_64-linux-gnu/libdl-2.31.so
7f09bbabe000-7f09bbabf000 r--p 00003000 08:05 2623626                    /usr/lib/x86_64-linux-gnu/libdl-2.31.so
7f09bbabf000-7f09bbac0000 r--p 00003000 08:05 2623626                    /usr/lib/x86_64-linux-gnu/libdl-2.31.so
7f09bbac0000-7f09bbac1000 rw-p 00004000 08:05 2623626                    /usr/lib/x86_64-linux-gnu/libdl-2.31.so
7f09bbac1000-7f09bbac3000 r--p 00000000 08:05 2621981                    /usr/lib/x86_64-linux-gnu/libz.so.1.2.11
7f09bbac3000-7f09bbad4000 r-xp 00002000 08:05 2621981                    /usr/lib/x86_64-linux-gnu/libz.so.1.2.11
7f09bbad4000-7f09bbada000 r--p 00013000 08:05 2621981                    /usr/lib/x86_64-linux-gnu/libz.so.1.2.11
7f09bbada000-7f09bbadb000 ---p 00019000 08:05 2621981                    /usr/lib/x86_64-linux-gnu/libz.so.1.2.11
7f09bbadb000-7f09bbadc000 r--p 00019000 08:05 2621981                    /usr/lib/x86_64-linux-gnu/libz.so.1.2.11
7f09bbadc000-7f09bbadd000 rw-p 0001a000 08:05 2621981                    /usr/lib/x86_64-linux-gnu/libz.so.1.2.11
7f09bbadd000-7f09bbb02000 r--p 00000000 08:05 2623625                    /usr/lib/x86_64-linux-gnu/libc-2.31.so
7f09bbb02000-7f09bbc7a000 r-xp 00025000 08:05 2623625                    /usr/lib/x86_64-linux-gnu/libc-2.31.so
7f09bbc7a000-7f09bbcc4000 r--p 0019d000 08:05 2623625                    /usr/lib/x86_64-linux-gnu/libc-2.31.so
7f09bbcc4000-7f09bbcc5000 ---p 001e7000 08:05 2623625                    /usr/lib/x86_64-linux-gnu/libc-2.31.so
7f09bbcc5000-7f09bbcc8000 r--p 001e7000 08:05 2623625                    /usr/lib/x86_64-linux-gnu/libc-2.31.so
7f09bbcc8000-7f09bbccb000 rw-p 001ea000 08:05 2623625                    /usr/lib/x86_64-linux-gnu/libc-2.31.so
7f09bbccb000-7f09bbccf000 rw-p 00000000 00:00 0 
7f09bbccf000-7f09bbcd4000 r--p 00000000 08:05 1189352                    /usr/lib/jvm/java-11-openjdk-amd64/lib/libverify.so
7f09bbcd4000-7f09bbcdb000 r-xp 00005000 08:05 1189352                    /usr/lib/jvm/java-11-openjdk-amd64/lib/libverify.so
7f09bbcdb000-7f09bbcdd000 r--p 0000c000 08:05 1189352                    /usr/lib/jvm/java-11-openjdk-amd64/lib/libverify.so
7f09bbcdd000-7f09bbcde000 ---p 0000e000 08:05 1189352                    /usr/lib/jvm/java-11-openjdk-amd64/lib/libverify.so
7f09bbcde000-7f09bbce0000 r--p 0000e000 08:05 1189352                    /usr/lib/jvm/java-11-openjdk-amd64/lib/libverify.so
7f09bbce0000-7f09bbce1000 rw-p 00010000 08:05 1189352                    /usr/lib/jvm/java-11-openjdk-amd64/lib/libverify.so
7f09bbce1000-7f09bbce4000 r--p 00000000 08:05 1189280                    /usr/lib/jvm/java-11-openjdk-amd64/lib/jli/libjli.so
7f09bbce4000-7f09bbcee000 r-xp 00003000 08:05 1189280                    /usr/lib/jvm/java-11-openjdk-amd64/lib/jli/libjli.so
7f09bbcee000-7f09bbcf1000 r--p 0000d000 08:05 1189280                    /usr/lib/jvm/java-11-openjdk-amd64/lib/jli/libjli.so
7f09bbcf1000-7f09bbcf2000 ---p 00010000 08:05 1189280                    /usr/lib/jvm/java-11-openjdk-amd64/lib/jli/libjli.so
7f09bbcf2000-7f09bbcf3000 r--p 00010000 08:05 1189280                    /usr/lib/jvm/java-11-openjdk-amd64/lib/jli/libjli.so
7f09bbcf3000-7f09bbcf4000 rw-p 00011000 08:05 1189280                    /usr/lib/jvm/java-11-openjdk-amd64/lib/jli/libjli.so
7f09bbcf4000-7f09bbcf6000 rw-p 00000000 00:00 0 
7f09bbcf6000-7f09bbcf7000 r--p 00000000 08:05 2623621                    /usr/lib/x86_64-linux-gnu/ld-2.31.so
7f09bbcf7000-7f09bbd1a000 r-xp 00001000 08:05 2623621                    /usr/lib/x86_64-linux-gnu/ld-2.31.so
7f09bbd1a000-7f09bbd22000 r--p 00024000 08:05 2623621                    /usr/lib/x86_64-linux-gnu/ld-2.31.so
7f09bbd23000-7f09bbd24000 r--p 0002c000 08:05 2623621                    /usr/lib/x86_64-linux-gnu/ld-2.31.so
7f09bbd24000-7f09bbd25000 rw-p 0002d000 08:05 2623621                    /usr/lib/x86_64-linux-gnu/ld-2.31.so
7f09bbd25000-7f09bbd26000 rw-p 00000000 00:00 0 
7fffdb81a000-7fffdb83b000 rw-p 00000000 00:00 0                          [stack]
7fffdb9b9000-7fffdb9bc000 r--p 00000000 00:00 0                          [vvar]
7fffdb9bc000-7fffdb9bd000 r-xp 00000000 00:00 0                          [vdso]
ffffffffff600000-ffffffffff601000 --xp 00000000 00:00 0                  [vsyscall]


VM Arguments:
jvm_args: -Dclassworlds.conf=/snap/netbeans/41/netbeans/java/maven/bin/m2.conf -Dmaven.home=/snap/netbeans/41/netbeans/java/maven -Dlibrary.jansi.path=/snap/netbeans/41/netbeans/java/maven/lib/jansi-native -Dmaven.multiModuleProjectDirectory=/home/james/Pictures/ZI/BANCO3.0-master 
java_command: org.codehaus.plexus.classworlds.launcher.Launcher -Dmaven.ext.class.path=/snap/netbeans/41/netbeans/java/maven-nblib/netbeans-eventspy.jar clean install
java_class_path (initial): /snap/netbeans/41/netbeans/java/maven/boot/plexus-classworlds-2.6.0.jar
Launcher Type: SUN_STANDARD

[Global flags]
     intx CICompilerCount                          = 3                                         {product} {ergonomic}
     uint ConcGCThreads                            = 1                                         {product} {ergonomic}
     uint G1ConcRefinementThreads                  = 4                                         {product} {ergonomic}
   size_t G1HeapRegionSize                         = 1048576                                   {product} {ergonomic}
    uintx GCDrainStackTargetSize                   = 64                                        {product} {ergonomic}
   size_t InitialHeapSize                          = 195035136                                 {product} {ergonomic}
   size_t MarkStackSize                            = 4194304                                   {product} {ergonomic}
   size_t MaxHeapSize                              = 3112173568                                {product} {ergonomic}
   size_t MaxNewSize                               = 1866465280                                {product} {ergonomic}
   size_t MinHeapDeltaBytes                        = 1048576                                   {product} {ergonomic}
    uintx NonNMethodCodeHeapSize                   = 5830732                                {pd product} {ergonomic}
    uintx NonProfiledCodeHeapSize                  = 122913754                              {pd product} {ergonomic}
    uintx ProfiledCodeHeapSize                     = 122913754                              {pd product} {ergonomic}
    uintx ReservedCodeCacheSize                    = 251658240                              {pd product} {ergonomic}
     bool SegmentedCodeCache                       = true                                      {product} {ergonomic}
     bool UseCompressedClassPointers               = true                                 {lp64_product} {ergonomic}
     bool UseCompressedOops                        = true                                 {lp64_product} {ergonomic}
     bool UseG1GC                                  = true                                      {product} {ergonomic}

Logging:
Log output configuration:
 #0: stdout all=warning uptime,level,tags
 #1: stderr all=off uptime,level,tags

Environment Variables:
JAVA_HOME=/usr/lib/jvm/java-11-openjdk-amd64
PATH=/usr/local/sbin:/usr/local/bin:/usr/sbin:/usr/bin:/sbin:/bin:/usr/games:/usr/local/games:/snap/bin
USERNAME=james
SHELL=/bin/bash
DISPLAY=:0
LANG=en_US.UTF-8

Signal Handlers:
SIGSEGV: [libjvm.so+0xe824c0], sa_mask[0]=11111111011111111101111111111110, sa_flags=SA_RESTART|SA_SIGINFO
SIGBUS: [libjvm.so+0xe824c0], sa_mask[0]=11111111011111111101111111111110, sa_flags=SA_RESTART|SA_SIGINFO
SIGFPE: [libjvm.so+0xe824c0], sa_mask[0]=11111111011111111101111111111110, sa_flags=SA_RESTART|SA_SIGINFO
SIGPIPE: [libjvm.so+0xbc8ee0], sa_mask[0]=11111111011111111101111111111110, sa_flags=SA_RESTART|SA_SIGINFO
SIGXFSZ: [libjvm.so+0xbc8ee0], sa_mask[0]=11111111011111111101111111111110, sa_flags=SA_RESTART|SA_SIGINFO
SIGILL: [libjvm.so+0xe824c0], sa_mask[0]=11111111011111111101111111111110, sa_flags=SA_RESTART|SA_SIGINFO
SIGUSR2: [libjvm.so+0xbc8d80], sa_mask[0]=00100000000000000000000000000000, sa_flags=SA_RESTART|SA_SIGINFO
SIGHUP: [libjvm.so+0xbc9220], sa_mask[0]=11111111011111111101111111111110, sa_flags=SA_RESTART|SA_SIGINFO
SIGINT: SIG_IGN, sa_mask[0]=00000000000000000000000000000000, sa_flags=none
SIGTERM: [libjvm.so+0xbc9220], sa_mask[0]=11111111011111111101111111111110, sa_flags=SA_RESTART|SA_SIGINFO
SIGQUIT: [libjvm.so+0xbc9220], sa_mask[0]=11111111011111111101111111111110, sa_flags=SA_RESTART|SA_SIGINFO


---------------  S Y S T E M  ---------------

OS:DISTRIB_ID=Ubuntu
DISTRIB_RELEASE=20.04
DISTRIB_CODENAME=focal
DISTRIB_DESCRIPTION="Ubuntu 20.04.1 LTS"
uname:Linux 5.4.0-58-generic #64-Ubuntu SMP Wed Dec 9 08:16:25 UTC 2020 x86_64
OS uptime: 0 days 9:39 hours
libc:glibc 2.31 NPTL 2.31 
rlimit (soft/hard): STACK 8192k/infinity , CORE 0k/infinity , NPROC 47247/47247 , NOFILE 1048576/1048576 , AS infinity/infinity , CPU infinity/infinity , DATA infinity/infinity , FSIZE infinity/infinity , MEMLOCK 65536k/65536k
load average:1.57 1.57 1.62

/proc/meminfo:
MemTotal:       12152148 kB
MemFree:          914984 kB
MemAvailable:    4704140 kB
Buffers:          557952 kB
Cached:          4635188 kB
SwapCached:           76 kB
Active:          7550500 kB
Inactive:        2952568 kB
Active(anon):    5409920 kB
Inactive(anon):  1226600 kB
Active(file):    2140580 kB
Inactive(file):  1725968 kB
Unevictable:      218488 kB
Mlocked:              48 kB
SwapTotal:      12581884 kB
SwapFree:       12581216 kB
Dirty:              3028 kB
Writeback:             0 kB
AnonPages:       5528472 kB
Mapped:          1239120 kB
Shmem:           1326308 kB
KReclaimable:     247560 kB
Slab:             388576 kB
SReclaimable:     247560 kB
SUnreclaim:       141016 kB
KernelStack:       19232 kB
PageTables:        44524 kB
NFS_Unstable:          0 kB
Bounce:                0 kB
WritebackTmp:          0 kB
CommitLimit:    18657956 kB
Committed_AS:   13303152 kB
VmallocTotal:   34359738367 kB
VmallocUsed:       39328 kB
VmallocChunk:          0 kB
Percpu:             3520 kB
HardwareCorrupted:     0 kB
AnonHugePages:         0 kB
ShmemHugePages:        0 kB
ShmemPmdMapped:        0 kB
FileHugePages:         0 kB
FilePmdMapped:         0 kB
CmaTotal:              0 kB
CmaFree:               0 kB
HugePages_Total:       0
HugePages_Free:        0
HugePages_Rsvd:        0
HugePages_Surp:        0
Hugepagesize:       2048 kB
Hugetlb:               0 kB
DirectMap4k:      355956 kB
DirectMap2M:    10012672 kB
DirectMap1G:     2097152 kB

/sys/kernel/mm/transparent_hugepage/enabled:
always [madvise] never
/sys/kernel/mm/transparent_hugepage/defrag (defrag/compaction efforts parameter):
always defer defer+madvise [madvise] never

/proc/sys/kernel/threads-max (system-wide limit on the number of threads):
94494
/proc/sys/vm/max_map_count (maximum number of memory map areas a process may have):
65530
/proc/sys/kernel/pid_max (system-wide limit on number of process identifiers):
4194304

container (cgroup) information:
container_type: cgroupv1
cpu_cpuset_cpus: 0-3
cpu_memory_nodes: 0
active_processor_count: 4
cpu_quota: -1
cpu_period: 100000
cpu_shares: -1
memory_limit_in_bytes: -1
memory_and_swap_limit_in_bytes: -2
memory_soft_limit_in_bytes: -1
memory_usage_in_bytes: 8927563776
memory_max_usage_in_bytes: 9889091584

Steal ticks since vm start: 0
Steal ticks percentage since vm start:  0.000

CPU:total 4 (initial active 4) (2 cores per cpu, 2 threads per core) family 6 model 142 stepping 9, cmov, cx8, fxsr, mmx, sse, sse2, sse3, ssse3, sse4.1, sse4.2, popcnt, avx, avx2, aes, clmul, erms, 3dnowpref, lzcnt, ht, tsc, tscinvbit, bmi1, bmi2, adx, fma
CPU Model and flags from /proc/cpuinfo:
model name	: Intel(R) Core(TM) i5-7200U CPU @ 2.50GHz
flags		: fpu vme de pse tsc msr pae mce cx8 apic sep mtrr pge mca cmov pat pse36 clflush dts acpi mmx fxsr sse sse2 ss ht tm pbe syscall nx pdpe1gb rdtscp lm constant_tsc art arch_perfmon pebs bts rep_good nopl xtopology nonstop_tsc cpuid aperfmperf pni pclmulqdq dtes64 monitor ds_cpl vmx est tm2 ssse3 sdbg fma cx16 xtpr pdcm pcid sse4_1 sse4_2 x2apic movbe popcnt tsc_deadline_timer aes xsave avx f16c rdrand lahf_lm abm 3dnowprefetch cpuid_fault epb invpcid_single pti ssbd ibrs ibpb stibp tpr_shadow vnmi flexpriority ept vpid ept_ad fsgsbase tsc_adjust bmi1 avx2 smep bmi2 erms invpcid mpx rdseed adx smap clflushopt intel_pt xsaveopt xsavec xgetbv1 xsaves dtherm ida arat pln pts hwp hwp_notify hwp_act_window hwp_epp md_clear flush_l1d
Online cpus:
0-3
Offline cpus:

BIOS frequency limitation:
<Not Available>
Frequency switch latency (ns):
0
Available cpu frequencies:
<Not Available>
Current governor:
powersave
Core performance/turbo boost:
<Not Available>

Memory: 4k page, physical 12152148k(914984k free), swap 12581884k(12581216k free)

vm_info: OpenJDK 64-Bit Server VM (11.0.9.1+1-Ubuntu-0ubuntu1.20.04) for linux-amd64 JRE (11.0.9.1+1-Ubuntu-0ubuntu1.20.04), built on Nov 10 2020 04:18:42 by "unknown" with gcc 9.3.0

END.
