#
# A fatal error has been detected by the Java Runtime Environment:
#
#  SIGSEGV (0xb) at pc=0x00007fb641858a82, pid=13203, tid=13220
#
# JRE version: OpenJDK Runtime Environment (11.0.9.1+1) (build 11.0.9.1+1-Ubuntu-0ubuntu1.20.04)
# Java VM: OpenJDK 64-Bit Server VM (11.0.9.1+1-Ubuntu-0ubuntu1.20.04, mixed mode, sharing, tiered, compressed oops, g1 gc, linux-amd64)
# Problematic frame:
# J 5167 c1 com.sun.tools.javac.code.Scope$CompoundScope.appendSubScope(Lcom/sun/tools/javac/code/Scope;)V jdk.compiler@11.0.9.1 (41 bytes) @ 0x00007fb641858a82 [0x00007fb641858a00+0x0000000000000082]
#
# Core dump will be written. Default location: Core dumps may be processed with "/usr/share/apport/apport %p %s %c %d %P %E" (or dumping to /home/james/Pictures/ULTIMO/BANCO/core.13203)
#
# If you would like to submit a bug report, please visit:
#   https://bugs.launchpad.net/ubuntu/+source/openjdk-lts
#

---------------  S U M M A R Y ------------

Command Line: -Dclassworlds.conf=/snap/netbeans/41/netbeans/java/maven/bin/m2.conf -Dmaven.home=/snap/netbeans/41/netbeans/java/maven -Dlibrary.jansi.path=/snap/netbeans/41/netbeans/java/maven/lib/jansi-native -Dmaven.multiModuleProjectDirectory=/home/james/Pictures/ULTIMO/BANCO org.codehaus.plexus.classworlds.launcher.Launcher -Dnetbeans.deploy=true -Dmaven.ext.class.path=/snap/netbeans/41/netbeans/java/maven-nblib/netbeans-eventspy.jar package

Host: Intel(R) Core(TM) i5-7200U CPU @ 2.50GHz, 4 cores, 11G, Ubuntu 20.04.1 LTS
Time: Thu Jan 14 04:58:57 2021 EST elapsed time: 4.951524 seconds (0d 0h 0m 4s)

---------------  T H R E A D  ---------------

Current thread (0x00007fb658016800):  JavaThread "main" [_thread_in_Java, id=13220, stack(0x00007fb65f02b000,0x00007fb65f12c000)]

Stack: [0x00007fb65f02b000,0x00007fb65f12c000],  sp=0x00007fb65f128910,  free space=1014k
Native frames: (J=compiled Java code, A=aot compiled Java code, j=interpreted, Vv=VM code, C=native code)
J 5167 c1 com.sun.tools.javac.code.Scope$CompoundScope.appendSubScope(Lcom/sun/tools/javac/code/Scope;)V jdk.compiler@11.0.9.1 (41 bytes) @ 0x00007fb641858a82 [0x00007fb641858a00+0x0000000000000082]
J 5166 c1 com.sun.tools.javac.code.Scope$NamedImportScope.appendScope(Lcom/sun/tools/javac/code/Scope;Lcom/sun/tools/javac/util/Name;)Lcom/sun/tools/javac/code/Scope; jdk.compiler@11.0.9.1 (64 bytes) @ 0x00007fb641858294 [0x00007fb641858200+0x0000000000000094]
J 5184 c1 com.sun.tools.javac.comp.TypeEnter$ImportsPhase.importNamed(Lcom/sun/tools/javac/util/JCDiagnostic$DiagnosticPosition;Lcom/sun/tools/javac/code/Symbol;Lcom/sun/tools/javac/comp/Env;Lcom/sun/tools/javac/tree/JCTree$JCImport;)V jdk.compiler@11.0.9.1 (41 bytes) @ 0x00007fb6418615f4 [0x00007fb641861220+0x00000000000003d4]
J 5161 c1 com.sun.tools.javac.comp.TypeEnter$ImportsPhase.doImport(Lcom/sun/tools/javac/tree/JCTree$JCImport;)V jdk.compiler@11.0.9.1 (207 bytes) @ 0x00007fb641857354 [0x00007fb641856d60+0x00000000000005f4]
j  com.sun.tools.javac.comp.TypeEnter$ImportsPhase.resolveImports(Lcom/sun/tools/javac/tree/JCTree$JCCompilationUnit;Lcom/sun/tools/javac/comp/Env;)V+266 jdk.compiler@11.0.9.1
j  com.sun.tools.javac.comp.TypeEnter$ImportsPhase.runPhase(Lcom/sun/tools/javac/comp/Env;)V+35 jdk.compiler@11.0.9.1
J 5239 c1 com.sun.tools.javac.comp.TypeEnter$Phase.doCompleteEnvs(Lcom/sun/tools/javac/util/List;)V jdk.compiler@11.0.9.1 (247 bytes) @ 0x00007fb641879024 [0x00007fb641878c80+0x00000000000003a4]
J 5238 c1 com.sun.tools.javac.comp.TypeEnter$Phase.completeEnvs(Lcom/sun/tools/javac/util/List;)Lcom/sun/tools/javac/util/List; jdk.compiler@11.0.9.1 (137 bytes) @ 0x00007fb64187a5ec [0x00007fb64187a500+0x00000000000000ec]
j  com.sun.tools.javac.comp.TypeEnter.complete(Lcom/sun/tools/javac/code/Symbol;)V+85 jdk.compiler@11.0.9.1
J 4840 c1 com.sun.tools.javac.code.Symbol$ClassSymbol.complete()V jdk.compiler@11.0.9.1 (52 bytes) @ 0x00007fb6417af51c [0x00007fb6417af420+0x00000000000000fc]
j  com.sun.tools.javac.comp.Enter.complete(Lcom/sun/tools/javac/util/List;Lcom/sun/tools/javac/code/Symbol$ClassSymbol;)V+88 jdk.compiler@11.0.9.1
j  com.sun.tools.javac.comp.Enter.main(Lcom/sun/tools/javac/util/List;)V+3 jdk.compiler@11.0.9.1
j  com.sun.tools.javac.main.JavaCompiler.enterTrees(Lcom/sun/tools/javac/util/List;)Lcom/sun/tools/javac/util/List;+64 jdk.compiler@11.0.9.1
j  com.sun.tools.javac.main.JavaCompiler.compile(Ljava/util/Collection;Ljava/util/Collection;Ljava/lang/Iterable;Ljava/util/Collection;)V+304 jdk.compiler@11.0.9.1
j  com.sun.tools.javac.api.JavacTaskImpl.lambda$doCall$0()Lcom/sun/tools/javac/main/Main$Result;+45 jdk.compiler@11.0.9.1
j  com.sun.tools.javac.api.JavacTaskImpl$$Lambda$52.call()Ljava/lang/Object;+4 jdk.compiler@11.0.9.1
j  com.sun.tools.javac.api.JavacTaskImpl.handleExceptions(Ljava/util/concurrent/Callable;Ljava/lang/Object;Ljava/lang/Object;)Ljava/lang/Object;+17 jdk.compiler@11.0.9.1
j  com.sun.tools.javac.api.JavacTaskImpl.doCall()Lcom/sun/tools/javac/main/Main$Result;+13 jdk.compiler@11.0.9.1
j  com.sun.tools.javac.api.JavacTaskImpl.call()Ljava/lang/Boolean;+1 jdk.compiler@11.0.9.1
j  org.codehaus.plexus.compiler.javac.JavaxToolsCompiler.compileInProcess([Ljava/lang/String;Lorg/codehaus/plexus/compiler/CompilerConfiguration;[Ljava/lang/String;)Lorg/codehaus/plexus/compiler/CompilerResult;+125
j  org.codehaus.plexus.compiler.javac.JavacCompiler.performCompile(Lorg/codehaus/plexus/compiler/CompilerConfiguration;)Lorg/codehaus/plexus/compiler/CompilerResult;+216
j  org.apache.maven.plugin.compiler.AbstractCompilerMojo.execute()V+2006
j  org.apache.maven.plugin.compiler.CompilerMojo.execute()V+20
j  org.apache.maven.plugin.DefaultBuildPluginManager.executeMojo(Lorg/apache/maven/execution/MavenSession;Lorg/apache/maven/plugin/MojoExecution;)V+152
j  org.apache.maven.lifecycle.internal.MojoExecutor.execute(Lorg/apache/maven/execution/MavenSession;Lorg/apache/maven/plugin/MojoExecution;Lorg/apache/maven/lifecycle/internal/ProjectIndex;Lorg/apache/maven/lifecycle/internal/DependencyContext;)V+215
j  org.apache.maven.lifecycle.internal.MojoExecutor.execute(Lorg/apache/maven/execution/MavenSession;Lorg/apache/maven/plugin/MojoExecution;Lorg/apache/maven/lifecycle/internal/ProjectIndex;Lorg/apache/maven/lifecycle/internal/DependencyContext;Lorg/apache/maven/lifecycle/internal/PhaseRecorder;)V+6
j  org.apache.maven.lifecycle.internal.MojoExecutor.execute(Lorg/apache/maven/execution/MavenSession;Ljava/util/List;Lorg/apache/maven/lifecycle/internal/ProjectIndex;)V+60
j  org.apache.maven.lifecycle.internal.LifecycleModuleBuilder.buildProject(Lorg/apache/maven/execution/MavenSession;Lorg/apache/maven/execution/MavenSession;Lorg/apache/maven/lifecycle/internal/ReactorContext;Lorg/apache/maven/project/MavenProject;Lorg/apache/maven/lifecycle/internal/TaskSegment;)V+179
j  org.apache.maven.lifecycle.internal.LifecycleModuleBuilder.buildProject(Lorg/apache/maven/execution/MavenSession;Lorg/apache/maven/lifecycle/internal/ReactorContext;Lorg/apache/maven/project/MavenProject;Lorg/apache/maven/lifecycle/internal/TaskSegment;)V+7
j  org.apache.maven.lifecycle.internal.builder.singlethreaded.SingleThreadedBuilder.build(Lorg/apache/maven/execution/MavenSession;Lorg/apache/maven/lifecycle/internal/ReactorContext;Lorg/apache/maven/lifecycle/internal/ProjectBuildList;Ljava/util/List;Lorg/apache/maven/lifecycle/internal/ReactorBuildStatus;)V+77
j  org.apache.maven.lifecycle.internal.LifecycleStarter.execute(Lorg/apache/maven/execution/MavenSession;)V+348
j  org.apache.maven.DefaultMaven.doExecute(Lorg/apache/maven/execution/MavenExecutionRequest;Lorg/apache/maven/execution/MavenSession;Lorg/apache/maven/execution/MavenExecutionResult;Lorg/eclipse/aether/DefaultRepositorySystemSession;)Lorg/apache/maven/execution/MavenExecutionResult;+425
j  org.apache.maven.DefaultMaven.doExecute(Lorg/apache/maven/execution/MavenExecutionRequest;)Lorg/apache/maven/execution/MavenExecutionResult;+98
j  org.apache.maven.DefaultMaven.execute(Lorg/apache/maven/execution/MavenExecutionRequest;)Lorg/apache/maven/execution/MavenExecutionResult;+2
j  org.apache.maven.cli.MavenCli.execute(Lorg/apache/maven/cli/CliRequest;)I+27
j  org.apache.maven.cli.MavenCli.doMain(Lorg/apache/maven/cli/CliRequest;)I+66
j  org.apache.maven.cli.MavenCli.main([Ljava/lang/String;Lorg/codehaus/plexus/classworlds/ClassWorld;)I+24
v  ~StubRoutines::call_stub
V  [libjvm.so+0x8575d9]
V  [libjvm.so+0xc6b541]
V  [libjvm.so+0xc6be54]
V  [libjvm.so+0x9098b0]  JVM_InvokeMethod+0x140
j  jdk.internal.reflect.NativeMethodAccessorImpl.invoke0(Ljava/lang/reflect/Method;Ljava/lang/Object;[Ljava/lang/Object;)Ljava/lang/Object;+0 java.base@11.0.9.1
j  jdk.internal.reflect.NativeMethodAccessorImpl.invoke(Ljava/lang/Object;[Ljava/lang/Object;)Ljava/lang/Object;+100 java.base@11.0.9.1
j  jdk.internal.reflect.DelegatingMethodAccessorImpl.invoke(Ljava/lang/Object;[Ljava/lang/Object;)Ljava/lang/Object;+6 java.base@11.0.9.1
j  java.lang.reflect.Method.invoke(Ljava/lang/Object;[Ljava/lang/Object;)Ljava/lang/Object;+59 java.base@11.0.9.1
j  org.codehaus.plexus.classworlds.launcher.Launcher.launchEnhanced([Ljava/lang/String;)V+45
j  org.codehaus.plexus.classworlds.launcher.Launcher.launch([Ljava/lang/String;)V+2
j  org.codehaus.plexus.classworlds.launcher.Launcher.mainWithExitCode([Ljava/lang/String;)I+101
j  org.codehaus.plexus.classworlds.launcher.Launcher.main([Ljava/lang/String;)V+1
v  ~StubRoutines::call_stub
V  [libjvm.so+0x8575d9]
V  [libjvm.so+0x8cfd66]
V  [libjvm.so+0x8d2720]
C  [libjli.so+0x5a6a]
C  [libjli.so+0x9ce1]


siginfo: si_signo: 11 (SIGSEGV), si_code: 1 (SEGV_MAPERR), si_addr: 0x00000000039003a0

Register to memory mapping:

RAX=0x000000074f199678 is an oop: com.sun.tools.javac.util.List 
{0x000000074f199678} - klass: 'com/sun/tools/javac/util/List'
RBX=0x0000000000002768 is an unknown value
RCX=0x0000000753e6afa0 is an oop: com.sun.tools.javac.util.SharedNameTable$NameImpl 
{0x0000000753e6afa0} - klass: 'com/sun/tools/javac/util/SharedNameTable$NameImpl'
RDX=0x000000074f199648 is an oop: com.sun.tools.javac.code.Scope$NamedImportScope$SingleEntryScope 
{0x000000074f199648} - klass: 'com/sun/tools/javac/code/Scope$NamedImportScope$SingleEntryScope'
RSP=0x00007fb65f128910 is pointing into the stack for thread: 0x00007fb658016800
RBP=0x00007fb65f128d40 is pointing into the stack for thread: 0x00007fb658016800
RSI=0x0000000753ae42f8 points into unknown readable memory: 73 00 75 00 6c 00 74 00
RDI=0x00000000039003a0 is an unknown value
R8 =0x0000000753ae42f8 points into unknown readable memory: 73 00 75 00 6c 00 74 00
R9 =0x000000074f199648 is an oop: com.sun.tools.javac.code.Scope$NamedImportScope$SingleEntryScope 
{0x000000074f199648} - klass: 'com/sun/tools/javac/code/Scope$NamedImportScope$SingleEntryScope'
R10=3929368559 is a compressed pointer to object: com.sun.tools.javac.code.Scope$ScopeImpl 
{0x0000000751ab3f78} - klass: 'com/sun/tools/javac/code/Scope$ScopeImpl'
R11=0x0000000751abfca8 is an oop: com.sun.tools.javac.code.Symbol$ClassSymbol 
{0x0000000751abfca8} - klass: 'com/sun/tools/javac/code/Symbol$ClassSymbol'
R12=0x0 is NULL
R13=0x0000000000000009 is an unknown value
R14=0x0000000000000fa0 is an unknown value
R15=0x00007fb658016800 is a thread


Registers:
RAX=0x000000074f199678, RBX=0x0000000000002768, RCX=0x0000000753e6afa0, RDX=0x000000074f199648
RSP=0x00007fb65f128910, RBP=0x00007fb65f128d40, RSI=0x0000000753ae42f8, RDI=0x00000000039003a0
R8 =0x0000000753ae42f8, R9 =0x000000074f199648, R10=0x00000000ea3567ef, R11=0x0000000751abfca8
R12=0x0000000000000000, R13=0x0000000000000009, R14=0x0000000000000fa0, R15=0x00007fb658016800
RIP=0x00007fb641858a82, EFLAGS=0x0000000000010206, CSGSFS=0x002b000000000033, ERR=0x0000000000000004
  TRAPNO=0x000000000000000e

Top of Stack: (sp=0x00007fb65f128910)
0x00007fb65f128910:   00007fb65f128d40 00007fb6417d71cc
0x00007fb65f128920:   000000074bf3b150 000000074bf3b280
0x00007fb65f128930:   000000074f1937c8 0000000000000000
0x00007fb65f128940:   00007fb65f128ad8 00007fb6417601cc 

Instructions: (pc=0x00007fb641858a82)
0x00007fb641858982:   ff ff 00 00 00 00 1b 60 84 34 1c c0 66 10 26 34
0x00007fb641858992:   10 c0 0b 11 1d 34 14 b0 04 c0 17 64 0a 64 05 64
0x00007fb6418589a2:   05 64 08 64 0a 64 08 64 1f 64 18 64 1f 64 18 64
0x00007fb6418589b2:   1f 64 18 64 0a 64 38 64 1d 00 01 f8 61 ff 05 50
0x00007fb6418589c2:   00 c0 0a 64 01 f8 b9 fe 06 50 00 c0 0a 64 01 f8
0x00007fb6418589d2:   81 fd 06 50 00 c0 0a 64 05 64 03 f8 38 60 1a 8a
0x00007fb6418589e2:   b6 7f 05 70 0e 64 01 f8 ce fe 06 90 0c 64 00 00
0x00007fb6418589f2:   00 00 00 00 00 00 00 00 00 00 00 00 00 00 44 8b
0x00007fb641858a02:   56 08 49 c1 e2 03 49 bc 00 00 00 00 08 00 00 00
0x00007fb641858a12:   4d 03 d4 4d 33 e4 4c 3b d0 0f 85 5f 51 06 ff 66
0x00007fb641858a22:   66 66 0f 1f 84 00 00 00 00 00 66 66 66 90 66 66
0x00007fb641858a32:   66 0f 1f 84 00 00 00 00 00 66 66 66 90 90 89 84
0x00007fb641858a42:   24 00 c0 fe ff 55 48 81 ec e0 00 00 00 48 bf d8
0x00007fb641858a52:   85 b6 06 b6 7f 00 00 8b 5f 18 83 c3 08 89 5f 18
0x00007fb641858a62:   81 e3 f8 3f 00 00 83 fb 00 0f 84 26 02 00 00 48
0x00007fb641858a72:   83 fa 00 0f 84 09 02 00 00 8b 7e 18 48 c1 e7 03
0x00007fb641858a82:   48 3b 07 48 8b da 48 8b d3 48 89 b4 24 b0 00 00
0x00007fb641858a92:   00 48 8b f7 48 89 9c 24 a8 00 00 00 90 e8 cc 8e
0x00007fb641858aa2:   d2 06 48 8b 94 24 a8 00 00 00 8b 5a 10 48 c1 e3
0x00007fb641858ab2:   03 44 8b 43 0c 49 c1 e0 03 48 ba c8 ba 00 00 08
0x00007fb641858ac2:   00 00 00 49 8b 87 18 01 00 00 48 8d 78 20 49 3b
0x00007fb641858ad2:   bf 28 01 00 00 0f 87 ea 01 00 00 49 89 bf 18 01
0x00007fb641858ae2:   00 00 48 8b 8a b8 00 00 00 48 89 08 48 8b ca 49
0x00007fb641858af2:   bc 00 00 00 00 08 00 00 00 49 2b cc 48 c1 e9 03
0x00007fb641858b02:   4d 33 e4 89 48 08 48 33 c9 89 48 0c 48 33 c9 48
0x00007fb641858b12:   89 48 10 48 89 48 18 48 8b 94 24 b0 00 00 00 48
0x00007fb641858b22:   b9 00 00 00 00 00 00 00 00 48 8b f0 48 89 9c 24
0x00007fb641858b32:   c8 00 00 00 48 89 84 24 c0 00 00 00 4c 89 84 24
0x00007fb641858b42:   b8 00 00 00 90 e8 d4 60 60 ff 4c 8b 84 24 b8 00
0x00007fb641858b52:   00 00 49 3b 00 48 ba b0 ad 23 40 08 00 00 00 49
0x00007fb641858b62:   8b 87 18 01 00 00 48 8d 78 18 49 3b bf 28 01 00
0x00007fb641858b72:   00 0f 87 60 01 00 00 49 89 bf 18 01 00 00 48 8b 


Stack slot to memory mapping:
stack at sp + 0 slots: 0x00007fb65f128d40 is pointing into the stack for thread: 0x00007fb658016800
stack at sp + 1 slots: 0x00007fb6417d71cc is at entry_point+460 in (nmethod*)0x00007fb6417d6d90
stack at sp + 2 slots: 0x000000074bf3b150 is an oop: com.sun.tools.javac.comp.Attr 
{0x000000074bf3b150} - klass: 'com/sun/tools/javac/comp/Attr'
stack at sp + 3 slots: 0x000000074bf3b280 is an oop: com.sun.tools.javac.comp.Annotate 
{0x000000074bf3b280} - klass: 'com/sun/tools/javac/comp/Annotate'
stack at sp + 4 slots: 0x000000074f1937c8 is an oop: com.sun.tools.javac.comp.Annotate$$Lambda$137/0x0000000840300440 
{0x000000074f1937c8} - klass: 'com/sun/tools/javac/comp/Annotate$$Lambda$137'
stack at sp + 5 slots: 0x0 is NULL
stack at sp + 6 slots: 0x00007fb65f128ad8 is pointing into the stack for thread: 0x00007fb658016800
stack at sp + 7 slots: 0x00007fb6417601cc is at entry_point+140 in (nmethod*)0x00007fb64175ff90



---------------  P R O C E S S  ---------------

Threads class SMR info:
_java_thread_list=0x00007fb608278170, length=10, elements={
0x00007fb658016800, 0x00007fb658163000, 0x00007fb658165000, 0x00007fb65816b000,
0x00007fb65816d000, 0x00007fb65816f000, 0x00007fb658171000, 0x00007fb6581a0800,
0x00007fb6581a5800, 0x00007fb608276800
}

Java Threads: ( => current thread )
=>0x00007fb658016800 JavaThread "main" [_thread_in_Java, id=13220, stack(0x00007fb65f02b000,0x00007fb65f12c000)]
  0x00007fb658163000 JavaThread "Reference Handler" daemon [_thread_blocked, id=13227, stack(0x00007fb65c3bd000,0x00007fb65c4be000)]
  0x00007fb658165000 JavaThread "Finalizer" daemon [_thread_blocked, id=13228, stack(0x00007fb65c2bc000,0x00007fb65c3bd000)]
  0x00007fb65816b000 JavaThread "Signal Dispatcher" daemon [_thread_blocked, id=13229, stack(0x00007fb65c1bb000,0x00007fb65c2bc000)]
  0x00007fb65816d000 JavaThread "C2 CompilerThread0" daemon [_thread_blocked, id=13230, stack(0x00007fb65c0ba000,0x00007fb65c1bb000)]
  0x00007fb65816f000 JavaThread "C1 CompilerThread0" daemon [_thread_blocked, id=13231, stack(0x00007fb63423f000,0x00007fb634340000)]
  0x00007fb658171000 JavaThread "Sweeper thread" daemon [_thread_blocked, id=13232, stack(0x00007fb63413e000,0x00007fb63423f000)]
  0x00007fb6581a0800 JavaThread "Service Thread" daemon [_thread_blocked, id=13233, stack(0x00007fb63403d000,0x00007fb63413e000)]
  0x00007fb6581a5800 JavaThread "Common-Cleaner" daemon [_thread_blocked, id=13235, stack(0x00007fb607dfd000,0x00007fb607efe000)]
  0x00007fb608276800 JavaThread "C2 CompilerThread1" daemon [_thread_blocked, id=13241, stack(0x00007fb6077f3000,0x00007fb6078f4000)]

Other Threads:
  0x00007fb658160800 VMThread "VM Thread" [stack: 0x00007fb65c4c0000,0x00007fb65c5c0000] [id=13226]
  0x00007fb6581a3000 WatcherThread [stack: 0x00007fb607f00000,0x00007fb608000000] [id=13234]
  0x00007fb65802e000 GCTaskThread "GC Thread#0" [stack: 0x00007fb65ecdf000,0x00007fb65eddf000] [id=13221]
  0x00007fb624001000 GCTaskThread "GC Thread#1" [stack: 0x00007fb607afa000,0x00007fb607bfa000] [id=13238]
  0x00007fb624002800 GCTaskThread "GC Thread#2" [stack: 0x00007fb6079f8000,0x00007fb607af8000] [id=13239]
  0x00007fb624004800 GCTaskThread "GC Thread#3" [stack: 0x00007fb6078f6000,0x00007fb6079f6000] [id=13240]
  0x00007fb658075800 ConcurrentGCThread "G1 Main Marker" [stack: 0x00007fb65d612000,0x00007fb65d712000] [id=13222]
  0x00007fb658077800 ConcurrentGCThread "G1 Conc#0" [stack: 0x00007fb65d510000,0x00007fb65d610000] [id=13223]
  0x00007fb658128000 ConcurrentGCThread "G1 Refine#0" [stack: 0x00007fb65d00a000,0x00007fb65d10a000] [id=13224]
  0x00007fb65812a000 ConcurrentGCThread "G1 Young RemSet Sampling" [stack: 0x00007fb65cf08000,0x00007fb65d008000] [id=13225]

Threads with active compile tasks:

VM state:not at safepoint (normal execution)

VM Mutex/Monitor currently owned by a thread: None

Heap address: 0x0000000746800000, size: 2968 MB, Compressed Oops mode: Zero based, Oop shift amount: 3
Narrow klass base: 0x0000000800000000, Narrow klass shift: 3
Compressed class space size: 1073741824 Address: 0x0000000840000000

Heap:
 garbage-first heap   total 231424K, used 101058K [0x0000000746800000, 0x0000000800000000)
  region size 1024K, 98 young (100352K), 11 survivors (11264K)
 Metaspace       used 24842K, capacity 25558K, committed 25904K, reserved 1073152K
  class space    used 2824K, capacity 3087K, committed 3200K, reserved 1048576K
Heap Regions: E=young(eden), S=young(survivor), O=old, HS=humongous(starts), HC=humongous(continues), CS=collection set, F=free, A=archive, TAMS=top-at-mark-start (previous, next)
|   0|0x0000000746800000, 0x0000000746900000, 0x0000000746900000|100%| O|  |TAMS 0x0000000746900000, 0x0000000746800000| Untracked 
|   1|0x0000000746900000, 0x0000000746a00000, 0x0000000746a00000|100%| O|  |TAMS 0x0000000746a00000, 0x0000000746900000| Untracked 
|   2|0x0000000746a00000, 0x0000000746a89000, 0x0000000746b00000| 53%| O|  |TAMS 0x0000000746a89000, 0x0000000746a00000| Untracked 
|   3|0x0000000746b00000, 0x0000000746b00000, 0x0000000746c00000|  0%| F|  |TAMS 0x0000000746b00000, 0x0000000746b00000| Untracked 
|   4|0x0000000746c00000, 0x0000000746c00000, 0x0000000746d00000|  0%| F|  |TAMS 0x0000000746c00000, 0x0000000746c00000| Untracked 
|   5|0x0000000746d00000, 0x0000000746d00000, 0x0000000746e00000|  0%| F|  |TAMS 0x0000000746d00000, 0x0000000746d00000| Untracked 
|   6|0x0000000746e00000, 0x0000000746e00000, 0x0000000746f00000|  0%| F|  |TAMS 0x0000000746e00000, 0x0000000746e00000| Untracked 
|   7|0x0000000746f00000, 0x0000000746f00000, 0x0000000747000000|  0%| F|  |TAMS 0x0000000746f00000, 0x0000000746f00000| Untracked 
|   8|0x0000000747000000, 0x0000000747000000, 0x0000000747100000|  0%| F|  |TAMS 0x0000000747000000, 0x0000000747000000| Untracked 
|   9|0x0000000747100000, 0x0000000747100000, 0x0000000747200000|  0%| F|  |TAMS 0x0000000747100000, 0x0000000747100000| Untracked 
|  10|0x0000000747200000, 0x0000000747200000, 0x0000000747300000|  0%| F|  |TAMS 0x0000000747200000, 0x0000000747200000| Untracked 
|  11|0x0000000747300000, 0x0000000747300000, 0x0000000747400000|  0%| F|  |TAMS 0x0000000747300000, 0x0000000747300000| Untracked 
|  12|0x0000000747400000, 0x0000000747400000, 0x0000000747500000|  0%| F|  |TAMS 0x0000000747400000, 0x0000000747400000| Untracked 
|  13|0x0000000747500000, 0x0000000747500000, 0x0000000747600000|  0%| F|  |TAMS 0x0000000747500000, 0x0000000747500000| Untracked 
|  14|0x0000000747600000, 0x0000000747600000, 0x0000000747700000|  0%| F|  |TAMS 0x0000000747600000, 0x0000000747600000| Untracked 
|  15|0x0000000747700000, 0x0000000747700000, 0x0000000747800000|  0%| F|  |TAMS 0x0000000747700000, 0x0000000747700000| Untracked 
|  16|0x0000000747800000, 0x0000000747800000, 0x0000000747900000|  0%| F|  |TAMS 0x0000000747800000, 0x0000000747800000| Untracked 
|  17|0x0000000747900000, 0x0000000747900000, 0x0000000747a00000|  0%| F|  |TAMS 0x0000000747900000, 0x0000000747900000| Untracked 
|  18|0x0000000747a00000, 0x0000000747a00000, 0x0000000747b00000|  0%| F|  |TAMS 0x0000000747a00000, 0x0000000747a00000| Untracked 
|  19|0x0000000747b00000, 0x0000000747b00000, 0x0000000747c00000|  0%| F|  |TAMS 0x0000000747b00000, 0x0000000747b00000| Untracked 
|  20|0x0000000747c00000, 0x0000000747c00000, 0x0000000747d00000|  0%| F|  |TAMS 0x0000000747c00000, 0x0000000747c00000| Untracked 
|  21|0x0000000747d00000, 0x0000000747d00000, 0x0000000747e00000|  0%| F|  |TAMS 0x0000000747d00000, 0x0000000747d00000| Untracked 
|  22|0x0000000747e00000, 0x0000000747e00000, 0x0000000747f00000|  0%| F|  |TAMS 0x0000000747e00000, 0x0000000747e00000| Untracked 
|  23|0x0000000747f00000, 0x0000000747f00000, 0x0000000748000000|  0%| F|  |TAMS 0x0000000747f00000, 0x0000000747f00000| Untracked 
|  24|0x0000000748000000, 0x0000000748000000, 0x0000000748100000|  0%| F|  |TAMS 0x0000000748000000, 0x0000000748000000| Untracked 
|  25|0x0000000748100000, 0x0000000748100000, 0x0000000748200000|  0%| F|  |TAMS 0x0000000748100000, 0x0000000748100000| Untracked 
|  26|0x0000000748200000, 0x0000000748200000, 0x0000000748300000|  0%| F|  |TAMS 0x0000000748200000, 0x0000000748200000| Untracked 
|  27|0x0000000748300000, 0x0000000748300000, 0x0000000748400000|  0%| F|  |TAMS 0x0000000748300000, 0x0000000748300000| Untracked 
|  28|0x0000000748400000, 0x0000000748400000, 0x0000000748500000|  0%| F|  |TAMS 0x0000000748400000, 0x0000000748400000| Untracked 
|  29|0x0000000748500000, 0x0000000748500000, 0x0000000748600000|  0%| F|  |TAMS 0x0000000748500000, 0x0000000748500000| Untracked 
|  30|0x0000000748600000, 0x0000000748600000, 0x0000000748700000|  0%| F|  |TAMS 0x0000000748600000, 0x0000000748600000| Untracked 
|  31|0x0000000748700000, 0x0000000748700000, 0x0000000748800000|  0%| F|  |TAMS 0x0000000748700000, 0x0000000748700000| Untracked 
|  32|0x0000000748800000, 0x0000000748800000, 0x0000000748900000|  0%| F|  |TAMS 0x0000000748800000, 0x0000000748800000| Untracked 
|  33|0x0000000748900000, 0x0000000748900000, 0x0000000748a00000|  0%| F|  |TAMS 0x0000000748900000, 0x0000000748900000| Untracked 
|  34|0x0000000748a00000, 0x0000000748a00000, 0x0000000748b00000|  0%| F|  |TAMS 0x0000000748a00000, 0x0000000748a00000| Untracked 
|  35|0x0000000748b00000, 0x0000000748b00000, 0x0000000748c00000|  0%| F|  |TAMS 0x0000000748b00000, 0x0000000748b00000| Untracked 
|  36|0x0000000748c00000, 0x0000000748c00000, 0x0000000748d00000|  0%| F|  |TAMS 0x0000000748c00000, 0x0000000748c00000| Untracked 
|  37|0x0000000748d00000, 0x0000000748d00000, 0x0000000748e00000|  0%| F|  |TAMS 0x0000000748d00000, 0x0000000748d00000| Untracked 
|  38|0x0000000748e00000, 0x0000000748e00000, 0x0000000748f00000|  0%| F|  |TAMS 0x0000000748e00000, 0x0000000748e00000| Untracked 
|  39|0x0000000748f00000, 0x0000000748f00000, 0x0000000749000000|  0%| F|  |TAMS 0x0000000748f00000, 0x0000000748f00000| Untracked 
|  40|0x0000000749000000, 0x0000000749000000, 0x0000000749100000|  0%| F|  |TAMS 0x0000000749000000, 0x0000000749000000| Untracked 
|  41|0x0000000749100000, 0x0000000749100000, 0x0000000749200000|  0%| F|  |TAMS 0x0000000749100000, 0x0000000749100000| Untracked 
|  42|0x0000000749200000, 0x0000000749200000, 0x0000000749300000|  0%| F|  |TAMS 0x0000000749200000, 0x0000000749200000| Untracked 
|  43|0x0000000749300000, 0x0000000749300000, 0x0000000749400000|  0%| F|  |TAMS 0x0000000749300000, 0x0000000749300000| Untracked 
|  44|0x0000000749400000, 0x0000000749400000, 0x0000000749500000|  0%| F|  |TAMS 0x0000000749400000, 0x0000000749400000| Untracked 
|  45|0x0000000749500000, 0x0000000749500000, 0x0000000749600000|  0%| F|  |TAMS 0x0000000749500000, 0x0000000749500000| Untracked 
|  46|0x0000000749600000, 0x0000000749600000, 0x0000000749700000|  0%| F|  |TAMS 0x0000000749600000, 0x0000000749600000| Untracked 
|  47|0x0000000749700000, 0x0000000749700000, 0x0000000749800000|  0%| F|  |TAMS 0x0000000749700000, 0x0000000749700000| Untracked 
|  48|0x0000000749800000, 0x0000000749800000, 0x0000000749900000|  0%| F|  |TAMS 0x0000000749800000, 0x0000000749800000| Untracked 
|  49|0x0000000749900000, 0x0000000749900000, 0x0000000749a00000|  0%| F|  |TAMS 0x0000000749900000, 0x0000000749900000| Untracked 
|  50|0x0000000749a00000, 0x0000000749a00000, 0x0000000749b00000|  0%| F|  |TAMS 0x0000000749a00000, 0x0000000749a00000| Untracked 
|  51|0x0000000749b00000, 0x0000000749b00000, 0x0000000749c00000|  0%| F|  |TAMS 0x0000000749b00000, 0x0000000749b00000| Untracked 
|  52|0x0000000749c00000, 0x0000000749c00000, 0x0000000749d00000|  0%| F|  |TAMS 0x0000000749c00000, 0x0000000749c00000| Untracked 
|  53|0x0000000749d00000, 0x0000000749d00000, 0x0000000749e00000|  0%| F|  |TAMS 0x0000000749d00000, 0x0000000749d00000| Untracked 
|  54|0x0000000749e00000, 0x0000000749e00000, 0x0000000749f00000|  0%| F|  |TAMS 0x0000000749e00000, 0x0000000749e00000| Untracked 
|  55|0x0000000749f00000, 0x0000000749f00000, 0x000000074a000000|  0%| F|  |TAMS 0x0000000749f00000, 0x0000000749f00000| Untracked 
|  56|0x000000074a000000, 0x000000074a000000, 0x000000074a100000|  0%| F|  |TAMS 0x000000074a000000, 0x000000074a000000| Untracked 
|  57|0x000000074a100000, 0x000000074a100000, 0x000000074a200000|  0%| F|  |TAMS 0x000000074a100000, 0x000000074a100000| Untracked 
|  58|0x000000074a200000, 0x000000074a200000, 0x000000074a300000|  0%| F|  |TAMS 0x000000074a200000, 0x000000074a200000| Untracked 
|  59|0x000000074a300000, 0x000000074a300000, 0x000000074a400000|  0%| F|  |TAMS 0x000000074a300000, 0x000000074a300000| Untracked 
|  60|0x000000074a400000, 0x000000074a400000, 0x000000074a500000|  0%| F|  |TAMS 0x000000074a400000, 0x000000074a400000| Untracked 
|  61|0x000000074a500000, 0x000000074a500000, 0x000000074a600000|  0%| F|  |TAMS 0x000000074a500000, 0x000000074a500000| Untracked 
|  62|0x000000074a600000, 0x000000074a600000, 0x000000074a700000|  0%| F|  |TAMS 0x000000074a600000, 0x000000074a600000| Untracked 
|  63|0x000000074a700000, 0x000000074a700000, 0x000000074a800000|  0%| F|  |TAMS 0x000000074a700000, 0x000000074a700000| Untracked 
|  64|0x000000074a800000, 0x000000074a800000, 0x000000074a900000|  0%| F|  |TAMS 0x000000074a800000, 0x000000074a800000| Untracked 
|  65|0x000000074a900000, 0x000000074a900000, 0x000000074aa00000|  0%| F|  |TAMS 0x000000074a900000, 0x000000074a900000| Untracked 
|  66|0x000000074aa00000, 0x000000074aa00000, 0x000000074ab00000|  0%| F|  |TAMS 0x000000074aa00000, 0x000000074aa00000| Untracked 
|  67|0x000000074ab00000, 0x000000074ab00000, 0x000000074ac00000|  0%| F|  |TAMS 0x000000074ab00000, 0x000000074ab00000| Untracked 
|  68|0x000000074ac00000, 0x000000074ac00000, 0x000000074ad00000|  0%| F|  |TAMS 0x000000074ac00000, 0x000000074ac00000| Untracked 
|  69|0x000000074ad00000, 0x000000074ad00000, 0x000000074ae00000|  0%| F|  |TAMS 0x000000074ad00000, 0x000000074ad00000| Untracked 
|  70|0x000000074ae00000, 0x000000074ae00000, 0x000000074af00000|  0%| F|  |TAMS 0x000000074ae00000, 0x000000074ae00000| Untracked 
|  71|0x000000074af00000, 0x000000074af00000, 0x000000074b000000|  0%| F|  |TAMS 0x000000074af00000, 0x000000074af00000| Untracked 
|  72|0x000000074b000000, 0x000000074b000000, 0x000000074b100000|  0%| F|  |TAMS 0x000000074b000000, 0x000000074b000000| Untracked 
|  73|0x000000074b100000, 0x000000074b100000, 0x000000074b200000|  0%| F|  |TAMS 0x000000074b100000, 0x000000074b100000| Untracked 
|  74|0x000000074b200000, 0x000000074b200000, 0x000000074b300000|  0%| F|  |TAMS 0x000000074b200000, 0x000000074b200000| Untracked 
|  75|0x000000074b300000, 0x000000074b300000, 0x000000074b400000|  0%| F|  |TAMS 0x000000074b300000, 0x000000074b300000| Untracked 
|  76|0x000000074b400000, 0x000000074b400000, 0x000000074b500000|  0%| F|  |TAMS 0x000000074b400000, 0x000000074b400000| Untracked 
|  77|0x000000074b500000, 0x000000074b5759e0, 0x000000074b600000| 45%| S|CS|TAMS 0x000000074b500000, 0x000000074b500000| Complete 
|  78|0x000000074b600000, 0x000000074b700000, 0x000000074b700000|100%| S|CS|TAMS 0x000000074b600000, 0x000000074b600000| Complete 
|  79|0x000000074b700000, 0x000000074b800000, 0x000000074b800000|100%| S|CS|TAMS 0x000000074b700000, 0x000000074b700000| Complete 
|  80|0x000000074b800000, 0x000000074b900000, 0x000000074b900000|100%| S|CS|TAMS 0x000000074b800000, 0x000000074b800000| Complete 
|  81|0x000000074b900000, 0x000000074ba00000, 0x000000074ba00000|100%| S|CS|TAMS 0x000000074b900000, 0x000000074b900000| Complete 
|  82|0x000000074ba00000, 0x000000074bb00000, 0x000000074bb00000|100%| S|CS|TAMS 0x000000074ba00000, 0x000000074ba00000| Complete 
|  83|0x000000074bb00000, 0x000000074bc00000, 0x000000074bc00000|100%| S|CS|TAMS 0x000000074bb00000, 0x000000074bb00000| Complete 
|  84|0x000000074bc00000, 0x000000074bd00000, 0x000000074bd00000|100%| S|CS|TAMS 0x000000074bc00000, 0x000000074bc00000| Complete 
|  85|0x000000074bd00000, 0x000000074be00000, 0x000000074be00000|100%| S|CS|TAMS 0x000000074bd00000, 0x000000074bd00000| Complete 
|  86|0x000000074be00000, 0x000000074bf00000, 0x000000074bf00000|100%| S|CS|TAMS 0x000000074be00000, 0x000000074be00000| Complete 
|  87|0x000000074bf00000, 0x000000074c000000, 0x000000074c000000|100%| S|CS|TAMS 0x000000074bf00000, 0x000000074bf00000| Complete 
|  88|0x000000074c000000, 0x000000074c000000, 0x000000074c100000|  0%| F|  |TAMS 0x000000074c000000, 0x000000074c000000| Untracked 
|  89|0x000000074c100000, 0x000000074c100000, 0x000000074c200000|  0%| F|  |TAMS 0x000000074c100000, 0x000000074c100000| Untracked 
|  90|0x000000074c200000, 0x000000074c200000, 0x000000074c300000|  0%| F|  |TAMS 0x000000074c200000, 0x000000074c200000| Untracked 
|  91|0x000000074c300000, 0x000000074c300000, 0x000000074c400000|  0%| F|  |TAMS 0x000000074c300000, 0x000000074c300000| Untracked 
|  92|0x000000074c400000, 0x000000074c400000, 0x000000074c500000|  0%| F|  |TAMS 0x000000074c400000, 0x000000074c400000| Untracked 
|  93|0x000000074c500000, 0x000000074c500000, 0x000000074c600000|  0%| F|  |TAMS 0x000000074c500000, 0x000000074c500000| Untracked 
|  94|0x000000074c600000, 0x000000074c600000, 0x000000074c700000|  0%| F|  |TAMS 0x000000074c600000, 0x000000074c600000| Untracked 
|  95|0x000000074c700000, 0x000000074c700000, 0x000000074c800000|  0%| F|  |TAMS 0x000000074c700000, 0x000000074c700000| Untracked 
|  96|0x000000074c800000, 0x000000074c800000, 0x000000074c900000|  0%| F|  |TAMS 0x000000074c800000, 0x000000074c800000| Untracked 
|  97|0x000000074c900000, 0x000000074c900000, 0x000000074ca00000|  0%| F|  |TAMS 0x000000074c900000, 0x000000074c900000| Untracked 
|  98|0x000000074ca00000, 0x000000074ca00000, 0x000000074cb00000|  0%| F|  |TAMS 0x000000074ca00000, 0x000000074ca00000| Untracked 
|  99|0x000000074cb00000, 0x000000074cb00000, 0x000000074cc00000|  0%| F|  |TAMS 0x000000074cb00000, 0x000000074cb00000| Untracked 
| 100|0x000000074cc00000, 0x000000074cc00000, 0x000000074cd00000|  0%| F|  |TAMS 0x000000074cc00000, 0x000000074cc00000| Untracked 
| 101|0x000000074cd00000, 0x000000074cd00000, 0x000000074ce00000|  0%| F|  |TAMS 0x000000074cd00000, 0x000000074cd00000| Untracked 
| 102|0x000000074ce00000, 0x000000074ce00000, 0x000000074cf00000|  0%| F|  |TAMS 0x000000074ce00000, 0x000000074ce00000| Untracked 
| 103|0x000000074cf00000, 0x000000074cf00000, 0x000000074d000000|  0%| F|  |TAMS 0x000000074cf00000, 0x000000074cf00000| Untracked 
| 104|0x000000074d000000, 0x000000074d000000, 0x000000074d100000|  0%| F|  |TAMS 0x000000074d000000, 0x000000074d000000| Untracked 
| 105|0x000000074d100000, 0x000000074d100000, 0x000000074d200000|  0%| F|  |TAMS 0x000000074d100000, 0x000000074d100000| Untracked 
| 106|0x000000074d200000, 0x000000074d200000, 0x000000074d300000|  0%| F|  |TAMS 0x000000074d200000, 0x000000074d200000| Untracked 
| 107|0x000000074d300000, 0x000000074d300000, 0x000000074d400000|  0%| F|  |TAMS 0x000000074d300000, 0x000000074d300000| Untracked 
| 108|0x000000074d400000, 0x000000074d400000, 0x000000074d500000|  0%| F|  |TAMS 0x000000074d400000, 0x000000074d400000| Untracked 
| 109|0x000000074d500000, 0x000000074d500000, 0x000000074d600000|  0%| F|  |TAMS 0x000000074d500000, 0x000000074d500000| Untracked 
| 110|0x000000074d600000, 0x000000074d600000, 0x000000074d700000|  0%| F|  |TAMS 0x000000074d600000, 0x000000074d600000| Untracked 
| 111|0x000000074d700000, 0x000000074d700000, 0x000000074d800000|  0%| F|  |TAMS 0x000000074d700000, 0x000000074d700000| Untracked 
| 112|0x000000074d800000, 0x000000074d800000, 0x000000074d900000|  0%| F|  |TAMS 0x000000074d800000, 0x000000074d800000| Untracked 
| 113|0x000000074d900000, 0x000000074d900000, 0x000000074da00000|  0%| F|  |TAMS 0x000000074d900000, 0x000000074d900000| Untracked 
| 114|0x000000074da00000, 0x000000074da00000, 0x000000074db00000|  0%| F|  |TAMS 0x000000074da00000, 0x000000074da00000| Untracked 
| 115|0x000000074db00000, 0x000000074db00000, 0x000000074dc00000|  0%| F|  |TAMS 0x000000074db00000, 0x000000074db00000| Untracked 
| 116|0x000000074dc00000, 0x000000074dc00000, 0x000000074dd00000|  0%| F|  |TAMS 0x000000074dc00000, 0x000000074dc00000| Untracked 
| 117|0x000000074dd00000, 0x000000074dd00000, 0x000000074de00000|  0%| F|  |TAMS 0x000000074dd00000, 0x000000074dd00000| Untracked 
| 118|0x000000074de00000, 0x000000074de00000, 0x000000074df00000|  0%| F|  |TAMS 0x000000074de00000, 0x000000074de00000| Untracked 
| 119|0x000000074df00000, 0x000000074df00000, 0x000000074e000000|  0%| F|  |TAMS 0x000000074df00000, 0x000000074df00000| Untracked 
| 120|0x000000074e000000, 0x000000074e000000, 0x000000074e100000|  0%| F|  |TAMS 0x000000074e000000, 0x000000074e000000| Untracked 
| 121|0x000000074e100000, 0x000000074e100000, 0x000000074e200000|  0%| F|  |TAMS 0x000000074e100000, 0x000000074e100000| Untracked 
| 122|0x000000074e200000, 0x000000074e200000, 0x000000074e300000|  0%| F|  |TAMS 0x000000074e200000, 0x000000074e200000| Untracked 
| 123|0x000000074e300000, 0x000000074e300000, 0x000000074e400000|  0%| F|  |TAMS 0x000000074e300000, 0x000000074e300000| Untracked 
| 124|0x000000074e400000, 0x000000074e400000, 0x000000074e500000|  0%| F|  |TAMS 0x000000074e400000, 0x000000074e400000| Untracked 
| 125|0x000000074e500000, 0x000000074e500000, 0x000000074e600000|  0%| F|  |TAMS 0x000000074e500000, 0x000000074e500000| Untracked 
| 126|0x000000074e600000, 0x000000074e600000, 0x000000074e700000|  0%| F|  |TAMS 0x000000074e600000, 0x000000074e600000| Untracked 
| 127|0x000000074e700000, 0x000000074e700000, 0x000000074e800000|  0%| F|  |TAMS 0x000000074e700000, 0x000000074e700000| Untracked 
| 128|0x000000074e800000, 0x000000074e800000, 0x000000074e900000|  0%| F|  |TAMS 0x000000074e800000, 0x000000074e800000| Untracked 
| 129|0x000000074e900000, 0x000000074e900000, 0x000000074ea00000|  0%| F|  |TAMS 0x000000074e900000, 0x000000074e900000| Untracked 
| 130|0x000000074ea00000, 0x000000074ea00000, 0x000000074eb00000|  0%| F|  |TAMS 0x000000074ea00000, 0x000000074ea00000| Untracked 
| 131|0x000000074eb00000, 0x000000074eb00000, 0x000000074ec00000|  0%| F|  |TAMS 0x000000074eb00000, 0x000000074eb00000| Untracked 
| 132|0x000000074ec00000, 0x000000074ec00000, 0x000000074ed00000|  0%| F|  |TAMS 0x000000074ec00000, 0x000000074ec00000| Untracked 
| 133|0x000000074ed00000, 0x000000074ed00000, 0x000000074ee00000|  0%| F|  |TAMS 0x000000074ed00000, 0x000000074ed00000| Untracked 
| 134|0x000000074ee00000, 0x000000074ee00000, 0x000000074ef00000|  0%| F|  |TAMS 0x000000074ee00000, 0x000000074ee00000| Untracked 
| 135|0x000000074ef00000, 0x000000074ef00000, 0x000000074f000000|  0%| F|  |TAMS 0x000000074ef00000, 0x000000074ef00000| Untracked 
| 136|0x000000074f000000, 0x000000074f000000, 0x000000074f100000|  0%| F|  |TAMS 0x000000074f000000, 0x000000074f000000| Untracked 
| 137|0x000000074f100000, 0x000000074f200000, 0x000000074f200000|100%| E|  |TAMS 0x000000074f100000, 0x000000074f100000| Complete 
| 138|0x000000074f200000, 0x000000074f300000, 0x000000074f300000|100%| E|CS|TAMS 0x000000074f200000, 0x000000074f200000| Complete 
| 139|0x000000074f300000, 0x000000074f400000, 0x000000074f400000|100%| E|CS|TAMS 0x000000074f300000, 0x000000074f300000| Complete 
| 140|0x000000074f400000, 0x000000074f500000, 0x000000074f500000|100%| E|CS|TAMS 0x000000074f400000, 0x000000074f400000| Complete 
| 141|0x000000074f500000, 0x000000074f600000, 0x000000074f600000|100%| E|CS|TAMS 0x000000074f500000, 0x000000074f500000| Complete 
| 142|0x000000074f600000, 0x000000074f700000, 0x000000074f700000|100%| E|CS|TAMS 0x000000074f600000, 0x000000074f600000| Complete 
| 143|0x000000074f700000, 0x000000074f800000, 0x000000074f800000|100%| E|CS|TAMS 0x000000074f700000, 0x000000074f700000| Complete 
| 144|0x000000074f800000, 0x000000074f900000, 0x000000074f900000|100%| E|CS|TAMS 0x000000074f800000, 0x000000074f800000| Complete 
| 145|0x000000074f900000, 0x000000074fa00000, 0x000000074fa00000|100%| E|CS|TAMS 0x000000074f900000, 0x000000074f900000| Complete 
| 146|0x000000074fa00000, 0x000000074fb00000, 0x000000074fb00000|100%| E|CS|TAMS 0x000000074fa00000, 0x000000074fa00000| Complete 
| 147|0x000000074fb00000, 0x000000074fc00000, 0x000000074fc00000|100%| E|CS|TAMS 0x000000074fb00000, 0x000000074fb00000| Complete 
| 148|0x000000074fc00000, 0x000000074fd00000, 0x000000074fd00000|100%| E|CS|TAMS 0x000000074fc00000, 0x000000074fc00000| Complete 
| 149|0x000000074fd00000, 0x000000074fe00000, 0x000000074fe00000|100%| E|CS|TAMS 0x000000074fd00000, 0x000000074fd00000| Complete 
| 150|0x000000074fe00000, 0x000000074ff00000, 0x000000074ff00000|100%| E|CS|TAMS 0x000000074fe00000, 0x000000074fe00000| Complete 
| 151|0x000000074ff00000, 0x0000000750000000, 0x0000000750000000|100%| E|CS|TAMS 0x000000074ff00000, 0x000000074ff00000| Complete 
| 152|0x0000000750000000, 0x0000000750100000, 0x0000000750100000|100%| E|CS|TAMS 0x0000000750000000, 0x0000000750000000| Complete 
| 153|0x0000000750100000, 0x0000000750200000, 0x0000000750200000|100%| E|CS|TAMS 0x0000000750100000, 0x0000000750100000| Complete 
| 154|0x0000000750200000, 0x0000000750300000, 0x0000000750300000|100%| E|CS|TAMS 0x0000000750200000, 0x0000000750200000| Complete 
| 155|0x0000000750300000, 0x0000000750400000, 0x0000000750400000|100%| E|CS|TAMS 0x0000000750300000, 0x0000000750300000| Complete 
| 156|0x0000000750400000, 0x0000000750500000, 0x0000000750500000|100%| E|CS|TAMS 0x0000000750400000, 0x0000000750400000| Complete 
| 157|0x0000000750500000, 0x0000000750600000, 0x0000000750600000|100%| E|CS|TAMS 0x0000000750500000, 0x0000000750500000| Complete 
| 158|0x0000000750600000, 0x0000000750700000, 0x0000000750700000|100%| E|CS|TAMS 0x0000000750600000, 0x0000000750600000| Complete 
| 159|0x0000000750700000, 0x0000000750800000, 0x0000000750800000|100%| E|CS|TAMS 0x0000000750700000, 0x0000000750700000| Complete 
| 160|0x0000000750800000, 0x0000000750900000, 0x0000000750900000|100%| E|CS|TAMS 0x0000000750800000, 0x0000000750800000| Complete 
| 161|0x0000000750900000, 0x0000000750a00000, 0x0000000750a00000|100%| E|CS|TAMS 0x0000000750900000, 0x0000000750900000| Complete 
| 162|0x0000000750a00000, 0x0000000750b00000, 0x0000000750b00000|100%| E|CS|TAMS 0x0000000750a00000, 0x0000000750a00000| Complete 
| 163|0x0000000750b00000, 0x0000000750c00000, 0x0000000750c00000|100%| E|CS|TAMS 0x0000000750b00000, 0x0000000750b00000| Complete 
| 164|0x0000000750c00000, 0x0000000750d00000, 0x0000000750d00000|100%| E|CS|TAMS 0x0000000750c00000, 0x0000000750c00000| Complete 
| 165|0x0000000750d00000, 0x0000000750e00000, 0x0000000750e00000|100%| E|CS|TAMS 0x0000000750d00000, 0x0000000750d00000| Complete 
| 166|0x0000000750e00000, 0x0000000750f00000, 0x0000000750f00000|100%| E|CS|TAMS 0x0000000750e00000, 0x0000000750e00000| Complete 
| 167|0x0000000750f00000, 0x0000000751000000, 0x0000000751000000|100%| E|CS|TAMS 0x0000000750f00000, 0x0000000750f00000| Complete 
| 168|0x0000000751000000, 0x0000000751100000, 0x0000000751100000|100%| E|CS|TAMS 0x0000000751000000, 0x0000000751000000| Complete 
| 169|0x0000000751100000, 0x0000000751200000, 0x0000000751200000|100%| E|CS|TAMS 0x0000000751100000, 0x0000000751100000| Complete 
| 170|0x0000000751200000, 0x0000000751300000, 0x0000000751300000|100%| E|CS|TAMS 0x0000000751200000, 0x0000000751200000| Complete 
| 171|0x0000000751300000, 0x0000000751400000, 0x0000000751400000|100%| E|CS|TAMS 0x0000000751300000, 0x0000000751300000| Complete 
| 172|0x0000000751400000, 0x0000000751500000, 0x0000000751500000|100%| E|CS|TAMS 0x0000000751400000, 0x0000000751400000| Complete 
| 173|0x0000000751500000, 0x0000000751600000, 0x0000000751600000|100%| E|CS|TAMS 0x0000000751500000, 0x0000000751500000| Complete 
| 174|0x0000000751600000, 0x0000000751700000, 0x0000000751700000|100%| E|CS|TAMS 0x0000000751600000, 0x0000000751600000| Complete 
| 175|0x0000000751700000, 0x0000000751800000, 0x0000000751800000|100%| E|CS|TAMS 0x0000000751700000, 0x0000000751700000| Complete 
| 176|0x0000000751800000, 0x0000000751900000, 0x0000000751900000|100%| E|CS|TAMS 0x0000000751800000, 0x0000000751800000| Complete 
| 177|0x0000000751900000, 0x0000000751a00000, 0x0000000751a00000|100%| E|CS|TAMS 0x0000000751900000, 0x0000000751900000| Complete 
| 178|0x0000000751a00000, 0x0000000751b00000, 0x0000000751b00000|100%| E|CS|TAMS 0x0000000751a00000, 0x0000000751a00000| Complete 
| 179|0x0000000751b00000, 0x0000000751c00000, 0x0000000751c00000|100%| E|CS|TAMS 0x0000000751b00000, 0x0000000751b00000| Complete 
| 180|0x0000000751c00000, 0x0000000751d00000, 0x0000000751d00000|100%| E|CS|TAMS 0x0000000751c00000, 0x0000000751c00000| Complete 
| 181|0x0000000751d00000, 0x0000000751e00000, 0x0000000751e00000|100%| E|CS|TAMS 0x0000000751d00000, 0x0000000751d00000| Complete 
| 182|0x0000000751e00000, 0x0000000751f00000, 0x0000000751f00000|100%| E|CS|TAMS 0x0000000751e00000, 0x0000000751e00000| Complete 
| 183|0x0000000751f00000, 0x0000000752000000, 0x0000000752000000|100%| E|CS|TAMS 0x0000000751f00000, 0x0000000751f00000| Complete 
| 184|0x0000000752000000, 0x0000000752100000, 0x0000000752100000|100%| E|CS|TAMS 0x0000000752000000, 0x0000000752000000| Complete 
| 185|0x0000000752100000, 0x0000000752200000, 0x0000000752200000|100%| E|CS|TAMS 0x0000000752100000, 0x0000000752100000| Complete 
| 186|0x0000000752200000, 0x0000000752300000, 0x0000000752300000|100%| E|CS|TAMS 0x0000000752200000, 0x0000000752200000| Complete 
| 187|0x0000000752300000, 0x0000000752400000, 0x0000000752400000|100%| E|CS|TAMS 0x0000000752300000, 0x0000000752300000| Complete 
| 188|0x0000000752400000, 0x0000000752500000, 0x0000000752500000|100%| E|  |TAMS 0x0000000752400000, 0x0000000752400000| Complete 
| 189|0x0000000752500000, 0x0000000752600000, 0x0000000752600000|100%| E|CS|TAMS 0x0000000752500000, 0x0000000752500000| Complete 
| 190|0x0000000752600000, 0x0000000752700000, 0x0000000752700000|100%| E|CS|TAMS 0x0000000752600000, 0x0000000752600000| Complete 
| 191|0x0000000752700000, 0x0000000752800000, 0x0000000752800000|100%| E|CS|TAMS 0x0000000752700000, 0x0000000752700000| Complete 
| 192|0x0000000752800000, 0x0000000752900000, 0x0000000752900000|100%| E|CS|TAMS 0x0000000752800000, 0x0000000752800000| Complete 
| 193|0x0000000752900000, 0x0000000752a00000, 0x0000000752a00000|100%| E|CS|TAMS 0x0000000752900000, 0x0000000752900000| Complete 
| 194|0x0000000752a00000, 0x0000000752b00000, 0x0000000752b00000|100%| E|CS|TAMS 0x0000000752a00000, 0x0000000752a00000| Complete 
| 195|0x0000000752b00000, 0x0000000752c00000, 0x0000000752c00000|100%| E|CS|TAMS 0x0000000752b00000, 0x0000000752b00000| Complete 
| 196|0x0000000752c00000, 0x0000000752d00000, 0x0000000752d00000|100%| E|CS|TAMS 0x0000000752c00000, 0x0000000752c00000| Complete 
| 197|0x0000000752d00000, 0x0000000752e00000, 0x0000000752e00000|100%| E|CS|TAMS 0x0000000752d00000, 0x0000000752d00000| Complete 
| 198|0x0000000752e00000, 0x0000000752f00000, 0x0000000752f00000|100%| E|CS|TAMS 0x0000000752e00000, 0x0000000752e00000| Complete 
| 199|0x0000000752f00000, 0x0000000753000000, 0x0000000753000000|100%| E|CS|TAMS 0x0000000752f00000, 0x0000000752f00000| Complete 
| 200|0x0000000753000000, 0x0000000753100000, 0x0000000753100000|100%| E|CS|TAMS 0x0000000753000000, 0x0000000753000000| Complete 
| 201|0x0000000753100000, 0x0000000753200000, 0x0000000753200000|100%| E|CS|TAMS 0x0000000753100000, 0x0000000753100000| Complete 
| 202|0x0000000753200000, 0x0000000753300000, 0x0000000753300000|100%| E|CS|TAMS 0x0000000753200000, 0x0000000753200000| Complete 
| 203|0x0000000753300000, 0x0000000753400000, 0x0000000753400000|100%| E|CS|TAMS 0x0000000753300000, 0x0000000753300000| Complete 
| 204|0x0000000753400000, 0x0000000753500000, 0x0000000753500000|100%| E|CS|TAMS 0x0000000753400000, 0x0000000753400000| Complete 
| 205|0x0000000753500000, 0x0000000753600000, 0x0000000753600000|100%| E|CS|TAMS 0x0000000753500000, 0x0000000753500000| Complete 
| 206|0x0000000753600000, 0x0000000753700000, 0x0000000753700000|100%| E|CS|TAMS 0x0000000753600000, 0x0000000753600000| Complete 
| 207|0x0000000753700000, 0x0000000753800000, 0x0000000753800000|100%| E|CS|TAMS 0x0000000753700000, 0x0000000753700000| Complete 
| 208|0x0000000753800000, 0x0000000753900000, 0x0000000753900000|100%| E|CS|TAMS 0x0000000753800000, 0x0000000753800000| Complete 
| 209|0x0000000753900000, 0x0000000753a00000, 0x0000000753a00000|100%| E|CS|TAMS 0x0000000753900000, 0x0000000753900000| Complete 
| 210|0x0000000753a00000, 0x0000000753b00000, 0x0000000753b00000|100%| E|CS|TAMS 0x0000000753a00000, 0x0000000753a00000| Complete 
| 211|0x0000000753b00000, 0x0000000753c00000, 0x0000000753c00000|100%| E|CS|TAMS 0x0000000753b00000, 0x0000000753b00000| Complete 
| 212|0x0000000753c00000, 0x0000000753d00000, 0x0000000753d00000|100%| E|CS|TAMS 0x0000000753c00000, 0x0000000753c00000| Complete 
| 213|0x0000000753d00000, 0x0000000753e00000, 0x0000000753e00000|100%| E|CS|TAMS 0x0000000753d00000, 0x0000000753d00000| Complete 
| 214|0x0000000753e00000, 0x0000000753f00000, 0x0000000753f00000|100%| E|CS|TAMS 0x0000000753e00000, 0x0000000753e00000| Complete 
| 215|0x0000000753f00000, 0x0000000754000000, 0x0000000754000000|100%| E|CS|TAMS 0x0000000753f00000, 0x0000000753f00000| Complete 
| 216|0x0000000754000000, 0x0000000754100000, 0x0000000754100000|100%| E|CS|TAMS 0x0000000754000000, 0x0000000754000000| Complete 
| 217|0x0000000754100000, 0x0000000754200000, 0x0000000754200000|100%| E|CS|TAMS 0x0000000754100000, 0x0000000754100000| Complete 
| 218|0x0000000754200000, 0x0000000754300000, 0x0000000754300000|100%| E|CS|TAMS 0x0000000754200000, 0x0000000754200000| Complete 
| 219|0x0000000754300000, 0x0000000754400000, 0x0000000754400000|100%| E|CS|TAMS 0x0000000754300000, 0x0000000754300000| Complete 
| 220|0x0000000754400000, 0x0000000754500000, 0x0000000754500000|100%| E|CS|TAMS 0x0000000754400000, 0x0000000754400000| Complete 
| 221|0x0000000754500000, 0x0000000754600000, 0x0000000754600000|100%| E|CS|TAMS 0x0000000754500000, 0x0000000754500000| Complete 
| 222|0x0000000754600000, 0x0000000754700000, 0x0000000754700000|100%| E|CS|TAMS 0x0000000754600000, 0x0000000754600000| Complete 
| 223|0x0000000754700000, 0x0000000754800000, 0x0000000754800000|100%| E|CS|TAMS 0x0000000754700000, 0x0000000754700000| Complete 
|1942|0x00000007bfe00000, 0x00000007bfe47000, 0x00000007bff00000| 27%|OA|  |TAMS 0x00000007bfe47000, 0x00000007bfe00000| Untracked 
|1943|0x00000007bff00000, 0x00000007bff6b000, 0x00000007c0000000| 41%|CA|  |TAMS 0x00000007bff6b000, 0x00000007bff00000| Untracked 

Card table byte_map: [0x00007fb65dd41000,0x00007fb65e30d000] _byte_map_base: 0x00007fb65a30d000

Marking Bits (Prev, Next): (CMBitMap*) 0x00007fb658068f40, (CMBitMap*) 0x00007fb658068f08
 Prev Bits: [0x00007fb636340000, 0x00007fb6391a0000)
 Next Bits: [0x00007fb6391a0000, 0x00007fb63c000000)

Polling page: 0x00007fb65efe7000

Metaspace:

Usage:
  Non-class:     21.94 MB capacity,    21.50 MB ( 98%) used,   408.28 KB (  2%) free+waste,    44.69 KB ( <1%) overhead. 
      Class:      3.01 MB capacity,     2.76 MB ( 91%) used,   243.18 KB (  8%) free+waste,    19.56 KB ( <1%) overhead. 
       Both:     24.96 MB capacity,    24.26 MB ( 97%) used,   651.46 KB (  3%) free+waste,    64.25 KB ( <1%) overhead. 

Virtual space:
  Non-class space:       24.00 MB reserved,      22.17 MB ( 92%) committed 
      Class space:        1.00 GB reserved,       3.12 MB ( <1%) committed 
             Both:        1.02 GB reserved,      25.30 MB (  2%) committed 

Chunk freelists:
   Non-Class:  157.00 KB
       Class:  0 bytes
        Both:  157.00 KB

MaxMetaspaceSize: unlimited
CompressedClassSpaceSize: 1.00 GB

CodeHeap 'non-profiled nmethods': size=120032Kb used=2198Kb max_used=2198Kb free=117833Kb
 bounds [0x00007fb648361000, 0x00007fb6485d1000, 0x00007fb64f899000]
CodeHeap 'profiled nmethods': size=120032Kb used=10588Kb max_used=10588Kb free=109443Kb
 bounds [0x00007fb640e29000, 0x00007fb641889000, 0x00007fb648361000]
CodeHeap 'non-nmethods': size=5696Kb used=1138Kb max_used=1187Kb free=4557Kb
 bounds [0x00007fb640899000, 0x00007fb640b09000, 0x00007fb640e29000]
 total_blobs=5695 nmethods=5216 adapters=391
 compilation: enabled
              stopped_count=0, restarted_count=0
 full_count=0

Compilation events (20 events):
Event: 4.921 Thread 0x00007fb65816d000 nmethod 5131 0x00007fb64857ce90 code [0x00007fb64857d040, 0x00007fb64857d298]
Event: 4.921 Thread 0x00007fb65816f000 5245 %     3       com.sun.tools.javac.code.Scope$ScopeImpl::getIndex @ 30 (101 bytes)
Event: 4.921 Thread 0x00007fb65816d000 5132       4       com.sun.tools.javac.util.List$3::next (39 bytes)
Event: 4.921 Thread 0x00007fb65816f000 nmethod 5245% 0x00007fb64187c390 code [0x00007fb64187c580, 0x00007fb64187ca40]
Event: 4.921 Thread 0x00007fb65816f000 5246       2       com.sun.tools.javac.code.Scope$FilterImportScope$SymbolImporter::<init> (33 bytes)
Event: 4.921 Thread 0x00007fb65816f000 nmethod 5246 0x00007fb64187cc10 code [0x00007fb64187cde0, 0x00007fb64187d190]
Event: 4.921 Thread 0x00007fb65816f000 5247       2       com.sun.tools.javac.code.Types$14::combineMetadata (87 bytes)
Event: 4.922 Thread 0x00007fb65816f000 nmethod 5247 0x00007fb64187d290 code [0x00007fb64187d480, 0x00007fb64187d760]
Event: 4.922 Thread 0x00007fb65816d000 nmethod 5132 0x00007fb64857d510 code [0x00007fb64857d6a0, 0x00007fb64857d818]
Event: 4.922 Thread 0x00007fb65816d000 5119       4       com.sun.tools.javac.util.ListBuffer::append (66 bytes)
Event: 4.924 Thread 0x00007fb65816f000 5248       3       com.sun.tools.javac.code.Scope$ScopeImpl::getIndex (101 bytes)
Event: 4.925 Thread 0x00007fb65816f000 nmethod 5248 0x00007fb64187d990 code [0x00007fb64187db80, 0x00007fb64187dfe0]
Event: 4.926 Thread 0x00007fb608276800 nmethod 5109 0x00007fb64857d910 code [0x00007fb64857dc20, 0x00007fb648580328]
Event: 4.926 Thread 0x00007fb608276800 5114       4       com.sun.tools.javac.util.List::nonEmpty (13 bytes)
Event: 4.926 Thread 0x00007fb608276800 nmethod 5114 0x00007fb648581510 code [0x00007fb6485816a0, 0x00007fb648581718]
Event: 4.926 Thread 0x00007fb608276800 5103       4       jdk.internal.jimage.BasicImageReader::getAttributes (48 bytes)
Event: 4.928 Thread 0x00007fb65816f000 5249       2       com.sun.tools.javac.comp.Attr::attribTypeVariables (247 bytes)
Event: 4.929 Thread 0x00007fb65816d000 nmethod 5119 0x00007fb648581790 code [0x00007fb648581940, 0x00007fb648581f18]
Event: 4.930 Thread 0x00007fb65816f000 nmethod 5249 0x00007fb64187e190 code [0x00007fb64187e500, 0x00007fb64187f7e0]
Event: 4.930 Thread 0x00007fb65816d000 5233       4       com.sun.tools.javac.comp.Env::dupto (39 bytes)

GC Heap History (10 events):
Event: 0.812 GC heap before
{Heap before GC invocations=0 (full 0):
 garbage-first heap   total 192512K, used 15048K [0x0000000746800000, 0x0000000800000000)
  region size 1024K, 14 young (14336K), 0 survivors (0K)
 Metaspace       used 4116K, capacity 7153K, committed 7296K, reserved 1056768K
  class space    used 460K, capacity 792K, committed 896K, reserved 1048576K
}
Event: 0.839 GC heap after
{Heap after GC invocations=1 (full 0):
 garbage-first heap   total 192512K, used 3301K [0x0000000746800000, 0x0000000800000000)
  region size 1024K, 2 young (2048K), 2 survivors (2048K)
 Metaspace       used 4116K, capacity 7153K, committed 7296K, reserved 1056768K
  class space    used 460K, capacity 792K, committed 896K, reserved 1048576K
}
Event: 1.094 GC heap before
{Heap before GC invocations=1 (full 0):
 garbage-first heap   total 192512K, used 15589K [0x0000000746800000, 0x0000000800000000)
  region size 1024K, 14 young (14336K), 2 survivors (2048K)
 Metaspace       used 5394K, capacity 7934K, committed 8192K, reserved 1056768K
  class space    used 641K, capacity 924K, committed 1024K, reserved 1048576K
}
Event: 1.102 GC heap after
{Heap after GC invocations=2 (full 0):
 garbage-first heap   total 192512K, used 3924K [0x0000000746800000, 0x0000000800000000)
  region size 1024K, 1 young (1024K), 1 survivors (1024K)
 Metaspace       used 5394K, capacity 7934K, committed 8192K, reserved 1056768K
  class space    used 641K, capacity 924K, committed 1024K, reserved 1048576K
}
Event: 2.054 GC heap before
{Heap before GC invocations=2 (full 0):
 garbage-first heap   total 192512K, used 35668K [0x0000000746800000, 0x0000000800000000)
  region size 1024K, 32 young (32768K), 1 survivors (1024K)
 Metaspace       used 10325K, capacity 12526K, committed 12928K, reserved 1060864K
  class space    used 1280K, capacity 1550K, committed 1664K, reserved 1048576K
}
Event: 2.065 GC heap after
{Heap after GC invocations=3 (full 0):
 garbage-first heap   total 192512K, used 5568K [0x0000000746800000, 0x0000000800000000)
  region size 1024K, 3 young (3072K), 3 survivors (3072K)
 Metaspace       used 10325K, capacity 12526K, committed 12928K, reserved 1060864K
  class space    used 1280K, capacity 1550K, committed 1664K, reserved 1048576K
}
Event: 2.911 GC heap before
{Heap before GC invocations=3 (full 0):
 garbage-first heap   total 192512K, used 57792K [0x0000000746800000, 0x0000000800000000)
  region size 1024K, 54 young (55296K), 3 survivors (3072K)
 Metaspace       used 13331K, capacity 14979K, committed 15360K, reserved 1062912K
  class space    used 1537K, capacity 1762K, committed 1792K, reserved 1048576K
}
Event: 2.922 GC heap after
{Heap after GC invocations=4 (full 0):
 garbage-first heap   total 192512K, used 9220K [0x0000000746800000, 0x0000000800000000)
  region size 1024K, 6 young (6144K), 6 survivors (6144K)
 Metaspace       used 13331K, capacity 14979K, committed 15360K, reserved 1062912K
  class space    used 1537K, capacity 1762K, committed 1792K, reserved 1048576K
}
Event: 3.907 GC heap before
{Heap before GC invocations=4 (full 0):
 garbage-first heap   total 192512K, used 101380K [0x0000000746800000, 0x0000000800000000)
  region size 1024K, 98 young (100352K), 6 survivors (6144K)
 Metaspace       used 19745K, capacity 20973K, committed 21296K, reserved 1069056K
  class space    used 2350K, capacity 2613K, committed 2688K, reserved 1048576K
}
Event: 3.927 GC heap after
{Heap after GC invocations=5 (full 0):
 garbage-first heap   total 231424K, used 14018K [0x0000000746800000, 0x0000000800000000)
  region size 1024K, 11 young (11264K), 11 survivors (11264K)
 Metaspace       used 19745K, capacity 20973K, committed 21296K, reserved 1069056K
  class space    used 2350K, capacity 2613K, committed 2688K, reserved 1048576K
}

Deoptimization events (20 events):
Event: 4.667 Thread 0x00007fb658016800 DEOPT PACKING pc=0x00007fb648555cb4 sp=0x00007fb65f1281d0
Event: 4.667 Thread 0x00007fb658016800 DEOPT UNPACKING pc=0x00007fb6408bf8a5 sp=0x00007fb65f128160 mode 2
Event: 4.678 Thread 0x00007fb658016800 Uncommon trap: trap_request=0xffffff4d fr.pc=0x00007fb64851c1bc relative=0x000000000000021c
Event: 4.678 Thread 0x00007fb658016800 Uncommon trap: reason=unstable_if action=reinterpret pc=0x00007fb64851c1bc method=com.sun.tools.javac.util.Name$Table.equals([BI[BII)Z @ 22 c2
Event: 4.678 Thread 0x00007fb658016800 DEOPT PACKING pc=0x00007fb64851c1bc sp=0x00007fb65f127ed0
Event: 4.678 Thread 0x00007fb658016800 DEOPT UNPACKING pc=0x00007fb6408bf8a5 sp=0x00007fb65f127e68 mode 2
Event: 4.696 Thread 0x00007fb658016800 DEOPT PACKING pc=0x00007fb64179f5f2 sp=0x00007fb65f128270
Event: 4.696 Thread 0x00007fb658016800 DEOPT UNPACKING pc=0x00007fb6408bf6ba sp=0x00007fb65f127708 mode 0
Event: 4.724 Thread 0x00007fb658016800 DEOPT PACKING pc=0x00007fb641797d68 sp=0x00007fb65f127cf0
Event: 4.724 Thread 0x00007fb658016800 DEOPT UNPACKING pc=0x00007fb6408bf6ba sp=0x00007fb65f127290 mode 0
Event: 4.841 Thread 0x00007fb658016800 DEOPT PACKING pc=0x00007fb641032241 sp=0x00007fb65f127b40
Event: 4.841 Thread 0x00007fb658016800 DEOPT UNPACKING pc=0x00007fb6408bf6ba sp=0x00007fb65f127070 mode 0
Event: 4.894 Thread 0x00007fb658016800 Uncommon trap: trap_request=0xffffff4d fr.pc=0x00007fb648561ce8 relative=0x0000000000003028
Event: 4.894 Thread 0x00007fb658016800 Uncommon trap: reason=unstable_if action=reinterpret pc=0x00007fb648561ce8 method=jdk.nio.zipfs.ZipFileSystem$Entry.cen(Ljdk/nio/zipfs/ZipFileSystem;Ljdk/nio/zipfs/ZipFileSystem$IndexNode;)Ljdk/nio/zipfs/ZipFileSystem$Entry; @ 168 c2
Event: 4.894 Thread 0x00007fb658016800 DEOPT PACKING pc=0x00007fb648561ce8 sp=0x00007fb65f127340
Event: 4.894 Thread 0x00007fb658016800 DEOPT UNPACKING pc=0x00007fb6408bf8a5 sp=0x00007fb65f127040 mode 2
Event: 4.894 Thread 0x00007fb658016800 Uncommon trap: trap_request=0xffffff4d fr.pc=0x00007fb648569d30 relative=0x0000000000002f90
Event: 4.894 Thread 0x00007fb658016800 Uncommon trap: reason=unstable_if action=reinterpret pc=0x00007fb648569d30 method=jdk.nio.zipfs.ZipFileSystem$Entry.cen(Ljdk/nio/zipfs/ZipFileSystem;Ljdk/nio/zipfs/ZipFileSystem$IndexNode;)Ljdk/nio/zipfs/ZipFileSystem$Entry; @ 168 c2
Event: 4.894 Thread 0x00007fb658016800 DEOPT PACKING pc=0x00007fb648569d30 sp=0x00007fb65f1270c0
Event: 4.894 Thread 0x00007fb658016800 DEOPT UNPACKING pc=0x00007fb6408bf8a5 sp=0x00007fb65f126fe8 mode 2

Classes redefined (0 events):
No events

Internal exceptions (20 events):
Event: 0.279 Thread 0x00007fb658016800 Exception <a 'java/lang/NoSuchMethodError'{0x0000000751f8e708}: 'int java.lang.invoke.DirectMethodHandle$Holder.invokeSpecialIFC(java.lang.Object, java.lang.Object, int)'> (0x0000000751f8e708) thrown at [src/hotspot/share/interpreter/linkResolver.cpp, line 772]
Event: 0.342 Thread 0x00007fb658016800 Exception <a 'java/security/PrivilegedActionException'{0x0000000751ebab80}> (0x0000000751ebab80) thrown at [src/hotspot/share/prims/jvm.cpp, line 1303]
Event: 0.342 Thread 0x00007fb658016800 Exception <a 'java/security/PrivilegedActionException'{0x0000000751ebae50}> (0x0000000751ebae50) thrown at [src/hotspot/share/prims/jvm.cpp, line 1303]
Event: 2.027 Thread 0x00007fb658016800 Exception <a 'java/lang/NoClassDefFoundError'{0x000000075025a430}: com/google/inject/servlet/ServletModuleTargetVisitor> (0x000000075025a430) thrown at [src/hotspot/share/classfile/systemDictionary.cpp, line 220]
Event: 2.027 Thread 0x00007fb658016800 Exception <a 'java/lang/NoClassDefFoundError'{0x000000075025a430}> (0x000000075025a430) thrown at [src/hotspot/share/prims/jvm.cpp, line 1309]
Event: 2.027 Thread 0x00007fb658016800 Exception <a 'java/lang/NoClassDefFoundError'{0x000000075025cee8}: javax/annotation/Priority> (0x000000075025cee8) thrown at [src/hotspot/share/classfile/systemDictionary.cpp, line 220]
Event: 2.713 Thread 0x00007fb658016800 Implicit null exception at 0x00007fb6483b6005 to 0x00007fb6483b61f0
Event: 2.715 Thread 0x00007fb658016800 Implicit null exception at 0x00007fb648398baf to 0x00007fb648398c2d
Event: 3.355 Thread 0x00007fb658016800 Exception <a 'java/lang/NoClassDefFoundError'{0x000000074f2372a0}: org/codehaus/plexus/util/interpolation/ValueSource> (0x000000074f2372a0) thrown at [src/hotspot/share/classfile/systemDictionary.cpp, line 220]
Event: 3.369 Thread 0x00007fb658016800 Exception <a 'java/lang/NoClassDefFoundError'{0x000000074f104de0}: org/sonatype/aether/graph/Dependency> (0x000000074f104de0) thrown at [src/hotspot/share/classfile/systemDictionary.cpp, line 220]
Event: 3.831 Thread 0x00007fb658016800 Exception <a 'java/lang/NoSuchMethodError'{0x000000074c161e98}: 'void java.lang.invoke.DirectMethodHandle$Holder.invokeSpecial(java.lang.Object, java.lang.Object, int, java.lang.Object)'> (0x000000074c161e98) thrown at [src/hotspot/share/interpreter/linkResolver.cpp, line 772]
Event: 3.832 Thread 0x00007fb658016800 Exception <a 'java/lang/NoSuchMethodError'{0x000000074c169088}: 'java.lang.Object java.lang.invoke.Invokers$Holder.linkToTargetMethod(java.lang.Object, int, java.lang.Object)'> (0x000000074c169088) thrown at [src/hotspot/share/interpreter/linkResolver.cpp, line 772]
Event: 3.842 Thread 0x00007fb658016800 Exception <a 'java/lang/NoSuchMethodError'{0x000000074c1893b8}: 'int java.lang.invoke.DirectMethodHandle$Holder.invokeVirtual(java.lang.Object, java.lang.Object, java.lang.Object)'> (0x000000074c1893b8) thrown at [src/hotspot/share/interpreter/linkResolver.cpp, line 772]
Event: 3.928 Thread 0x00007fb658016800 Exception <a 'java/lang/NoSuchMethodError'{0x0000000754700be8}: 'int java.lang.invoke.DirectMethodHandle$Holder.invokeStaticInit(java.lang.Object, java.lang.Object)'> (0x0000000754700be8) thrown at [src/hotspot/share/interpreter/linkResolver.cpp, line 772]
Event: 3.993 Thread 0x00007fb658016800 Exception <a 'java/lang/NoSuchMethodError'{0x00000007547cafd8}: 'int java.lang.invoke.DirectMethodHandle$Holder.invokeVirtual(java.lang.Object, java.lang.Object)'> (0x00000007547cafd8) thrown at [src/hotspot/share/interpreter/linkResolver.cpp, line 772]
Event: 3.999 Thread 0x00007fb658016800 Exception <a 'java/lang/NoSuchMethodError'{0x00000007547f9b48}: 'java.lang.Object java.lang.invoke.Invokers$Holder.linkToTargetMethod(java.lang.Object, java.lang.Object, java.lang.Object, java.lang.Object, java.lang.Object, java.lang.Object)'> (0x00000007547f9b48) thrown at [src/hotspot/share/interpreter/linkResolver.cpp, line 772]
Event: 4.334 Thread 0x00007fb658016800 Exception <a 'java/lang/NoSuchMethodError'{0x00000007534855b8}: 'java.lang.Object java.lang.invoke.DirectMethodHandle$Holder.invokeStatic(java.lang.Object, int, java.lang.Object)'> (0x00000007534855b8) thrown at [src/hotspot/share/interpreter/linkResolver.cpp, line 772]
Event: 4.352 Thread 0x00007fb658016800 Implicit null exception at 0x00007fb6484cdac6 to 0x00007fb6484ce3b4
Event: 4.423 Thread 0x00007fb658016800 Implicit null exception at 0x00007fb648532c2c to 0x00007fb648532dda
Event: 4.554 Thread 0x00007fb658016800 Exception <a 'java/lang/NoSuchMethodError'{0x0000000751a6b070}: 'int java.lang.invoke.DirectMethodHandle$Holder.invokeSpecial(java.lang.Object, java.lang.Object, java.lang.Object, java.lang.Object, java.lang.Object)'> (0x0000000751a6b070) thrown at [src/hotspot/share/interpreter/linkResolver.cpp, line 772]

Events (20 events):
Event: 4.751 loading class com/sun/tools/javac/code/Type
Event: 4.751 loading class com/sun/tools/javac/code/Type done
Event: 4.751 loading class com/sun/tools/javac/code/Types$TypeMapping
Event: 4.751 loading class com/sun/tools/javac/code/Types$TypeMapping done
Event: 4.768 loading class com/sun/tools/javac/code/Symbol
Event: 4.768 loading class com/sun/tools/javac/code/Symbol done
Event: 4.768 loading class com/sun/tools/javac/util/Filter
Event: 4.768 loading class com/sun/tools/javac/util/Filter done
Event: 4.768 loading class com/sun/tools/javac/code/Symbol
Event: 4.768 loading class com/sun/tools/javac/code/Symbol done
Event: 4.769 loading class com/sun/tools/javac/code/Symbol
Event: 4.769 loading class com/sun/tools/javac/code/Symbol done
Event: 4.827 Executing VM operation: ICBufferFull
Event: 4.827 Executing VM operation: ICBufferFull done
Event: 4.847 loading class com/sun/tools/javac/comp/Attr
Event: 4.847 loading class com/sun/tools/javac/comp/Attr done
Event: 4.847 loading class com/sun/tools/javac/code/Symbol$VarSymbol
Event: 4.847 loading class com/sun/tools/javac/code/Symbol$VarSymbol done
Event: 4.860 Executing VM operation: Deoptimize
Event: 4.860 Executing VM operation: Deoptimize done


Dynamic libraries:
746800000-754800000 rw-p 00000000 00:00 0 
754800000-7bfe00000 ---p 00000000 00:00 0 
7bfe00000-7bfe47000 rw-p 01111000 08:05 1181877                          /usr/lib/jvm/java-11-openjdk-amd64/lib/server/classes.jsa
7bfe47000-7bff00000 rw-p 00000000 00:00 0 
7bff00000-7bff6b000 rw-p 010a6000 08:05 1181877                          /usr/lib/jvm/java-11-openjdk-amd64/lib/server/classes.jsa
7bff6b000-7c0000000 rw-p 00000000 00:00 0 
7c0000000-800000000 ---p 00000000 00:00 0 
800000000-800002000 rwxp 00001000 08:05 1181877                          /usr/lib/jvm/java-11-openjdk-amd64/lib/server/classes.jsa
800002000-8003b9000 rw-p 00003000 08:05 1181877                          /usr/lib/jvm/java-11-openjdk-amd64/lib/server/classes.jsa
8003b9000-800a96000 r--p 003ba000 08:05 1181877                          /usr/lib/jvm/java-11-openjdk-amd64/lib/server/classes.jsa
800a96000-800a97000 rw-p 00a97000 08:05 1181877                          /usr/lib/jvm/java-11-openjdk-amd64/lib/server/classes.jsa
800a97000-8010a5000 r--p 00a98000 08:05 1181877                          /usr/lib/jvm/java-11-openjdk-amd64/lib/server/classes.jsa
840000000-840320000 rw-p 00000000 00:00 0 
840320000-880000000 ---p 00000000 00:00 0 
562bbfdf1000-562bbfdf2000 r--p 00000000 08:05 1184016                    /usr/lib/jvm/java-11-openjdk-amd64/bin/java
562bbfdf2000-562bbfdf3000 r-xp 00001000 08:05 1184016                    /usr/lib/jvm/java-11-openjdk-amd64/bin/java
562bbfdf3000-562bbfdf4000 r--p 00002000 08:05 1184016                    /usr/lib/jvm/java-11-openjdk-amd64/bin/java
562bbfdf4000-562bbfdf5000 r--p 00002000 08:05 1184016                    /usr/lib/jvm/java-11-openjdk-amd64/bin/java
562bbfdf5000-562bbfdf6000 rw-p 00003000 08:05 1184016                    /usr/lib/jvm/java-11-openjdk-amd64/bin/java
562bc00e2000-562bc0103000 rw-p 00000000 00:00 0                          [heap]
7fb5e4000000-7fb5e4f4b000 rw-p 00000000 00:00 0 
7fb5e4f4b000-7fb5e8000000 ---p 00000000 00:00 0 
7fb5ec000000-7fb5ec021000 rw-p 00000000 00:00 0 
7fb5ec021000-7fb5f0000000 ---p 00000000 00:00 0 
7fb5f0000000-7fb5f0021000 rw-p 00000000 00:00 0 
7fb5f0021000-7fb5f4000000 ---p 00000000 00:00 0 
7fb5f4000000-7fb5f4021000 rw-p 00000000 00:00 0 
7fb5f4021000-7fb5f8000000 ---p 00000000 00:00 0 
7fb5f8000000-7fb5f8021000 rw-p 00000000 00:00 0 
7fb5f8021000-7fb5fc000000 ---p 00000000 00:00 0 
7fb5fc000000-7fb5fc021000 rw-p 00000000 00:00 0 
7fb5fc021000-7fb600000000 ---p 00000000 00:00 0 
7fb600000000-7fb600021000 rw-p 00000000 00:00 0 
7fb600021000-7fb604000000 ---p 00000000 00:00 0 
7fb6067f3000-7fb606833000 rw-p 00000000 00:00 0 
7fb606833000-7fb6069f3000 ---p 00000000 00:00 0 
7fb6069f3000-7fb606bf3000 rw-p 00000000 00:00 0 
7fb606bf3000-7fb606ddf000 rw-p 00000000 00:00 0 
7fb606ddf000-7fb606df3000 ---p 00000000 00:00 0 
7fb606df3000-7fb606ff3000 rw-p 00000000 00:00 0 
7fb606ff3000-7fb6071f3000 rw-p 00000000 00:00 0 
7fb6071f3000-7fb6073f3000 rw-p 00000000 00:00 0 
7fb6073f3000-7fb6075f3000 rw-p 00000000 00:00 0 
7fb6075f3000-7fb6077f3000 rw-p 00000000 00:00 0 
7fb6077f3000-7fb6077f7000 ---p 00000000 00:00 0 
7fb6077f7000-7fb6078f4000 rw-p 00000000 00:00 0 
7fb6078f4000-7fb6078f5000 ---p 00000000 00:00 0 
7fb6078f5000-7fb6079f6000 rw-p 00000000 00:00 0 
7fb6079f6000-7fb6079f7000 ---p 00000000 00:00 0 
7fb6079f7000-7fb607af8000 rw-p 00000000 00:00 0 
7fb607af8000-7fb607af9000 ---p 00000000 00:00 0 
7fb607af9000-7fb607bfa000 rw-p 00000000 00:00 0 
7fb607bfa000-7fb607bfd000 r-xp 00000000 07:0c 2319                       /snap/netbeans/41/netbeans/java/maven/lib/jansi-native/linux64/libjansi.so
7fb607bfd000-7fb607dfc000 ---p 00003000 07:0c 2319                       /snap/netbeans/41/netbeans/java/maven/lib/jansi-native/linux64/libjansi.so
7fb607dfc000-7fb607dfd000 rw-p 00002000 07:0c 2319                       /snap/netbeans/41/netbeans/java/maven/lib/jansi-native/linux64/libjansi.so
7fb607dfd000-7fb607e01000 ---p 00000000 00:00 0 
7fb607e01000-7fb607efe000 rw-p 00000000 00:00 0 
7fb607efe000-7fb607eff000 ---p 00000000 00:00 0 
7fb607eff000-7fb608000000 rw-p 00000000 00:00 0 
7fb608000000-7fb6087d8000 rw-p 00000000 00:00 0 
7fb6087d8000-7fb60c000000 ---p 00000000 00:00 0 
7fb60c000000-7fb60c021000 rw-p 00000000 00:00 0 
7fb60c021000-7fb610000000 ---p 00000000 00:00 0 
7fb610000000-7fb610021000 rw-p 00000000 00:00 0 
7fb610021000-7fb614000000 ---p 00000000 00:00 0 
7fb614000000-7fb615225000 rw-p 00000000 00:00 0 
7fb615225000-7fb618000000 ---p 00000000 00:00 0 
7fb618000000-7fb618021000 rw-p 00000000 00:00 0 
7fb618021000-7fb61c000000 ---p 00000000 00:00 0 
7fb61c000000-7fb61c021000 rw-p 00000000 00:00 0 
7fb61c021000-7fb620000000 ---p 00000000 00:00 0 
7fb620000000-7fb620021000 rw-p 00000000 00:00 0 
7fb620021000-7fb624000000 ---p 00000000 00:00 0 
7fb624000000-7fb624031000 rw-p 00000000 00:00 0 
7fb624031000-7fb628000000 ---p 00000000 00:00 0 
7fb628000000-7fb628021000 rw-p 00000000 00:00 0 
7fb628021000-7fb62c000000 ---p 00000000 00:00 0 
7fb62c000000-7fb62c021000 rw-p 00000000 00:00 0 
7fb62c021000-7fb630000000 ---p 00000000 00:00 0 
7fb630000000-7fb630021000 rw-p 00000000 00:00 0 
7fb630021000-7fb634000000 ---p 00000000 00:00 0 
7fb63403d000-7fb634041000 ---p 00000000 00:00 0 
7fb634041000-7fb63413e000 rw-p 00000000 00:00 0 
7fb63413e000-7fb634142000 ---p 00000000 00:00 0 
7fb634142000-7fb63423f000 rw-p 00000000 00:00 0 
7fb63423f000-7fb634243000 ---p 00000000 00:00 0 
7fb634243000-7fb6366c0000 rw-p 00000000 00:00 0 
7fb6366c0000-7fb638198000 ---p 00000000 00:00 0 
7fb638198000-7fb6381a0000 rw-p 00000000 00:00 0 
7fb6381a0000-7fb6391a0000 ---p 00000000 00:00 0 
7fb6391a0000-7fb639520000 rw-p 00000000 00:00 0 
7fb639520000-7fb63aff8000 ---p 00000000 00:00 0 
7fb63aff8000-7fb63b000000 rw-p 00000000 00:00 0 
7fb63b000000-7fb63c000000 ---p 00000000 00:00 0 
7fb63c000000-7fb63c021000 rw-p 00000000 00:00 0 
7fb63c021000-7fb640000000 ---p 00000000 00:00 0 
7fb64009b000-7fb640899000 r--p 00000000 08:05 2621460                    /usr/lib/locale/locale-archive
7fb640899000-7fb640b09000 rwxp 00000000 00:00 0 
7fb640b09000-7fb640e29000 ---p 00000000 00:00 0 
7fb640e29000-7fb641889000 rwxp 00000000 00:00 0 
7fb641889000-7fb648361000 ---p 00000000 00:00 0 
7fb648361000-7fb6485d1000 rwxp 00000000 00:00 0 
7fb6485d1000-7fb64f899000 ---p 00000000 00:00 0 
7fb64f899000-7fb658000000 r--s 00000000 08:05 1189356                    /usr/lib/jvm/java-11-openjdk-amd64/lib/modules
7fb658000000-7fb65966a000 rw-p 00000000 00:00 0 
7fb65966a000-7fb65c000000 ---p 00000000 00:00 0 
7fb65c045000-7fb65c046000 r--p 00000000 08:05 2623646                    /usr/lib/x86_64-linux-gnu/libutil-2.31.so
7fb65c046000-7fb65c047000 r-xp 00001000 08:05 2623646                    /usr/lib/x86_64-linux-gnu/libutil-2.31.so
7fb65c047000-7fb65c048000 r--p 00002000 08:05 2623646                    /usr/lib/x86_64-linux-gnu/libutil-2.31.so
7fb65c048000-7fb65c049000 r--p 00002000 08:05 2623646                    /usr/lib/x86_64-linux-gnu/libutil-2.31.so
7fb65c049000-7fb65c04a000 rw-p 00003000 08:05 2623646                    /usr/lib/x86_64-linux-gnu/libutil-2.31.so
7fb65c05c000-7fb65c08d000 rw-p 00000000 00:00 0 
7fb65c08d000-7fb65c091000 r--p 00000000 08:05 1189336                    /usr/lib/jvm/java-11-openjdk-amd64/lib/libnet.so
7fb65c091000-7fb65c0a0000 r-xp 00004000 08:05 1189336                    /usr/lib/jvm/java-11-openjdk-amd64/lib/libnet.so
7fb65c0a0000-7fb65c0a4000 r--p 00013000 08:05 1189336                    /usr/lib/jvm/java-11-openjdk-amd64/lib/libnet.so
7fb65c0a4000-7fb65c0a5000 r--p 00016000 08:05 1189336                    /usr/lib/jvm/java-11-openjdk-amd64/lib/libnet.so
7fb65c0a5000-7fb65c0a6000 rw-p 00017000 08:05 1189336                    /usr/lib/jvm/java-11-openjdk-amd64/lib/libnet.so
7fb65c0a6000-7fb65c0ad000 r--p 00000000 08:05 1189338                    /usr/lib/jvm/java-11-openjdk-amd64/lib/libnio.so
7fb65c0ad000-7fb65c0b5000 r-xp 00007000 08:05 1189338                    /usr/lib/jvm/java-11-openjdk-amd64/lib/libnio.so
7fb65c0b5000-7fb65c0b8000 r--p 0000f000 08:05 1189338                    /usr/lib/jvm/java-11-openjdk-amd64/lib/libnio.so
7fb65c0b8000-7fb65c0b9000 r--p 00011000 08:05 1189338                    /usr/lib/jvm/java-11-openjdk-amd64/lib/libnio.so
7fb65c0b9000-7fb65c0ba000 rw-p 00012000 08:05 1189338                    /usr/lib/jvm/java-11-openjdk-amd64/lib/libnio.so
7fb65c0ba000-7fb65c0be000 ---p 00000000 00:00 0 
7fb65c0be000-7fb65c1bb000 rw-p 00000000 00:00 0 
7fb65c1bb000-7fb65c1bf000 ---p 00000000 00:00 0 
7fb65c1bf000-7fb65c2bc000 rw-p 00000000 00:00 0 
7fb65c2bc000-7fb65c2c0000 ---p 00000000 00:00 0 
7fb65c2c0000-7fb65c3bd000 rw-p 00000000 00:00 0 
7fb65c3bd000-7fb65c3c1000 ---p 00000000 00:00 0 
7fb65c3c1000-7fb65c4be000 rw-p 00000000 00:00 0 
7fb65c4be000-7fb65c4bf000 ---p 00000000 00:00 0 
7fb65c4bf000-7fb65cec4000 rw-p 00000000 00:00 0 
7fb65cec4000-7fb65cf06000 rw-p 00000000 00:00 0 
7fb65cf06000-7fb65cf07000 ---p 00000000 00:00 0 
7fb65cf07000-7fb65d008000 rw-p 00000000 00:00 0 
7fb65d008000-7fb65d009000 ---p 00000000 00:00 0 
7fb65d009000-7fb65d50e000 rw-p 00000000 00:00 0 
7fb65d50e000-7fb65d50f000 ---p 00000000 00:00 0 
7fb65d50f000-7fb65d610000 rw-p 00000000 00:00 0 
7fb65d610000-7fb65d611000 ---p 00000000 00:00 0 
7fb65d611000-7fb65d7e5000 rw-p 00000000 00:00 0 
7fb65d7e5000-7fb65db40000 ---p 00000000 00:00 0 
7fb65db40000-7fb65db41000 rw-p 00000000 00:00 0 
7fb65db41000-7fb65dd41000 ---p 00000000 00:00 0 
7fb65dd41000-7fb65ddb1000 rw-p 00000000 00:00 0 
7fb65ddb1000-7fb65e10c000 ---p 00000000 00:00 0 
7fb65e10c000-7fb65e10d000 rw-p 00000000 00:00 0 
7fb65e10d000-7fb65e30d000 ---p 00000000 00:00 0 
7fb65e30d000-7fb65e37d000 rw-p 00000000 00:00 0 
7fb65e37d000-7fb65e6d8000 ---p 00000000 00:00 0 
7fb65e6d8000-7fb65e6d9000 rw-p 00000000 00:00 0 
7fb65e6d9000-7fb65e8d9000 ---p 00000000 00:00 0 
7fb65e8d9000-7fb65ecdd000 rw-p 00000000 00:00 0 
7fb65ecdd000-7fb65ecde000 ---p 00000000 00:00 0 
7fb65ecde000-7fb65ede4000 rw-p 00000000 00:00 0 
7fb65ede4000-7fb65eeca000 ---p 00000000 00:00 0 
7fb65eeca000-7fb65eedf000 rw-p 00000000 00:00 0 
7fb65eedf000-7fb65efb5000 ---p 00000000 00:00 0 
7fb65efb5000-7fb65efba000 rw-p 00000000 00:00 0 
7fb65efba000-7fb65efc1000 ---p 00000000 00:00 0 
7fb65efc1000-7fb65efc4000 r--p 00000000 08:05 2623633                    /usr/lib/x86_64-linux-gnu/libnss_files-2.31.so
7fb65efc4000-7fb65efcb000 r-xp 00003000 08:05 2623633                    /usr/lib/x86_64-linux-gnu/libnss_files-2.31.so
7fb65efcb000-7fb65efcd000 r--p 0000a000 08:05 2623633                    /usr/lib/x86_64-linux-gnu/libnss_files-2.31.so
7fb65efcd000-7fb65efce000 r--p 0000b000 08:05 2623633                    /usr/lib/x86_64-linux-gnu/libnss_files-2.31.so
7fb65efce000-7fb65efcf000 rw-p 0000c000 08:05 2623633                    /usr/lib/x86_64-linux-gnu/libnss_files-2.31.so
7fb65efcf000-7fb65efd5000 rw-p 00000000 00:00 0 
7fb65efd5000-7fb65efd7000 r--p 00000000 08:05 1189354                    /usr/lib/jvm/java-11-openjdk-amd64/lib/libzip.so
7fb65efd7000-7fb65efdb000 r-xp 00002000 08:05 1189354                    /usr/lib/jvm/java-11-openjdk-amd64/lib/libzip.so
7fb65efdb000-7fb65efdd000 r--p 00006000 08:05 1189354                    /usr/lib/jvm/java-11-openjdk-amd64/lib/libzip.so
7fb65efdd000-7fb65efde000 r--p 00007000 08:05 1189354                    /usr/lib/jvm/java-11-openjdk-amd64/lib/libzip.so
7fb65efde000-7fb65efdf000 rw-p 00008000 08:05 1189354                    /usr/lib/jvm/java-11-openjdk-amd64/lib/libzip.so
7fb65efdf000-7fb65efe7000 rw-s 00000000 08:05 1708030                    /tmp/hsperfdata_james/13203
7fb65efe7000-7fb65efe8000 ---p 00000000 00:00 0 
7fb65efe8000-7fb65efe9000 r--p 00000000 00:00 0 
7fb65efe9000-7fb65efeb000 r--p 00000000 08:05 1189320                    /usr/lib/jvm/java-11-openjdk-amd64/lib/libjimage.so
7fb65efeb000-7fb65efee000 r-xp 00002000 08:05 1189320                    /usr/lib/jvm/java-11-openjdk-amd64/lib/libjimage.so
7fb65efee000-7fb65efef000 r--p 00005000 08:05 1189320                    /usr/lib/jvm/java-11-openjdk-amd64/lib/libjimage.so
7fb65efef000-7fb65eff0000 ---p 00006000 08:05 1189320                    /usr/lib/jvm/java-11-openjdk-amd64/lib/libjimage.so
7fb65eff0000-7fb65eff1000 r--p 00006000 08:05 1189320                    /usr/lib/jvm/java-11-openjdk-amd64/lib/libjimage.so
7fb65eff1000-7fb65eff2000 rw-p 00007000 08:05 1189320                    /usr/lib/jvm/java-11-openjdk-amd64/lib/libjimage.so
7fb65eff2000-7fb65f000000 r--p 00000000 08:05 1189312                    /usr/lib/jvm/java-11-openjdk-amd64/lib/libjava.so
7fb65f000000-7fb65f016000 r-xp 0000e000 08:05 1189312                    /usr/lib/jvm/java-11-openjdk-amd64/lib/libjava.so
7fb65f016000-7fb65f01d000 r--p 00024000 08:05 1189312                    /usr/lib/jvm/java-11-openjdk-amd64/lib/libjava.so
7fb65f01d000-7fb65f01e000 r--p 0002a000 08:05 1189312                    /usr/lib/jvm/java-11-openjdk-amd64/lib/libjava.so
7fb65f01e000-7fb65f01f000 rw-p 0002b000 08:05 1189312                    /usr/lib/jvm/java-11-openjdk-amd64/lib/libjava.so
7fb65f01f000-7fb65f020000 rw-p 00000000 00:00 0 
7fb65f020000-7fb65f023000 r--p 00000000 08:05 2623644                    /usr/lib/x86_64-linux-gnu/librt-2.31.so
7fb65f023000-7fb65f027000 r-xp 00003000 08:05 2623644                    /usr/lib/x86_64-linux-gnu/librt-2.31.so
7fb65f027000-7fb65f028000 r--p 00007000 08:05 2623644                    /usr/lib/x86_64-linux-gnu/librt-2.31.so
7fb65f028000-7fb65f029000 ---p 00008000 08:05 2623644                    /usr/lib/x86_64-linux-gnu/librt-2.31.so
7fb65f029000-7fb65f02a000 r--p 00008000 08:05 2623644                    /usr/lib/x86_64-linux-gnu/librt-2.31.so
7fb65f02a000-7fb65f02b000 rw-p 00009000 08:05 2623644                    /usr/lib/x86_64-linux-gnu/librt-2.31.so
7fb65f02b000-7fb65f02f000 ---p 00000000 00:00 0 
7fb65f02f000-7fb65f12c000 rw-p 00000000 00:00 0 
7fb65f12c000-7fb65f12f000 r--p 00000000 08:05 2623616                    /usr/lib/x86_64-linux-gnu/libgcc_s.so.1
7fb65f12f000-7fb65f141000 r-xp 00003000 08:05 2623616                    /usr/lib/x86_64-linux-gnu/libgcc_s.so.1
7fb65f141000-7fb65f145000 r--p 00015000 08:05 2623616                    /usr/lib/x86_64-linux-gnu/libgcc_s.so.1
7fb65f145000-7fb65f146000 r--p 00018000 08:05 2623616                    /usr/lib/x86_64-linux-gnu/libgcc_s.so.1
7fb65f146000-7fb65f147000 rw-p 00019000 08:05 2623616                    /usr/lib/x86_64-linux-gnu/libgcc_s.so.1
7fb65f147000-7fb65f156000 r--p 00000000 08:05 2623627                    /usr/lib/x86_64-linux-gnu/libm-2.31.so
7fb65f156000-7fb65f1fd000 r-xp 0000f000 08:05 2623627                    /usr/lib/x86_64-linux-gnu/libm-2.31.so
7fb65f1fd000-7fb65f294000 r--p 000b6000 08:05 2623627                    /usr/lib/x86_64-linux-gnu/libm-2.31.so
7fb65f294000-7fb65f295000 r--p 0014c000 08:05 2623627                    /usr/lib/x86_64-linux-gnu/libm-2.31.so
7fb65f295000-7fb65f296000 rw-p 0014d000 08:05 2623627                    /usr/lib/x86_64-linux-gnu/libm-2.31.so
7fb65f296000-7fb65f32c000 r--p 00000000 08:05 2623619                    /usr/lib/x86_64-linux-gnu/libstdc++.so.6.0.28
7fb65f32c000-7fb65f41c000 r-xp 00096000 08:05 2623619                    /usr/lib/x86_64-linux-gnu/libstdc++.so.6.0.28
7fb65f41c000-7fb65f465000 r--p 00186000 08:05 2623619                    /usr/lib/x86_64-linux-gnu/libstdc++.so.6.0.28
7fb65f465000-7fb65f466000 ---p 001cf000 08:05 2623619                    /usr/lib/x86_64-linux-gnu/libstdc++.so.6.0.28
7fb65f466000-7fb65f471000 r--p 001cf000 08:05 2623619                    /usr/lib/x86_64-linux-gnu/libstdc++.so.6.0.28
7fb65f471000-7fb65f474000 rw-p 001da000 08:05 2623619                    /usr/lib/x86_64-linux-gnu/libstdc++.so.6.0.28
7fb65f474000-7fb65f477000 rw-p 00000000 00:00 0 
7fb65f477000-7fb65f6f0000 r--p 00000000 08:05 1189362                    /usr/lib/jvm/java-11-openjdk-amd64/lib/server/libjvm.so
7fb65f6f0000-7fb66036d000 r-xp 00279000 08:05 1189362                    /usr/lib/jvm/java-11-openjdk-amd64/lib/server/libjvm.so
7fb66036d000-7fb6605c3000 r--p 00ef6000 08:05 1189362                    /usr/lib/jvm/java-11-openjdk-amd64/lib/server/libjvm.so
7fb6605c3000-7fb660684000 r--p 0114b000 08:05 1189362                    /usr/lib/jvm/java-11-openjdk-amd64/lib/server/libjvm.so
7fb660684000-7fb6606bf000 rw-p 0120c000 08:05 1189362                    /usr/lib/jvm/java-11-openjdk-amd64/lib/server/libjvm.so
7fb6606bf000-7fb660718000 rw-p 00000000 00:00 0 
7fb660718000-7fb66071f000 r--p 00000000 08:05 2623642                    /usr/lib/x86_64-linux-gnu/libpthread-2.31.so
7fb66071f000-7fb660730000 r-xp 00007000 08:05 2623642                    /usr/lib/x86_64-linux-gnu/libpthread-2.31.so
7fb660730000-7fb660735000 r--p 00018000 08:05 2623642                    /usr/lib/x86_64-linux-gnu/libpthread-2.31.so
7fb660735000-7fb660736000 r--p 0001c000 08:05 2623642                    /usr/lib/x86_64-linux-gnu/libpthread-2.31.so
7fb660736000-7fb660737000 rw-p 0001d000 08:05 2623642                    /usr/lib/x86_64-linux-gnu/libpthread-2.31.so
7fb660737000-7fb66073b000 rw-p 00000000 00:00 0 
7fb66073b000-7fb66073c000 r--p 00000000 08:05 2623626                    /usr/lib/x86_64-linux-gnu/libdl-2.31.so
7fb66073c000-7fb66073e000 r-xp 00001000 08:05 2623626                    /usr/lib/x86_64-linux-gnu/libdl-2.31.so
7fb66073e000-7fb66073f000 r--p 00003000 08:05 2623626                    /usr/lib/x86_64-linux-gnu/libdl-2.31.so
7fb66073f000-7fb660740000 r--p 00003000 08:05 2623626                    /usr/lib/x86_64-linux-gnu/libdl-2.31.so
7fb660740000-7fb660741000 rw-p 00004000 08:05 2623626                    /usr/lib/x86_64-linux-gnu/libdl-2.31.so
7fb660741000-7fb660743000 r--p 00000000 08:05 2621981                    /usr/lib/x86_64-linux-gnu/libz.so.1.2.11
7fb660743000-7fb660754000 r-xp 00002000 08:05 2621981                    /usr/lib/x86_64-linux-gnu/libz.so.1.2.11
7fb660754000-7fb66075a000 r--p 00013000 08:05 2621981                    /usr/lib/x86_64-linux-gnu/libz.so.1.2.11
7fb66075a000-7fb66075b000 ---p 00019000 08:05 2621981                    /usr/lib/x86_64-linux-gnu/libz.so.1.2.11
7fb66075b000-7fb66075c000 r--p 00019000 08:05 2621981                    /usr/lib/x86_64-linux-gnu/libz.so.1.2.11
7fb66075c000-7fb66075d000 rw-p 0001a000 08:05 2621981                    /usr/lib/x86_64-linux-gnu/libz.so.1.2.11
7fb66075d000-7fb660782000 r--p 00000000 08:05 2623625                    /usr/lib/x86_64-linux-gnu/libc-2.31.so
7fb660782000-7fb6608fa000 r-xp 00025000 08:05 2623625                    /usr/lib/x86_64-linux-gnu/libc-2.31.so
7fb6608fa000-7fb660944000 r--p 0019d000 08:05 2623625                    /usr/lib/x86_64-linux-gnu/libc-2.31.so
7fb660944000-7fb660945000 ---p 001e7000 08:05 2623625                    /usr/lib/x86_64-linux-gnu/libc-2.31.so
7fb660945000-7fb660948000 r--p 001e7000 08:05 2623625                    /usr/lib/x86_64-linux-gnu/libc-2.31.so
7fb660948000-7fb66094b000 rw-p 001ea000 08:05 2623625                    /usr/lib/x86_64-linux-gnu/libc-2.31.so
7fb66094b000-7fb66094f000 rw-p 00000000 00:00 0 
7fb66094f000-7fb660954000 r--p 00000000 08:05 1189352                    /usr/lib/jvm/java-11-openjdk-amd64/lib/libverify.so
7fb660954000-7fb66095b000 r-xp 00005000 08:05 1189352                    /usr/lib/jvm/java-11-openjdk-amd64/lib/libverify.so
7fb66095b000-7fb66095d000 r--p 0000c000 08:05 1189352                    /usr/lib/jvm/java-11-openjdk-amd64/lib/libverify.so
7fb66095d000-7fb66095e000 ---p 0000e000 08:05 1189352                    /usr/lib/jvm/java-11-openjdk-amd64/lib/libverify.so
7fb66095e000-7fb660960000 r--p 0000e000 08:05 1189352                    /usr/lib/jvm/java-11-openjdk-amd64/lib/libverify.so
7fb660960000-7fb660961000 rw-p 00010000 08:05 1189352                    /usr/lib/jvm/java-11-openjdk-amd64/lib/libverify.so
7fb660961000-7fb660964000 r--p 00000000 08:05 1189280                    /usr/lib/jvm/java-11-openjdk-amd64/lib/jli/libjli.so
7fb660964000-7fb66096e000 r-xp 00003000 08:05 1189280                    /usr/lib/jvm/java-11-openjdk-amd64/lib/jli/libjli.so
7fb66096e000-7fb660971000 r--p 0000d000 08:05 1189280                    /usr/lib/jvm/java-11-openjdk-amd64/lib/jli/libjli.so
7fb660971000-7fb660972000 ---p 00010000 08:05 1189280                    /usr/lib/jvm/java-11-openjdk-amd64/lib/jli/libjli.so
7fb660972000-7fb660973000 r--p 00010000 08:05 1189280                    /usr/lib/jvm/java-11-openjdk-amd64/lib/jli/libjli.so
7fb660973000-7fb660974000 rw-p 00011000 08:05 1189280                    /usr/lib/jvm/java-11-openjdk-amd64/lib/jli/libjli.so
7fb660974000-7fb660976000 rw-p 00000000 00:00 0 
7fb660976000-7fb660977000 r--p 00000000 08:05 2623621                    /usr/lib/x86_64-linux-gnu/ld-2.31.so
7fb660977000-7fb66099a000 r-xp 00001000 08:05 2623621                    /usr/lib/x86_64-linux-gnu/ld-2.31.so
7fb66099a000-7fb6609a2000 r--p 00024000 08:05 2623621                    /usr/lib/x86_64-linux-gnu/ld-2.31.so
7fb6609a3000-7fb6609a4000 r--p 0002c000 08:05 2623621                    /usr/lib/x86_64-linux-gnu/ld-2.31.so
7fb6609a4000-7fb6609a5000 rw-p 0002d000 08:05 2623621                    /usr/lib/x86_64-linux-gnu/ld-2.31.so
7fb6609a5000-7fb6609a6000 rw-p 00000000 00:00 0 
7fffbef88000-7fffbefa9000 rw-p 00000000 00:00 0                          [stack]
7fffbefee000-7fffbeff1000 r--p 00000000 00:00 0                          [vvar]
7fffbeff1000-7fffbeff2000 r-xp 00000000 00:00 0                          [vdso]
ffffffffff600000-ffffffffff601000 --xp 00000000 00:00 0                  [vsyscall]


VM Arguments:
jvm_args: -Dclassworlds.conf=/snap/netbeans/41/netbeans/java/maven/bin/m2.conf -Dmaven.home=/snap/netbeans/41/netbeans/java/maven -Dlibrary.jansi.path=/snap/netbeans/41/netbeans/java/maven/lib/jansi-native -Dmaven.multiModuleProjectDirectory=/home/james/Pictures/ULTIMO/BANCO 
java_command: org.codehaus.plexus.classworlds.launcher.Launcher -Dnetbeans.deploy=true -Dmaven.ext.class.path=/snap/netbeans/41/netbeans/java/maven-nblib/netbeans-eventspy.jar package
java_class_path (initial): /snap/netbeans/41/netbeans/java/maven/boot/plexus-classworlds-2.6.0.jar
Launcher Type: SUN_STANDARD

[Global flags]
     intx CICompilerCount                          = 3                                         {product} {ergonomic}
     uint ConcGCThreads                            = 1                                         {product} {ergonomic}
     uint G1ConcRefinementThreads                  = 4                                         {product} {ergonomic}
   size_t G1HeapRegionSize                         = 1048576                                   {product} {ergonomic}
    uintx GCDrainStackTargetSize                   = 64                                        {product} {ergonomic}
   size_t InitialHeapSize                          = 195035136                                 {product} {ergonomic}
   size_t MarkStackSize                            = 4194304                                   {product} {ergonomic}
   size_t MaxHeapSize                              = 3112173568                                {product} {ergonomic}
   size_t MaxNewSize                               = 1866465280                                {product} {ergonomic}
   size_t MinHeapDeltaBytes                        = 1048576                                   {product} {ergonomic}
    uintx NonNMethodCodeHeapSize                   = 5830732                                {pd product} {ergonomic}
    uintx NonProfiledCodeHeapSize                  = 122913754                              {pd product} {ergonomic}
    uintx ProfiledCodeHeapSize                     = 122913754                              {pd product} {ergonomic}
    uintx ReservedCodeCacheSize                    = 251658240                              {pd product} {ergonomic}
     bool SegmentedCodeCache                       = true                                      {product} {ergonomic}
     bool UseCompressedClassPointers               = true                                 {lp64_product} {ergonomic}
     bool UseCompressedOops                        = true                                 {lp64_product} {ergonomic}
     bool UseG1GC                                  = true                                      {product} {ergonomic}

Logging:
Log output configuration:
 #0: stdout all=warning uptime,level,tags
 #1: stderr all=off uptime,level,tags

Environment Variables:
JAVA_HOME=/usr/lib/jvm/java-11-openjdk-amd64
PATH=/usr/local/sbin:/usr/local/bin:/usr/sbin:/usr/bin:/sbin:/bin:/usr/games:/usr/local/games:/snap/bin
USERNAME=james
SHELL=/bin/bash
DISPLAY=:0
LANG=en_US.UTF-8

Signal Handlers:
SIGSEGV: [libjvm.so+0xe824c0], sa_mask[0]=11111111011111111101111111111110, sa_flags=SA_RESTART|SA_SIGINFO
SIGBUS: [libjvm.so+0xe824c0], sa_mask[0]=11111111011111111101111111111110, sa_flags=SA_RESTART|SA_SIGINFO
SIGFPE: [libjvm.so+0xe824c0], sa_mask[0]=11111111011111111101111111111110, sa_flags=SA_RESTART|SA_SIGINFO
SIGPIPE: [libjvm.so+0xbc8ee0], sa_mask[0]=11111111011111111101111111111110, sa_flags=SA_RESTART|SA_SIGINFO
SIGXFSZ: [libjvm.so+0xbc8ee0], sa_mask[0]=11111111011111111101111111111110, sa_flags=SA_RESTART|SA_SIGINFO
SIGILL: [libjvm.so+0xe824c0], sa_mask[0]=11111111011111111101111111111110, sa_flags=SA_RESTART|SA_SIGINFO
SIGUSR2: [libjvm.so+0xbc8d80], sa_mask[0]=00100000000000000000000000000000, sa_flags=SA_RESTART|SA_SIGINFO
SIGHUP: [libjvm.so+0xbc9220], sa_mask[0]=11111111011111111101111111111110, sa_flags=SA_RESTART|SA_SIGINFO
SIGINT: SIG_IGN, sa_mask[0]=00000000000000000000000000000000, sa_flags=none
SIGTERM: [libjvm.so+0xbc9220], sa_mask[0]=11111111011111111101111111111110, sa_flags=SA_RESTART|SA_SIGINFO
SIGQUIT: [libjvm.so+0xbc9220], sa_mask[0]=11111111011111111101111111111110, sa_flags=SA_RESTART|SA_SIGINFO


---------------  S Y S T E M  ---------------

OS:DISTRIB_ID=Ubuntu
DISTRIB_RELEASE=20.04
DISTRIB_CODENAME=focal
DISTRIB_DESCRIPTION="Ubuntu 20.04.1 LTS"
uname:Linux 5.4.0-58-generic #64-Ubuntu SMP Wed Dec 9 08:16:25 UTC 2020 x86_64
OS uptime: 1 days 16:54 hours
libc:glibc 2.31 NPTL 2.31 
rlimit (soft/hard): STACK 8192k/infinity , CORE 0k/infinity , NPROC 47247/47247 , NOFILE 1048576/1048576 , AS infinity/infinity , CPU infinity/infinity , DATA infinity/infinity , FSIZE infinity/infinity , MEMLOCK 65536k/65536k
load average:2.93 1.96 2.01

/proc/meminfo:
MemTotal:       12152148 kB
MemFree:          351828 kB
MemAvailable:    5201444 kB
Buffers:          393652 kB
Cached:          5384168 kB
SwapCached:            0 kB
Active:          7309592 kB
Inactive:        3286408 kB
Active(anon):    5552280 kB
Inactive(anon):    78424 kB
Active(file):    1757312 kB
Inactive(file):  3207984 kB
Unevictable:      731744 kB
Mlocked:              88 kB
SwapTotal:      12581884 kB
SwapFree:       12581884 kB
Dirty:             37504 kB
Writeback:             0 kB
AnonPages:       5550008 kB
Mapped:          2414544 kB
Shmem:            812532 kB
KReclaimable:     209272 kB
Slab:             345916 kB
SReclaimable:     209272 kB
SUnreclaim:       136644 kB
KernelStack:       19232 kB
PageTables:        45608 kB
NFS_Unstable:          0 kB
Bounce:                0 kB
WritebackTmp:          0 kB
CommitLimit:    18657956 kB
Committed_AS:   12408212 kB
VmallocTotal:   34359738367 kB
VmallocUsed:       39136 kB
VmallocChunk:          0 kB
Percpu:             3328 kB
HardwareCorrupted:     0 kB
AnonHugePages:         0 kB
ShmemHugePages:        0 kB
ShmemPmdMapped:        0 kB
FileHugePages:         0 kB
FilePmdMapped:         0 kB
CmaTotal:              0 kB
CmaFree:               0 kB
HugePages_Total:       0
HugePages_Free:        0
HugePages_Rsvd:        0
HugePages_Surp:        0
Hugepagesize:       2048 kB
Hugetlb:               0 kB
DirectMap4k:      339572 kB
DirectMap2M:    10029056 kB
DirectMap1G:     2097152 kB

/sys/kernel/mm/transparent_hugepage/enabled:
always [madvise] never
/sys/kernel/mm/transparent_hugepage/defrag (defrag/compaction efforts parameter):
always defer defer+madvise [madvise] never

/proc/sys/kernel/threads-max (system-wide limit on the number of threads):
94494
/proc/sys/vm/max_map_count (maximum number of memory map areas a process may have):
65530
/proc/sys/kernel/pid_max (system-wide limit on number of process identifiers):
4194304

container (cgroup) information:
container_type: cgroupv1
cpu_cpuset_cpus: 0-3
cpu_memory_nodes: 0
active_processor_count: 4
cpu_quota: -1
cpu_period: 100000
cpu_shares: -1
memory_limit_in_bytes: -1
memory_and_swap_limit_in_bytes: -2
memory_soft_limit_in_bytes: -1
memory_usage_in_bytes: 9959874560
memory_max_usage_in_bytes: 10027745280

Steal ticks since vm start: 0
Steal ticks percentage since vm start:  0.000

CPU:total 4 (initial active 4) (2 cores per cpu, 2 threads per core) family 6 model 142 stepping 9, cmov, cx8, fxsr, mmx, sse, sse2, sse3, ssse3, sse4.1, sse4.2, popcnt, avx, avx2, aes, clmul, erms, 3dnowpref, lzcnt, ht, tsc, tscinvbit, bmi1, bmi2, adx, fma
CPU Model and flags from /proc/cpuinfo:
model name	: Intel(R) Core(TM) i5-7200U CPU @ 2.50GHz
flags		: fpu vme de pse tsc msr pae mce cx8 apic sep mtrr pge mca cmov pat pse36 clflush dts acpi mmx fxsr sse sse2 ss ht tm pbe syscall nx pdpe1gb rdtscp lm constant_tsc art arch_perfmon pebs bts rep_good nopl xtopology nonstop_tsc cpuid aperfmperf pni pclmulqdq dtes64 monitor ds_cpl vmx est tm2 ssse3 sdbg fma cx16 xtpr pdcm pcid sse4_1 sse4_2 x2apic movbe popcnt tsc_deadline_timer aes xsave avx f16c rdrand lahf_lm abm 3dnowprefetch cpuid_fault epb invpcid_single pti ssbd ibrs ibpb stibp tpr_shadow vnmi flexpriority ept vpid ept_ad fsgsbase tsc_adjust bmi1 avx2 smep bmi2 erms invpcid mpx rdseed adx smap clflushopt intel_pt xsaveopt xsavec xgetbv1 xsaves dtherm ida arat pln pts hwp hwp_notify hwp_act_window hwp_epp md_clear flush_l1d
Online cpus:
0-3
Offline cpus:

BIOS frequency limitation:
<Not Available>
Frequency switch latency (ns):
0
Available cpu frequencies:
<Not Available>
Current governor:
powersave
Core performance/turbo boost:
<Not Available>

Memory: 4k page, physical 12152148k(351828k free), swap 12581884k(12581884k free)

vm_info: OpenJDK 64-Bit Server VM (11.0.9.1+1-Ubuntu-0ubuntu1.20.04) for linux-amd64 JRE (11.0.9.1+1-Ubuntu-0ubuntu1.20.04), built on Nov 10 2020 04:18:42 by "unknown" with gcc 9.3.0

END.
