#
# A fatal error has been detected by the Java Runtime Environment:
#
#  SIGSEGV (0xb) at pc=0x00007f3c743d371c, pid=35075, tid=35093
#
# JRE version: OpenJDK Runtime Environment (11.0.9.1+1) (build 11.0.9.1+1-Ubuntu-0ubuntu1.20.04)
# Java VM: OpenJDK 64-Bit Server VM (11.0.9.1+1-Ubuntu-0ubuntu1.20.04, mixed mode, sharing, tiered, compressed oops, g1 gc, linux-amd64)
# Problematic frame:
# J 1411 c2 com.google.inject.spi.InjectionPoint$3.compare(Ljava/lang/reflect/Method;Ljava/lang/reflect/Method;)I (55 bytes) @ 0x00007f3c743d371c [0x00007f3c743d31c0+0x000000000000055c]
#
# Core dump will be written. Default location: Core dumps may be processed with "/usr/share/apport/apport %p %s %c %d %P %E" (or dumping to /home/james/Pictures/ULTIMO/BANCO/core.35075)
#
# If you would like to submit a bug report, please visit:
#   https://bugs.launchpad.net/ubuntu/+source/openjdk-lts
#

---------------  S U M M A R Y ------------

Command Line: -Dclassworlds.conf=/snap/netbeans/41/netbeans/java/maven/bin/m2.conf -Dmaven.home=/snap/netbeans/41/netbeans/java/maven -Dlibrary.jansi.path=/snap/netbeans/41/netbeans/java/maven/lib/jansi-native -Dmaven.multiModuleProjectDirectory=/home/james/Pictures/ULTIMO/BANCO org.codehaus.plexus.classworlds.launcher.Launcher -Dnetbeans.deploy=true -Dmaven.ext.class.path=/snap/netbeans/41/netbeans/java/maven-nblib/netbeans-eventspy.jar package

Host: Intel(R) Core(TM) i5-7200U CPU @ 2.50GHz, 4 cores, 11G, Ubuntu 20.04.1 LTS
Time: Thu Jan 14 00:34:18 2021 EST elapsed time: 1.318495 seconds (0d 0h 0m 1s)

---------------  T H R E A D  ---------------

Current thread (0x00007f3c84016800):  JavaThread "main" [_thread_in_Java, id=35093, stack(0x00007f3c8a65b000,0x00007f3c8a75c000)]

Stack: [0x00007f3c8a65b000,0x00007f3c8a75c000],  sp=0x00007f3c8a7550e0,  free space=1000k
Native frames: (J=compiled Java code, A=aot compiled Java code, j=interpreted, Vv=VM code, C=native code)
J 1411 c2 com.google.inject.spi.InjectionPoint$3.compare(Ljava/lang/reflect/Method;Ljava/lang/reflect/Method;)I (55 bytes) @ 0x00007f3c743d371c [0x00007f3c743d31c0+0x000000000000055c]
J 1415 c2 com.google.inject.spi.InjectionPoint$3.compare(Ljava/lang/Object;Ljava/lang/Object;)I (13 bytes) @ 0x00007f3c743d469c [0x00007f3c743d4640+0x000000000000005c]
J 1197 c1 java.util.TimSort.binarySort([Ljava/lang/Object;IIILjava/util/Comparator;)V java.base@11.0.9.1 (223 bytes) @ 0x00007f3c6d058fbc [0x00007f3c6d058dc0+0x00000000000001fc]
J 1213 c1 java.util.TimSort.sort([Ljava/lang/Object;IILjava/util/Comparator;[Ljava/lang/Object;II)V java.base@11.0.9.1 (229 bytes) @ 0x00007f3c6d05ec54 [0x00007f3c6d05e960+0x00000000000002f4]
J 1214 c1 java.util.Arrays.sort([Ljava/lang/Object;Ljava/util/Comparator;)V java.base@11.0.9.1 (37 bytes) @ 0x00007f3c6d05f714 [0x00007f3c6d05f5e0+0x0000000000000134]
J 1215 c1 com.google.inject.spi.InjectionPoint.getInjectionPoints(Lcom/google/inject/TypeLiteral;ZLcom/google/inject/internal/Errors;)Ljava/util/Set; (489 bytes) @ 0x00007f3c6d061d44 [0x00007f3c6d0609e0+0x0000000000001364]
J 1318 c1 com.google.inject.spi.InjectionPoint.forInstanceMethodsAndFields(Lcom/google/inject/TypeLiteral;)Ljava/util/Set; (40 bytes) @ 0x00007f3c6d09fe9c [0x00007f3c6d09fce0+0x00000000000001bc]
j  com.google.inject.internal.MembersInjectorStore.createWithListeners(Lcom/google/inject/TypeLiteral;Lcom/google/inject/internal/Errors;)Lcom/google/inject/internal/MembersInjectorImpl;+6
j  com.google.inject.internal.MembersInjectorStore.access$000(Lcom/google/inject/internal/MembersInjectorStore;Lcom/google/inject/TypeLiteral;Lcom/google/inject/internal/Errors;)Lcom/google/inject/internal/MembersInjectorImpl;+3
j  com.google.inject.internal.MembersInjectorStore$1.create(Lcom/google/inject/TypeLiteral;Lcom/google/inject/internal/Errors;)Lcom/google/inject/internal/MembersInjectorImpl;+6
j  com.google.inject.internal.MembersInjectorStore$1.create(Ljava/lang/Object;Lcom/google/inject/internal/Errors;)Ljava/lang/Object;+6
j  com.google.inject.internal.FailableCache$1.load(Ljava/lang/Object;)Ljava/lang/Object;+16
j  com.google.common.cache.LocalCache$LoadingValueReference.loadFuture(Ljava/lang/Object;Lcom/google/common/cache/CacheLoader;)Lcom/google/common/util/concurrent/ListenableFuture;+24
J 1576 c1 com.google.common.cache.LocalCache$Segment.lockedGetOrLoad(Ljava/lang/Object;ILcom/google/common/cache/CacheLoader;)Ljava/lang/Object; (447 bytes) @ 0x00007f3c6d122114 [0x00007f3c6d11e760+0x00000000000039b4]
J 1504 c1 com.google.common.cache.LocalCache$Segment.get(Ljava/lang/Object;ILcom/google/common/cache/CacheLoader;)Ljava/lang/Object; (210 bytes) @ 0x00007f3c6d0f5edc [0x00007f3c6d0f50c0+0x0000000000000e1c]
J 1464 c1 com.google.common.cache.LocalCache$LocalLoadingCache.getUnchecked(Ljava/lang/Object;)Ljava/lang/Object; (19 bytes) @ 0x00007f3c6d0e88ec [0x00007f3c6d0e84e0+0x000000000000040c]
j  com.google.inject.internal.FailableCache.get(Ljava/lang/Object;Lcom/google/inject/internal/Errors;)Ljava/lang/Object;+5
J 1589 c1 com.google.inject.internal.MembersInjectorStore.get(Lcom/google/inject/TypeLiteral;Lcom/google/inject/internal/Errors;)Lcom/google/inject/internal/MembersInjectorImpl; (13 bytes) @ 0x00007f3c6d12bb84 [0x00007f3c6d12ba60+0x0000000000000124]
j  com.google.inject.internal.ConstructorInjectorStore.createConstructor(Lcom/google/inject/spi/InjectionPoint;Lcom/google/inject/internal/Errors;)Lcom/google/inject/internal/ConstructorInjector;+31
j  com.google.inject.internal.ConstructorInjectorStore.access$000(Lcom/google/inject/internal/ConstructorInjectorStore;Lcom/google/inject/spi/InjectionPoint;Lcom/google/inject/internal/Errors;)Lcom/google/inject/internal/ConstructorInjector;+3
j  com.google.inject.internal.ConstructorInjectorStore$1.create(Lcom/google/inject/spi/InjectionPoint;Lcom/google/inject/internal/Errors;)Lcom/google/inject/internal/ConstructorInjector;+6
j  com.google.inject.internal.ConstructorInjectorStore$1.create(Ljava/lang/Object;Lcom/google/inject/internal/Errors;)Ljava/lang/Object;+6
j  com.google.inject.internal.FailableCache$1.load(Ljava/lang/Object;)Ljava/lang/Object;+16
j  com.google.common.cache.LocalCache$LoadingValueReference.loadFuture(Ljava/lang/Object;Lcom/google/common/cache/CacheLoader;)Lcom/google/common/util/concurrent/ListenableFuture;+24
J 1576 c1 com.google.common.cache.LocalCache$Segment.lockedGetOrLoad(Ljava/lang/Object;ILcom/google/common/cache/CacheLoader;)Ljava/lang/Object; (447 bytes) @ 0x00007f3c6d122114 [0x00007f3c6d11e760+0x00000000000039b4]
J 1504 c1 com.google.common.cache.LocalCache$Segment.get(Ljava/lang/Object;ILcom/google/common/cache/CacheLoader;)Ljava/lang/Object; (210 bytes) @ 0x00007f3c6d0f5edc [0x00007f3c6d0f50c0+0x0000000000000e1c]
J 1464 c1 com.google.common.cache.LocalCache$LocalLoadingCache.getUnchecked(Ljava/lang/Object;)Ljava/lang/Object; (19 bytes) @ 0x00007f3c6d0e88ec [0x00007f3c6d0e84e0+0x000000000000040c]
j  com.google.inject.internal.FailableCache.get(Ljava/lang/Object;Lcom/google/inject/internal/Errors;)Ljava/lang/Object;+5
j  com.google.inject.internal.ConstructorInjectorStore.get(Lcom/google/inject/spi/InjectionPoint;Lcom/google/inject/internal/Errors;)Lcom/google/inject/internal/ConstructorInjector;+6
j  com.google.inject.internal.ConstructorBindingImpl.initialize(Lcom/google/inject/internal/InjectorImpl;Lcom/google/inject/internal/Errors;)V+13
j  com.google.inject.internal.InjectorImpl.initializeJitBinding(Lcom/google/inject/internal/BindingImpl;Lcom/google/inject/internal/Errors;)V+37
j  com.google.inject.internal.InjectorImpl.createJustInTimeBinding(Lcom/google/inject/Key;Lcom/google/inject/internal/Errors;ZLcom/google/inject/internal/InjectorImpl$JitLimitation;)Lcom/google/inject/internal/BindingImpl;+214
j  com.google.inject.internal.InjectorImpl.createJustInTimeBindingRecursive(Lcom/google/inject/Key;Lcom/google/inject/internal/Errors;ZLcom/google/inject/internal/InjectorImpl$JitLimitation;)Lcom/google/inject/internal/BindingImpl;+128
j  com.google.inject.internal.InjectorImpl.getJustInTimeBinding(Lcom/google/inject/Key;Lcom/google/inject/internal/Errors;Lcom/google/inject/internal/InjectorImpl$JitLimitation;)Lcom/google/inject/internal/BindingImpl;+161
J 1675 c1 com.google.inject.internal.InjectorImpl.getBindingOrThrow(Lcom/google/inject/Key;Lcom/google/inject/internal/Errors;Lcom/google/inject/internal/InjectorImpl$JitLimitation;)Lcom/google/inject/internal/BindingImpl; (28 bytes) @ 0x00007f3c6d14e5a4 [0x00007f3c6d14e3e0+0x00000000000001c4]
j  com.google.inject.internal.InjectorImpl.getProviderOrThrow(Lcom/google/inject/spi/Dependency;Lcom/google/inject/internal/Errors;)Lcom/google/inject/Provider;+11
j  com.google.inject.internal.InjectorImpl.getProvider(Lcom/google/inject/Key;)Lcom/google/inject/Provider;+15
j  com.google.inject.internal.InjectorImpl.getProvider(Ljava/lang/Class;)Lcom/google/inject/Provider;+5
j  com.google.inject.internal.InjectorImpl.getInstance(Ljava/lang/Class;)Ljava/lang/Object;+2
j  org.eclipse.sisu.space.AbstractDeferredClass.get()Ljava/lang/Object;+8
j  com.google.inject.internal.ProviderInternalFactory.provision(Ljavax/inject/Provider;Lcom/google/inject/spi/Dependency;Lcom/google/inject/internal/ConstructionContext;)Ljava/lang/Object;+1
j  com.google.inject.internal.InternalFactoryToInitializableAdapter.provision(Ljavax/inject/Provider;Lcom/google/inject/spi/Dependency;Lcom/google/inject/internal/ConstructionContext;)Ljava/lang/Object;+4
j  com.google.inject.internal.ProviderInternalFactory$1.call()Ljava/lang/Object;+16
j  com.google.inject.internal.ProvisionListenerStackCallback$Provision.provision()Ljava/lang/Object;+30
j  com.google.inject.internal.ProvisionListenerStackCallback$Provision.provision()Ljava/lang/Object;+118
j  com.google.inject.internal.ProvisionListenerStackCallback.provision(Lcom/google/inject/internal/InternalContext;Lcom/google/inject/internal/ProvisionListenerStackCallback$ProvisionCallback;)Ljava/lang/Object;+15
j  com.google.inject.internal.ProviderInternalFactory.circularGet(Ljavax/inject/Provider;Lcom/google/inject/internal/InternalContext;Lcom/google/inject/spi/Dependency;Lcom/google/inject/internal/ProvisionListenerStackCallback;)Ljava/lang/Object;+91
j  com.google.inject.internal.InternalFactoryToInitializableAdapter.get(Lcom/google/inject/internal/InternalContext;Lcom/google/inject/spi/Dependency;Z)Ljava/lang/Object;+19
j  com.google.inject.internal.ProviderToInternalFactoryAdapter.get()Ljava/lang/Object;+18
j  com.google.inject.internal.SingletonScope$1.get()Ljava/lang/Object;+58
j  com.google.inject.internal.InternalFactoryToProviderAdapter.get(Lcom/google/inject/internal/InternalContext;Lcom/google/inject/spi/Dependency;Z)Ljava/lang/Object;+4
j  com.google.inject.internal.InjectorImpl$1.get()Ljava/lang/Object;+31
j  org.eclipse.sisu.inject.LazyBeanEntry.getValue()Ljava/lang/Object;+4
j  org.eclipse.sisu.plexus.LazyPlexusBean.getValue()Ljava/lang/Object;+4
j  org.eclipse.sisu.plexus.PlexusRequirements$RequirementProvider.get()Ljava/lang/Object;+28
j  org.eclipse.sisu.plexus.ProvidedPropertyBinding.injectProperty(Ljava/lang/Object;)V+9
j  org.eclipse.sisu.bean.BeanInjector.injectMembers(Ljava/lang/Object;)V+22
j  com.google.inject.internal.MembersInjectorImpl.injectMembers(Ljava/lang/Object;Lcom/google/inject/internal/InternalContext;Z)V+115
j  com.google.inject.internal.ConstructorInjector.provision(Lcom/google/inject/internal/InternalContext;Lcom/google/inject/internal/ConstructionContext;)Ljava/lang/Object;+59
j  com.google.inject.internal.ConstructorInjector.access$000(Lcom/google/inject/internal/ConstructorInjector;Lcom/google/inject/internal/InternalContext;Lcom/google/inject/internal/ConstructionContext;)Ljava/lang/Object;+3
j  com.google.inject.internal.ConstructorInjector$1.call()Ljava/lang/Object;+12
j  com.google.inject.internal.ProvisionListenerStackCallback$Provision.provision()Ljava/lang/Object;+30
j  com.google.inject.internal.ProvisionListenerStackCallback$Provision.provision()Ljava/lang/Object;+118
j  com.google.inject.internal.ProvisionListenerStackCallback.provision(Lcom/google/inject/internal/InternalContext;Lcom/google/inject/internal/ProvisionListenerStackCallback$ProvisionCallback;)Ljava/lang/Object;+15
j  com.google.inject.internal.ConstructorInjector.construct(Lcom/google/inject/internal/InternalContext;Lcom/google/inject/spi/Dependency;Lcom/google/inject/internal/ProvisionListenerStackCallback;)Ljava/lang/Object;+113
j  com.google.inject.internal.ConstructorBindingImpl$Factory.get(Lcom/google/inject/internal/InternalContext;Lcom/google/inject/spi/Dependency;Z)Ljava/lang/Object;+48
j  com.google.inject.internal.InjectorImpl$1.get()Ljava/lang/Object;+31
j  com.google.inject.internal.InjectorImpl.getInstance(Ljava/lang/Class;)Ljava/lang/Object;+5
j  org.eclipse.sisu.space.AbstractDeferredClass.get()Ljava/lang/Object;+8
j  com.google.inject.internal.ProviderInternalFactory.provision(Ljavax/inject/Provider;Lcom/google/inject/spi/Dependency;Lcom/google/inject/internal/ConstructionContext;)Ljava/lang/Object;+1
j  com.google.inject.internal.InternalFactoryToInitializableAdapter.provision(Ljavax/inject/Provider;Lcom/google/inject/spi/Dependency;Lcom/google/inject/internal/ConstructionContext;)Ljava/lang/Object;+4
j  com.google.inject.internal.ProviderInternalFactory$1.call()Ljava/lang/Object;+16
j  com.google.inject.internal.ProvisionListenerStackCallback$Provision.provision()Ljava/lang/Object;+30
j  com.google.inject.internal.ProvisionListenerStackCallback$Provision.provision()Ljava/lang/Object;+118
j  com.google.inject.internal.ProvisionListenerStackCallback.provision(Lcom/google/inject/internal/InternalContext;Lcom/google/inject/internal/ProvisionListenerStackCallback$ProvisionCallback;)Ljava/lang/Object;+15
j  com.google.inject.internal.ProviderInternalFactory.circularGet(Ljavax/inject/Provider;Lcom/google/inject/internal/InternalContext;Lcom/google/inject/spi/Dependency;Lcom/google/inject/internal/ProvisionListenerStackCallback;)Ljava/lang/Object;+91
j  com.google.inject.internal.InternalFactoryToInitializableAdapter.get(Lcom/google/inject/internal/InternalContext;Lcom/google/inject/spi/Dependency;Z)Ljava/lang/Object;+19
j  com.google.inject.internal.ProviderToInternalFactoryAdapter.get()Ljava/lang/Object;+18
j  com.google.inject.internal.SingletonScope$1.get()Ljava/lang/Object;+58
j  com.google.inject.internal.InternalFactoryToProviderAdapter.get(Lcom/google/inject/internal/InternalContext;Lcom/google/inject/spi/Dependency;Z)Ljava/lang/Object;+4
j  com.google.inject.internal.InjectorImpl$1.get()Ljava/lang/Object;+31
j  org.eclipse.sisu.inject.LazyBeanEntry.getValue()Ljava/lang/Object;+4
j  org.eclipse.sisu.plexus.LazyPlexusBean.getValue()Ljava/lang/Object;+4
j  org.eclipse.sisu.plexus.PlexusRequirements$RequirementProvider.get()Ljava/lang/Object;+28
j  org.eclipse.sisu.plexus.ProvidedPropertyBinding.injectProperty(Ljava/lang/Object;)V+9
j  org.eclipse.sisu.bean.BeanInjector.injectMembers(Ljava/lang/Object;)V+22
j  com.google.inject.internal.MembersInjectorImpl.injectMembers(Ljava/lang/Object;Lcom/google/inject/internal/InternalContext;Z)V+115
j  com.google.inject.internal.ConstructorInjector.provision(Lcom/google/inject/internal/InternalContext;Lcom/google/inject/internal/ConstructionContext;)Ljava/lang/Object;+59
j  com.google.inject.internal.ConstructorInjector.access$000(Lcom/google/inject/internal/ConstructorInjector;Lcom/google/inject/internal/InternalContext;Lcom/google/inject/internal/ConstructionContext;)Ljava/lang/Object;+3
j  com.google.inject.internal.ConstructorInjector$1.call()Ljava/lang/Object;+12
j  com.google.inject.internal.ProvisionListenerStackCallback$Provision.provision()Ljava/lang/Object;+30
j  com.google.inject.internal.ProvisionListenerStackCallback$Provision.provision()Ljava/lang/Object;+118
j  com.google.inject.internal.ProvisionListenerStackCallback.provision(Lcom/google/inject/internal/InternalContext;Lcom/google/inject/internal/ProvisionListenerStackCallback$ProvisionCallback;)Ljava/lang/Object;+15
j  com.google.inject.internal.ConstructorInjector.construct(Lcom/google/inject/internal/InternalContext;Lcom/google/inject/spi/Dependency;Lcom/google/inject/internal/ProvisionListenerStackCallback;)Ljava/lang/Object;+113
j  com.google.inject.internal.ConstructorBindingImpl$Factory.get(Lcom/google/inject/internal/InternalContext;Lcom/google/inject/spi/Dependency;Z)Ljava/lang/Object;+48
j  com.google.inject.internal.InjectorImpl$1.get()Ljava/lang/Object;+31
j  com.google.inject.internal.InjectorImpl.getInstance(Ljava/lang/Class;)Ljava/lang/Object;+5
j  org.eclipse.sisu.space.AbstractDeferredClass.get()Ljava/lang/Object;+8
j  com.google.inject.internal.ProviderInternalFactory.provision(Ljavax/inject/Provider;Lcom/google/inject/spi/Dependency;Lcom/google/inject/internal/ConstructionContext;)Ljava/lang/Object;+1
j  com.google.inject.internal.InternalFactoryToInitializableAdapter.provision(Ljavax/inject/Provider;Lcom/google/inject/spi/Dependency;Lcom/google/inject/internal/ConstructionContext;)Ljava/lang/Object;+4
...<more frames>...


siginfo: si_signo: 11 (SIGSEGV), si_code: 2 (SEGV_ACCERR), si_addr: 0x00000007525c330c

Register to memory mapping:

RAX=0x0 is NULL
RBX=0x00000007505c7190 points into unknown readable memory: 05 00 00 00 00 00 00 00
RCX=0x0 is NULL
RDX=0x0000000000000008 is an unknown value
RSP=0x00007f3c8a7550e0 is pointing into the stack for thread: 0x00007f3c84016800
RBP=0x00007f3c8a7555a0 is pointing into the stack for thread: 0x00007f3c84016800
RSI=0x00000007505c33a0 points into unknown readable memory: 67 65 74 50 72 6f 78 79
RDI=0x00000007505c33a0 points into unknown readable memory: 67 65 74 50 72 6f 78 79
R8 =0x0 is NULL
R9 =0x000000074f4a96b8 points into unknown readable memory: 05 00 00 00 00 00 00 00
R10=0x00000000ea0b8e35 is an unknown value
R11=0x00000000ea4b8660 is an unknown value
R12=0x0 is NULL
R13=0x0000000751f00ce0 is an oop: com.google.common.collect.ComparisonChain$1 
{0x0000000751f00ce0} - klass: 'com/google/common/collect/ComparisonChain$1'
R14=0x00000008400cb1a8 is a pointer to class: 
com.google.inject.spi.InjectionPoint$3 {0x00000008400cb1a8}
R15=0x00007f3c84016800 is a thread


Registers:
RAX=0x0000000000000000, RBX=0x00000007505c7190, RCX=0x0000000000000000, RDX=0x0000000000000008
RSP=0x00007f3c8a7550e0, RBP=0x00007f3c8a7555a0, RSI=0x00000007505c33a0, RDI=0x00000007505c33a0
R8 =0x0000000000000000, R9 =0x000000074f4a96b8, R10=0x00000000ea0b8e35, R11=0x00000000ea4b8660
R12=0x0000000000000000, R13=0x0000000751f00ce0, R14=0x00000008400cb1a8, R15=0x00007f3c84016800
RIP=0x00007f3c743d371c, EFLAGS=0x0000000000010246, CSGSFS=0x002b000000000033, ERR=0x0000000000000004
  TRAPNO=0x000000000000000e

Top of Stack: (sp=0x00007f3c8a7550e0)
0x00007f3c8a7550e0:   000000074f4aa7b0 000000074f4a9660
0x00007f3c8a7550f0:   00007f3c6c29da08 0000000000000001
0x00007f3c8a755100:   0000000000000003 0000000000000003
0x00007f3c8a755110:   000000074f4a9420 000000074f4a9424 

Instructions: (pc=0x00007f3c743d371c)
0x00007f3c743d361c:   fa 80 3f 20 74 40 4d 8b 57 70 4d 8b 9f 80 00 00
0x00007f3c743d362c:   00 f0 83 44 24 c0 00 80 3f 00 74 2a c6 07 00 4d
0x00007f3c743d363c:   85 d2 75 15 49 8b f7 c5 f8 77 49 ba b0 75 1d 8b
0x00007f3c743d364c:   3c 7f 00 00 41 ff d2 eb 0d 4b 89 7c 13 f8 49 83
0x00007f3c743d365c:   c2 f8 4d 89 57 70 45 8b 5d 08 41 81 fb 74 9d 01
0x00007f3c743d366c:   08 0f 85 09 02 00 00 45 8b 5d 08 41 81 fb 74 9d
0x00007f3c743d367c:   01 08 0f 85 d4 04 00 00 41 8b 45 0c c5 f8 77 48
0x00007f3c743d368c:   83 c4 40 5d 4d 8b 97 08 01 00 00 41 85 02 c3 85
0x00007f3c743d369c:   c0 7e 0f 49 bd 00 0d f0 51 07 00 00 00 e9 ce fc
0x00007f3c743d36ac:   ff ff 49 bd e0 0c f0 51 07 00 00 00 e9 bf fc ff
0x00007f3c743d36bc:   ff 4c 8b 5c 24 08 45 8b 43 30 45 8b 59 30 41 81
0x00007f3c743d36cc:   fa 2a 9d 01 08 0f 85 e9 04 00 00 43 8b 4c dc 14
0x00007f3c743d36dc:   85 c9 0f 84 98 02 00 00 49 8d 1c cc 47 8b 5c c4
0x00007f3c743d36ec:   14 45 85 db 0f 84 c8 02 00 00 4f 8d 14 dc 0f be
0x00007f3c743d36fc:   4b 14 45 0f be 42 14 45 8b 5a 0c 44 8b 53 0c 41
0x00007f3c743d370c:   3b c8 0f 85 f0 04 00 00 85 c9 0f 85 20 05 00 00
0x00007f3c743d371c:   43 8b 54 dc 0c 43 8b 4c d4 0c 4f 8d 04 d4 4b 8d
0x00007f3c743d372c:   7c d4 10 4f 8d 14 dc 4b 8d 74 dc 10 8b c1 2b ca
0x00007f3c743d373c:   51 0f 4e d0 85 d2 0f 84 06 01 00 00 0f b6 07 0f
0x00007f3c743d374c:   b6 0e 2b c1 0f 85 fb 00 00 00 83 fa 01 0f 84 ef
0x00007f3c743d375c:   00 00 00 48 3b fe 0f 84 e6 00 00 00 8b c2 83 e2
0x00007f3c743d376c:   e0 0f 84 8b 00 00 00 c5 fa 6f 07 c4 e3 79 61 06
0x00007f3c743d377c:   18 72 11 c5 fa 6f 47 10 c4 e3 79 61 46 10 18 73
0x00007f3c743d378c:   12 83 c1 10 0f b6 04 0f 0f b6 14 0e 2b c2 e9 b2
0x00007f3c743d379c:   00 00 00 48 8d 3c 07 48 8d 34 06 83 e8 20 83 ea
0x00007f3c743d37ac:   20 0f 84 25 00 00 00 48 f7 d8 c5 fe 6f 04 07 c5
0x00007f3c743d37bc:   fd ef 04 06 c4 e2 7d 17 c0 0f 85 22 00 00 00 48
0x00007f3c743d37cc:   83 c0 20 83 ea 20 75 e2 c5 fd ef c0 48 85 c0 0f
0x00007f3c743d37dc:   84 6d 00 00 00 b8 20 00 00 00 8b d0 48 f7 d8 eb
0x00007f3c743d37ec:   c9 c5 fd ef c0 48 8d 3c 07 48 8d 34 06 e9 75 ff
0x00007f3c743d37fc:   ff ff 8b d0 83 fa 10 0f 8c 27 00 00 00 c5 fa 6f
0x00007f3c743d380c:   07 c4 e3 79 61 06 18 0f 82 77 ff ff ff 48 83 ea 


Stack slot to memory mapping:
stack at sp + 0 slots: 0x000000074f4aa7b0 points into unknown readable memory: 05 00 00 00 00 00 00 00
stack at sp + 1 slots: 0x000000074f4a9660 points into unknown readable memory: 05 00 00 00 00 00 00 00
stack at sp + 2 slots: 0x00007f3c6c29da08 is pointing into metadata
stack at sp + 3 slots: 0x0000000000000001 is an unknown value
stack at sp + 4 slots: 0x0000000000000003 is an unknown value
stack at sp + 5 slots: 0x0000000000000003 is an unknown value
stack at sp + 6 slots: 0x000000074f4a9420 is pointing into object: [Ljava.lang.reflect.Method; 
{0x000000074f4a9408} - klass: 'java/lang/reflect/Method'[]
 - length: 36
stack at sp + 7 slots: 0x000000074f4a9424 is pointing into object: [Ljava.lang.reflect.Method; 
{0x000000074f4a9408} - klass: 'java/lang/reflect/Method'[]
 - length: 36



---------------  P R O C E S S  ---------------

Threads class SMR info:
_java_thread_list=0x00007f3c841af270, length=9, elements={
0x00007f3c84016800, 0x00007f3c84163000, 0x00007f3c84165000, 0x00007f3c8416a800,
0x00007f3c8416d000, 0x00007f3c8416f000, 0x00007f3c84171000, 0x00007f3c841a8800,
0x00007f3c841ad800
}

Java Threads: ( => current thread )
=>0x00007f3c84016800 JavaThread "main" [_thread_in_Java, id=35093, stack(0x00007f3c8a65b000,0x00007f3c8a75c000)]
  0x00007f3c84163000 JavaThread "Reference Handler" daemon [_thread_blocked, id=35100, stack(0x00007f3c881ed000,0x00007f3c882ee000)]
  0x00007f3c84165000 JavaThread "Finalizer" daemon [_thread_blocked, id=35101, stack(0x00007f3c880ec000,0x00007f3c881ed000)]
  0x00007f3c8416a800 JavaThread "Signal Dispatcher" daemon [_thread_blocked, id=35102, stack(0x00007f3c6023f000,0x00007f3c60340000)]
  0x00007f3c8416d000 JavaThread "C2 CompilerThread0" daemon [_thread_blocked, id=35103, stack(0x00007f3c6013e000,0x00007f3c6023f000)]
  0x00007f3c8416f000 JavaThread "C1 CompilerThread0" daemon [_thread_blocked, id=35104, stack(0x00007f3c6003d000,0x00007f3c6013e000)]
  0x00007f3c84171000 JavaThread "Sweeper thread" daemon [_thread_blocked, id=35105, stack(0x00007f3c43701000,0x00007f3c43802000)]
  0x00007f3c841a8800 JavaThread "Service Thread" daemon [_thread_blocked, id=35106, stack(0x00007f3c43600000,0x00007f3c43701000)]
  0x00007f3c841ad800 JavaThread "Common-Cleaner" daemon [_thread_blocked, id=35108, stack(0x00007f3c433fd000,0x00007f3c434fe000)]

Other Threads:
  0x00007f3c84160800 VMThread "VM Thread" [stack: 0x00007f3c882f0000,0x00007f3c883f0000] [id=35099]
  0x00007f3c841ab000 WatcherThread [stack: 0x00007f3c43500000,0x00007f3c43600000] [id=35107]
  0x00007f3c8402e000 GCTaskThread "GC Thread#0" [stack: 0x00007f3c8a30f000,0x00007f3c8a40f000] [id=35094]
  0x00007f3c50001000 GCTaskThread "GC Thread#1" [stack: 0x00007f3c430fa000,0x00007f3c431fa000] [id=35109]
  0x00007f3c50002800 GCTaskThread "GC Thread#2" [stack: 0x00007f3c42ff8000,0x00007f3c430f8000] [id=35110]
  0x00007f3c50004800 GCTaskThread "GC Thread#3" [stack: 0x00007f3c42ef6000,0x00007f3c42ff6000] [id=35111]
  0x00007f3c84075800 ConcurrentGCThread "G1 Main Marker" [stack: 0x00007f3c88c42000,0x00007f3c88d42000] [id=35095]
  0x00007f3c84077800 ConcurrentGCThread "G1 Conc#0" [stack: 0x00007f3c88b40000,0x00007f3c88c40000] [id=35096]
  0x00007f3c84128000 ConcurrentGCThread "G1 Refine#0" [stack: 0x00007f3c8863a000,0x00007f3c8873a000] [id=35097]
  0x00007f3c8412a000 ConcurrentGCThread "G1 Young RemSet Sampling" [stack: 0x00007f3c88538000,0x00007f3c88638000] [id=35098]

Threads with active compile tasks:

VM state:not at safepoint (normal execution)

VM Mutex/Monitor currently owned by a thread: None

Heap address: 0x0000000746800000, size: 2968 MB, Compressed Oops mode: Zero based, Oop shift amount: 3
Narrow klass base: 0x0000000800000000, Narrow klass shift: 3
Compressed class space size: 1073741824 Address: 0x0000000840000000

Heap:
 garbage-first heap   total 192512K, used 47319K [0x0000000746800000, 0x0000000800000000)
  region size 1024K, 46 young (47104K), 2 survivors (2048K)
 Metaspace       used 10379K, capacity 12590K, committed 12928K, reserved 1060864K
  class space    used 1285K, capacity 1550K, committed 1664K, reserved 1048576K
Heap Regions: E=young(eden), S=young(survivor), O=old, HS=humongous(starts), HC=humongous(continues), CS=collection set, F=free, A=archive, TAMS=top-at-mark-start (previous, next)
|   0|0x0000000746800000, 0x0000000746883e00, 0x0000000746900000| 51%| O|  |TAMS 0x0000000746800000, 0x0000000746800000| Untracked 
|   1|0x0000000746900000, 0x0000000746900000, 0x0000000746a00000|  0%| F|  |TAMS 0x0000000746900000, 0x0000000746900000| Untracked 
|   2|0x0000000746a00000, 0x0000000746a00000, 0x0000000746b00000|  0%| F|  |TAMS 0x0000000746a00000, 0x0000000746a00000| Untracked 
|   3|0x0000000746b00000, 0x0000000746b00000, 0x0000000746c00000|  0%| F|  |TAMS 0x0000000746b00000, 0x0000000746b00000| Untracked 
|   4|0x0000000746c00000, 0x0000000746c00000, 0x0000000746d00000|  0%| F|  |TAMS 0x0000000746c00000, 0x0000000746c00000| Untracked 
|   5|0x0000000746d00000, 0x0000000746d00000, 0x0000000746e00000|  0%| F|  |TAMS 0x0000000746d00000, 0x0000000746d00000| Untracked 
|   6|0x0000000746e00000, 0x0000000746e00000, 0x0000000746f00000|  0%| F|  |TAMS 0x0000000746e00000, 0x0000000746e00000| Untracked 
|   7|0x0000000746f00000, 0x0000000746f00000, 0x0000000747000000|  0%| F|  |TAMS 0x0000000746f00000, 0x0000000746f00000| Untracked 
|   8|0x0000000747000000, 0x0000000747000000, 0x0000000747100000|  0%| F|  |TAMS 0x0000000747000000, 0x0000000747000000| Untracked 
|   9|0x0000000747100000, 0x0000000747100000, 0x0000000747200000|  0%| F|  |TAMS 0x0000000747100000, 0x0000000747100000| Untracked 
|  10|0x0000000747200000, 0x0000000747200000, 0x0000000747300000|  0%| F|  |TAMS 0x0000000747200000, 0x0000000747200000| Untracked 
|  11|0x0000000747300000, 0x0000000747300000, 0x0000000747400000|  0%| F|  |TAMS 0x0000000747300000, 0x0000000747300000| Untracked 
|  12|0x0000000747400000, 0x0000000747400000, 0x0000000747500000|  0%| F|  |TAMS 0x0000000747400000, 0x0000000747400000| Untracked 
|  13|0x0000000747500000, 0x0000000747500000, 0x0000000747600000|  0%| F|  |TAMS 0x0000000747500000, 0x0000000747500000| Untracked 
|  14|0x0000000747600000, 0x0000000747600000, 0x0000000747700000|  0%| F|  |TAMS 0x0000000747600000, 0x0000000747600000| Untracked 
|  15|0x0000000747700000, 0x0000000747700000, 0x0000000747800000|  0%| F|  |TAMS 0x0000000747700000, 0x0000000747700000| Untracked 
|  16|0x0000000747800000, 0x0000000747800000, 0x0000000747900000|  0%| F|  |TAMS 0x0000000747800000, 0x0000000747800000| Untracked 
|  17|0x0000000747900000, 0x0000000747900000, 0x0000000747a00000|  0%| F|  |TAMS 0x0000000747900000, 0x0000000747900000| Untracked 
|  18|0x0000000747a00000, 0x0000000747a00000, 0x0000000747b00000|  0%| F|  |TAMS 0x0000000747a00000, 0x0000000747a00000| Untracked 
|  19|0x0000000747b00000, 0x0000000747b00000, 0x0000000747c00000|  0%| F|  |TAMS 0x0000000747b00000, 0x0000000747b00000| Untracked 
|  20|0x0000000747c00000, 0x0000000747c00000, 0x0000000747d00000|  0%| F|  |TAMS 0x0000000747c00000, 0x0000000747c00000| Untracked 
|  21|0x0000000747d00000, 0x0000000747d00000, 0x0000000747e00000|  0%| F|  |TAMS 0x0000000747d00000, 0x0000000747d00000| Untracked 
|  22|0x0000000747e00000, 0x0000000747e00000, 0x0000000747f00000|  0%| F|  |TAMS 0x0000000747e00000, 0x0000000747e00000| Untracked 
|  23|0x0000000747f00000, 0x0000000747f00000, 0x0000000748000000|  0%| F|  |TAMS 0x0000000747f00000, 0x0000000747f00000| Untracked 
|  24|0x0000000748000000, 0x0000000748000000, 0x0000000748100000|  0%| F|  |TAMS 0x0000000748000000, 0x0000000748000000| Untracked 
|  25|0x0000000748100000, 0x0000000748100000, 0x0000000748200000|  0%| F|  |TAMS 0x0000000748100000, 0x0000000748100000| Untracked 
|  26|0x0000000748200000, 0x0000000748200000, 0x0000000748300000|  0%| F|  |TAMS 0x0000000748200000, 0x0000000748200000| Untracked 
|  27|0x0000000748300000, 0x0000000748300000, 0x0000000748400000|  0%| F|  |TAMS 0x0000000748300000, 0x0000000748300000| Untracked 
|  28|0x0000000748400000, 0x0000000748400000, 0x0000000748500000|  0%| F|  |TAMS 0x0000000748400000, 0x0000000748400000| Untracked 
|  29|0x0000000748500000, 0x0000000748500000, 0x0000000748600000|  0%| F|  |TAMS 0x0000000748500000, 0x0000000748500000| Untracked 
|  30|0x0000000748600000, 0x0000000748600000, 0x0000000748700000|  0%| F|  |TAMS 0x0000000748600000, 0x0000000748600000| Untracked 
|  31|0x0000000748700000, 0x0000000748700000, 0x0000000748800000|  0%| F|  |TAMS 0x0000000748700000, 0x0000000748700000| Untracked 
|  32|0x0000000748800000, 0x0000000748800000, 0x0000000748900000|  0%| F|  |TAMS 0x0000000748800000, 0x0000000748800000| Untracked 
|  33|0x0000000748900000, 0x0000000748900000, 0x0000000748a00000|  0%| F|  |TAMS 0x0000000748900000, 0x0000000748900000| Untracked 
|  34|0x0000000748a00000, 0x0000000748a00000, 0x0000000748b00000|  0%| F|  |TAMS 0x0000000748a00000, 0x0000000748a00000| Untracked 
|  35|0x0000000748b00000, 0x0000000748b00000, 0x0000000748c00000|  0%| F|  |TAMS 0x0000000748b00000, 0x0000000748b00000| Untracked 
|  36|0x0000000748c00000, 0x0000000748c00000, 0x0000000748d00000|  0%| F|  |TAMS 0x0000000748c00000, 0x0000000748c00000| Untracked 
|  37|0x0000000748d00000, 0x0000000748d00000, 0x0000000748e00000|  0%| F|  |TAMS 0x0000000748d00000, 0x0000000748d00000| Untracked 
|  38|0x0000000748e00000, 0x0000000748e00000, 0x0000000748f00000|  0%| F|  |TAMS 0x0000000748e00000, 0x0000000748e00000| Untracked 
|  39|0x0000000748f00000, 0x0000000748f00000, 0x0000000749000000|  0%| F|  |TAMS 0x0000000748f00000, 0x0000000748f00000| Untracked 
|  40|0x0000000749000000, 0x0000000749000000, 0x0000000749100000|  0%| F|  |TAMS 0x0000000749000000, 0x0000000749000000| Untracked 
|  41|0x0000000749100000, 0x0000000749100000, 0x0000000749200000|  0%| F|  |TAMS 0x0000000749100000, 0x0000000749100000| Untracked 
|  42|0x0000000749200000, 0x0000000749200000, 0x0000000749300000|  0%| F|  |TAMS 0x0000000749200000, 0x0000000749200000| Untracked 
|  43|0x0000000749300000, 0x0000000749300000, 0x0000000749400000|  0%| F|  |TAMS 0x0000000749300000, 0x0000000749300000| Untracked 
|  44|0x0000000749400000, 0x0000000749400000, 0x0000000749500000|  0%| F|  |TAMS 0x0000000749400000, 0x0000000749400000| Untracked 
|  45|0x0000000749500000, 0x0000000749500000, 0x0000000749600000|  0%| F|  |TAMS 0x0000000749500000, 0x0000000749500000| Untracked 
|  46|0x0000000749600000, 0x0000000749600000, 0x0000000749700000|  0%| F|  |TAMS 0x0000000749600000, 0x0000000749600000| Untracked 
|  47|0x0000000749700000, 0x0000000749700000, 0x0000000749800000|  0%| F|  |TAMS 0x0000000749700000, 0x0000000749700000| Untracked 
|  48|0x0000000749800000, 0x0000000749800000, 0x0000000749900000|  0%| F|  |TAMS 0x0000000749800000, 0x0000000749800000| Untracked 
|  49|0x0000000749900000, 0x0000000749900000, 0x0000000749a00000|  0%| F|  |TAMS 0x0000000749900000, 0x0000000749900000| Untracked 
|  50|0x0000000749a00000, 0x0000000749a00000, 0x0000000749b00000|  0%| F|  |TAMS 0x0000000749a00000, 0x0000000749a00000| Untracked 
|  51|0x0000000749b00000, 0x0000000749b00000, 0x0000000749c00000|  0%| F|  |TAMS 0x0000000749b00000, 0x0000000749b00000| Untracked 
|  52|0x0000000749c00000, 0x0000000749c00000, 0x0000000749d00000|  0%| F|  |TAMS 0x0000000749c00000, 0x0000000749c00000| Untracked 
|  53|0x0000000749d00000, 0x0000000749d00000, 0x0000000749e00000|  0%| F|  |TAMS 0x0000000749d00000, 0x0000000749d00000| Untracked 
|  54|0x0000000749e00000, 0x0000000749e00000, 0x0000000749f00000|  0%| F|  |TAMS 0x0000000749e00000, 0x0000000749e00000| Untracked 
|  55|0x0000000749f00000, 0x0000000749f00000, 0x000000074a000000|  0%| F|  |TAMS 0x0000000749f00000, 0x0000000749f00000| Untracked 
|  56|0x000000074a000000, 0x000000074a000000, 0x000000074a100000|  0%| F|  |TAMS 0x000000074a000000, 0x000000074a000000| Untracked 
|  57|0x000000074a100000, 0x000000074a100000, 0x000000074a200000|  0%| F|  |TAMS 0x000000074a100000, 0x000000074a100000| Untracked 
|  58|0x000000074a200000, 0x000000074a200000, 0x000000074a300000|  0%| F|  |TAMS 0x000000074a200000, 0x000000074a200000| Untracked 
|  59|0x000000074a300000, 0x000000074a300000, 0x000000074a400000|  0%| F|  |TAMS 0x000000074a300000, 0x000000074a300000| Untracked 
|  60|0x000000074a400000, 0x000000074a400000, 0x000000074a500000|  0%| F|  |TAMS 0x000000074a400000, 0x000000074a400000| Untracked 
|  61|0x000000074a500000, 0x000000074a500000, 0x000000074a600000|  0%| F|  |TAMS 0x000000074a500000, 0x000000074a500000| Untracked 
|  62|0x000000074a600000, 0x000000074a600000, 0x000000074a700000|  0%| F|  |TAMS 0x000000074a600000, 0x000000074a600000| Untracked 
|  63|0x000000074a700000, 0x000000074a700000, 0x000000074a800000|  0%| F|  |TAMS 0x000000074a700000, 0x000000074a700000| Untracked 
|  64|0x000000074a800000, 0x000000074a800000, 0x000000074a900000|  0%| F|  |TAMS 0x000000074a800000, 0x000000074a800000| Untracked 
|  65|0x000000074a900000, 0x000000074a900000, 0x000000074aa00000|  0%| F|  |TAMS 0x000000074a900000, 0x000000074a900000| Untracked 
|  66|0x000000074aa00000, 0x000000074aa00000, 0x000000074ab00000|  0%| F|  |TAMS 0x000000074aa00000, 0x000000074aa00000| Untracked 
|  67|0x000000074ab00000, 0x000000074ab00000, 0x000000074ac00000|  0%| F|  |TAMS 0x000000074ab00000, 0x000000074ab00000| Untracked 
|  68|0x000000074ac00000, 0x000000074ac00000, 0x000000074ad00000|  0%| F|  |TAMS 0x000000074ac00000, 0x000000074ac00000| Untracked 
|  69|0x000000074ad00000, 0x000000074ad00000, 0x000000074ae00000|  0%| F|  |TAMS 0x000000074ad00000, 0x000000074ad00000| Untracked 
|  70|0x000000074ae00000, 0x000000074ae00000, 0x000000074af00000|  0%| F|  |TAMS 0x000000074ae00000, 0x000000074ae00000| Untracked 
|  71|0x000000074af00000, 0x000000074af00000, 0x000000074b000000|  0%| F|  |TAMS 0x000000074af00000, 0x000000074af00000| Untracked 
|  72|0x000000074b000000, 0x000000074b000000, 0x000000074b100000|  0%| F|  |TAMS 0x000000074b000000, 0x000000074b000000| Untracked 
|  73|0x000000074b100000, 0x000000074b100000, 0x000000074b200000|  0%| F|  |TAMS 0x000000074b100000, 0x000000074b100000| Untracked 
|  74|0x000000074b200000, 0x000000074b200000, 0x000000074b300000|  0%| F|  |TAMS 0x000000074b200000, 0x000000074b200000| Untracked 
|  75|0x000000074b300000, 0x000000074b300000, 0x000000074b400000|  0%| F|  |TAMS 0x000000074b300000, 0x000000074b300000| Untracked 
|  76|0x000000074b400000, 0x000000074b400000, 0x000000074b500000|  0%| F|  |TAMS 0x000000074b400000, 0x000000074b400000| Untracked 
|  77|0x000000074b500000, 0x000000074b500000, 0x000000074b600000|  0%| F|  |TAMS 0x000000074b500000, 0x000000074b500000| Untracked 
|  78|0x000000074b600000, 0x000000074b600000, 0x000000074b700000|  0%| F|  |TAMS 0x000000074b600000, 0x000000074b600000| Untracked 
|  79|0x000000074b700000, 0x000000074b700000, 0x000000074b800000|  0%| F|  |TAMS 0x000000074b700000, 0x000000074b700000| Untracked 
|  80|0x000000074b800000, 0x000000074b800000, 0x000000074b900000|  0%| F|  |TAMS 0x000000074b800000, 0x000000074b800000| Untracked 
|  81|0x000000074b900000, 0x000000074b900000, 0x000000074ba00000|  0%| F|  |TAMS 0x000000074b900000, 0x000000074b900000| Untracked 
|  82|0x000000074ba00000, 0x000000074ba00000, 0x000000074bb00000|  0%| F|  |TAMS 0x000000074ba00000, 0x000000074ba00000| Untracked 
|  83|0x000000074bb00000, 0x000000074bb00000, 0x000000074bc00000|  0%| F|  |TAMS 0x000000074bb00000, 0x000000074bb00000| Untracked 
|  84|0x000000074bc00000, 0x000000074bc00000, 0x000000074bd00000|  0%| F|  |TAMS 0x000000074bc00000, 0x000000074bc00000| Untracked 
|  85|0x000000074bd00000, 0x000000074bd00000, 0x000000074be00000|  0%| F|  |TAMS 0x000000074bd00000, 0x000000074bd00000| Untracked 
|  86|0x000000074be00000, 0x000000074be00000, 0x000000074bf00000|  0%| F|  |TAMS 0x000000074be00000, 0x000000074be00000| Untracked 
|  87|0x000000074bf00000, 0x000000074bf00000, 0x000000074c000000|  0%| F|  |TAMS 0x000000074bf00000, 0x000000074bf00000| Untracked 
|  88|0x000000074c000000, 0x000000074c000000, 0x000000074c100000|  0%| F|  |TAMS 0x000000074c000000, 0x000000074c000000| Untracked 
|  89|0x000000074c100000, 0x000000074c100000, 0x000000074c200000|  0%| F|  |TAMS 0x000000074c100000, 0x000000074c100000| Untracked 
|  90|0x000000074c200000, 0x000000074c200000, 0x000000074c300000|  0%| F|  |TAMS 0x000000074c200000, 0x000000074c200000| Untracked 
|  91|0x000000074c300000, 0x000000074c300000, 0x000000074c400000|  0%| F|  |TAMS 0x000000074c300000, 0x000000074c300000| Untracked 
|  92|0x000000074c400000, 0x000000074c400000, 0x000000074c500000|  0%| F|  |TAMS 0x000000074c400000, 0x000000074c400000| Untracked 
|  93|0x000000074c500000, 0x000000074c500000, 0x000000074c600000|  0%| F|  |TAMS 0x000000074c500000, 0x000000074c500000| Untracked 
|  94|0x000000074c600000, 0x000000074c600000, 0x000000074c700000|  0%| F|  |TAMS 0x000000074c600000, 0x000000074c600000| Untracked 
|  95|0x000000074c700000, 0x000000074c700000, 0x000000074c800000|  0%| F|  |TAMS 0x000000074c700000, 0x000000074c700000| Untracked 
|  96|0x000000074c800000, 0x000000074c800000, 0x000000074c900000|  0%| F|  |TAMS 0x000000074c800000, 0x000000074c800000| Untracked 
|  97|0x000000074c900000, 0x000000074c900000, 0x000000074ca00000|  0%| F|  |TAMS 0x000000074c900000, 0x000000074c900000| Untracked 
|  98|0x000000074ca00000, 0x000000074ca00000, 0x000000074cb00000|  0%| F|  |TAMS 0x000000074ca00000, 0x000000074ca00000| Untracked 
|  99|0x000000074cb00000, 0x000000074cb00000, 0x000000074cc00000|  0%| F|  |TAMS 0x000000074cb00000, 0x000000074cb00000| Untracked 
| 100|0x000000074cc00000, 0x000000074cc00000, 0x000000074cd00000|  0%| F|  |TAMS 0x000000074cc00000, 0x000000074cc00000| Untracked 
| 101|0x000000074cd00000, 0x000000074cd00000, 0x000000074ce00000|  0%| F|  |TAMS 0x000000074cd00000, 0x000000074cd00000| Untracked 
| 102|0x000000074ce00000, 0x000000074ce00000, 0x000000074cf00000|  0%| F|  |TAMS 0x000000074ce00000, 0x000000074ce00000| Untracked 
| 103|0x000000074cf00000, 0x000000074cf00000, 0x000000074d000000|  0%| F|  |TAMS 0x000000074cf00000, 0x000000074cf00000| Untracked 
| 104|0x000000074d000000, 0x000000074d000000, 0x000000074d100000|  0%| F|  |TAMS 0x000000074d000000, 0x000000074d000000| Untracked 
| 105|0x000000074d100000, 0x000000074d100000, 0x000000074d200000|  0%| F|  |TAMS 0x000000074d100000, 0x000000074d100000| Untracked 
| 106|0x000000074d200000, 0x000000074d200000, 0x000000074d300000|  0%| F|  |TAMS 0x000000074d200000, 0x000000074d200000| Untracked 
| 107|0x000000074d300000, 0x000000074d300000, 0x000000074d400000|  0%| F|  |TAMS 0x000000074d300000, 0x000000074d300000| Untracked 
| 108|0x000000074d400000, 0x000000074d400000, 0x000000074d500000|  0%| F|  |TAMS 0x000000074d400000, 0x000000074d400000| Untracked 
| 109|0x000000074d500000, 0x000000074d500000, 0x000000074d600000|  0%| F|  |TAMS 0x000000074d500000, 0x000000074d500000| Untracked 
| 110|0x000000074d600000, 0x000000074d600000, 0x000000074d700000|  0%| F|  |TAMS 0x000000074d600000, 0x000000074d600000| Untracked 
| 111|0x000000074d700000, 0x000000074d700000, 0x000000074d800000|  0%| F|  |TAMS 0x000000074d700000, 0x000000074d700000| Untracked 
| 112|0x000000074d800000, 0x000000074d800000, 0x000000074d900000|  0%| F|  |TAMS 0x000000074d800000, 0x000000074d800000| Untracked 
| 113|0x000000074d900000, 0x000000074d900000, 0x000000074da00000|  0%| F|  |TAMS 0x000000074d900000, 0x000000074d900000| Untracked 
| 114|0x000000074da00000, 0x000000074da00000, 0x000000074db00000|  0%| F|  |TAMS 0x000000074da00000, 0x000000074da00000| Untracked 
| 115|0x000000074db00000, 0x000000074db00000, 0x000000074dc00000|  0%| F|  |TAMS 0x000000074db00000, 0x000000074db00000| Untracked 
| 116|0x000000074dc00000, 0x000000074dc00000, 0x000000074dd00000|  0%| F|  |TAMS 0x000000074dc00000, 0x000000074dc00000| Untracked 
| 117|0x000000074dd00000, 0x000000074dd00000, 0x000000074de00000|  0%| F|  |TAMS 0x000000074dd00000, 0x000000074dd00000| Untracked 
| 118|0x000000074de00000, 0x000000074de00000, 0x000000074df00000|  0%| F|  |TAMS 0x000000074de00000, 0x000000074de00000| Untracked 
| 119|0x000000074df00000, 0x000000074df00000, 0x000000074e000000|  0%| F|  |TAMS 0x000000074df00000, 0x000000074df00000| Untracked 
| 120|0x000000074e000000, 0x000000074e000000, 0x000000074e100000|  0%| F|  |TAMS 0x000000074e000000, 0x000000074e000000| Untracked 
| 121|0x000000074e100000, 0x000000074e100000, 0x000000074e200000|  0%| F|  |TAMS 0x000000074e100000, 0x000000074e100000| Untracked 
| 122|0x000000074e200000, 0x000000074e200000, 0x000000074e300000|  0%| F|  |TAMS 0x000000074e200000, 0x000000074e200000| Untracked 
| 123|0x000000074e300000, 0x000000074e300000, 0x000000074e400000|  0%| F|  |TAMS 0x000000074e300000, 0x000000074e300000| Untracked 
| 124|0x000000074e400000, 0x000000074e400000, 0x000000074e500000|  0%| F|  |TAMS 0x000000074e400000, 0x000000074e400000| Untracked 
| 125|0x000000074e500000, 0x000000074e500000, 0x000000074e600000|  0%| F|  |TAMS 0x000000074e500000, 0x000000074e500000| Untracked 
| 126|0x000000074e600000, 0x000000074e600000, 0x000000074e700000|  0%| F|  |TAMS 0x000000074e600000, 0x000000074e600000| Untracked 
| 127|0x000000074e700000, 0x000000074e700000, 0x000000074e800000|  0%| F|  |TAMS 0x000000074e700000, 0x000000074e700000| Untracked 
| 128|0x000000074e800000, 0x000000074e800000, 0x000000074e900000|  0%| F|  |TAMS 0x000000074e800000, 0x000000074e800000| Untracked 
| 129|0x000000074e900000, 0x000000074e900000, 0x000000074ea00000|  0%| F|  |TAMS 0x000000074e900000, 0x000000074e900000| Untracked 
| 130|0x000000074ea00000, 0x000000074ea00000, 0x000000074eb00000|  0%| F|  |TAMS 0x000000074ea00000, 0x000000074ea00000| Untracked 
| 131|0x000000074eb00000, 0x000000074eb00000, 0x000000074ec00000|  0%| F|  |TAMS 0x000000074eb00000, 0x000000074eb00000| Untracked 
| 132|0x000000074ec00000, 0x000000074ec00000, 0x000000074ed00000|  0%| F|  |TAMS 0x000000074ec00000, 0x000000074ec00000| Untracked 
| 133|0x000000074ed00000, 0x000000074ed00000, 0x000000074ee00000|  0%| F|  |TAMS 0x000000074ed00000, 0x000000074ed00000| Untracked 
| 134|0x000000074ee00000, 0x000000074ee00000, 0x000000074ef00000|  0%| F|  |TAMS 0x000000074ee00000, 0x000000074ee00000| Untracked 
| 135|0x000000074ef00000, 0x000000074ef00000, 0x000000074f000000|  0%| F|  |TAMS 0x000000074ef00000, 0x000000074ef00000| Untracked 
| 136|0x000000074f000000, 0x000000074f000000, 0x000000074f100000|  0%| F|  |TAMS 0x000000074f000000, 0x000000074f000000| Untracked 
| 137|0x000000074f100000, 0x000000074f100000, 0x000000074f200000|  0%| F|  |TAMS 0x000000074f100000, 0x000000074f100000| Untracked 
| 138|0x000000074f200000, 0x000000074f200000, 0x000000074f300000|  0%| F|  |TAMS 0x000000074f200000, 0x000000074f200000| Untracked 
| 139|0x000000074f300000, 0x000000074f300000, 0x000000074f400000|  0%| F|  |TAMS 0x000000074f300000, 0x000000074f300000| Untracked 
| 140|0x000000074f400000, 0x000000074f500000, 0x000000074f500000|100%| E|  |TAMS 0x000000074f400000, 0x000000074f400000| Complete 
| 141|0x000000074f500000, 0x000000074f600000, 0x000000074f600000|100%| E|CS|TAMS 0x000000074f500000, 0x000000074f500000| Complete 
| 142|0x000000074f600000, 0x000000074f700000, 0x000000074f700000|100%| E|CS|TAMS 0x000000074f600000, 0x000000074f600000| Complete 
| 143|0x000000074f700000, 0x000000074f800000, 0x000000074f800000|100%| E|CS|TAMS 0x000000074f700000, 0x000000074f700000| Complete 
| 144|0x000000074f800000, 0x000000074f900000, 0x000000074f900000|100%| E|CS|TAMS 0x000000074f800000, 0x000000074f800000| Complete 
| 145|0x000000074f900000, 0x000000074fa00000, 0x000000074fa00000|100%| E|CS|TAMS 0x000000074f900000, 0x000000074f900000| Complete 
| 146|0x000000074fa00000, 0x000000074fb00000, 0x000000074fb00000|100%| E|CS|TAMS 0x000000074fa00000, 0x000000074fa00000| Complete 
| 147|0x000000074fb00000, 0x000000074fc00000, 0x000000074fc00000|100%| E|CS|TAMS 0x000000074fb00000, 0x000000074fb00000| Complete 
| 148|0x000000074fc00000, 0x000000074fd00000, 0x000000074fd00000|100%| E|CS|TAMS 0x000000074fc00000, 0x000000074fc00000| Complete 
| 149|0x000000074fd00000, 0x000000074fe00000, 0x000000074fe00000|100%| E|CS|TAMS 0x000000074fd00000, 0x000000074fd00000| Complete 
| 150|0x000000074fe00000, 0x000000074ff00000, 0x000000074ff00000|100%| E|CS|TAMS 0x000000074fe00000, 0x000000074fe00000| Complete 
| 151|0x000000074ff00000, 0x0000000750000000, 0x0000000750000000|100%| E|CS|TAMS 0x000000074ff00000, 0x000000074ff00000| Complete 
| 152|0x0000000750000000, 0x0000000750100000, 0x0000000750100000|100%| E|CS|TAMS 0x0000000750000000, 0x0000000750000000| Complete 
| 153|0x0000000750100000, 0x0000000750200000, 0x0000000750200000|100%| E|CS|TAMS 0x0000000750100000, 0x0000000750100000| Complete 
| 154|0x0000000750200000, 0x0000000750300000, 0x0000000750300000|100%| E|CS|TAMS 0x0000000750200000, 0x0000000750200000| Complete 
| 155|0x0000000750300000, 0x0000000750400000, 0x0000000750400000|100%| E|CS|TAMS 0x0000000750300000, 0x0000000750300000| Complete 
| 156|0x0000000750400000, 0x0000000750500000, 0x0000000750500000|100%| E|CS|TAMS 0x0000000750400000, 0x0000000750400000| Complete 
| 157|0x0000000750500000, 0x0000000750600000, 0x0000000750600000|100%| E|CS|TAMS 0x0000000750500000, 0x0000000750500000| Complete 
| 158|0x0000000750600000, 0x0000000750700000, 0x0000000750700000|100%| E|CS|TAMS 0x0000000750600000, 0x0000000750600000| Complete 
| 159|0x0000000750700000, 0x0000000750800000, 0x0000000750800000|100%| E|CS|TAMS 0x0000000750700000, 0x0000000750700000| Complete 
| 160|0x0000000750800000, 0x0000000750900000, 0x0000000750900000|100%| E|CS|TAMS 0x0000000750800000, 0x0000000750800000| Complete 
| 161|0x0000000750900000, 0x0000000750a00000, 0x0000000750a00000|100%| E|CS|TAMS 0x0000000750900000, 0x0000000750900000| Complete 
| 162|0x0000000750a00000, 0x0000000750b00000, 0x0000000750b00000|100%| E|CS|TAMS 0x0000000750a00000, 0x0000000750a00000| Complete 
| 163|0x0000000750b00000, 0x0000000750c00000, 0x0000000750c00000|100%| E|CS|TAMS 0x0000000750b00000, 0x0000000750b00000| Complete 
| 164|0x0000000750c00000, 0x0000000750d00000, 0x0000000750d00000|100%| E|CS|TAMS 0x0000000750c00000, 0x0000000750c00000| Complete 
| 165|0x0000000750d00000, 0x0000000750e00000, 0x0000000750e00000|100%| E|CS|TAMS 0x0000000750d00000, 0x0000000750d00000| Complete 
| 166|0x0000000750e00000, 0x0000000750f00000, 0x0000000750f00000|100%| E|CS|TAMS 0x0000000750e00000, 0x0000000750e00000| Complete 
| 167|0x0000000750f00000, 0x0000000751000000, 0x0000000751000000|100%| E|CS|TAMS 0x0000000750f00000, 0x0000000750f00000| Complete 
| 168|0x0000000751000000, 0x0000000751100000, 0x0000000751100000|100%| E|CS|TAMS 0x0000000751000000, 0x0000000751000000| Complete 
| 169|0x0000000751100000, 0x0000000751200000, 0x0000000751200000|100%| E|CS|TAMS 0x0000000751100000, 0x0000000751100000| Complete 
| 170|0x0000000751200000, 0x0000000751300000, 0x0000000751300000|100%| S|CS|TAMS 0x0000000751200000, 0x0000000751200000| Complete 
| 171|0x0000000751300000, 0x0000000751400000, 0x0000000751400000|100%| S|CS|TAMS 0x0000000751300000, 0x0000000751300000| Complete 
| 172|0x0000000751400000, 0x0000000751500000, 0x0000000751500000|100%| E|CS|TAMS 0x0000000751400000, 0x0000000751400000| Complete 
| 173|0x0000000751500000, 0x0000000751600000, 0x0000000751600000|100%| E|CS|TAMS 0x0000000751500000, 0x0000000751500000| Complete 
| 174|0x0000000751600000, 0x0000000751700000, 0x0000000751700000|100%| E|CS|TAMS 0x0000000751600000, 0x0000000751600000| Complete 
| 175|0x0000000751700000, 0x0000000751800000, 0x0000000751800000|100%| E|CS|TAMS 0x0000000751700000, 0x0000000751700000| Complete 
| 176|0x0000000751800000, 0x0000000751900000, 0x0000000751900000|100%| E|CS|TAMS 0x0000000751800000, 0x0000000751800000| Complete 
| 177|0x0000000751900000, 0x0000000751a00000, 0x0000000751a00000|100%| E|CS|TAMS 0x0000000751900000, 0x0000000751900000| Complete 
| 178|0x0000000751a00000, 0x0000000751b00000, 0x0000000751b00000|100%| E|CS|TAMS 0x0000000751a00000, 0x0000000751a00000| Complete 
| 179|0x0000000751b00000, 0x0000000751c00000, 0x0000000751c00000|100%| E|CS|TAMS 0x0000000751b00000, 0x0000000751b00000| Complete 
| 180|0x0000000751c00000, 0x0000000751d00000, 0x0000000751d00000|100%| E|CS|TAMS 0x0000000751c00000, 0x0000000751c00000| Complete 
| 181|0x0000000751d00000, 0x0000000751e00000, 0x0000000751e00000|100%| E|CS|TAMS 0x0000000751d00000, 0x0000000751d00000| Complete 
| 182|0x0000000751e00000, 0x0000000751f00000, 0x0000000751f00000|100%| E|CS|TAMS 0x0000000751e00000, 0x0000000751e00000| Complete 
| 183|0x0000000751f00000, 0x0000000752000000, 0x0000000752000000|100%| E|CS|TAMS 0x0000000751f00000, 0x0000000751f00000| Complete 
| 184|0x0000000752000000, 0x0000000752100000, 0x0000000752100000|100%| E|CS|TAMS 0x0000000752000000, 0x0000000752000000| Complete 
| 185|0x0000000752100000, 0x0000000752200000, 0x0000000752200000|100%| E|CS|TAMS 0x0000000752100000, 0x0000000752100000| Complete 
|1942|0x00000007bfe00000, 0x00000007bfe47000, 0x00000007bff00000| 27%|OA|  |TAMS 0x00000007bfe00000, 0x00000007bfe00000| Untracked 
|1943|0x00000007bff00000, 0x00000007bff6b000, 0x00000007c0000000| 41%|CA|  |TAMS 0x00000007bff00000, 0x00000007bff00000| Untracked 

Card table byte_map: [0x00007f3c89371000,0x00007f3c8993d000] _byte_map_base: 0x00007f3c8593d000

Marking Bits (Prev, Next): (CMBitMap*) 0x00007f3c84068f08, (CMBitMap*) 0x00007f3c84068f40
 Prev Bits: [0x00007f3c651a0000, 0x00007f3c68000000)
 Next Bits: [0x00007f3c62340000, 0x00007f3c651a0000)

Polling page: 0x00007f3c8a617000

Metaspace:

Usage:
  Non-class:     10.78 MB capacity,     8.88 MB ( 82%) used,     1.89 MB ( 18%) free+waste,    13.12 KB ( <1%) overhead. 
      Class:      1.51 MB capacity,     1.26 MB ( 83%) used,   258.55 KB ( 17%) free+waste,     6.19 KB ( <1%) overhead. 
       Both:     12.29 MB capacity,    10.14 MB ( 82%) used,     2.14 MB ( 17%) free+waste,    19.31 KB ( <1%) overhead. 

Virtual space:
  Non-class space:       12.00 MB reserved,      11.00 MB ( 92%) committed 
      Class space:        1.00 GB reserved,       1.62 MB ( <1%) committed 
             Both:        1.01 GB reserved,      12.62 MB (  1%) committed 

Chunk freelists:
   Non-Class:  144.00 KB
       Class:  18.00 KB
        Both:  162.00 KB

MaxMetaspaceSize: unlimited
CompressedClassSpaceSize: 1.00 GB

CodeHeap 'non-profiled nmethods': size=120032Kb used=547Kb max_used=547Kb free=119484Kb
 bounds [0x00007f3c74361000, 0x00007f3c745d1000, 0x00007f3c7b899000]
CodeHeap 'profiled nmethods': size=120032Kb used=3233Kb max_used=3233Kb free=116798Kb
 bounds [0x00007f3c6ce29000, 0x00007f3c6d159000, 0x00007f3c74361000]
CodeHeap 'non-nmethods': size=5696Kb used=1077Kb max_used=1094Kb free=4618Kb
 bounds [0x00007f3c6c899000, 0x00007f3c6cb09000, 0x00007f3c6ce29000]
 total_blobs=2079 nmethods=1690 adapters=301
 compilation: enabled
              stopped_count=0, restarted_count=0
 full_count=0

Compilation events (20 events):
Event: 1.271 Thread 0x00007f3c8416f000 nmethod 1680 0x00007f3c6d14f410 code [0x00007f3c6d14f5e0, 0x00007f3c6d14f9a0]
Event: 1.271 Thread 0x00007f3c8416f000 1681       3       com.google.common.collect.AbstractMapBasedMultimap$WrappedCollection::size (14 bytes)
Event: 1.271 Thread 0x00007f3c8416f000 nmethod 1681 0x00007f3c6d14fa90 code [0x00007f3c6d14fc60, 0x00007f3c6d14ff10]
Event: 1.271 Thread 0x00007f3c8416f000 1682       1       com.google.inject.name.NamedImpl::annotationType (3 bytes)
Event: 1.271 Thread 0x00007f3c8416f000 nmethod 1682 0x00007f3c743e7e90 code [0x00007f3c743e8040, 0x00007f3c743e8110]
Event: 1.272 Thread 0x00007f3c8416f000 1684       3       com.google.inject.internal.InjectorImpl::isProvider (13 bytes)
Event: 1.272 Thread 0x00007f3c8416f000 nmethod 1684 0x00007f3c6d150010 code [0x00007f3c6d1501e0, 0x00007f3c6d150450]
Event: 1.274 Thread 0x00007f3c8416f000 1686       3       java.util.TreeMap::parentOf (13 bytes)
Event: 1.274 Thread 0x00007f3c8416f000 nmethod 1686 0x00007f3c6d150590 code [0x00007f3c6d150740, 0x00007f3c6d150890]
Event: 1.274 Thread 0x00007f3c8416d000 nmethod 1654 0x00007f3c743e8590 code [0x00007f3c743e8760, 0x00007f3c743e9378]
Event: 1.274 Thread 0x00007f3c8416d000 1683   !   4       java.lang.ref.ReferenceQueue::poll (28 bytes)
Event: 1.275 Thread 0x00007f3c8416f000 1687       1       org.codehaus.plexus.classworlds.realm.Entry::getPackageName (5 bytes)
Event: 1.275 Thread 0x00007f3c8416f000 nmethod 1687 0x00007f3c743e9690 code [0x00007f3c743e9840, 0x00007f3c743e9910]
Event: 1.275 Thread 0x00007f3c8416f000 1688       3       java.util.TreeMap::setColor (10 bytes)
Event: 1.275 Thread 0x00007f3c8416f000 nmethod 1688 0x00007f3c6d150990 code [0x00007f3c6d150b40, 0x00007f3c6d150c50]
Event: 1.275 Thread 0x00007f3c8416f000 1689       3       org.codehaus.plexus.classworlds.realm.Entry::compareTo (9 bytes)
Event: 1.275 Thread 0x00007f3c8416f000 nmethod 1689 0x00007f3c6d150d10 code [0x00007f3c6d150ee0, 0x00007f3c6d151200]
Event: 1.275 Thread 0x00007f3c8416f000 1690       3       org.codehaus.plexus.classworlds.realm.Entry::compareTo (13 bytes)
Event: 1.276 Thread 0x00007f3c8416f000 nmethod 1690 0x00007f3c6d151310 code [0x00007f3c6d1514e0, 0x00007f3c6d1516a0]
Event: 1.276 Thread 0x00007f3c8416d000 nmethod 1683 0x00007f3c743e9990 code [0x00007f3c743e9b40, 0x00007f3c743e9e88]

GC Heap History (2 events):
Event: 0.615 GC heap before
{Heap before GC invocations=0 (full 0):
 garbage-first heap   total 192512K, used 14024K [0x0000000746800000, 0x0000000800000000)
  region size 1024K, 14 young (14336K), 0 survivors (0K)
 Metaspace       used 3985K, capacity 7089K, committed 7296K, reserved 1056768K
  class space    used 451K, capacity 792K, committed 896K, reserved 1048576K
}
Event: 0.628 GC heap after
{Heap after GC invocations=1 (full 0):
 garbage-first heap   total 192512K, used 3287K [0x0000000746800000, 0x0000000800000000)
  region size 1024K, 2 young (2048K), 2 survivors (2048K)
 Metaspace       used 3985K, capacity 7089K, committed 7296K, reserved 1056768K
  class space    used 451K, capacity 792K, committed 896K, reserved 1048576K
}

Deoptimization events (20 events):
Event: 1.002 Thread 0x00007f3c84016800 Uncommon trap: trap_request=0xffffff6e fr.pc=0x00007f3c743c79ec relative=0x00000000000007ac
Event: 1.002 Thread 0x00007f3c84016800 Uncommon trap: reason=speculate_class_check action=maybe_recompile pc=0x00007f3c743c79ec method=java.lang.reflect.Executable.declaredAnnotations()Ljava/util/Map; @ 23 c2
Event: 1.002 Thread 0x00007f3c84016800 DEOPT PACKING pc=0x00007f3c743c79ec sp=0x00007f3c8a759570
Event: 1.002 Thread 0x00007f3c84016800 DEOPT UNPACKING pc=0x00007f3c6c8bf8a5 sp=0x00007f3c8a7594a8 mode 2
Event: 1.003 Thread 0x00007f3c84016800 Uncommon trap: trap_request=0xffffff6e fr.pc=0x00007f3c743c79ec relative=0x00000000000007ac
Event: 1.003 Thread 0x00007f3c84016800 Uncommon trap: reason=speculate_class_check action=maybe_recompile pc=0x00007f3c743c79ec method=java.lang.reflect.Executable.declaredAnnotations()Ljava/util/Map; @ 23 c2
Event: 1.003 Thread 0x00007f3c84016800 DEOPT PACKING pc=0x00007f3c743c79ec sp=0x00007f3c8a759570
Event: 1.003 Thread 0x00007f3c84016800 DEOPT UNPACKING pc=0x00007f3c6c8bf8a5 sp=0x00007f3c8a7594a8 mode 2
Event: 1.003 Thread 0x00007f3c84016800 Uncommon trap: trap_request=0xffffff6e fr.pc=0x00007f3c743c79ec relative=0x00000000000007ac
Event: 1.003 Thread 0x00007f3c84016800 Uncommon trap: reason=speculate_class_check action=maybe_recompile pc=0x00007f3c743c79ec method=java.lang.reflect.Executable.declaredAnnotations()Ljava/util/Map; @ 23 c2
Event: 1.003 Thread 0x00007f3c84016800 DEOPT PACKING pc=0x00007f3c743c79ec sp=0x00007f3c8a759570
Event: 1.003 Thread 0x00007f3c84016800 DEOPT UNPACKING pc=0x00007f3c6c8bf8a5 sp=0x00007f3c8a7594a8 mode 2
Event: 1.003 Thread 0x00007f3c84016800 Uncommon trap: trap_request=0xffffff6e fr.pc=0x00007f3c743c79ec relative=0x00000000000007ac
Event: 1.003 Thread 0x00007f3c84016800 Uncommon trap: reason=speculate_class_check action=maybe_recompile pc=0x00007f3c743c79ec method=java.lang.reflect.Executable.declaredAnnotations()Ljava/util/Map; @ 23 c2
Event: 1.003 Thread 0x00007f3c84016800 DEOPT PACKING pc=0x00007f3c743c79ec sp=0x00007f3c8a759570
Event: 1.003 Thread 0x00007f3c84016800 DEOPT UNPACKING pc=0x00007f3c6c8bf8a5 sp=0x00007f3c8a7594a8 mode 2
Event: 1.225 Thread 0x00007f3c84016800 Uncommon trap: trap_request=0xffffffde fr.pc=0x00007f3c743e00ac relative=0x00000000000002cc
Event: 1.225 Thread 0x00007f3c84016800 Uncommon trap: reason=class_check action=maybe_recompile pc=0x00007f3c743e00ac method=java.lang.reflect.Executable.getAnnotation(Ljava/lang/Class;)Ljava/lang/annotation/Annotation; @ 19 c2
Event: 1.225 Thread 0x00007f3c84016800 DEOPT PACKING pc=0x00007f3c743e00ac sp=0x00007f3c8a759070
Event: 1.225 Thread 0x00007f3c84016800 DEOPT UNPACKING pc=0x00007f3c6c8bf8a5 sp=0x00007f3c8a758fc8 mode 2

Classes redefined (0 events):
No events

Internal exceptions (6 events):
Event: 0.203 Thread 0x00007f3c84016800 Exception <a 'java/lang/NoSuchMethodError'{0x0000000751fd6d18}: 'int java.lang.invoke.DirectMethodHandle$Holder.invokeSpecialIFC(java.lang.Object, java.lang.Object, int)'> (0x0000000751fd6d18) thrown at [src/hotspot/share/interpreter/linkResolver.cpp, line 772]
Event: 0.253 Thread 0x00007f3c84016800 Exception <a 'java/security/PrivilegedActionException'{0x0000000751d05298}> (0x0000000751d05298) thrown at [src/hotspot/share/prims/jvm.cpp, line 1303]
Event: 0.253 Thread 0x00007f3c84016800 Exception <a 'java/security/PrivilegedActionException'{0x0000000751d05568}> (0x0000000751d05568) thrown at [src/hotspot/share/prims/jvm.cpp, line 1303]
Event: 1.250 Thread 0x00007f3c84016800 Exception <a 'java/lang/NoClassDefFoundError'{0x000000074f5cd1b8}: com/google/inject/servlet/ServletModuleTargetVisitor> (0x000000074f5cd1b8) thrown at [src/hotspot/share/classfile/systemDictionary.cpp, line 220]
Event: 1.250 Thread 0x00007f3c84016800 Exception <a 'java/lang/NoClassDefFoundError'{0x000000074f5cd1b8}> (0x000000074f5cd1b8) thrown at [src/hotspot/share/prims/jvm.cpp, line 1309]
Event: 1.250 Thread 0x00007f3c84016800 Exception <a 'java/lang/NoClassDefFoundError'{0x000000074f5cff20}: javax/annotation/Priority> (0x000000074f5cff20) thrown at [src/hotspot/share/classfile/systemDictionary.cpp, line 220]

Events (20 events):
Event: 1.274 loading class java/util/TreeMap$Entry
Event: 1.274 loading class java/util/TreeMap$Entry done
Event: 1.274 loading class java/util/TreeMap$EntrySet
Event: 1.274 loading class java/util/TreeMap$EntrySet done
Event: 1.274 loading class java/util/TreeMap$EntryIterator
Event: 1.274 loading class java/util/TreeMap$EntryIterator done
Event: 1.275 loading class org/codehaus/plexus/classworlds/realm/Entry
Event: 1.275 loading class org/codehaus/plexus/classworlds/realm/Entry done
Event: 1.275 loading class org/apache/maven/project/DefaultProjectRealmCache
Event: 1.275 loading class org/apache/maven/project/DefaultProjectRealmCache done
Event: 1.276 loading class org/apache/maven/project/DefaultProjectRealmCache
Event: 1.276 loading class org/apache/maven/project/DefaultProjectRealmCache done
Event: 1.276 loading class org/apache/maven/project/DefaultProjectRealmCache
Event: 1.276 loading class org/apache/maven/project/DefaultProjectRealmCache done
Event: 1.276 loading class org/apache/maven/repository/legacy/LegacyRepositorySystem
Event: 1.276 loading class org/apache/maven/repository/legacy/LegacyRepositorySystem done
Event: 1.276 loading class org/apache/maven/repository/legacy/LegacyRepositorySystem
Event: 1.276 loading class org/apache/maven/repository/legacy/LegacyRepositorySystem done
Event: 1.276 loading class org/apache/maven/repository/legacy/LegacyRepositorySystem
Event: 1.276 loading class org/apache/maven/repository/legacy/LegacyRepositorySystem done


Dynamic libraries:
746800000-752200000 rw-p 00000000 00:00 0 
752200000-7bfe00000 ---p 00000000 00:00 0 
7bfe00000-7bfe47000 rw-p 01111000 08:05 1181877                          /usr/lib/jvm/java-11-openjdk-amd64/lib/server/classes.jsa
7bfe47000-7bff00000 rw-p 00000000 00:00 0 
7bff00000-7bff6b000 rw-p 010a6000 08:05 1181877                          /usr/lib/jvm/java-11-openjdk-amd64/lib/server/classes.jsa
7bff6b000-7c0000000 rw-p 00000000 00:00 0 
7c0000000-800000000 ---p 00000000 00:00 0 
800000000-800002000 rwxp 00001000 08:05 1181877                          /usr/lib/jvm/java-11-openjdk-amd64/lib/server/classes.jsa
800002000-8003b9000 rw-p 00003000 08:05 1181877                          /usr/lib/jvm/java-11-openjdk-amd64/lib/server/classes.jsa
8003b9000-800a96000 r--p 003ba000 08:05 1181877                          /usr/lib/jvm/java-11-openjdk-amd64/lib/server/classes.jsa
800a96000-800a97000 rw-p 00a97000 08:05 1181877                          /usr/lib/jvm/java-11-openjdk-amd64/lib/server/classes.jsa
800a97000-8010a5000 r--p 00a98000 08:05 1181877                          /usr/lib/jvm/java-11-openjdk-amd64/lib/server/classes.jsa
840000000-8401a0000 rw-p 00000000 00:00 0 
8401a0000-880000000 ---p 00000000 00:00 0 
558533376000-558533377000 r--p 00000000 08:05 1184016                    /usr/lib/jvm/java-11-openjdk-amd64/bin/java
558533377000-558533378000 r-xp 00001000 08:05 1184016                    /usr/lib/jvm/java-11-openjdk-amd64/bin/java
558533378000-558533379000 r--p 00002000 08:05 1184016                    /usr/lib/jvm/java-11-openjdk-amd64/bin/java
558533379000-55853337a000 r--p 00002000 08:05 1184016                    /usr/lib/jvm/java-11-openjdk-amd64/bin/java
55853337a000-55853337b000 rw-p 00003000 08:05 1184016                    /usr/lib/jvm/java-11-openjdk-amd64/bin/java
55853366e000-55853368f000 rw-p 00000000 00:00 0                          [heap]
7f3c14000000-7f3c14021000 rw-p 00000000 00:00 0 
7f3c14021000-7f3c18000000 ---p 00000000 00:00 0 
7f3c1c000000-7f3c1c021000 rw-p 00000000 00:00 0 
7f3c1c021000-7f3c20000000 ---p 00000000 00:00 0 
7f3c20000000-7f3c20021000 rw-p 00000000 00:00 0 
7f3c20021000-7f3c24000000 ---p 00000000 00:00 0 
7f3c24000000-7f3c24021000 rw-p 00000000 00:00 0 
7f3c24021000-7f3c28000000 ---p 00000000 00:00 0 
7f3c28000000-7f3c28021000 rw-p 00000000 00:00 0 
7f3c28021000-7f3c2c000000 ---p 00000000 00:00 0 
7f3c2c000000-7f3c2c021000 rw-p 00000000 00:00 0 
7f3c2c021000-7f3c30000000 ---p 00000000 00:00 0 
7f3c30000000-7f3c30021000 rw-p 00000000 00:00 0 
7f3c30021000-7f3c34000000 ---p 00000000 00:00 0 
7f3c34000000-7f3c34470000 rw-p 00000000 00:00 0 
7f3c34470000-7f3c38000000 ---p 00000000 00:00 0 
7f3c38000000-7f3c383cd000 rw-p 00000000 00:00 0 
7f3c383cd000-7f3c3c000000 ---p 00000000 00:00 0 
7f3c3c000000-7f3c3c021000 rw-p 00000000 00:00 0 
7f3c3c021000-7f3c40000000 ---p 00000000 00:00 0 
7f3c42af4000-7f3c42bf4000 rw-p 00000000 00:00 0 
7f3c42bf4000-7f3c42cf4000 ---p 00000000 00:00 0 
7f3c42cf4000-7f3c42ef4000 rw-p 00000000 00:00 0 
7f3c42ef4000-7f3c42ef5000 ---p 00000000 00:00 0 
7f3c42ef5000-7f3c42ff6000 rw-p 00000000 00:00 0 
7f3c42ff6000-7f3c42ff7000 ---p 00000000 00:00 0 
7f3c42ff7000-7f3c430f8000 rw-p 00000000 00:00 0 
7f3c430f8000-7f3c430f9000 ---p 00000000 00:00 0 
7f3c430f9000-7f3c431fa000 rw-p 00000000 00:00 0 
7f3c431fa000-7f3c431fd000 r-xp 00000000 07:0c 2319                       /snap/netbeans/41/netbeans/java/maven/lib/jansi-native/linux64/libjansi.so
7f3c431fd000-7f3c433fc000 ---p 00003000 07:0c 2319                       /snap/netbeans/41/netbeans/java/maven/lib/jansi-native/linux64/libjansi.so
7f3c433fc000-7f3c433fd000 rw-p 00002000 07:0c 2319                       /snap/netbeans/41/netbeans/java/maven/lib/jansi-native/linux64/libjansi.so
7f3c433fd000-7f3c43401000 ---p 00000000 00:00 0 
7f3c43401000-7f3c434fe000 rw-p 00000000 00:00 0 
7f3c434fe000-7f3c434ff000 ---p 00000000 00:00 0 
7f3c434ff000-7f3c43600000 rw-p 00000000 00:00 0 
7f3c43600000-7f3c43604000 ---p 00000000 00:00 0 
7f3c43604000-7f3c43701000 rw-p 00000000 00:00 0 
7f3c43701000-7f3c43705000 ---p 00000000 00:00 0 
7f3c43705000-7f3c43802000 rw-p 00000000 00:00 0 
7f3c43802000-7f3c44000000 r--p 00000000 08:05 2621460                    /usr/lib/locale/locale-archive
7f3c44000000-7f3c44021000 rw-p 00000000 00:00 0 
7f3c44021000-7f3c48000000 ---p 00000000 00:00 0 
7f3c48000000-7f3c48021000 rw-p 00000000 00:00 0 
7f3c48021000-7f3c4c000000 ---p 00000000 00:00 0 
7f3c4c000000-7f3c4c021000 rw-p 00000000 00:00 0 
7f3c4c021000-7f3c50000000 ---p 00000000 00:00 0 
7f3c50000000-7f3c50021000 rw-p 00000000 00:00 0 
7f3c50021000-7f3c54000000 ---p 00000000 00:00 0 
7f3c54000000-7f3c54021000 rw-p 00000000 00:00 0 
7f3c54021000-7f3c58000000 ---p 00000000 00:00 0 
7f3c58000000-7f3c58021000 rw-p 00000000 00:00 0 
7f3c58021000-7f3c5c000000 ---p 00000000 00:00 0 
7f3c5c000000-7f3c5c021000 rw-p 00000000 00:00 0 
7f3c5c021000-7f3c60000000 ---p 00000000 00:00 0 
7f3c6003d000-7f3c60041000 ---p 00000000 00:00 0 
7f3c60041000-7f3c6013e000 rw-p 00000000 00:00 0 
7f3c6013e000-7f3c60142000 ---p 00000000 00:00 0 
7f3c60142000-7f3c6023f000 rw-p 00000000 00:00 0 
7f3c6023f000-7f3c60243000 ---p 00000000 00:00 0 
7f3c60243000-7f3c62628000 rw-p 00000000 00:00 0 
7f3c62628000-7f3c64198000 ---p 00000000 00:00 0 
7f3c64198000-7f3c641a0000 rw-p 00000000 00:00 0 
7f3c641a0000-7f3c651a0000 ---p 00000000 00:00 0 
7f3c651a0000-7f3c65488000 rw-p 00000000 00:00 0 
7f3c65488000-7f3c66ff8000 ---p 00000000 00:00 0 
7f3c66ff8000-7f3c67000000 rw-p 00000000 00:00 0 
7f3c67000000-7f3c68000000 ---p 00000000 00:00 0 
7f3c68000000-7f3c68021000 rw-p 00000000 00:00 0 
7f3c68021000-7f3c6c000000 ---p 00000000 00:00 0 
7f3c6c099000-7f3c6c899000 rw-p 00000000 00:00 0 
7f3c6c899000-7f3c6cb09000 rwxp 00000000 00:00 0 
7f3c6cb09000-7f3c6ce29000 ---p 00000000 00:00 0 
7f3c6ce29000-7f3c6d159000 rwxp 00000000 00:00 0 
7f3c6d159000-7f3c74361000 ---p 00000000 00:00 0 
7f3c74361000-7f3c745d1000 rwxp 00000000 00:00 0 
7f3c745d1000-7f3c7b899000 ---p 00000000 00:00 0 
7f3c7b899000-7f3c84000000 r--s 00000000 08:05 1189356                    /usr/lib/jvm/java-11-openjdk-amd64/lib/modules
7f3c84000000-7f3c84929000 rw-p 00000000 00:00 0 
7f3c84929000-7f3c88000000 ---p 00000000 00:00 0 
7f3c88077000-7f3c88078000 r--p 00000000 08:05 2623646                    /usr/lib/x86_64-linux-gnu/libutil-2.31.so
7f3c88078000-7f3c88079000 r-xp 00001000 08:05 2623646                    /usr/lib/x86_64-linux-gnu/libutil-2.31.so
7f3c88079000-7f3c8807a000 r--p 00002000 08:05 2623646                    /usr/lib/x86_64-linux-gnu/libutil-2.31.so
7f3c8807a000-7f3c8807b000 r--p 00002000 08:05 2623646                    /usr/lib/x86_64-linux-gnu/libutil-2.31.so
7f3c8807b000-7f3c8807c000 rw-p 00003000 08:05 2623646                    /usr/lib/x86_64-linux-gnu/libutil-2.31.so
7f3c8808e000-7f3c880bf000 rw-p 00000000 00:00 0 
7f3c880bf000-7f3c880c3000 r--p 00000000 08:05 1189336                    /usr/lib/jvm/java-11-openjdk-amd64/lib/libnet.so
7f3c880c3000-7f3c880d2000 r-xp 00004000 08:05 1189336                    /usr/lib/jvm/java-11-openjdk-amd64/lib/libnet.so
7f3c880d2000-7f3c880d6000 r--p 00013000 08:05 1189336                    /usr/lib/jvm/java-11-openjdk-amd64/lib/libnet.so
7f3c880d6000-7f3c880d7000 r--p 00016000 08:05 1189336                    /usr/lib/jvm/java-11-openjdk-amd64/lib/libnet.so
7f3c880d7000-7f3c880d8000 rw-p 00017000 08:05 1189336                    /usr/lib/jvm/java-11-openjdk-amd64/lib/libnet.so
7f3c880d8000-7f3c880df000 r--p 00000000 08:05 1189338                    /usr/lib/jvm/java-11-openjdk-amd64/lib/libnio.so
7f3c880df000-7f3c880e7000 r-xp 00007000 08:05 1189338                    /usr/lib/jvm/java-11-openjdk-amd64/lib/libnio.so
7f3c880e7000-7f3c880ea000 r--p 0000f000 08:05 1189338                    /usr/lib/jvm/java-11-openjdk-amd64/lib/libnio.so
7f3c880ea000-7f3c880eb000 r--p 00011000 08:05 1189338                    /usr/lib/jvm/java-11-openjdk-amd64/lib/libnio.so
7f3c880eb000-7f3c880ec000 rw-p 00012000 08:05 1189338                    /usr/lib/jvm/java-11-openjdk-amd64/lib/libnio.so
7f3c880ec000-7f3c880f0000 ---p 00000000 00:00 0 
7f3c880f0000-7f3c881ed000 rw-p 00000000 00:00 0 
7f3c881ed000-7f3c881f1000 ---p 00000000 00:00 0 
7f3c881f1000-7f3c882ee000 rw-p 00000000 00:00 0 
7f3c882ee000-7f3c882ef000 ---p 00000000 00:00 0 
7f3c882ef000-7f3c88536000 rw-p 00000000 00:00 0 
7f3c88536000-7f3c88537000 ---p 00000000 00:00 0 
7f3c88537000-7f3c88638000 rw-p 00000000 00:00 0 
7f3c88638000-7f3c88639000 ---p 00000000 00:00 0 
7f3c88639000-7f3c88b3e000 rw-p 00000000 00:00 0 
7f3c88b3e000-7f3c88b3f000 ---p 00000000 00:00 0 
7f3c88b3f000-7f3c88c40000 rw-p 00000000 00:00 0 
7f3c88c40000-7f3c88c41000 ---p 00000000 00:00 0 
7f3c88c41000-7f3c88e02000 rw-p 00000000 00:00 0 
7f3c88e02000-7f3c89170000 ---p 00000000 00:00 0 
7f3c89170000-7f3c89171000 rw-p 00000000 00:00 0 
7f3c89171000-7f3c89371000 ---p 00000000 00:00 0 
7f3c89371000-7f3c893ce000 rw-p 00000000 00:00 0 
7f3c893ce000-7f3c8973c000 ---p 00000000 00:00 0 
7f3c8973c000-7f3c8973d000 rw-p 00000000 00:00 0 
7f3c8973d000-7f3c8993d000 ---p 00000000 00:00 0 
7f3c8993d000-7f3c8999a000 rw-p 00000000 00:00 0 
7f3c8999a000-7f3c89d08000 ---p 00000000 00:00 0 
7f3c89d08000-7f3c89d09000 rw-p 00000000 00:00 0 
7f3c89d09000-7f3c89f09000 ---p 00000000 00:00 0 
7f3c89f09000-7f3c8a30d000 rw-p 00000000 00:00 0 
7f3c8a30d000-7f3c8a30e000 ---p 00000000 00:00 0 
7f3c8a30e000-7f3c8a414000 rw-p 00000000 00:00 0 
7f3c8a414000-7f3c8a4fa000 ---p 00000000 00:00 0 
7f3c8a4fa000-7f3c8a501000 rw-p 00000000 00:00 0 
7f3c8a501000-7f3c8a5e5000 ---p 00000000 00:00 0 
7f3c8a5e5000-7f3c8a5ea000 rw-p 00000000 00:00 0 
7f3c8a5ea000-7f3c8a5f1000 ---p 00000000 00:00 0 
7f3c8a5f1000-7f3c8a5f4000 r--p 00000000 08:05 2623633                    /usr/lib/x86_64-linux-gnu/libnss_files-2.31.so
7f3c8a5f4000-7f3c8a5fb000 r-xp 00003000 08:05 2623633                    /usr/lib/x86_64-linux-gnu/libnss_files-2.31.so
7f3c8a5fb000-7f3c8a5fd000 r--p 0000a000 08:05 2623633                    /usr/lib/x86_64-linux-gnu/libnss_files-2.31.so
7f3c8a5fd000-7f3c8a5fe000 r--p 0000b000 08:05 2623633                    /usr/lib/x86_64-linux-gnu/libnss_files-2.31.so
7f3c8a5fe000-7f3c8a5ff000 rw-p 0000c000 08:05 2623633                    /usr/lib/x86_64-linux-gnu/libnss_files-2.31.so
7f3c8a5ff000-7f3c8a605000 rw-p 00000000 00:00 0 
7f3c8a605000-7f3c8a607000 r--p 00000000 08:05 1189354                    /usr/lib/jvm/java-11-openjdk-amd64/lib/libzip.so
7f3c8a607000-7f3c8a60b000 r-xp 00002000 08:05 1189354                    /usr/lib/jvm/java-11-openjdk-amd64/lib/libzip.so
7f3c8a60b000-7f3c8a60d000 r--p 00006000 08:05 1189354                    /usr/lib/jvm/java-11-openjdk-amd64/lib/libzip.so
7f3c8a60d000-7f3c8a60e000 r--p 00007000 08:05 1189354                    /usr/lib/jvm/java-11-openjdk-amd64/lib/libzip.so
7f3c8a60e000-7f3c8a60f000 rw-p 00008000 08:05 1189354                    /usr/lib/jvm/java-11-openjdk-amd64/lib/libzip.so
7f3c8a60f000-7f3c8a617000 rw-s 00000000 08:05 1708173                    /tmp/hsperfdata_james/35075
7f3c8a617000-7f3c8a618000 ---p 00000000 00:00 0 
7f3c8a618000-7f3c8a619000 r--p 00000000 00:00 0 
7f3c8a619000-7f3c8a61b000 r--p 00000000 08:05 1189320                    /usr/lib/jvm/java-11-openjdk-amd64/lib/libjimage.so
7f3c8a61b000-7f3c8a61e000 r-xp 00002000 08:05 1189320                    /usr/lib/jvm/java-11-openjdk-amd64/lib/libjimage.so
7f3c8a61e000-7f3c8a61f000 r--p 00005000 08:05 1189320                    /usr/lib/jvm/java-11-openjdk-amd64/lib/libjimage.so
7f3c8a61f000-7f3c8a620000 ---p 00006000 08:05 1189320                    /usr/lib/jvm/java-11-openjdk-amd64/lib/libjimage.so
7f3c8a620000-7f3c8a621000 r--p 00006000 08:05 1189320                    /usr/lib/jvm/java-11-openjdk-amd64/lib/libjimage.so
7f3c8a621000-7f3c8a622000 rw-p 00007000 08:05 1189320                    /usr/lib/jvm/java-11-openjdk-amd64/lib/libjimage.so
7f3c8a622000-7f3c8a630000 r--p 00000000 08:05 1189312                    /usr/lib/jvm/java-11-openjdk-amd64/lib/libjava.so
7f3c8a630000-7f3c8a646000 r-xp 0000e000 08:05 1189312                    /usr/lib/jvm/java-11-openjdk-amd64/lib/libjava.so
7f3c8a646000-7f3c8a64d000 r--p 00024000 08:05 1189312                    /usr/lib/jvm/java-11-openjdk-amd64/lib/libjava.so
7f3c8a64d000-7f3c8a64e000 r--p 0002a000 08:05 1189312                    /usr/lib/jvm/java-11-openjdk-amd64/lib/libjava.so
7f3c8a64e000-7f3c8a64f000 rw-p 0002b000 08:05 1189312                    /usr/lib/jvm/java-11-openjdk-amd64/lib/libjava.so
7f3c8a64f000-7f3c8a650000 rw-p 00000000 00:00 0 
7f3c8a650000-7f3c8a653000 r--p 00000000 08:05 2623644                    /usr/lib/x86_64-linux-gnu/librt-2.31.so
7f3c8a653000-7f3c8a657000 r-xp 00003000 08:05 2623644                    /usr/lib/x86_64-linux-gnu/librt-2.31.so
7f3c8a657000-7f3c8a658000 r--p 00007000 08:05 2623644                    /usr/lib/x86_64-linux-gnu/librt-2.31.so
7f3c8a658000-7f3c8a659000 ---p 00008000 08:05 2623644                    /usr/lib/x86_64-linux-gnu/librt-2.31.so
7f3c8a659000-7f3c8a65a000 r--p 00008000 08:05 2623644                    /usr/lib/x86_64-linux-gnu/librt-2.31.so
7f3c8a65a000-7f3c8a65b000 rw-p 00009000 08:05 2623644                    /usr/lib/x86_64-linux-gnu/librt-2.31.so
7f3c8a65b000-7f3c8a65f000 ---p 00000000 00:00 0 
7f3c8a65f000-7f3c8a75c000 rw-p 00000000 00:00 0 
7f3c8a75c000-7f3c8a75f000 r--p 00000000 08:05 2623616                    /usr/lib/x86_64-linux-gnu/libgcc_s.so.1
7f3c8a75f000-7f3c8a771000 r-xp 00003000 08:05 2623616                    /usr/lib/x86_64-linux-gnu/libgcc_s.so.1
7f3c8a771000-7f3c8a775000 r--p 00015000 08:05 2623616                    /usr/lib/x86_64-linux-gnu/libgcc_s.so.1
7f3c8a775000-7f3c8a776000 r--p 00018000 08:05 2623616                    /usr/lib/x86_64-linux-gnu/libgcc_s.so.1
7f3c8a776000-7f3c8a777000 rw-p 00019000 08:05 2623616                    /usr/lib/x86_64-linux-gnu/libgcc_s.so.1
7f3c8a777000-7f3c8a786000 r--p 00000000 08:05 2623627                    /usr/lib/x86_64-linux-gnu/libm-2.31.so
7f3c8a786000-7f3c8a82d000 r-xp 0000f000 08:05 2623627                    /usr/lib/x86_64-linux-gnu/libm-2.31.so
7f3c8a82d000-7f3c8a8c4000 r--p 000b6000 08:05 2623627                    /usr/lib/x86_64-linux-gnu/libm-2.31.so
7f3c8a8c4000-7f3c8a8c5000 r--p 0014c000 08:05 2623627                    /usr/lib/x86_64-linux-gnu/libm-2.31.so
7f3c8a8c5000-7f3c8a8c6000 rw-p 0014d000 08:05 2623627                    /usr/lib/x86_64-linux-gnu/libm-2.31.so
7f3c8a8c6000-7f3c8a95c000 r--p 00000000 08:05 2623619                    /usr/lib/x86_64-linux-gnu/libstdc++.so.6.0.28
7f3c8a95c000-7f3c8aa4c000 r-xp 00096000 08:05 2623619                    /usr/lib/x86_64-linux-gnu/libstdc++.so.6.0.28
7f3c8aa4c000-7f3c8aa95000 r--p 00186000 08:05 2623619                    /usr/lib/x86_64-linux-gnu/libstdc++.so.6.0.28
7f3c8aa95000-7f3c8aa96000 ---p 001cf000 08:05 2623619                    /usr/lib/x86_64-linux-gnu/libstdc++.so.6.0.28
7f3c8aa96000-7f3c8aaa1000 r--p 001cf000 08:05 2623619                    /usr/lib/x86_64-linux-gnu/libstdc++.so.6.0.28
7f3c8aaa1000-7f3c8aaa4000 rw-p 001da000 08:05 2623619                    /usr/lib/x86_64-linux-gnu/libstdc++.so.6.0.28
7f3c8aaa4000-7f3c8aaa7000 rw-p 00000000 00:00 0 
7f3c8aaa7000-7f3c8ad20000 r--p 00000000 08:05 1189362                    /usr/lib/jvm/java-11-openjdk-amd64/lib/server/libjvm.so
7f3c8ad20000-7f3c8b99d000 r-xp 00279000 08:05 1189362                    /usr/lib/jvm/java-11-openjdk-amd64/lib/server/libjvm.so
7f3c8b99d000-7f3c8bbf3000 r--p 00ef6000 08:05 1189362                    /usr/lib/jvm/java-11-openjdk-amd64/lib/server/libjvm.so
7f3c8bbf3000-7f3c8bcb4000 r--p 0114b000 08:05 1189362                    /usr/lib/jvm/java-11-openjdk-amd64/lib/server/libjvm.so
7f3c8bcb4000-7f3c8bcef000 rw-p 0120c000 08:05 1189362                    /usr/lib/jvm/java-11-openjdk-amd64/lib/server/libjvm.so
7f3c8bcef000-7f3c8bd48000 rw-p 00000000 00:00 0 
7f3c8bd48000-7f3c8bd4f000 r--p 00000000 08:05 2623642                    /usr/lib/x86_64-linux-gnu/libpthread-2.31.so
7f3c8bd4f000-7f3c8bd60000 r-xp 00007000 08:05 2623642                    /usr/lib/x86_64-linux-gnu/libpthread-2.31.so
7f3c8bd60000-7f3c8bd65000 r--p 00018000 08:05 2623642                    /usr/lib/x86_64-linux-gnu/libpthread-2.31.so
7f3c8bd65000-7f3c8bd66000 r--p 0001c000 08:05 2623642                    /usr/lib/x86_64-linux-gnu/libpthread-2.31.so
7f3c8bd66000-7f3c8bd67000 rw-p 0001d000 08:05 2623642                    /usr/lib/x86_64-linux-gnu/libpthread-2.31.so
7f3c8bd67000-7f3c8bd6b000 rw-p 00000000 00:00 0 
7f3c8bd6b000-7f3c8bd6c000 r--p 00000000 08:05 2623626                    /usr/lib/x86_64-linux-gnu/libdl-2.31.so
7f3c8bd6c000-7f3c8bd6e000 r-xp 00001000 08:05 2623626                    /usr/lib/x86_64-linux-gnu/libdl-2.31.so
7f3c8bd6e000-7f3c8bd6f000 r--p 00003000 08:05 2623626                    /usr/lib/x86_64-linux-gnu/libdl-2.31.so
7f3c8bd6f000-7f3c8bd70000 r--p 00003000 08:05 2623626                    /usr/lib/x86_64-linux-gnu/libdl-2.31.so
7f3c8bd70000-7f3c8bd71000 rw-p 00004000 08:05 2623626                    /usr/lib/x86_64-linux-gnu/libdl-2.31.so
7f3c8bd71000-7f3c8bd73000 r--p 00000000 08:05 2621981                    /usr/lib/x86_64-linux-gnu/libz.so.1.2.11
7f3c8bd73000-7f3c8bd84000 r-xp 00002000 08:05 2621981                    /usr/lib/x86_64-linux-gnu/libz.so.1.2.11
7f3c8bd84000-7f3c8bd8a000 r--p 00013000 08:05 2621981                    /usr/lib/x86_64-linux-gnu/libz.so.1.2.11
7f3c8bd8a000-7f3c8bd8b000 ---p 00019000 08:05 2621981                    /usr/lib/x86_64-linux-gnu/libz.so.1.2.11
7f3c8bd8b000-7f3c8bd8c000 r--p 00019000 08:05 2621981                    /usr/lib/x86_64-linux-gnu/libz.so.1.2.11
7f3c8bd8c000-7f3c8bd8d000 rw-p 0001a000 08:05 2621981                    /usr/lib/x86_64-linux-gnu/libz.so.1.2.11
7f3c8bd8d000-7f3c8bdb2000 r--p 00000000 08:05 2623625                    /usr/lib/x86_64-linux-gnu/libc-2.31.so
7f3c8bdb2000-7f3c8bf2a000 r-xp 00025000 08:05 2623625                    /usr/lib/x86_64-linux-gnu/libc-2.31.so
7f3c8bf2a000-7f3c8bf74000 r--p 0019d000 08:05 2623625                    /usr/lib/x86_64-linux-gnu/libc-2.31.so
7f3c8bf74000-7f3c8bf75000 ---p 001e7000 08:05 2623625                    /usr/lib/x86_64-linux-gnu/libc-2.31.so
7f3c8bf75000-7f3c8bf78000 r--p 001e7000 08:05 2623625                    /usr/lib/x86_64-linux-gnu/libc-2.31.so
7f3c8bf78000-7f3c8bf7b000 rw-p 001ea000 08:05 2623625                    /usr/lib/x86_64-linux-gnu/libc-2.31.so
7f3c8bf7b000-7f3c8bf7f000 rw-p 00000000 00:00 0 
7f3c8bf7f000-7f3c8bf84000 r--p 00000000 08:05 1189352                    /usr/lib/jvm/java-11-openjdk-amd64/lib/libverify.so
7f3c8bf84000-7f3c8bf8b000 r-xp 00005000 08:05 1189352                    /usr/lib/jvm/java-11-openjdk-amd64/lib/libverify.so
7f3c8bf8b000-7f3c8bf8d000 r--p 0000c000 08:05 1189352                    /usr/lib/jvm/java-11-openjdk-amd64/lib/libverify.so
7f3c8bf8d000-7f3c8bf8e000 ---p 0000e000 08:05 1189352                    /usr/lib/jvm/java-11-openjdk-amd64/lib/libverify.so
7f3c8bf8e000-7f3c8bf90000 r--p 0000e000 08:05 1189352                    /usr/lib/jvm/java-11-openjdk-amd64/lib/libverify.so
7f3c8bf90000-7f3c8bf91000 rw-p 00010000 08:05 1189352                    /usr/lib/jvm/java-11-openjdk-amd64/lib/libverify.so
7f3c8bf91000-7f3c8bf94000 r--p 00000000 08:05 1189280                    /usr/lib/jvm/java-11-openjdk-amd64/lib/jli/libjli.so
7f3c8bf94000-7f3c8bf9e000 r-xp 00003000 08:05 1189280                    /usr/lib/jvm/java-11-openjdk-amd64/lib/jli/libjli.so
7f3c8bf9e000-7f3c8bfa1000 r--p 0000d000 08:05 1189280                    /usr/lib/jvm/java-11-openjdk-amd64/lib/jli/libjli.so
7f3c8bfa1000-7f3c8bfa2000 ---p 00010000 08:05 1189280                    /usr/lib/jvm/java-11-openjdk-amd64/lib/jli/libjli.so
7f3c8bfa2000-7f3c8bfa3000 r--p 00010000 08:05 1189280                    /usr/lib/jvm/java-11-openjdk-amd64/lib/jli/libjli.so
7f3c8bfa3000-7f3c8bfa4000 rw-p 00011000 08:05 1189280                    /usr/lib/jvm/java-11-openjdk-amd64/lib/jli/libjli.so
7f3c8bfa4000-7f3c8bfa6000 rw-p 00000000 00:00 0 
7f3c8bfa6000-7f3c8bfa7000 r--p 00000000 08:05 2623621                    /usr/lib/x86_64-linux-gnu/ld-2.31.so
7f3c8bfa7000-7f3c8bfca000 r-xp 00001000 08:05 2623621                    /usr/lib/x86_64-linux-gnu/ld-2.31.so
7f3c8bfca000-7f3c8bfd2000 r--p 00024000 08:05 2623621                    /usr/lib/x86_64-linux-gnu/ld-2.31.so
7f3c8bfd3000-7f3c8bfd4000 r--p 0002c000 08:05 2623621                    /usr/lib/x86_64-linux-gnu/ld-2.31.so
7f3c8bfd4000-7f3c8bfd5000 rw-p 0002d000 08:05 2623621                    /usr/lib/x86_64-linux-gnu/ld-2.31.so
7f3c8bfd5000-7f3c8bfd6000 rw-p 00000000 00:00 0 
7ffcaf7dc000-7ffcaf7fd000 rw-p 00000000 00:00 0                          [stack]
7ffcaf811000-7ffcaf814000 r--p 00000000 00:00 0                          [vvar]
7ffcaf814000-7ffcaf815000 r-xp 00000000 00:00 0                          [vdso]
ffffffffff600000-ffffffffff601000 --xp 00000000 00:00 0                  [vsyscall]


VM Arguments:
jvm_args: -Dclassworlds.conf=/snap/netbeans/41/netbeans/java/maven/bin/m2.conf -Dmaven.home=/snap/netbeans/41/netbeans/java/maven -Dlibrary.jansi.path=/snap/netbeans/41/netbeans/java/maven/lib/jansi-native -Dmaven.multiModuleProjectDirectory=/home/james/Pictures/ULTIMO/BANCO 
java_command: org.codehaus.plexus.classworlds.launcher.Launcher -Dnetbeans.deploy=true -Dmaven.ext.class.path=/snap/netbeans/41/netbeans/java/maven-nblib/netbeans-eventspy.jar package
java_class_path (initial): /snap/netbeans/41/netbeans/java/maven/boot/plexus-classworlds-2.6.0.jar
Launcher Type: SUN_STANDARD

[Global flags]
     intx CICompilerCount                          = 3                                         {product} {ergonomic}
     uint ConcGCThreads                            = 1                                         {product} {ergonomic}
     uint G1ConcRefinementThreads                  = 4                                         {product} {ergonomic}
   size_t G1HeapRegionSize                         = 1048576                                   {product} {ergonomic}
    uintx GCDrainStackTargetSize                   = 64                                        {product} {ergonomic}
   size_t InitialHeapSize                          = 195035136                                 {product} {ergonomic}
   size_t MarkStackSize                            = 4194304                                   {product} {ergonomic}
   size_t MaxHeapSize                              = 3112173568                                {product} {ergonomic}
   size_t MaxNewSize                               = 1866465280                                {product} {ergonomic}
   size_t MinHeapDeltaBytes                        = 1048576                                   {product} {ergonomic}
    uintx NonNMethodCodeHeapSize                   = 5830732                                {pd product} {ergonomic}
    uintx NonProfiledCodeHeapSize                  = 122913754                              {pd product} {ergonomic}
    uintx ProfiledCodeHeapSize                     = 122913754                              {pd product} {ergonomic}
    uintx ReservedCodeCacheSize                    = 251658240                              {pd product} {ergonomic}
     bool SegmentedCodeCache                       = true                                      {product} {ergonomic}
     bool UseCompressedClassPointers               = true                                 {lp64_product} {ergonomic}
     bool UseCompressedOops                        = true                                 {lp64_product} {ergonomic}
     bool UseG1GC                                  = true                                      {product} {ergonomic}

Logging:
Log output configuration:
 #0: stdout all=warning uptime,level,tags
 #1: stderr all=off uptime,level,tags

Environment Variables:
JAVA_HOME=/usr/lib/jvm/java-11-openjdk-amd64
PATH=/usr/local/sbin:/usr/local/bin:/usr/sbin:/usr/bin:/sbin:/bin:/usr/games:/usr/local/games:/snap/bin
USERNAME=james
SHELL=/bin/bash
DISPLAY=:0
LANG=en_US.UTF-8

Signal Handlers:
SIGSEGV: [libjvm.so+0xe824c0], sa_mask[0]=11111111011111111101111111111110, sa_flags=SA_RESTART|SA_SIGINFO
SIGBUS: [libjvm.so+0xe824c0], sa_mask[0]=11111111011111111101111111111110, sa_flags=SA_RESTART|SA_SIGINFO
SIGFPE: [libjvm.so+0xe824c0], sa_mask[0]=11111111011111111101111111111110, sa_flags=SA_RESTART|SA_SIGINFO
SIGPIPE: [libjvm.so+0xbc8ee0], sa_mask[0]=11111111011111111101111111111110, sa_flags=SA_RESTART|SA_SIGINFO
SIGXFSZ: [libjvm.so+0xbc8ee0], sa_mask[0]=11111111011111111101111111111110, sa_flags=SA_RESTART|SA_SIGINFO
SIGILL: [libjvm.so+0xe824c0], sa_mask[0]=11111111011111111101111111111110, sa_flags=SA_RESTART|SA_SIGINFO
SIGUSR2: [libjvm.so+0xbc8d80], sa_mask[0]=00100000000000000000000000000000, sa_flags=SA_RESTART|SA_SIGINFO
SIGHUP: [libjvm.so+0xbc9220], sa_mask[0]=11111111011111111101111111111110, sa_flags=SA_RESTART|SA_SIGINFO
SIGINT: SIG_IGN, sa_mask[0]=00000000000000000000000000000000, sa_flags=none
SIGTERM: [libjvm.so+0xbc9220], sa_mask[0]=11111111011111111101111111111110, sa_flags=SA_RESTART|SA_SIGINFO
SIGQUIT: [libjvm.so+0xbc9220], sa_mask[0]=11111111011111111101111111111110, sa_flags=SA_RESTART|SA_SIGINFO


---------------  S Y S T E M  ---------------

OS:DISTRIB_ID=Ubuntu
DISTRIB_RELEASE=20.04
DISTRIB_CODENAME=focal
DISTRIB_DESCRIPTION="Ubuntu 20.04.1 LTS"
uname:Linux 5.4.0-58-generic #64-Ubuntu SMP Wed Dec 9 08:16:25 UTC 2020 x86_64
OS uptime: 2 days 15:36 hours
libc:glibc 2.31 NPTL 2.31 
rlimit (soft/hard): STACK 8192k/infinity , CORE 0k/infinity , NPROC 47247/47247 , NOFILE 1048576/1048576 , AS infinity/infinity , CPU infinity/infinity , DATA infinity/infinity , FSIZE infinity/infinity , MEMLOCK 65536k/65536k
load average:0.85 1.22 1.61

/proc/meminfo:
MemTotal:       12152148 kB
MemFree:          158200 kB
MemAvailable:    4349776 kB
Buffers:          744980 kB
Cached:          4546052 kB
SwapCached:          572 kB
Active:          7953676 kB
Inactive:        3407244 kB
Active(anon):    6125036 kB
Inactive(anon):   929824 kB
Active(file):    1828640 kB
Inactive(file):  2477420 kB
Unevictable:      144144 kB
Mlocked:             168 kB
SwapTotal:      12581884 kB
SwapFree:       12577776 kB
Dirty:              1088 kB
Writeback:             0 kB
AnonPages:       6213848 kB
Mapped:          2557856 kB
Shmem:            985188 kB
KReclaimable:     210468 kB
Slab:             354312 kB
SReclaimable:     210468 kB
SUnreclaim:       143844 kB
KernelStack:       19552 kB
PageTables:        49904 kB
NFS_Unstable:          0 kB
Bounce:                0 kB
WritebackTmp:          0 kB
CommitLimit:    18657956 kB
Committed_AS:   13761540 kB
VmallocTotal:   34359738367 kB
VmallocUsed:       39656 kB
VmallocChunk:          0 kB
Percpu:             3328 kB
HardwareCorrupted:     0 kB
AnonHugePages:         0 kB
ShmemHugePages:        0 kB
ShmemPmdMapped:        0 kB
FileHugePages:         0 kB
FilePmdMapped:         0 kB
CmaTotal:              0 kB
CmaFree:               0 kB
HugePages_Total:       0
HugePages_Free:        0
HugePages_Rsvd:        0
HugePages_Surp:        0
Hugepagesize:       2048 kB
Hugetlb:               0 kB
DirectMap4k:      366196 kB
DirectMap2M:    10002432 kB
DirectMap1G:     2097152 kB

/sys/kernel/mm/transparent_hugepage/enabled:
always [madvise] never
/sys/kernel/mm/transparent_hugepage/defrag (defrag/compaction efforts parameter):
always defer defer+madvise [madvise] never

/proc/sys/kernel/threads-max (system-wide limit on the number of threads):
94494
/proc/sys/vm/max_map_count (maximum number of memory map areas a process may have):
65530
/proc/sys/kernel/pid_max (system-wide limit on number of process identifiers):
4194304

container (cgroup) information:
container_type: cgroupv1
cpu_cpuset_cpus: 0-3
cpu_memory_nodes: 0
active_processor_count: 4
cpu_quota: -1
cpu_period: 100000
cpu_shares: -1
memory_limit_in_bytes: -1
memory_and_swap_limit_in_bytes: -2
memory_soft_limit_in_bytes: -1
memory_usage_in_bytes: 10296844288
memory_max_usage_in_bytes: 10473897984

Steal ticks since vm start: 0
Steal ticks percentage since vm start:  0.000

CPU:total 4 (initial active 4) (2 cores per cpu, 2 threads per core) family 6 model 142 stepping 9, cmov, cx8, fxsr, mmx, sse, sse2, sse3, ssse3, sse4.1, sse4.2, popcnt, avx, avx2, aes, clmul, erms, 3dnowpref, lzcnt, ht, tsc, tscinvbit, bmi1, bmi2, adx, fma
CPU Model and flags from /proc/cpuinfo:
model name	: Intel(R) Core(TM) i5-7200U CPU @ 2.50GHz
flags		: fpu vme de pse tsc msr pae mce cx8 apic sep mtrr pge mca cmov pat pse36 clflush dts acpi mmx fxsr sse sse2 ss ht tm pbe syscall nx pdpe1gb rdtscp lm constant_tsc art arch_perfmon pebs bts rep_good nopl xtopology nonstop_tsc cpuid aperfmperf pni pclmulqdq dtes64 monitor ds_cpl vmx est tm2 ssse3 sdbg fma cx16 xtpr pdcm pcid sse4_1 sse4_2 x2apic movbe popcnt tsc_deadline_timer aes xsave avx f16c rdrand lahf_lm abm 3dnowprefetch cpuid_fault epb invpcid_single pti ssbd ibrs ibpb stibp tpr_shadow vnmi flexpriority ept vpid ept_ad fsgsbase tsc_adjust bmi1 avx2 smep bmi2 erms invpcid mpx rdseed adx smap clflushopt intel_pt xsaveopt xsavec xgetbv1 xsaves dtherm ida arat pln pts hwp hwp_notify hwp_act_window hwp_epp md_clear flush_l1d
Online cpus:
0-3
Offline cpus:

BIOS frequency limitation:
<Not Available>
Frequency switch latency (ns):
0
Available cpu frequencies:
<Not Available>
Current governor:
powersave
Core performance/turbo boost:
<Not Available>

Memory: 4k page, physical 12152148k(157972k free), swap 12581884k(12577776k free)

vm_info: OpenJDK 64-Bit Server VM (11.0.9.1+1-Ubuntu-0ubuntu1.20.04) for linux-amd64 JRE (11.0.9.1+1-Ubuntu-0ubuntu1.20.04), built on Nov 10 2020 04:18:42 by "unknown" with gcc 9.3.0

END.
