#
# A fatal error has been detected by the Java Runtime Environment:
#
#  SIGSEGV (0xb) at pc=0x00007f1230db6bf8, pid=20560, tid=20588
#
# JRE version: OpenJDK Runtime Environment (11.0.9.1+1) (build 11.0.9.1+1-Ubuntu-0ubuntu1.20.04)
# Java VM: OpenJDK 64-Bit Server VM (11.0.9.1+1-Ubuntu-0ubuntu1.20.04, mixed mode, sharing, tiered, compressed oops, g1 gc, linux-amd64)
# Problematic frame:
# V  [libjvm.so+0xc2fbf8]
#
# Core dump will be written. Default location: Core dumps may be processed with "/usr/share/apport/apport %p %s %c %d %P %E" (or dumping to /home/james/Videos/aaa/BANCO-master/core.20560)
#
# If you would like to submit a bug report, please visit:
#   https://bugs.launchpad.net/ubuntu/+source/openjdk-lts
#

---------------  S U M M A R Y ------------

Command Line: -Dclassworlds.conf=/snap/netbeans/41/netbeans/java/maven/bin/m2.conf -Dmaven.home=/snap/netbeans/41/netbeans/java/maven -Dlibrary.jansi.path=/snap/netbeans/41/netbeans/java/maven/lib/jansi-native -Dmaven.multiModuleProjectDirectory=/home/james/Videos/aaa/BANCO-master org.codehaus.plexus.classworlds.launcher.Launcher -Dmaven.ext.class.path=/snap/netbeans/41/netbeans/java/maven-nblib/netbeans-eventspy.jar clean install

Host: Intel(R) Core(TM) i5-7200U CPU @ 2.50GHz, 4 cores, 11G, Ubuntu 20.04.1 LTS
Time: Mon Jan 11 18:09:28 2021 EST elapsed time: 0.599127 seconds (0d 0h 0m 0s)

---------------  T H R E A D  ---------------

Current thread (0x00007f122816d000):  JavaThread "C2 CompilerThread0" daemon [_thread_in_native, id=20588, stack(0x00007f1205140000,0x00007f1205241000)]


Current CompileTask:
C2:    599  887   !   4       sun.nio.cs.StreamDecoder::read (196 bytes)

Stack: [0x00007f1205140000,0x00007f1205241000],  sp=0x00007f120523c460,  free space=1009k
Native frames: (J=compiled Java code, A=aot compiled Java code, j=interpreted, Vv=VM code, C=native code)
V  [libjvm.so+0xc2fbf8]
V  [libjvm.so+0x558e63]
V  [libjvm.so+0x60ad25]
V  [libjvm.so+0x60e8f7]
V  [libjvm.so+0x53598f]
V  [libjvm.so+0x617261]
V  [libjvm.so+0x618438]
V  [libjvm.so+0xe17ccf]
V  [libjvm.so+0xe14330]
V  [libjvm.so+0xbd26e6]


siginfo: si_signo: 11 (SIGSEGV), si_code: 128 (SI_KERNEL), si_addr: 0x0000000000000000

Register to memory mapping:

RAX=0x00107f11e4169a30 is an unknown value
RBX=0x0000000000000008 is an unknown value
RCX=0x0000000000000bd8 is an unknown value
RDX=0x00007f120523c6e0 is pointing into the stack for thread: 0x00007f122816d000
RSP=0x00007f120523c460 is pointing into the stack for thread: 0x00007f122816d000
RBP=0x00007f120523c620 is pointing into the stack for thread: 0x00007f122816d000
RSI=0x00007f11d82d0380 points into unknown readable memory: 00 00 00 00 00 00 00 00
RDI=0x0000000000000008 is an unknown value
R8 =0x00007f11d800f100 points into unknown readable memory: b0 5c 2d 31 12 7f 00 00
R9 =0x00007f11d833e310 points into unknown readable memory: f0 d7 16 28 12 7f 00 00
R10=0x00007f11d800f770 points into unknown readable memory: b0 9e 32 31 12 7f 00 00
R11=0x0 is NULL
R12=0x00007f120523ca00 is pointing into the stack for thread: 0x00007f122816d000
R13=0x0 is NULL
R14=0x00007f11d800f100 points into unknown readable memory: b0 5c 2d 31 12 7f 00 00
R15=0x00007f11e41699e0 points into unknown readable memory: e0 24 37 31 12 7f 00 00


Registers:
RAX=0x00107f11e4169a30, RBX=0x0000000000000008, RCX=0x0000000000000bd8, RDX=0x00007f120523c6e0
RSP=0x00007f120523c460, RBP=0x00007f120523c620, RSI=0x00007f11d82d0380, RDI=0x0000000000000008
R8 =0x00007f11d800f100, R9 =0x00007f11d833e310, R10=0x00007f11d800f770, R11=0x0000000000000000
R12=0x00007f120523ca00, R13=0x0000000000000000, R14=0x00007f11d800f100, R15=0x00007f11e41699e0
RIP=0x00007f1230db6bf8, EFLAGS=0x0000000000010216, CSGSFS=0x002b000000000033, ERR=0x0000000000000000
  TRAPNO=0x000000000000000d

Top of Stack: (sp=0x00007f120523c460)
0x00007f120523c460:   00007f120468e620 00007f120523c530
0x00007f120523c470:   00000000000e3718 00007f1228466928
0x00007f120523c480:   00007f12284661f0 00007f122816d7f0
0x00007f120523c490:   00007f122845e940 00007f120523c510 

Instructions: (pc=0x00007f1230db6bf8)
0x00007f1230db6af8:   c4 fe ff ff 48 c7 85 88 fe ff ff 00 00 00 00 4c
0x00007f1230db6b08:   8b bd a8 fe ff ff 49 89 de c6 85 c3 fe ff ff 00
0x00007f1230db6b18:   c7 85 b8 fe ff ff 01 00 00 00 66 0f 1f 44 00 00
0x00007f1230db6b28:   31 c0 85 d2 74 07 49 8b 47 20 48 8b 00 8b bd b8
0x00007f1230db6b38:   fe ff ff 3b 78 18 0f 83 bc 02 00 00 48 8b 40 08
0x00007f1230db6b48:   89 f9 49 8b 76 48 48 8d 1c cd 00 00 00 00 48 8b
0x00007f1230db6b58:   04 c8 48 89 9d e8 fe ff ff 8b 48 28 48 8b 46 78
0x00007f1230db6b68:   48 8b 04 c8 48 89 85 b0 fe ff ff 8b 85 c4 fe ff
0x00007f1230db6b78:   ff 83 f8 01 0f 84 9c 01 00 00 83 e8 02 4d 89 f4
0x00007f1230db6b88:   45 31 ed 4d 89 fe 48 89 85 98 fe ff ff 0f 1f 00
0x00007f1230db6b98:   48 8b 85 b0 fe ff ff 48 8b b5 90 fe ff ff 8b 40
0x00007f1230db6ba8:   4c 48 8b 3c c6 48 8b b5 a0 fe ff ff 48 8b 04 c6
0x00007f1230db6bb8:   48 89 bd e0 fe ff ff 48 89 85 d8 fe ff ff 41 8d
0x00007f1230db6bc8:   45 01 39 c2 0f 86 2e 01 00 00 49 8d 45 01 48 89
0x00007f1230db6bd8:   c7 48 89 85 c8 fe ff ff 49 8b 46 20 4c 8b 3c f8
0x00007f1230db6be8:   49 8b 47 08 48 8b bd e8 fe ff ff 49 8b 54 24 70
0x00007f1230db6bf8:   48 8b 1c 38 49 8b 84 24 28 01 00 00 48 63 4b 28
0x00007f1230db6c08:   8b 04 88 48 8d 04 80 48 c1 e0 05 48 03 42 20 8b
0x00007f1230db6c18:   40 30 89 85 d0 fe ff ff eb 72 66 0f 1f 44 00 00
0x00007f1230db6c28:   48 63 4b 28 49 8b 84 24 28 01 00 00 49 8b 54 24
0x00007f1230db6c38:   70 8b bd d0 fe ff ff 8b 04 88 48 8d 04 80 48 c1
0x00007f1230db6c48:   e0 05 48 03 42 20 3b 78 30 0f 85 89 00 00 00 48
0x00007f1230db6c58:   83 ec 08 ff b5 e0 fe ff ff 4c 89 e7 4d 89 f0 4c
0x00007f1230db6c68:   8b 8d d8 fe ff ff 48 89 d9 4c 89 fe 8b 95 b8 fe
0x00007f1230db6c78:   ff ff e8 c1 e4 ff ff 49 8b 47 08 48 8b bd e8 fe
0x00007f1230db6c88:   ff ff 41 5a 41 5b 48 3b 1c 38 75 4c f6 43 2e 01
0x00007f1230db6c98:   74 46 48 8b 43 08 48 8b 58 08 48 85 db 75 81 48
0x00007f1230db6ca8:   8d 05 fa 1d 5e 00 48 8d 0d 8c 60 34 00 48 8d 15
0x00007f1230db6cb8:   34 61 34 00 be f3 00 00 00 48 8d 3d d8 60 34 00
0x00007f1230db6cc8:   48 8b 00 c6 00 58 31 c0 e8 bb a0 a3 ff e8 16 ac
0x00007f1230db6cd8:   f9 ff e9 49 ff ff ff 90 4c 39 ad 98 fe ff ff 74
0x00007f1230db6ce8:   2f 41 8b 56 18 4c 8b ad c8 fe ff ff e9 9f fe ff 


Stack slot to memory mapping:
stack at sp + 0 slots: 0x00007f120468e620 points into unknown readable memory: d3 16 b6 66 89 85 e9 3d
stack at sp + 1 slots: 0x00007f120523c530 is pointing into the stack for thread: 0x00007f122816d000
stack at sp + 2 slots: 0x00000000000e3718 is an unknown value
stack at sp + 3 slots: 0x00007f1228466928 points into unknown readable memory: f5 7f 00 00 00 00 00 00
stack at sp + 4 slots: 0x00007f12284661f0 points into unknown readable memory: 2e 07 00 00 03 00 00 00
stack at sp + 5 slots: 0x00007f122816d7f0 points into unknown readable memory: 06 00 00 00 00 00 00 00
stack at sp + 6 slots: 0x00007f122845e940 points into unknown readable memory: 70 03 2d d8 11 7f 00 00
stack at sp + 7 slots: 0x00007f120523c510 is pointing into the stack for thread: 0x00007f122816d000


---------------  P R O C E S S  ---------------

Threads class SMR info:
_java_thread_list=0x00007f12281a7570, length=9, elements={
0x00007f1228016800, 0x00007f1228163000, 0x00007f1228165000, 0x00007f122816b000,
0x00007f122816d000, 0x00007f122816f000, 0x00007f1228171000, 0x00007f12281a1000,
0x00007f12281a6000
}

Java Threads: ( => current thread )
  0x00007f1228016800 JavaThread "main" [_thread_in_vm, id=20578, stack(0x00007f122fd3b000,0x00007f122fe3c000)]
  0x00007f1228163000 JavaThread "Reference Handler" daemon [_thread_blocked, id=20585, stack(0x00007f121014a000,0x00007f121024b000)]
  0x00007f1228165000 JavaThread "Finalizer" daemon [_thread_blocked, id=20586, stack(0x00007f1210049000,0x00007f121014a000)]
  0x00007f122816b000 JavaThread "Signal Dispatcher" daemon [_thread_blocked, id=20587, stack(0x00007f1205241000,0x00007f1205342000)]
=>0x00007f122816d000 JavaThread "C2 CompilerThread0" daemon [_thread_in_native, id=20588, stack(0x00007f1205140000,0x00007f1205241000)]
  0x00007f122816f000 JavaThread "C1 CompilerThread0" daemon [_thread_blocked, id=20589, stack(0x00007f120503f000,0x00007f1205140000)]
  0x00007f1228171000 JavaThread "Sweeper thread" daemon [_thread_blocked, id=20590, stack(0x00007f1204f3e000,0x00007f120503f000)]
  0x00007f12281a1000 JavaThread "Service Thread" daemon [_thread_blocked, id=20591, stack(0x00007f1204e3d000,0x00007f1204f3e000)]
  0x00007f12281a6000 JavaThread "Common-Cleaner" daemon [_thread_blocked, id=20593, stack(0x00007f1204c3a000,0x00007f1204d3b000)]

Other Threads:
  0x00007f1228160800 VMThread "VM Thread" [stack: 0x00007f121024d000,0x00007f121034d000] [id=20584]
  0x00007f12281a3000 WatcherThread [stack: 0x00007f1204d3d000,0x00007f1204e3d000] [id=20592]
  0x00007f122802e000 GCTaskThread "GC Thread#0" [stack: 0x00007f122f9ef000,0x00007f122faef000] [id=20579]
  0x00007f11f4001000 GCTaskThread "GC Thread#1" [stack: 0x00007f1204906000,0x00007f1204a06000] [id=20594]
  0x00007f11f4002800 GCTaskThread "GC Thread#2" [stack: 0x00007f1204804000,0x00007f1204904000] [id=20595]
  0x00007f11f4004000 GCTaskThread "GC Thread#3" [stack: 0x00007f1204702000,0x00007f1204802000] [id=20596]
  0x00007f1228075800 ConcurrentGCThread "G1 Main Marker" [stack: 0x00007f122e322000,0x00007f122e422000] [id=20580]
  0x00007f1228077800 ConcurrentGCThread "G1 Conc#0" [stack: 0x00007f122e220000,0x00007f122e320000] [id=20581]
  0x00007f1228128000 ConcurrentGCThread "G1 Refine#0" [stack: 0x00007f1210597000,0x00007f1210697000] [id=20582]
  0x00007f122812a000 ConcurrentGCThread "G1 Young RemSet Sampling" [stack: 0x00007f1210495000,0x00007f1210595000] [id=20583]

Threads with active compile tasks:
C2 CompilerThread0    604  887   !   4       sun.nio.cs.StreamDecoder::read (196 bytes)

VM state:not at safepoint (normal execution)

VM Mutex/Monitor currently owned by a thread: None

Heap address: 0x0000000746800000, size: 2968 MB, Compressed Oops mode: Zero based, Oop shift amount: 3
Narrow klass base: 0x0000000800000000, Narrow klass shift: 3
Compressed class space size: 1073741824 Address: 0x0000000840000000

Heap:
 garbage-first heap   total 192512K, used 14585K [0x0000000746800000, 0x0000000800000000)
  region size 1024K, 14 young (14336K), 2 survivors (2048K)
 Metaspace       used 5410K, capacity 7997K, committed 8192K, reserved 1056768K
  class space    used 641K, capacity 924K, committed 1024K, reserved 1048576K
Heap Regions: E=young(eden), S=young(survivor), O=old, HS=humongous(starts), HC=humongous(continues), CS=collection set, F=free, A=archive, TAMS=top-at-mark-start (previous, next)
|   0|0x0000000746800000, 0x000000074688c600, 0x0000000746900000| 54%| O|  |TAMS 0x0000000746800000, 0x0000000746800000| Untracked 
|   1|0x0000000746900000, 0x0000000746900000, 0x0000000746a00000|  0%| F|  |TAMS 0x0000000746900000, 0x0000000746900000| Untracked 
|   2|0x0000000746a00000, 0x0000000746a00000, 0x0000000746b00000|  0%| F|  |TAMS 0x0000000746a00000, 0x0000000746a00000| Untracked 
|   3|0x0000000746b00000, 0x0000000746b00000, 0x0000000746c00000|  0%| F|  |TAMS 0x0000000746b00000, 0x0000000746b00000| Untracked 
|   4|0x0000000746c00000, 0x0000000746c00000, 0x0000000746d00000|  0%| F|  |TAMS 0x0000000746c00000, 0x0000000746c00000| Untracked 
|   5|0x0000000746d00000, 0x0000000746d00000, 0x0000000746e00000|  0%| F|  |TAMS 0x0000000746d00000, 0x0000000746d00000| Untracked 
|   6|0x0000000746e00000, 0x0000000746e00000, 0x0000000746f00000|  0%| F|  |TAMS 0x0000000746e00000, 0x0000000746e00000| Untracked 
|   7|0x0000000746f00000, 0x0000000746f00000, 0x0000000747000000|  0%| F|  |TAMS 0x0000000746f00000, 0x0000000746f00000| Untracked 
|   8|0x0000000747000000, 0x0000000747000000, 0x0000000747100000|  0%| F|  |TAMS 0x0000000747000000, 0x0000000747000000| Untracked 
|   9|0x0000000747100000, 0x0000000747100000, 0x0000000747200000|  0%| F|  |TAMS 0x0000000747100000, 0x0000000747100000| Untracked 
|  10|0x0000000747200000, 0x0000000747200000, 0x0000000747300000|  0%| F|  |TAMS 0x0000000747200000, 0x0000000747200000| Untracked 
|  11|0x0000000747300000, 0x0000000747300000, 0x0000000747400000|  0%| F|  |TAMS 0x0000000747300000, 0x0000000747300000| Untracked 
|  12|0x0000000747400000, 0x0000000747400000, 0x0000000747500000|  0%| F|  |TAMS 0x0000000747400000, 0x0000000747400000| Untracked 
|  13|0x0000000747500000, 0x0000000747500000, 0x0000000747600000|  0%| F|  |TAMS 0x0000000747500000, 0x0000000747500000| Untracked 
|  14|0x0000000747600000, 0x0000000747600000, 0x0000000747700000|  0%| F|  |TAMS 0x0000000747600000, 0x0000000747600000| Untracked 
|  15|0x0000000747700000, 0x0000000747700000, 0x0000000747800000|  0%| F|  |TAMS 0x0000000747700000, 0x0000000747700000| Untracked 
|  16|0x0000000747800000, 0x0000000747800000, 0x0000000747900000|  0%| F|  |TAMS 0x0000000747800000, 0x0000000747800000| Untracked 
|  17|0x0000000747900000, 0x0000000747900000, 0x0000000747a00000|  0%| F|  |TAMS 0x0000000747900000, 0x0000000747900000| Untracked 
|  18|0x0000000747a00000, 0x0000000747a00000, 0x0000000747b00000|  0%| F|  |TAMS 0x0000000747a00000, 0x0000000747a00000| Untracked 
|  19|0x0000000747b00000, 0x0000000747b00000, 0x0000000747c00000|  0%| F|  |TAMS 0x0000000747b00000, 0x0000000747b00000| Untracked 
|  20|0x0000000747c00000, 0x0000000747c00000, 0x0000000747d00000|  0%| F|  |TAMS 0x0000000747c00000, 0x0000000747c00000| Untracked 
|  21|0x0000000747d00000, 0x0000000747d00000, 0x0000000747e00000|  0%| F|  |TAMS 0x0000000747d00000, 0x0000000747d00000| Untracked 
|  22|0x0000000747e00000, 0x0000000747e00000, 0x0000000747f00000|  0%| F|  |TAMS 0x0000000747e00000, 0x0000000747e00000| Untracked 
|  23|0x0000000747f00000, 0x0000000747f00000, 0x0000000748000000|  0%| F|  |TAMS 0x0000000747f00000, 0x0000000747f00000| Untracked 
|  24|0x0000000748000000, 0x0000000748000000, 0x0000000748100000|  0%| F|  |TAMS 0x0000000748000000, 0x0000000748000000| Untracked 
|  25|0x0000000748100000, 0x0000000748100000, 0x0000000748200000|  0%| F|  |TAMS 0x0000000748100000, 0x0000000748100000| Untracked 
|  26|0x0000000748200000, 0x0000000748200000, 0x0000000748300000|  0%| F|  |TAMS 0x0000000748200000, 0x0000000748200000| Untracked 
|  27|0x0000000748300000, 0x0000000748300000, 0x0000000748400000|  0%| F|  |TAMS 0x0000000748300000, 0x0000000748300000| Untracked 
|  28|0x0000000748400000, 0x0000000748400000, 0x0000000748500000|  0%| F|  |TAMS 0x0000000748400000, 0x0000000748400000| Untracked 
|  29|0x0000000748500000, 0x0000000748500000, 0x0000000748600000|  0%| F|  |TAMS 0x0000000748500000, 0x0000000748500000| Untracked 
|  30|0x0000000748600000, 0x0000000748600000, 0x0000000748700000|  0%| F|  |TAMS 0x0000000748600000, 0x0000000748600000| Untracked 
|  31|0x0000000748700000, 0x0000000748700000, 0x0000000748800000|  0%| F|  |TAMS 0x0000000748700000, 0x0000000748700000| Untracked 
|  32|0x0000000748800000, 0x0000000748800000, 0x0000000748900000|  0%| F|  |TAMS 0x0000000748800000, 0x0000000748800000| Untracked 
|  33|0x0000000748900000, 0x0000000748900000, 0x0000000748a00000|  0%| F|  |TAMS 0x0000000748900000, 0x0000000748900000| Untracked 
|  34|0x0000000748a00000, 0x0000000748a00000, 0x0000000748b00000|  0%| F|  |TAMS 0x0000000748a00000, 0x0000000748a00000| Untracked 
|  35|0x0000000748b00000, 0x0000000748b00000, 0x0000000748c00000|  0%| F|  |TAMS 0x0000000748b00000, 0x0000000748b00000| Untracked 
|  36|0x0000000748c00000, 0x0000000748c00000, 0x0000000748d00000|  0%| F|  |TAMS 0x0000000748c00000, 0x0000000748c00000| Untracked 
|  37|0x0000000748d00000, 0x0000000748d00000, 0x0000000748e00000|  0%| F|  |TAMS 0x0000000748d00000, 0x0000000748d00000| Untracked 
|  38|0x0000000748e00000, 0x0000000748e00000, 0x0000000748f00000|  0%| F|  |TAMS 0x0000000748e00000, 0x0000000748e00000| Untracked 
|  39|0x0000000748f00000, 0x0000000748f00000, 0x0000000749000000|  0%| F|  |TAMS 0x0000000748f00000, 0x0000000748f00000| Untracked 
|  40|0x0000000749000000, 0x0000000749000000, 0x0000000749100000|  0%| F|  |TAMS 0x0000000749000000, 0x0000000749000000| Untracked 
|  41|0x0000000749100000, 0x0000000749100000, 0x0000000749200000|  0%| F|  |TAMS 0x0000000749100000, 0x0000000749100000| Untracked 
|  42|0x0000000749200000, 0x0000000749200000, 0x0000000749300000|  0%| F|  |TAMS 0x0000000749200000, 0x0000000749200000| Untracked 
|  43|0x0000000749300000, 0x0000000749300000, 0x0000000749400000|  0%| F|  |TAMS 0x0000000749300000, 0x0000000749300000| Untracked 
|  44|0x0000000749400000, 0x0000000749400000, 0x0000000749500000|  0%| F|  |TAMS 0x0000000749400000, 0x0000000749400000| Untracked 
|  45|0x0000000749500000, 0x0000000749500000, 0x0000000749600000|  0%| F|  |TAMS 0x0000000749500000, 0x0000000749500000| Untracked 
|  46|0x0000000749600000, 0x0000000749600000, 0x0000000749700000|  0%| F|  |TAMS 0x0000000749600000, 0x0000000749600000| Untracked 
|  47|0x0000000749700000, 0x0000000749700000, 0x0000000749800000|  0%| F|  |TAMS 0x0000000749700000, 0x0000000749700000| Untracked 
|  48|0x0000000749800000, 0x0000000749800000, 0x0000000749900000|  0%| F|  |TAMS 0x0000000749800000, 0x0000000749800000| Untracked 
|  49|0x0000000749900000, 0x0000000749900000, 0x0000000749a00000|  0%| F|  |TAMS 0x0000000749900000, 0x0000000749900000| Untracked 
|  50|0x0000000749a00000, 0x0000000749a00000, 0x0000000749b00000|  0%| F|  |TAMS 0x0000000749a00000, 0x0000000749a00000| Untracked 
|  51|0x0000000749b00000, 0x0000000749b00000, 0x0000000749c00000|  0%| F|  |TAMS 0x0000000749b00000, 0x0000000749b00000| Untracked 
|  52|0x0000000749c00000, 0x0000000749c00000, 0x0000000749d00000|  0%| F|  |TAMS 0x0000000749c00000, 0x0000000749c00000| Untracked 
|  53|0x0000000749d00000, 0x0000000749d00000, 0x0000000749e00000|  0%| F|  |TAMS 0x0000000749d00000, 0x0000000749d00000| Untracked 
|  54|0x0000000749e00000, 0x0000000749e00000, 0x0000000749f00000|  0%| F|  |TAMS 0x0000000749e00000, 0x0000000749e00000| Untracked 
|  55|0x0000000749f00000, 0x0000000749f00000, 0x000000074a000000|  0%| F|  |TAMS 0x0000000749f00000, 0x0000000749f00000| Untracked 
|  56|0x000000074a000000, 0x000000074a000000, 0x000000074a100000|  0%| F|  |TAMS 0x000000074a000000, 0x000000074a000000| Untracked 
|  57|0x000000074a100000, 0x000000074a100000, 0x000000074a200000|  0%| F|  |TAMS 0x000000074a100000, 0x000000074a100000| Untracked 
|  58|0x000000074a200000, 0x000000074a200000, 0x000000074a300000|  0%| F|  |TAMS 0x000000074a200000, 0x000000074a200000| Untracked 
|  59|0x000000074a300000, 0x000000074a300000, 0x000000074a400000|  0%| F|  |TAMS 0x000000074a300000, 0x000000074a300000| Untracked 
|  60|0x000000074a400000, 0x000000074a400000, 0x000000074a500000|  0%| F|  |TAMS 0x000000074a400000, 0x000000074a400000| Untracked 
|  61|0x000000074a500000, 0x000000074a500000, 0x000000074a600000|  0%| F|  |TAMS 0x000000074a500000, 0x000000074a500000| Untracked 
|  62|0x000000074a600000, 0x000000074a600000, 0x000000074a700000|  0%| F|  |TAMS 0x000000074a600000, 0x000000074a600000| Untracked 
|  63|0x000000074a700000, 0x000000074a700000, 0x000000074a800000|  0%| F|  |TAMS 0x000000074a700000, 0x000000074a700000| Untracked 
|  64|0x000000074a800000, 0x000000074a800000, 0x000000074a900000|  0%| F|  |TAMS 0x000000074a800000, 0x000000074a800000| Untracked 
|  65|0x000000074a900000, 0x000000074a900000, 0x000000074aa00000|  0%| F|  |TAMS 0x000000074a900000, 0x000000074a900000| Untracked 
|  66|0x000000074aa00000, 0x000000074aa00000, 0x000000074ab00000|  0%| F|  |TAMS 0x000000074aa00000, 0x000000074aa00000| Untracked 
|  67|0x000000074ab00000, 0x000000074ab00000, 0x000000074ac00000|  0%| F|  |TAMS 0x000000074ab00000, 0x000000074ab00000| Untracked 
|  68|0x000000074ac00000, 0x000000074ac00000, 0x000000074ad00000|  0%| F|  |TAMS 0x000000074ac00000, 0x000000074ac00000| Untracked 
|  69|0x000000074ad00000, 0x000000074ad00000, 0x000000074ae00000|  0%| F|  |TAMS 0x000000074ad00000, 0x000000074ad00000| Untracked 
|  70|0x000000074ae00000, 0x000000074ae00000, 0x000000074af00000|  0%| F|  |TAMS 0x000000074ae00000, 0x000000074ae00000| Untracked 
|  71|0x000000074af00000, 0x000000074af00000, 0x000000074b000000|  0%| F|  |TAMS 0x000000074af00000, 0x000000074af00000| Untracked 
|  72|0x000000074b000000, 0x000000074b000000, 0x000000074b100000|  0%| F|  |TAMS 0x000000074b000000, 0x000000074b000000| Untracked 
|  73|0x000000074b100000, 0x000000074b100000, 0x000000074b200000|  0%| F|  |TAMS 0x000000074b100000, 0x000000074b100000| Untracked 
|  74|0x000000074b200000, 0x000000074b200000, 0x000000074b300000|  0%| F|  |TAMS 0x000000074b200000, 0x000000074b200000| Untracked 
|  75|0x000000074b300000, 0x000000074b300000, 0x000000074b400000|  0%| F|  |TAMS 0x000000074b300000, 0x000000074b300000| Untracked 
|  76|0x000000074b400000, 0x000000074b400000, 0x000000074b500000|  0%| F|  |TAMS 0x000000074b400000, 0x000000074b400000| Untracked 
|  77|0x000000074b500000, 0x000000074b500000, 0x000000074b600000|  0%| F|  |TAMS 0x000000074b500000, 0x000000074b500000| Untracked 
|  78|0x000000074b600000, 0x000000074b600000, 0x000000074b700000|  0%| F|  |TAMS 0x000000074b600000, 0x000000074b600000| Untracked 
|  79|0x000000074b700000, 0x000000074b700000, 0x000000074b800000|  0%| F|  |TAMS 0x000000074b700000, 0x000000074b700000| Untracked 
|  80|0x000000074b800000, 0x000000074b800000, 0x000000074b900000|  0%| F|  |TAMS 0x000000074b800000, 0x000000074b800000| Untracked 
|  81|0x000000074b900000, 0x000000074b900000, 0x000000074ba00000|  0%| F|  |TAMS 0x000000074b900000, 0x000000074b900000| Untracked 
|  82|0x000000074ba00000, 0x000000074ba00000, 0x000000074bb00000|  0%| F|  |TAMS 0x000000074ba00000, 0x000000074ba00000| Untracked 
|  83|0x000000074bb00000, 0x000000074bb00000, 0x000000074bc00000|  0%| F|  |TAMS 0x000000074bb00000, 0x000000074bb00000| Untracked 
|  84|0x000000074bc00000, 0x000000074bc00000, 0x000000074bd00000|  0%| F|  |TAMS 0x000000074bc00000, 0x000000074bc00000| Untracked 
|  85|0x000000074bd00000, 0x000000074bd00000, 0x000000074be00000|  0%| F|  |TAMS 0x000000074bd00000, 0x000000074bd00000| Untracked 
|  86|0x000000074be00000, 0x000000074be00000, 0x000000074bf00000|  0%| F|  |TAMS 0x000000074be00000, 0x000000074be00000| Untracked 
|  87|0x000000074bf00000, 0x000000074bf00000, 0x000000074c000000|  0%| F|  |TAMS 0x000000074bf00000, 0x000000074bf00000| Untracked 
|  88|0x000000074c000000, 0x000000074c000000, 0x000000074c100000|  0%| F|  |TAMS 0x000000074c000000, 0x000000074c000000| Untracked 
|  89|0x000000074c100000, 0x000000074c100000, 0x000000074c200000|  0%| F|  |TAMS 0x000000074c100000, 0x000000074c100000| Untracked 
|  90|0x000000074c200000, 0x000000074c200000, 0x000000074c300000|  0%| F|  |TAMS 0x000000074c200000, 0x000000074c200000| Untracked 
|  91|0x000000074c300000, 0x000000074c300000, 0x000000074c400000|  0%| F|  |TAMS 0x000000074c300000, 0x000000074c300000| Untracked 
|  92|0x000000074c400000, 0x000000074c400000, 0x000000074c500000|  0%| F|  |TAMS 0x000000074c400000, 0x000000074c400000| Untracked 
|  93|0x000000074c500000, 0x000000074c500000, 0x000000074c600000|  0%| F|  |TAMS 0x000000074c500000, 0x000000074c500000| Untracked 
|  94|0x000000074c600000, 0x000000074c600000, 0x000000074c700000|  0%| F|  |TAMS 0x000000074c600000, 0x000000074c600000| Untracked 
|  95|0x000000074c700000, 0x000000074c700000, 0x000000074c800000|  0%| F|  |TAMS 0x000000074c700000, 0x000000074c700000| Untracked 
|  96|0x000000074c800000, 0x000000074c800000, 0x000000074c900000|  0%| F|  |TAMS 0x000000074c800000, 0x000000074c800000| Untracked 
|  97|0x000000074c900000, 0x000000074c900000, 0x000000074ca00000|  0%| F|  |TAMS 0x000000074c900000, 0x000000074c900000| Untracked 
|  98|0x000000074ca00000, 0x000000074ca00000, 0x000000074cb00000|  0%| F|  |TAMS 0x000000074ca00000, 0x000000074ca00000| Untracked 
|  99|0x000000074cb00000, 0x000000074cb00000, 0x000000074cc00000|  0%| F|  |TAMS 0x000000074cb00000, 0x000000074cb00000| Untracked 
| 100|0x000000074cc00000, 0x000000074cc00000, 0x000000074cd00000|  0%| F|  |TAMS 0x000000074cc00000, 0x000000074cc00000| Untracked 
| 101|0x000000074cd00000, 0x000000074cd00000, 0x000000074ce00000|  0%| F|  |TAMS 0x000000074cd00000, 0x000000074cd00000| Untracked 
| 102|0x000000074ce00000, 0x000000074ce00000, 0x000000074cf00000|  0%| F|  |TAMS 0x000000074ce00000, 0x000000074ce00000| Untracked 
| 103|0x000000074cf00000, 0x000000074cf00000, 0x000000074d000000|  0%| F|  |TAMS 0x000000074cf00000, 0x000000074cf00000| Untracked 
| 104|0x000000074d000000, 0x000000074d000000, 0x000000074d100000|  0%| F|  |TAMS 0x000000074d000000, 0x000000074d000000| Untracked 
| 105|0x000000074d100000, 0x000000074d100000, 0x000000074d200000|  0%| F|  |TAMS 0x000000074d100000, 0x000000074d100000| Untracked 
| 106|0x000000074d200000, 0x000000074d200000, 0x000000074d300000|  0%| F|  |TAMS 0x000000074d200000, 0x000000074d200000| Untracked 
| 107|0x000000074d300000, 0x000000074d300000, 0x000000074d400000|  0%| F|  |TAMS 0x000000074d300000, 0x000000074d300000| Untracked 
| 108|0x000000074d400000, 0x000000074d400000, 0x000000074d500000|  0%| F|  |TAMS 0x000000074d400000, 0x000000074d400000| Untracked 
| 109|0x000000074d500000, 0x000000074d500000, 0x000000074d600000|  0%| F|  |TAMS 0x000000074d500000, 0x000000074d500000| Untracked 
| 110|0x000000074d600000, 0x000000074d600000, 0x000000074d700000|  0%| F|  |TAMS 0x000000074d600000, 0x000000074d600000| Untracked 
| 111|0x000000074d700000, 0x000000074d700000, 0x000000074d800000|  0%| F|  |TAMS 0x000000074d700000, 0x000000074d700000| Untracked 
| 112|0x000000074d800000, 0x000000074d800000, 0x000000074d900000|  0%| F|  |TAMS 0x000000074d800000, 0x000000074d800000| Untracked 
| 113|0x000000074d900000, 0x000000074d900000, 0x000000074da00000|  0%| F|  |TAMS 0x000000074d900000, 0x000000074d900000| Untracked 
| 114|0x000000074da00000, 0x000000074da00000, 0x000000074db00000|  0%| F|  |TAMS 0x000000074da00000, 0x000000074da00000| Untracked 
| 115|0x000000074db00000, 0x000000074db00000, 0x000000074dc00000|  0%| F|  |TAMS 0x000000074db00000, 0x000000074db00000| Untracked 
| 116|0x000000074dc00000, 0x000000074dc00000, 0x000000074dd00000|  0%| F|  |TAMS 0x000000074dc00000, 0x000000074dc00000| Untracked 
| 117|0x000000074dd00000, 0x000000074dd00000, 0x000000074de00000|  0%| F|  |TAMS 0x000000074dd00000, 0x000000074dd00000| Untracked 
| 118|0x000000074de00000, 0x000000074de00000, 0x000000074df00000|  0%| F|  |TAMS 0x000000074de00000, 0x000000074de00000| Untracked 
| 119|0x000000074df00000, 0x000000074df00000, 0x000000074e000000|  0%| F|  |TAMS 0x000000074df00000, 0x000000074df00000| Untracked 
| 120|0x000000074e000000, 0x000000074e000000, 0x000000074e100000|  0%| F|  |TAMS 0x000000074e000000, 0x000000074e000000| Untracked 
| 121|0x000000074e100000, 0x000000074e100000, 0x000000074e200000|  0%| F|  |TAMS 0x000000074e100000, 0x000000074e100000| Untracked 
| 122|0x000000074e200000, 0x000000074e200000, 0x000000074e300000|  0%| F|  |TAMS 0x000000074e200000, 0x000000074e200000| Untracked 
| 123|0x000000074e300000, 0x000000074e300000, 0x000000074e400000|  0%| F|  |TAMS 0x000000074e300000, 0x000000074e300000| Untracked 
| 124|0x000000074e400000, 0x000000074e400000, 0x000000074e500000|  0%| F|  |TAMS 0x000000074e400000, 0x000000074e400000| Untracked 
| 125|0x000000074e500000, 0x000000074e500000, 0x000000074e600000|  0%| F|  |TAMS 0x000000074e500000, 0x000000074e500000| Untracked 
| 126|0x000000074e600000, 0x000000074e600000, 0x000000074e700000|  0%| F|  |TAMS 0x000000074e600000, 0x000000074e600000| Untracked 
| 127|0x000000074e700000, 0x000000074e700000, 0x000000074e800000|  0%| F|  |TAMS 0x000000074e700000, 0x000000074e700000| Untracked 
| 128|0x000000074e800000, 0x000000074e800000, 0x000000074e900000|  0%| F|  |TAMS 0x000000074e800000, 0x000000074e800000| Untracked 
| 129|0x000000074e900000, 0x000000074e900000, 0x000000074ea00000|  0%| F|  |TAMS 0x000000074e900000, 0x000000074e900000| Untracked 
| 130|0x000000074ea00000, 0x000000074ea00000, 0x000000074eb00000|  0%| F|  |TAMS 0x000000074ea00000, 0x000000074ea00000| Untracked 
| 131|0x000000074eb00000, 0x000000074eb00000, 0x000000074ec00000|  0%| F|  |TAMS 0x000000074eb00000, 0x000000074eb00000| Untracked 
| 132|0x000000074ec00000, 0x000000074ec00000, 0x000000074ed00000|  0%| F|  |TAMS 0x000000074ec00000, 0x000000074ec00000| Untracked 
| 133|0x000000074ed00000, 0x000000074ed00000, 0x000000074ee00000|  0%| F|  |TAMS 0x000000074ed00000, 0x000000074ed00000| Untracked 
| 134|0x000000074ee00000, 0x000000074ee00000, 0x000000074ef00000|  0%| F|  |TAMS 0x000000074ee00000, 0x000000074ee00000| Untracked 
| 135|0x000000074ef00000, 0x000000074ef00000, 0x000000074f000000|  0%| F|  |TAMS 0x000000074ef00000, 0x000000074ef00000| Untracked 
| 136|0x000000074f000000, 0x000000074f000000, 0x000000074f100000|  0%| F|  |TAMS 0x000000074f000000, 0x000000074f000000| Untracked 
| 137|0x000000074f100000, 0x000000074f100000, 0x000000074f200000|  0%| F|  |TAMS 0x000000074f100000, 0x000000074f100000| Untracked 
| 138|0x000000074f200000, 0x000000074f200000, 0x000000074f300000|  0%| F|  |TAMS 0x000000074f200000, 0x000000074f200000| Untracked 
| 139|0x000000074f300000, 0x000000074f300000, 0x000000074f400000|  0%| F|  |TAMS 0x000000074f300000, 0x000000074f300000| Untracked 
| 140|0x000000074f400000, 0x000000074f400000, 0x000000074f500000|  0%| F|  |TAMS 0x000000074f400000, 0x000000074f400000| Untracked 
| 141|0x000000074f500000, 0x000000074f500000, 0x000000074f600000|  0%| F|  |TAMS 0x000000074f500000, 0x000000074f500000| Untracked 
| 142|0x000000074f600000, 0x000000074f600000, 0x000000074f700000|  0%| F|  |TAMS 0x000000074f600000, 0x000000074f600000| Untracked 
| 143|0x000000074f700000, 0x000000074f700000, 0x000000074f800000|  0%| F|  |TAMS 0x000000074f700000, 0x000000074f700000| Untracked 
| 144|0x000000074f800000, 0x000000074f800000, 0x000000074f900000|  0%| F|  |TAMS 0x000000074f800000, 0x000000074f800000| Untracked 
| 145|0x000000074f900000, 0x000000074f900000, 0x000000074fa00000|  0%| F|  |TAMS 0x000000074f900000, 0x000000074f900000| Untracked 
| 146|0x000000074fa00000, 0x000000074fa00000, 0x000000074fb00000|  0%| F|  |TAMS 0x000000074fa00000, 0x000000074fa00000| Untracked 
| 147|0x000000074fb00000, 0x000000074fb00000, 0x000000074fc00000|  0%| F|  |TAMS 0x000000074fb00000, 0x000000074fb00000| Untracked 
| 148|0x000000074fc00000, 0x000000074fc00000, 0x000000074fd00000|  0%| F|  |TAMS 0x000000074fc00000, 0x000000074fc00000| Untracked 
| 149|0x000000074fd00000, 0x000000074fd00000, 0x000000074fe00000|  0%| F|  |TAMS 0x000000074fd00000, 0x000000074fd00000| Untracked 
| 150|0x000000074fe00000, 0x000000074fe00000, 0x000000074ff00000|  0%| F|  |TAMS 0x000000074fe00000, 0x000000074fe00000| Untracked 
| 151|0x000000074ff00000, 0x000000074ff00000, 0x0000000750000000|  0%| F|  |TAMS 0x000000074ff00000, 0x000000074ff00000| Untracked 
| 152|0x0000000750000000, 0x0000000750000000, 0x0000000750100000|  0%| F|  |TAMS 0x0000000750000000, 0x0000000750000000| Untracked 
| 153|0x0000000750100000, 0x0000000750100000, 0x0000000750200000|  0%| F|  |TAMS 0x0000000750100000, 0x0000000750100000| Untracked 
| 154|0x0000000750200000, 0x0000000750200000, 0x0000000750300000|  0%| F|  |TAMS 0x0000000750200000, 0x0000000750200000| Untracked 
| 155|0x0000000750300000, 0x0000000750300000, 0x0000000750400000|  0%| F|  |TAMS 0x0000000750300000, 0x0000000750300000| Untracked 
| 156|0x0000000750400000, 0x0000000750400000, 0x0000000750500000|  0%| F|  |TAMS 0x0000000750400000, 0x0000000750400000| Untracked 
| 157|0x0000000750500000, 0x0000000750500000, 0x0000000750600000|  0%| F|  |TAMS 0x0000000750500000, 0x0000000750500000| Untracked 
| 158|0x0000000750600000, 0x0000000750600000, 0x0000000750700000|  0%| F|  |TAMS 0x0000000750600000, 0x0000000750600000| Untracked 
| 159|0x0000000750700000, 0x0000000750700000, 0x0000000750800000|  0%| F|  |TAMS 0x0000000750700000, 0x0000000750700000| Untracked 
| 160|0x0000000750800000, 0x0000000750800000, 0x0000000750900000|  0%| F|  |TAMS 0x0000000750800000, 0x0000000750800000| Untracked 
| 161|0x0000000750900000, 0x0000000750900000, 0x0000000750a00000|  0%| F|  |TAMS 0x0000000750900000, 0x0000000750900000| Untracked 
| 162|0x0000000750a00000, 0x0000000750a00000, 0x0000000750b00000|  0%| F|  |TAMS 0x0000000750a00000, 0x0000000750a00000| Untracked 
| 163|0x0000000750b00000, 0x0000000750b00000, 0x0000000750c00000|  0%| F|  |TAMS 0x0000000750b00000, 0x0000000750b00000| Untracked 
| 164|0x0000000750c00000, 0x0000000750c00000, 0x0000000750d00000|  0%| F|  |TAMS 0x0000000750c00000, 0x0000000750c00000| Untracked 
| 165|0x0000000750d00000, 0x0000000750d00000, 0x0000000750e00000|  0%| F|  |TAMS 0x0000000750d00000, 0x0000000750d00000| Untracked 
| 166|0x0000000750e00000, 0x0000000750e00000, 0x0000000750f00000|  0%| F|  |TAMS 0x0000000750e00000, 0x0000000750e00000| Untracked 
| 167|0x0000000750f00000, 0x0000000750f00000, 0x0000000751000000|  0%| F|  |TAMS 0x0000000750f00000, 0x0000000750f00000| Untracked 
| 168|0x0000000751000000, 0x0000000751000000, 0x0000000751100000|  0%| F|  |TAMS 0x0000000751000000, 0x0000000751000000| Untracked 
| 169|0x0000000751100000, 0x0000000751100000, 0x0000000751200000|  0%| F|  |TAMS 0x0000000751100000, 0x0000000751100000| Untracked 
| 170|0x0000000751200000, 0x0000000751300000, 0x0000000751300000|100%| S|CS|TAMS 0x0000000751200000, 0x0000000751200000| Complete 
| 171|0x0000000751300000, 0x0000000751400000, 0x0000000751400000|100%| S|CS|TAMS 0x0000000751300000, 0x0000000751300000| Complete 
| 172|0x0000000751400000, 0x0000000751400000, 0x0000000751500000|  0%| F|  |TAMS 0x0000000751400000, 0x0000000751400000| Untracked 
| 173|0x0000000751500000, 0x0000000751584010, 0x0000000751600000| 51%| E|  |TAMS 0x0000000751500000, 0x0000000751500000| Complete 
| 174|0x0000000751600000, 0x0000000751700000, 0x0000000751700000|100%| E|CS|TAMS 0x0000000751600000, 0x0000000751600000| Complete 
| 175|0x0000000751700000, 0x0000000751800000, 0x0000000751800000|100%| E|CS|TAMS 0x0000000751700000, 0x0000000751700000| Complete 
| 176|0x0000000751800000, 0x0000000751900000, 0x0000000751900000|100%| E|CS|TAMS 0x0000000751800000, 0x0000000751800000| Complete 
| 177|0x0000000751900000, 0x0000000751a00000, 0x0000000751a00000|100%| E|CS|TAMS 0x0000000751900000, 0x0000000751900000| Complete 
| 178|0x0000000751a00000, 0x0000000751b00000, 0x0000000751b00000|100%| E|CS|TAMS 0x0000000751a00000, 0x0000000751a00000| Complete 
| 179|0x0000000751b00000, 0x0000000751c00000, 0x0000000751c00000|100%| E|CS|TAMS 0x0000000751b00000, 0x0000000751b00000| Complete 
| 180|0x0000000751c00000, 0x0000000751d00000, 0x0000000751d00000|100%| E|CS|TAMS 0x0000000751c00000, 0x0000000751c00000| Complete 
| 181|0x0000000751d00000, 0x0000000751e00000, 0x0000000751e00000|100%| E|CS|TAMS 0x0000000751d00000, 0x0000000751d00000| Complete 
| 182|0x0000000751e00000, 0x0000000751f00000, 0x0000000751f00000|100%| E|CS|TAMS 0x0000000751e00000, 0x0000000751e00000| Complete 
| 183|0x0000000751f00000, 0x0000000752000000, 0x0000000752000000|100%| E|CS|TAMS 0x0000000751f00000, 0x0000000751f00000| Complete 
| 184|0x0000000752000000, 0x0000000752100000, 0x0000000752100000|100%| E|CS|TAMS 0x0000000752000000, 0x0000000752000000| Complete 
| 185|0x0000000752100000, 0x0000000752200000, 0x0000000752200000|100%| E|CS|TAMS 0x0000000752100000, 0x0000000752100000| Complete 
|1942|0x00000007bfe00000, 0x00000007bfe47000, 0x00000007bff00000| 27%|OA|  |TAMS 0x00000007bfe00000, 0x00000007bfe00000| Untracked 
|1943|0x00000007bff00000, 0x00000007bff6b000, 0x00000007c0000000| 41%|CA|  |TAMS 0x00000007bff00000, 0x00000007bff00000| Untracked 

Card table byte_map: [0x00007f122ea51000,0x00007f122f01d000] _byte_map_base: 0x00007f122b01d000

Marking Bits (Prev, Next): (CMBitMap*) 0x00007f1228068ee8, (CMBitMap*) 0x00007f1228068f20
 Prev Bits: [0x00007f12091a0000, 0x00007f120c000000)
 Next Bits: [0x00007f1206340000, 0x00007f12091a0000)

Polling page: 0x00007f122fcf7000

Metaspace:

Usage:
  Non-class:      6.91 MB capacity,     4.67 MB ( 68%) used,     2.23 MB ( 32%) free+waste,     7.88 KB ( <1%) overhead. 
      Class:    924.00 KB capacity,   641.19 KB ( 69%) used,   278.62 KB ( 30%) free+waste,     4.19 KB ( <1%) overhead. 
       Both:      7.81 MB capacity,     5.29 MB ( 68%) used,     2.51 MB ( 32%) free+waste,    12.06 KB ( <1%) overhead. 

Virtual space:
  Non-class space:        8.00 MB reserved,       7.00 MB ( 88%) committed 
      Class space:        1.00 GB reserved,       1.00 MB ( <1%) committed 
             Both:        1.01 GB reserved,       8.00 MB ( <1%) committed 

Chunk freelists:
   Non-Class:  30.00 KB
       Class:  4.00 KB
        Both:  34.00 KB

MaxMetaspaceSize: unlimited
CompressedClassSpaceSize: 1.00 GB

CodeHeap 'non-profiled nmethods': size=120032Kb used=255Kb max_used=255Kb free=119776Kb
 bounds [0x00007f1218361000, 0x00007f12185d1000, 0x00007f121f899000]
CodeHeap 'profiled nmethods': size=120032Kb used=2033Kb max_used=2033Kb free=117998Kb
 bounds [0x00007f1210e29000, 0x00007f1211099000, 0x00007f1218361000]
CodeHeap 'non-nmethods': size=5696Kb used=1067Kb max_used=1083Kb free=4628Kb
 bounds [0x00007f1210899000, 0x00007f1210b09000, 0x00007f1210e29000]
 total_blobs=1388 nmethods=1012 adapters=289
 compilation: enabled
              stopped_count=0, restarted_count=0
 full_count=0

Compilation events (20 events):
Event: 0.568 Thread 0x00007f122816f000 nmethod 933 0x00007f1211009390 code [0x00007f1211009540, 0x00007f1211009680]
Event: 0.568 Thread 0x00007f122816f000  934   !   2       java.util.jar.JarFile$JarFileEntry::getCodeSigners (81 bytes)
Event: 0.568 Thread 0x00007f122816f000 nmethod 934 0x00007f1211009710 code [0x00007f1211009920, 0x00007f1211009d00]
Event: 0.573 Thread 0x00007f122816f000  936       2       java.util.Arrays$ArrayList::size (6 bytes)
Event: 0.573 Thread 0x00007f122816f000 nmethod 936 0x00007f1211009f10 code [0x00007f121100a0c0, 0x00007f121100a1d0]
Event: 0.577 Thread 0x00007f122816f000  937       2       java.lang.StringBuilder::charAt (6 bytes)
Event: 0.577 Thread 0x00007f122816f000 nmethod 937 0x00007f121100a290 code [0x00007f121100a440, 0x00007f121100a560]
Event: 0.577 Thread 0x00007f122816f000  938       2       java.lang.AbstractStringBuilder::charAt (36 bytes)
Event: 0.577 Thread 0x00007f122816f000 nmethod 938 0x00007f121100a610 code [0x00007f121100a7e0, 0x00007f121100a9f0]
Event: 0.578 Thread 0x00007f122816f000  939       1       sun.nio.fs.UnixPath::getFileSystem (5 bytes)
Event: 0.578 Thread 0x00007f122816f000 nmethod 939 0x00007f121839c590 code [0x00007f121839c740, 0x00007f121839c810]
Event: 0.578 Thread 0x00007f122816f000  940       2       java.lang.Character::charCount (12 bytes)
Event: 0.579 Thread 0x00007f122816f000 nmethod 940 0x00007f121100ab90 code [0x00007f121100ad40, 0x00007f121100ae30]
Event: 0.580 Thread 0x00007f122816f000  941       2       java.lang.Character::codePointAt (51 bytes)
Event: 0.580 Thread 0x00007f122816f000 nmethod 941 0x00007f121100ae90 code [0x00007f121100b060, 0x00007f121100b260]
Event: 0.580 Thread 0x00007f122816f000  942       2       java.lang.Character::isHighSurrogate (18 bytes)
Event: 0.580 Thread 0x00007f122816f000 nmethod 942 0x00007f121100b390 code [0x00007f121100b540, 0x00007f121100b630]
Event: 0.581 Thread 0x00007f122816f000  944       2       java.lang.reflect.ProxyGenerator$ConstantPool$IndirectEntry::<init> (20 bytes)
Event: 0.581 Thread 0x00007f122816f000 nmethod 944 0x00007f121100b690 code [0x00007f121100b840, 0x00007f121100b950]
Event: 0.582 Thread 0x00007f122816f000  945       2       java.lang.reflect.ProxyGenerator$ConstantPool::getClass (21 bytes)

GC Heap History (2 events):
Event: 0.429 GC heap before
{Heap before GC invocations=0 (full 0):
 garbage-first heap   total 192512K, used 15048K [0x0000000746800000, 0x0000000800000000)
  region size 1024K, 14 young (14336K), 0 survivors (0K)
 Metaspace       used 4126K, capacity 7153K, committed 7296K, reserved 1056768K
  class space    used 460K, capacity 792K, committed 896K, reserved 1048576K
}
Event: 0.438 GC heap after
{Heap after GC invocations=1 (full 0):
 garbage-first heap   total 192512K, used 3321K [0x0000000746800000, 0x0000000800000000)
  region size 1024K, 2 young (2048K), 2 survivors (2048K)
 Metaspace       used 4126K, capacity 7153K, committed 7296K, reserved 1056768K
  class space    used 460K, capacity 792K, committed 896K, reserved 1048576K
}

Deoptimization events (16 events):
Event: 0.129 Thread 0x00007f1228016800 DEOPT PACKING pc=0x00007f1210e58bb0 sp=0x00007f122fe36480
Event: 0.129 Thread 0x00007f1228016800 DEOPT UNPACKING pc=0x00007f12108bf6ba sp=0x00007f122fe35910 mode 0
Event: 0.161 Thread 0x00007f1228016800 DEOPT PACKING pc=0x00007f1210e85775 sp=0x00007f122fe376e0
Event: 0.161 Thread 0x00007f1228016800 DEOPT UNPACKING pc=0x00007f12108bf6ba sp=0x00007f122fe36b80 mode 0
Event: 0.170 Thread 0x00007f1228016800 DEOPT PACKING pc=0x00007f1210e63542 sp=0x00007f122fe37310
Event: 0.170 Thread 0x00007f1228016800 DEOPT UNPACKING pc=0x00007f12108bf6ba sp=0x00007f122fe36798 mode 0
Event: 0.180 Thread 0x00007f1228016800 DEOPT PACKING pc=0x00007f1210e5544f sp=0x00007f122fe37390
Event: 0.180 Thread 0x00007f1228016800 DEOPT UNPACKING pc=0x00007f12108bf6ba sp=0x00007f122fe36838 mode 0
Event: 0.273 Thread 0x00007f1228016800 DEOPT PACKING pc=0x00007f1210e6ab08 sp=0x00007f122fe37c90
Event: 0.273 Thread 0x00007f1228016800 DEOPT UNPACKING pc=0x00007f12108bf6ba sp=0x00007f122fe37100 mode 0
Event: 0.275 Thread 0x00007f1228016800 Uncommon trap: trap_request=0xffffff4d fr.pc=0x00007f12183657c4 relative=0x0000000000000084
Event: 0.275 Thread 0x00007f1228016800 Uncommon trap: reason=unstable_if action=reinterpret pc=0x00007f12183657c4 method=java.lang.String.isLatin1()Z @ 10 c2
Event: 0.275 Thread 0x00007f1228016800 DEOPT PACKING pc=0x00007f12183657c4 sp=0x00007f122fe394a0
Event: 0.275 Thread 0x00007f1228016800 DEOPT UNPACKING pc=0x00007f12108bf8a5 sp=0x00007f122fe39400 mode 2
Event: 0.559 Thread 0x00007f1228016800 DEOPT PACKING pc=0x00007f1210e7f328 sp=0x00007f122fe37830
Event: 0.559 Thread 0x00007f1228016800 DEOPT UNPACKING pc=0x00007f12108bf6ba sp=0x00007f122fe36d68 mode 0

Classes redefined (0 events):
No events

Internal exceptions (3 events):
Event: 0.126 Thread 0x00007f1228016800 Exception <a 'java/lang/NoSuchMethodError'{0x0000000751f8e708}: 'int java.lang.invoke.DirectMethodHandle$Holder.invokeSpecialIFC(java.lang.Object, java.lang.Object, int)'> (0x0000000751f8e708) thrown at [src/hotspot/share/interpreter/linkResolver.cpp, line 772]
Event: 0.157 Thread 0x00007f1228016800 Exception <a 'java/security/PrivilegedActionException'{0x0000000751eba7e0}> (0x0000000751eba7e0) thrown at [src/hotspot/share/prims/jvm.cpp, line 1303]
Event: 0.157 Thread 0x00007f1228016800 Exception <a 'java/security/PrivilegedActionException'{0x0000000751ebaab0}> (0x0000000751ebaab0) thrown at [src/hotspot/share/prims/jvm.cpp, line 1303]

Events (20 events):
Event: 0.577 loading class org/sonatype/plexus/components/cipher/PlexusCipher
Event: 0.577 loading class org/sonatype/plexus/components/cipher/PlexusCipher done
Event: 0.577 loading class org/sonatype/plexus/components/cipher/PlexusCipher
Event: 0.577 loading class org/sonatype/plexus/components/cipher/PlexusCipher done
Event: 0.578 loading class org/sonatype/plexus/components/sec/dispatcher/SecDispatcher
Event: 0.578 loading class org/sonatype/plexus/components/sec/dispatcher/SecDispatcher done
Event: 0.579 loading class org/apache/maven/wagon/Wagon
Event: 0.579 loading class org/apache/maven/wagon/Wagon done
Event: 0.579 loading class org/apache/maven/wagon/Wagon
Event: 0.579 loading class org/apache/maven/wagon/Wagon done
Event: 0.580 loading class org/apache/maven/wagon/Wagon
Event: 0.580 loading class org/apache/maven/wagon/Wagon done
Event: 0.580 loading class org/apache/maven/wagon/Wagon
Event: 0.580 loading class org/apache/maven/wagon/Wagon done
Event: 0.580 loading class com/google/inject/name/Names
Event: 0.580 loading class com/google/inject/name/Names done
Event: 0.580 loading class com/google/inject/name/Named
Event: 0.580 loading class com/google/inject/name/Named done
Event: 0.581 loading class com/google/inject/name/NamedImpl
Event: 0.581 loading class com/google/inject/name/NamedImpl done


Dynamic libraries:
746800000-752200000 rw-p 00000000 00:00 0 
752200000-7bfe00000 ---p 00000000 00:00 0 
7bfe00000-7bfe47000 rw-p 01111000 08:05 1181877                          /usr/lib/jvm/java-11-openjdk-amd64/lib/server/classes.jsa
7bfe47000-7bff00000 rw-p 00000000 00:00 0 
7bff00000-7bff6b000 rw-p 010a6000 08:05 1181877                          /usr/lib/jvm/java-11-openjdk-amd64/lib/server/classes.jsa
7bff6b000-7c0000000 rw-p 00000000 00:00 0 
7c0000000-800000000 ---p 00000000 00:00 0 
800000000-800002000 rwxp 00001000 08:05 1181877                          /usr/lib/jvm/java-11-openjdk-amd64/lib/server/classes.jsa
800002000-8003b9000 rw-p 00003000 08:05 1181877                          /usr/lib/jvm/java-11-openjdk-amd64/lib/server/classes.jsa
8003b9000-800a96000 r--p 003ba000 08:05 1181877                          /usr/lib/jvm/java-11-openjdk-amd64/lib/server/classes.jsa
800a96000-800a97000 rw-p 00a97000 08:05 1181877                          /usr/lib/jvm/java-11-openjdk-amd64/lib/server/classes.jsa
800a97000-8010a5000 r--p 00a98000 08:05 1181877                          /usr/lib/jvm/java-11-openjdk-amd64/lib/server/classes.jsa
840000000-840100000 rw-p 00000000 00:00 0 
840100000-880000000 ---p 00000000 00:00 0 
562bd0e39000-562bd0e3a000 r--p 00000000 08:05 1184016                    /usr/lib/jvm/java-11-openjdk-amd64/bin/java
562bd0e3a000-562bd0e3b000 r-xp 00001000 08:05 1184016                    /usr/lib/jvm/java-11-openjdk-amd64/bin/java
562bd0e3b000-562bd0e3c000 r--p 00002000 08:05 1184016                    /usr/lib/jvm/java-11-openjdk-amd64/bin/java
562bd0e3c000-562bd0e3d000 r--p 00002000 08:05 1184016                    /usr/lib/jvm/java-11-openjdk-amd64/bin/java
562bd0e3d000-562bd0e3e000 rw-p 00003000 08:05 1184016                    /usr/lib/jvm/java-11-openjdk-amd64/bin/java
562bd287b000-562bd289c000 rw-p 00000000 00:00 0                          [heap]
7f11c0000000-7f11c0021000 rw-p 00000000 00:00 0 
7f11c0021000-7f11c4000000 ---p 00000000 00:00 0 
7f11c4000000-7f11c4021000 rw-p 00000000 00:00 0 
7f11c4021000-7f11c8000000 ---p 00000000 00:00 0 
7f11c8000000-7f11c8021000 rw-p 00000000 00:00 0 
7f11c8021000-7f11cc000000 ---p 00000000 00:00 0 
7f11cc000000-7f11cc021000 rw-p 00000000 00:00 0 
7f11cc021000-7f11d0000000 ---p 00000000 00:00 0 
7f11d0000000-7f11d0021000 rw-p 00000000 00:00 0 
7f11d0021000-7f11d4000000 ---p 00000000 00:00 0 
7f11d4000000-7f11d4021000 rw-p 00000000 00:00 0 
7f11d4021000-7f11d8000000 ---p 00000000 00:00 0 
7f11d8000000-7f11d83ff000 rw-p 00000000 00:00 0 
7f11d83ff000-7f11dc000000 ---p 00000000 00:00 0 
7f11dc000000-7f11dc021000 rw-p 00000000 00:00 0 
7f11dc021000-7f11e0000000 ---p 00000000 00:00 0 
7f11e0000000-7f11e0021000 rw-p 00000000 00:00 0 
7f11e0021000-7f11e4000000 ---p 00000000 00:00 0 
7f11e4000000-7f11e44cf000 rw-p 00000000 00:00 0 
7f11e44cf000-7f11e8000000 ---p 00000000 00:00 0 
7f11e8000000-7f11e8021000 rw-p 00000000 00:00 0 
7f11e8021000-7f11ec000000 ---p 00000000 00:00 0 
7f11ec000000-7f11ec021000 rw-p 00000000 00:00 0 
7f11ec021000-7f11f0000000 ---p 00000000 00:00 0 
7f11f0000000-7f11f0021000 rw-p 00000000 00:00 0 
7f11f0021000-7f11f4000000 ---p 00000000 00:00 0 
7f11f4000000-7f11f4021000 rw-p 00000000 00:00 0 
7f11f4021000-7f11f8000000 ---p 00000000 00:00 0 
7f11f8000000-7f11f8021000 rw-p 00000000 00:00 0 
7f11f8021000-7f11fc000000 ---p 00000000 00:00 0 
7f11fc000000-7f11fc021000 rw-p 00000000 00:00 0 
7f11fc021000-7f1200000000 ---p 00000000 00:00 0 
7f1200000000-7f1200021000 rw-p 00000000 00:00 0 
7f1200021000-7f1204000000 ---p 00000000 00:00 0 
7f1204676000-7f1204700000 rw-p 00000000 00:00 0 
7f1204700000-7f1204701000 ---p 00000000 00:00 0 
7f1204701000-7f1204802000 rw-p 00000000 00:00 0 
7f1204802000-7f1204803000 ---p 00000000 00:00 0 
7f1204803000-7f1204904000 rw-p 00000000 00:00 0 
7f1204904000-7f1204905000 ---p 00000000 00:00 0 
7f1204905000-7f1204a06000 rw-p 00000000 00:00 0 
7f1204a06000-7f1204a09000 r-xp 00000000 07:0c 2319                       /snap/netbeans/41/netbeans/java/maven/lib/jansi-native/linux64/libjansi.so
7f1204a09000-7f1204c08000 ---p 00003000 07:0c 2319                       /snap/netbeans/41/netbeans/java/maven/lib/jansi-native/linux64/libjansi.so
7f1204c08000-7f1204c09000 rw-p 00002000 07:0c 2319                       /snap/netbeans/41/netbeans/java/maven/lib/jansi-native/linux64/libjansi.so
7f1204c09000-7f1204c3a000 rw-p 00000000 00:00 0 
7f1204c3a000-7f1204c3e000 ---p 00000000 00:00 0 
7f1204c3e000-7f1204d3b000 rw-p 00000000 00:00 0 
7f1204d3b000-7f1204d3c000 ---p 00000000 00:00 0 
7f1204d3c000-7f1204e3d000 rw-p 00000000 00:00 0 
7f1204e3d000-7f1204e41000 ---p 00000000 00:00 0 
7f1204e41000-7f1204f3e000 rw-p 00000000 00:00 0 
7f1204f3e000-7f1204f42000 ---p 00000000 00:00 0 
7f1204f42000-7f120503f000 rw-p 00000000 00:00 0 
7f120503f000-7f1205043000 ---p 00000000 00:00 0 
7f1205043000-7f1205140000 rw-p 00000000 00:00 0 
7f1205140000-7f1205144000 ---p 00000000 00:00 0 
7f1205144000-7f1205241000 rw-p 00000000 00:00 0 
7f1205241000-7f1205245000 ---p 00000000 00:00 0 
7f1205245000-7f1205342000 rw-p 00000000 00:00 0 
7f1205342000-7f1205b40000 r--p 00000000 08:05 2621460                    /usr/lib/locale/locale-archive
7f1205b40000-7f1206240000 rw-p 00000000 00:00 0 
7f1206240000-7f1206340000 ---p 00000000 00:00 0 
7f1206340000-7f1206628000 rw-p 00000000 00:00 0 
7f1206628000-7f1208198000 ---p 00000000 00:00 0 
7f1208198000-7f12081a0000 rw-p 00000000 00:00 0 
7f12081a0000-7f12091a0000 ---p 00000000 00:00 0 
7f12091a0000-7f1209488000 rw-p 00000000 00:00 0 
7f1209488000-7f120aff8000 ---p 00000000 00:00 0 
7f120aff8000-7f120b000000 rw-p 00000000 00:00 0 
7f120b000000-7f120c000000 ---p 00000000 00:00 0 
7f120c000000-7f120c021000 rw-p 00000000 00:00 0 
7f120c021000-7f1210000000 ---p 00000000 00:00 0 
7f1210030000-7f1210034000 r--p 00000000 08:05 1189336                    /usr/lib/jvm/java-11-openjdk-amd64/lib/libnet.so
7f1210034000-7f1210043000 r-xp 00004000 08:05 1189336                    /usr/lib/jvm/java-11-openjdk-amd64/lib/libnet.so
7f1210043000-7f1210047000 r--p 00013000 08:05 1189336                    /usr/lib/jvm/java-11-openjdk-amd64/lib/libnet.so
7f1210047000-7f1210048000 r--p 00016000 08:05 1189336                    /usr/lib/jvm/java-11-openjdk-amd64/lib/libnet.so
7f1210048000-7f1210049000 rw-p 00017000 08:05 1189336                    /usr/lib/jvm/java-11-openjdk-amd64/lib/libnet.so
7f1210049000-7f121004d000 ---p 00000000 00:00 0 
7f121004d000-7f121014a000 rw-p 00000000 00:00 0 
7f121014a000-7f121014e000 ---p 00000000 00:00 0 
7f121014e000-7f121024b000 rw-p 00000000 00:00 0 
7f121024b000-7f121024c000 ---p 00000000 00:00 0 
7f121024c000-7f1210493000 rw-p 00000000 00:00 0 
7f1210493000-7f1210494000 ---p 00000000 00:00 0 
7f1210494000-7f1210595000 rw-p 00000000 00:00 0 
7f1210595000-7f1210596000 ---p 00000000 00:00 0 
7f1210596000-7f1210899000 rw-p 00000000 00:00 0 
7f1210899000-7f1210b09000 rwxp 00000000 00:00 0 
7f1210b09000-7f1210e29000 ---p 00000000 00:00 0 
7f1210e29000-7f1211099000 rwxp 00000000 00:00 0 
7f1211099000-7f1218361000 ---p 00000000 00:00 0 
7f1218361000-7f12185d1000 rwxp 00000000 00:00 0 
7f12185d1000-7f121f899000 ---p 00000000 00:00 0 
7f121f899000-7f1228000000 r--s 00000000 08:05 1189356                    /usr/lib/jvm/java-11-openjdk-amd64/lib/modules
7f1228000000-7f12286dd000 rw-p 00000000 00:00 0 
7f12286dd000-7f122c000000 ---p 00000000 00:00 0 
7f122c003000-7f122c004000 r--p 00000000 08:05 2623646                    /usr/lib/x86_64-linux-gnu/libutil-2.31.so
7f122c004000-7f122c005000 r-xp 00001000 08:05 2623646                    /usr/lib/x86_64-linux-gnu/libutil-2.31.so
7f122c005000-7f122c006000 r--p 00002000 08:05 2623646                    /usr/lib/x86_64-linux-gnu/libutil-2.31.so
7f122c006000-7f122c007000 r--p 00002000 08:05 2623646                    /usr/lib/x86_64-linux-gnu/libutil-2.31.so
7f122c007000-7f122c008000 rw-p 00003000 08:05 2623646                    /usr/lib/x86_64-linux-gnu/libutil-2.31.so
7f122c008000-7f122c00f000 r--p 00000000 08:05 1189338                    /usr/lib/jvm/java-11-openjdk-amd64/lib/libnio.so
7f122c00f000-7f122c017000 r-xp 00007000 08:05 1189338                    /usr/lib/jvm/java-11-openjdk-amd64/lib/libnio.so
7f122c017000-7f122c01a000 r--p 0000f000 08:05 1189338                    /usr/lib/jvm/java-11-openjdk-amd64/lib/libnio.so
7f122c01a000-7f122c01b000 r--p 00011000 08:05 1189338                    /usr/lib/jvm/java-11-openjdk-amd64/lib/libnio.so
7f122c01b000-7f122c01c000 rw-p 00012000 08:05 1189338                    /usr/lib/jvm/java-11-openjdk-amd64/lib/libnio.so
7f122c01c000-7f122e21e000 rw-p 00000000 00:00 0 
7f122e21e000-7f122e21f000 ---p 00000000 00:00 0 
7f122e21f000-7f122e320000 rw-p 00000000 00:00 0 
7f122e320000-7f122e321000 ---p 00000000 00:00 0 
7f122e321000-7f122e4e2000 rw-p 00000000 00:00 0 
7f122e4e2000-7f122e850000 ---p 00000000 00:00 0 
7f122e850000-7f122e851000 rw-p 00000000 00:00 0 
7f122e851000-7f122ea51000 ---p 00000000 00:00 0 
7f122ea51000-7f122eaae000 rw-p 00000000 00:00 0 
7f122eaae000-7f122ee1c000 ---p 00000000 00:00 0 
7f122ee1c000-7f122ee1d000 rw-p 00000000 00:00 0 
7f122ee1d000-7f122f01d000 ---p 00000000 00:00 0 
7f122f01d000-7f122f07a000 rw-p 00000000 00:00 0 
7f122f07a000-7f122f3e8000 ---p 00000000 00:00 0 
7f122f3e8000-7f122f3e9000 rw-p 00000000 00:00 0 
7f122f3e9000-7f122f5e9000 ---p 00000000 00:00 0 
7f122f5e9000-7f122f9ed000 rw-p 00000000 00:00 0 
7f122f9ed000-7f122f9ee000 ---p 00000000 00:00 0 
7f122f9ee000-7f122faf4000 rw-p 00000000 00:00 0 
7f122faf4000-7f122fbda000 ---p 00000000 00:00 0 
7f122fbda000-7f122fbdf000 rw-p 00000000 00:00 0 
7f122fbdf000-7f122fcc5000 ---p 00000000 00:00 0 
7f122fcc5000-7f122fcca000 rw-p 00000000 00:00 0 
7f122fcca000-7f122fcd1000 ---p 00000000 00:00 0 
7f122fcd1000-7f122fcd4000 r--p 00000000 08:05 2623633                    /usr/lib/x86_64-linux-gnu/libnss_files-2.31.so
7f122fcd4000-7f122fcdb000 r-xp 00003000 08:05 2623633                    /usr/lib/x86_64-linux-gnu/libnss_files-2.31.so
7f122fcdb000-7f122fcdd000 r--p 0000a000 08:05 2623633                    /usr/lib/x86_64-linux-gnu/libnss_files-2.31.so
7f122fcdd000-7f122fcde000 r--p 0000b000 08:05 2623633                    /usr/lib/x86_64-linux-gnu/libnss_files-2.31.so
7f122fcde000-7f122fcdf000 rw-p 0000c000 08:05 2623633                    /usr/lib/x86_64-linux-gnu/libnss_files-2.31.so
7f122fcdf000-7f122fce5000 rw-p 00000000 00:00 0 
7f122fce5000-7f122fce7000 r--p 00000000 08:05 1189354                    /usr/lib/jvm/java-11-openjdk-amd64/lib/libzip.so
7f122fce7000-7f122fceb000 r-xp 00002000 08:05 1189354                    /usr/lib/jvm/java-11-openjdk-amd64/lib/libzip.so
7f122fceb000-7f122fced000 r--p 00006000 08:05 1189354                    /usr/lib/jvm/java-11-openjdk-amd64/lib/libzip.so
7f122fced000-7f122fcee000 r--p 00007000 08:05 1189354                    /usr/lib/jvm/java-11-openjdk-amd64/lib/libzip.so
7f122fcee000-7f122fcef000 rw-p 00008000 08:05 1189354                    /usr/lib/jvm/java-11-openjdk-amd64/lib/libzip.so
7f122fcef000-7f122fcf7000 rw-s 00000000 08:05 1708001                    /tmp/hsperfdata_james/20560
7f122fcf7000-7f122fcf8000 ---p 00000000 00:00 0 
7f122fcf8000-7f122fcf9000 r--p 00000000 00:00 0 
7f122fcf9000-7f122fcfb000 r--p 00000000 08:05 1189320                    /usr/lib/jvm/java-11-openjdk-amd64/lib/libjimage.so
7f122fcfb000-7f122fcfe000 r-xp 00002000 08:05 1189320                    /usr/lib/jvm/java-11-openjdk-amd64/lib/libjimage.so
7f122fcfe000-7f122fcff000 r--p 00005000 08:05 1189320                    /usr/lib/jvm/java-11-openjdk-amd64/lib/libjimage.so
7f122fcff000-7f122fd00000 ---p 00006000 08:05 1189320                    /usr/lib/jvm/java-11-openjdk-amd64/lib/libjimage.so
7f122fd00000-7f122fd01000 r--p 00006000 08:05 1189320                    /usr/lib/jvm/java-11-openjdk-amd64/lib/libjimage.so
7f122fd01000-7f122fd02000 rw-p 00007000 08:05 1189320                    /usr/lib/jvm/java-11-openjdk-amd64/lib/libjimage.so
7f122fd02000-7f122fd10000 r--p 00000000 08:05 1189312                    /usr/lib/jvm/java-11-openjdk-amd64/lib/libjava.so
7f122fd10000-7f122fd26000 r-xp 0000e000 08:05 1189312                    /usr/lib/jvm/java-11-openjdk-amd64/lib/libjava.so
7f122fd26000-7f122fd2d000 r--p 00024000 08:05 1189312                    /usr/lib/jvm/java-11-openjdk-amd64/lib/libjava.so
7f122fd2d000-7f122fd2e000 r--p 0002a000 08:05 1189312                    /usr/lib/jvm/java-11-openjdk-amd64/lib/libjava.so
7f122fd2e000-7f122fd2f000 rw-p 0002b000 08:05 1189312                    /usr/lib/jvm/java-11-openjdk-amd64/lib/libjava.so
7f122fd2f000-7f122fd30000 rw-p 00000000 00:00 0 
7f122fd30000-7f122fd33000 r--p 00000000 08:05 2623644                    /usr/lib/x86_64-linux-gnu/librt-2.31.so
7f122fd33000-7f122fd37000 r-xp 00003000 08:05 2623644                    /usr/lib/x86_64-linux-gnu/librt-2.31.so
7f122fd37000-7f122fd38000 r--p 00007000 08:05 2623644                    /usr/lib/x86_64-linux-gnu/librt-2.31.so
7f122fd38000-7f122fd39000 ---p 00008000 08:05 2623644                    /usr/lib/x86_64-linux-gnu/librt-2.31.so
7f122fd39000-7f122fd3a000 r--p 00008000 08:05 2623644                    /usr/lib/x86_64-linux-gnu/librt-2.31.so
7f122fd3a000-7f122fd3b000 rw-p 00009000 08:05 2623644                    /usr/lib/x86_64-linux-gnu/librt-2.31.so
7f122fd3b000-7f122fd3f000 ---p 00000000 00:00 0 
7f122fd3f000-7f122fe3c000 rw-p 00000000 00:00 0 
7f122fe3c000-7f122fe3f000 r--p 00000000 08:05 2623616                    /usr/lib/x86_64-linux-gnu/libgcc_s.so.1
7f122fe3f000-7f122fe51000 r-xp 00003000 08:05 2623616                    /usr/lib/x86_64-linux-gnu/libgcc_s.so.1
7f122fe51000-7f122fe55000 r--p 00015000 08:05 2623616                    /usr/lib/x86_64-linux-gnu/libgcc_s.so.1
7f122fe55000-7f122fe56000 r--p 00018000 08:05 2623616                    /usr/lib/x86_64-linux-gnu/libgcc_s.so.1
7f122fe56000-7f122fe57000 rw-p 00019000 08:05 2623616                    /usr/lib/x86_64-linux-gnu/libgcc_s.so.1
7f122fe57000-7f122fe66000 r--p 00000000 08:05 2623627                    /usr/lib/x86_64-linux-gnu/libm-2.31.so
7f122fe66000-7f122ff0d000 r-xp 0000f000 08:05 2623627                    /usr/lib/x86_64-linux-gnu/libm-2.31.so
7f122ff0d000-7f122ffa4000 r--p 000b6000 08:05 2623627                    /usr/lib/x86_64-linux-gnu/libm-2.31.so
7f122ffa4000-7f122ffa5000 r--p 0014c000 08:05 2623627                    /usr/lib/x86_64-linux-gnu/libm-2.31.so
7f122ffa5000-7f122ffa6000 rw-p 0014d000 08:05 2623627                    /usr/lib/x86_64-linux-gnu/libm-2.31.so
7f122ffa6000-7f123003c000 r--p 00000000 08:05 2623619                    /usr/lib/x86_64-linux-gnu/libstdc++.so.6.0.28
7f123003c000-7f123012c000 r-xp 00096000 08:05 2623619                    /usr/lib/x86_64-linux-gnu/libstdc++.so.6.0.28
7f123012c000-7f1230175000 r--p 00186000 08:05 2623619                    /usr/lib/x86_64-linux-gnu/libstdc++.so.6.0.28
7f1230175000-7f1230176000 ---p 001cf000 08:05 2623619                    /usr/lib/x86_64-linux-gnu/libstdc++.so.6.0.28
7f1230176000-7f1230181000 r--p 001cf000 08:05 2623619                    /usr/lib/x86_64-linux-gnu/libstdc++.so.6.0.28
7f1230181000-7f1230184000 rw-p 001da000 08:05 2623619                    /usr/lib/x86_64-linux-gnu/libstdc++.so.6.0.28
7f1230184000-7f1230187000 rw-p 00000000 00:00 0 
7f1230187000-7f1230400000 r--p 00000000 08:05 1189362                    /usr/lib/jvm/java-11-openjdk-amd64/lib/server/libjvm.so
7f1230400000-7f123107d000 r-xp 00279000 08:05 1189362                    /usr/lib/jvm/java-11-openjdk-amd64/lib/server/libjvm.so
7f123107d000-7f12312d3000 r--p 00ef6000 08:05 1189362                    /usr/lib/jvm/java-11-openjdk-amd64/lib/server/libjvm.so
7f12312d3000-7f1231394000 r--p 0114b000 08:05 1189362                    /usr/lib/jvm/java-11-openjdk-amd64/lib/server/libjvm.so
7f1231394000-7f12313cf000 rw-p 0120c000 08:05 1189362                    /usr/lib/jvm/java-11-openjdk-amd64/lib/server/libjvm.so
7f12313cf000-7f1231428000 rw-p 00000000 00:00 0 
7f1231428000-7f123142f000 r--p 00000000 08:05 2623642                    /usr/lib/x86_64-linux-gnu/libpthread-2.31.so
7f123142f000-7f1231440000 r-xp 00007000 08:05 2623642                    /usr/lib/x86_64-linux-gnu/libpthread-2.31.so
7f1231440000-7f1231445000 r--p 00018000 08:05 2623642                    /usr/lib/x86_64-linux-gnu/libpthread-2.31.so
7f1231445000-7f1231446000 r--p 0001c000 08:05 2623642                    /usr/lib/x86_64-linux-gnu/libpthread-2.31.so
7f1231446000-7f1231447000 rw-p 0001d000 08:05 2623642                    /usr/lib/x86_64-linux-gnu/libpthread-2.31.so
7f1231447000-7f123144b000 rw-p 00000000 00:00 0 
7f123144b000-7f123144c000 r--p 00000000 08:05 2623626                    /usr/lib/x86_64-linux-gnu/libdl-2.31.so
7f123144c000-7f123144e000 r-xp 00001000 08:05 2623626                    /usr/lib/x86_64-linux-gnu/libdl-2.31.so
7f123144e000-7f123144f000 r--p 00003000 08:05 2623626                    /usr/lib/x86_64-linux-gnu/libdl-2.31.so
7f123144f000-7f1231450000 r--p 00003000 08:05 2623626                    /usr/lib/x86_64-linux-gnu/libdl-2.31.so
7f1231450000-7f1231451000 rw-p 00004000 08:05 2623626                    /usr/lib/x86_64-linux-gnu/libdl-2.31.so
7f1231451000-7f1231453000 r--p 00000000 08:05 2621981                    /usr/lib/x86_64-linux-gnu/libz.so.1.2.11
7f1231453000-7f1231464000 r-xp 00002000 08:05 2621981                    /usr/lib/x86_64-linux-gnu/libz.so.1.2.11
7f1231464000-7f123146a000 r--p 00013000 08:05 2621981                    /usr/lib/x86_64-linux-gnu/libz.so.1.2.11
7f123146a000-7f123146b000 ---p 00019000 08:05 2621981                    /usr/lib/x86_64-linux-gnu/libz.so.1.2.11
7f123146b000-7f123146c000 r--p 00019000 08:05 2621981                    /usr/lib/x86_64-linux-gnu/libz.so.1.2.11
7f123146c000-7f123146d000 rw-p 0001a000 08:05 2621981                    /usr/lib/x86_64-linux-gnu/libz.so.1.2.11
7f123146d000-7f1231492000 r--p 00000000 08:05 2623625                    /usr/lib/x86_64-linux-gnu/libc-2.31.so
7f1231492000-7f123160a000 r-xp 00025000 08:05 2623625                    /usr/lib/x86_64-linux-gnu/libc-2.31.so
7f123160a000-7f1231654000 r--p 0019d000 08:05 2623625                    /usr/lib/x86_64-linux-gnu/libc-2.31.so
7f1231654000-7f1231655000 ---p 001e7000 08:05 2623625                    /usr/lib/x86_64-linux-gnu/libc-2.31.so
7f1231655000-7f1231658000 r--p 001e7000 08:05 2623625                    /usr/lib/x86_64-linux-gnu/libc-2.31.so
7f1231658000-7f123165b000 rw-p 001ea000 08:05 2623625                    /usr/lib/x86_64-linux-gnu/libc-2.31.so
7f123165b000-7f123165f000 rw-p 00000000 00:00 0 
7f123165f000-7f1231664000 r--p 00000000 08:05 1189352                    /usr/lib/jvm/java-11-openjdk-amd64/lib/libverify.so
7f1231664000-7f123166b000 r-xp 00005000 08:05 1189352                    /usr/lib/jvm/java-11-openjdk-amd64/lib/libverify.so
7f123166b000-7f123166d000 r--p 0000c000 08:05 1189352                    /usr/lib/jvm/java-11-openjdk-amd64/lib/libverify.so
7f123166d000-7f123166e000 ---p 0000e000 08:05 1189352                    /usr/lib/jvm/java-11-openjdk-amd64/lib/libverify.so
7f123166e000-7f1231670000 r--p 0000e000 08:05 1189352                    /usr/lib/jvm/java-11-openjdk-amd64/lib/libverify.so
7f1231670000-7f1231671000 rw-p 00010000 08:05 1189352                    /usr/lib/jvm/java-11-openjdk-amd64/lib/libverify.so
7f1231671000-7f1231674000 r--p 00000000 08:05 1189280                    /usr/lib/jvm/java-11-openjdk-amd64/lib/jli/libjli.so
7f1231674000-7f123167e000 r-xp 00003000 08:05 1189280                    /usr/lib/jvm/java-11-openjdk-amd64/lib/jli/libjli.so
7f123167e000-7f1231681000 r--p 0000d000 08:05 1189280                    /usr/lib/jvm/java-11-openjdk-amd64/lib/jli/libjli.so
7f1231681000-7f1231682000 ---p 00010000 08:05 1189280                    /usr/lib/jvm/java-11-openjdk-amd64/lib/jli/libjli.so
7f1231682000-7f1231683000 r--p 00010000 08:05 1189280                    /usr/lib/jvm/java-11-openjdk-amd64/lib/jli/libjli.so
7f1231683000-7f1231684000 rw-p 00011000 08:05 1189280                    /usr/lib/jvm/java-11-openjdk-amd64/lib/jli/libjli.so
7f1231684000-7f1231686000 rw-p 00000000 00:00 0 
7f1231686000-7f1231687000 r--p 00000000 08:05 2623621                    /usr/lib/x86_64-linux-gnu/ld-2.31.so
7f1231687000-7f12316aa000 r-xp 00001000 08:05 2623621                    /usr/lib/x86_64-linux-gnu/ld-2.31.so
7f12316aa000-7f12316b2000 r--p 00024000 08:05 2623621                    /usr/lib/x86_64-linux-gnu/ld-2.31.so
7f12316b3000-7f12316b4000 r--p 0002c000 08:05 2623621                    /usr/lib/x86_64-linux-gnu/ld-2.31.so
7f12316b4000-7f12316b5000 rw-p 0002d000 08:05 2623621                    /usr/lib/x86_64-linux-gnu/ld-2.31.so
7f12316b5000-7f12316b6000 rw-p 00000000 00:00 0 
7ffd8b010000-7ffd8b031000 rw-p 00000000 00:00 0                          [stack]
7ffd8b1d4000-7ffd8b1d7000 r--p 00000000 00:00 0                          [vvar]
7ffd8b1d7000-7ffd8b1d8000 r-xp 00000000 00:00 0                          [vdso]
ffffffffff600000-ffffffffff601000 --xp 00000000 00:00 0                  [vsyscall]


VM Arguments:
jvm_args: -Dclassworlds.conf=/snap/netbeans/41/netbeans/java/maven/bin/m2.conf -Dmaven.home=/snap/netbeans/41/netbeans/java/maven -Dlibrary.jansi.path=/snap/netbeans/41/netbeans/java/maven/lib/jansi-native -Dmaven.multiModuleProjectDirectory=/home/james/Videos/aaa/BANCO-master 
java_command: org.codehaus.plexus.classworlds.launcher.Launcher -Dmaven.ext.class.path=/snap/netbeans/41/netbeans/java/maven-nblib/netbeans-eventspy.jar clean install
java_class_path (initial): /snap/netbeans/41/netbeans/java/maven/boot/plexus-classworlds-2.6.0.jar
Launcher Type: SUN_STANDARD

[Global flags]
     intx CICompilerCount                          = 3                                         {product} {ergonomic}
     uint ConcGCThreads                            = 1                                         {product} {ergonomic}
     uint G1ConcRefinementThreads                  = 4                                         {product} {ergonomic}
   size_t G1HeapRegionSize                         = 1048576                                   {product} {ergonomic}
    uintx GCDrainStackTargetSize                   = 64                                        {product} {ergonomic}
   size_t InitialHeapSize                          = 195035136                                 {product} {ergonomic}
   size_t MarkStackSize                            = 4194304                                   {product} {ergonomic}
   size_t MaxHeapSize                              = 3112173568                                {product} {ergonomic}
   size_t MaxNewSize                               = 1866465280                                {product} {ergonomic}
   size_t MinHeapDeltaBytes                        = 1048576                                   {product} {ergonomic}
    uintx NonNMethodCodeHeapSize                   = 5830732                                {pd product} {ergonomic}
    uintx NonProfiledCodeHeapSize                  = 122913754                              {pd product} {ergonomic}
    uintx ProfiledCodeHeapSize                     = 122913754                              {pd product} {ergonomic}
    uintx ReservedCodeCacheSize                    = 251658240                              {pd product} {ergonomic}
     bool SegmentedCodeCache                       = true                                      {product} {ergonomic}
     bool UseCompressedClassPointers               = true                                 {lp64_product} {ergonomic}
     bool UseCompressedOops                        = true                                 {lp64_product} {ergonomic}
     bool UseG1GC                                  = true                                      {product} {ergonomic}

Logging:
Log output configuration:
 #0: stdout all=warning uptime,level,tags
 #1: stderr all=off uptime,level,tags

Environment Variables:
JAVA_HOME=/usr/lib/jvm/java-11-openjdk-amd64
PATH=/usr/local/sbin:/usr/local/bin:/usr/sbin:/usr/bin:/sbin:/bin:/usr/games:/usr/local/games:/snap/bin
USERNAME=james
SHELL=/bin/bash
DISPLAY=:0
LANG=en_US.UTF-8

Signal Handlers:
SIGSEGV: [libjvm.so+0xe824c0], sa_mask[0]=11111111011111111101111111111110, sa_flags=SA_RESTART|SA_SIGINFO
SIGBUS: [libjvm.so+0xe824c0], sa_mask[0]=11111111011111111101111111111110, sa_flags=SA_RESTART|SA_SIGINFO
SIGFPE: [libjvm.so+0xe824c0], sa_mask[0]=11111111011111111101111111111110, sa_flags=SA_RESTART|SA_SIGINFO
SIGPIPE: [libjvm.so+0xbc8ee0], sa_mask[0]=11111111011111111101111111111110, sa_flags=SA_RESTART|SA_SIGINFO
SIGXFSZ: [libjvm.so+0xbc8ee0], sa_mask[0]=11111111011111111101111111111110, sa_flags=SA_RESTART|SA_SIGINFO
SIGILL: [libjvm.so+0xe824c0], sa_mask[0]=11111111011111111101111111111110, sa_flags=SA_RESTART|SA_SIGINFO
SIGUSR2: [libjvm.so+0xbc8d80], sa_mask[0]=00100000000000000000000000000000, sa_flags=SA_RESTART|SA_SIGINFO
SIGHUP: [libjvm.so+0xbc9220], sa_mask[0]=11111111011111111101111111111110, sa_flags=SA_RESTART|SA_SIGINFO
SIGINT: SIG_IGN, sa_mask[0]=00000000000000000000000000000000, sa_flags=none
SIGTERM: [libjvm.so+0xbc9220], sa_mask[0]=11111111011111111101111111111110, sa_flags=SA_RESTART|SA_SIGINFO
SIGQUIT: [libjvm.so+0xbc9220], sa_mask[0]=11111111011111111101111111111110, sa_flags=SA_RESTART|SA_SIGINFO


---------------  S Y S T E M  ---------------

OS:DISTRIB_ID=Ubuntu
DISTRIB_RELEASE=20.04
DISTRIB_CODENAME=focal
DISTRIB_DESCRIPTION="Ubuntu 20.04.1 LTS"
uname:Linux 5.4.0-58-generic #64-Ubuntu SMP Wed Dec 9 08:16:25 UTC 2020 x86_64
OS uptime: 0 days 3:50 hours
libc:glibc 2.31 NPTL 2.31 
rlimit (soft/hard): STACK 8192k/infinity , CORE 0k/infinity , NPROC 47247/47247 , NOFILE 1048576/1048576 , AS infinity/infinity , CPU infinity/infinity , DATA infinity/infinity , FSIZE infinity/infinity , MEMLOCK 65536k/65536k
load average:3.41 3.67 3.30

/proc/meminfo:
MemTotal:       12152148 kB
MemFree:          269272 kB
MemAvailable:    4056388 kB
Buffers:          468804 kB
Cached:          4694916 kB
SwapCached:          108 kB
Active:          8192096 kB
Inactive:        2850716 kB
Active(anon):    6112192 kB
Inactive(anon):  1062188 kB
Active(file):    2079904 kB
Inactive(file):  1788528 kB
Unevictable:      325540 kB
Mlocked:              72 kB
SwapTotal:      12581884 kB
SwapFree:       12581104 kB
Dirty:              1104 kB
Writeback:             0 kB
AnonPages:       6205264 kB
Mapped:          1281172 kB
Shmem:           1294612 kB
KReclaimable:     243636 kB
Slab:             385464 kB
SReclaimable:     243636 kB
SUnreclaim:       141828 kB
KernelStack:       19516 kB
PageTables:        44540 kB
NFS_Unstable:          0 kB
Bounce:                0 kB
WritebackTmp:          0 kB
CommitLimit:    18657956 kB
Committed_AS:   13409520 kB
VmallocTotal:   34359738367 kB
VmallocUsed:       39464 kB
VmallocChunk:          0 kB
Percpu:             3520 kB
HardwareCorrupted:     0 kB
AnonHugePages:         0 kB
ShmemHugePages:        0 kB
ShmemPmdMapped:        0 kB
FileHugePages:         0 kB
FilePmdMapped:         0 kB
CmaTotal:              0 kB
CmaFree:               0 kB
HugePages_Total:       0
HugePages_Free:        0
HugePages_Rsvd:        0
HugePages_Surp:        0
Hugepagesize:       2048 kB
Hugetlb:               0 kB
DirectMap4k:      337524 kB
DirectMap2M:    10031104 kB
DirectMap1G:     2097152 kB

/sys/kernel/mm/transparent_hugepage/enabled:
always [madvise] never
/sys/kernel/mm/transparent_hugepage/defrag (defrag/compaction efforts parameter):
always defer defer+madvise [madvise] never

/proc/sys/kernel/threads-max (system-wide limit on the number of threads):
94494
/proc/sys/vm/max_map_count (maximum number of memory map areas a process may have):
65530
/proc/sys/kernel/pid_max (system-wide limit on number of process identifiers):
4194304

container (cgroup) information:
container_type: cgroupv1
cpu_cpuset_cpus: 0-3
cpu_memory_nodes: 0
active_processor_count: 4
cpu_quota: -1
cpu_period: 100000
cpu_shares: -1
memory_limit_in_bytes: -1
memory_and_swap_limit_in_bytes: -2
memory_soft_limit_in_bytes: -1
memory_usage_in_bytes: 9648480256
memory_max_usage_in_bytes: 9889091584

Steal ticks since vm start: 0
Steal ticks percentage since vm start:  0.000

CPU:total 4 (initial active 4) (2 cores per cpu, 2 threads per core) family 6 model 142 stepping 9, cmov, cx8, fxsr, mmx, sse, sse2, sse3, ssse3, sse4.1, sse4.2, popcnt, avx, avx2, aes, clmul, erms, 3dnowpref, lzcnt, ht, tsc, tscinvbit, bmi1, bmi2, adx, fma
CPU Model and flags from /proc/cpuinfo:
model name	: Intel(R) Core(TM) i5-7200U CPU @ 2.50GHz
flags		: fpu vme de pse tsc msr pae mce cx8 apic sep mtrr pge mca cmov pat pse36 clflush dts acpi mmx fxsr sse sse2 ss ht tm pbe syscall nx pdpe1gb rdtscp lm constant_tsc art arch_perfmon pebs bts rep_good nopl xtopology nonstop_tsc cpuid aperfmperf pni pclmulqdq dtes64 monitor ds_cpl vmx est tm2 ssse3 sdbg fma cx16 xtpr pdcm pcid sse4_1 sse4_2 x2apic movbe popcnt tsc_deadline_timer aes xsave avx f16c rdrand lahf_lm abm 3dnowprefetch cpuid_fault epb invpcid_single pti ssbd ibrs ibpb stibp tpr_shadow vnmi flexpriority ept vpid ept_ad fsgsbase tsc_adjust bmi1 avx2 smep bmi2 erms invpcid mpx rdseed adx smap clflushopt intel_pt xsaveopt xsavec xgetbv1 xsaves dtherm ida arat pln pts hwp hwp_notify hwp_act_window hwp_epp md_clear flush_l1d
Online cpus:
0-3
Offline cpus:

BIOS frequency limitation:
<Not Available>
Frequency switch latency (ns):
0
Available cpu frequencies:
<Not Available>
Current governor:
powersave
Core performance/turbo boost:
<Not Available>

Memory: 4k page, physical 12152148k(269272k free), swap 12581884k(12581104k free)

vm_info: OpenJDK 64-Bit Server VM (11.0.9.1+1-Ubuntu-0ubuntu1.20.04) for linux-amd64 JRE (11.0.9.1+1-Ubuntu-0ubuntu1.20.04), built on Nov 10 2020 04:18:42 by "unknown" with gcc 9.3.0

END.
